[ 2013-05-22T09:13:26+08:00 ] ERR: (ThinkException) 无法加载模块favicon.ico
[ 2013-05-22T09:13:31+08:00 ] ERR: (ThinkException) 无法加载模块favicon.ico
[ 2013-05-22T09:13:36+08:00 ] ERR: (ThinkException) 无法加载模块favicon.ico
[ 2013-05-22T09:13:47+08:00 ] ERR: (ThinkException) 无法加载模块favicon.ico
[ 2013-05-22T09:13:51+08:00 ] ERR: (ThinkException) 无法加载模块favicon.ico
[ 2013-05-22T09:13:51+08:00 ] ERR: (ThinkException) 无法加载模块favicon.ico
[ 2013-05-22T09:13:57+08:00 ] ERR: (ThinkException) 无法加载模块favicon.ico
[ 2013-05-22T09:13:59+08:00 ] ERR: (ThinkException) 无法加载模块favicon.ico
[ 2013-05-22T09:14:01+08:00 ] ERR: (ThinkException) 无法加载模块favicon.ico
[ 2013-05-22T09:24:00+08:00 ] ERR: (ThinkException) 无法加载模块favicon.ico
[ 2013-05-22T09:24:01+08:00 ] ERR: (ThinkException) 无法加载模块favicon.ico
[ 2013-05-22T09:24:02+08:00 ] ERR: (ThinkException) 无法加载模块favicon.ico
[ 2013-05-22T09:24:05+08:00 ] ERR: (ThinkException) 无法加载模块favicon.ico
[ 2013-05-22T09:24:08+08:00 ] ERR: (ThinkException) 无法加载模块favicon.ico
[ 2013-05-22T09:24:10+08:00 ] ERR: (ThinkException) 无法加载模块favicon.ico
[ 2013-05-22T09:24:32+08:00 ] ERR: (ThinkException) 无法加载模块favicon.ico
[ 2013-05-22T09:24:45+08:00 ] ERR: (ThinkException) 无法加载模块favicon.ico
[ 2013-05-22T09:24:46+08:00 ] ERR: (ThinkException) 无法加载模块favicon.ico
[ 2013-05-22T09:24:52+08:00 ] ERR: (ThinkException) 无法加载模块favicon.ico
[ 2013-05-22T09:26:15+08:00 ] ERR: (ThinkException) 无法加载模块favicon.ico
[ 2013-05-22T09:26:17+08:00 ] ERR: (ThinkException) 无法加载模块favicon.ico
[ 2013-05-22T09:26:18+08:00 ] ERR: (ThinkException) 无法加载模块favicon.ico
[ 2013-05-22T09:26:19+08:00 ] ERR: (ThinkException) 无法加载模块favicon.ico
[ 2013-05-22T09:26:24+08:00 ] ERR: (ThinkException) 无法加载模块favicon.ico
[ 2013-05-22T09:40:41+08:00 ] ERR: (ThinkException) 无法加载模块favicon.ico
[ 2013-05-22T09:43:42+08:00 ] ERR: (ThinkException) 无法加载模块favicon.ico
[ 2013-05-22T09:43:45+08:00 ] ERR: (ThinkException) 无法加载模块favicon.ico
[ 2013-05-22T09:44:17+08:00 ] ERR: (ThinkException) 无法加载模块favicon.ico
[ 2013-05-22T09:44:25+08:00 ] ERR: (ThinkException) 无法加载模块favicon.ico
[ 2013-05-22T09:44:42+08:00 ] ERR: (ThinkException) 无法加载模块favicon.ico
[ 2013-05-22T09:44:50+08:00 ] ERR: (ThinkException) 无法加载模块favicon.ico
[ 2013-05-22T09:45:22+08:00 ] ERR: (ThinkException) 无法加载模块favicon.ico
[ 2013-05-22T09:51:57+08:00 ] ERR: (ThinkException) 无法加载模块favicon.ico
[ 2013-05-22T09:53:57+08:00 ] ERR: (ThinkException) 无法加载模块favicon.ico
[ 2013-05-22T09:53:58+08:00 ] ERR: (ThinkException) 无法加载模块favicon.ico
[ 2013-05-22T09:53:58+08:00 ] ERR: (ThinkException) 无法加载模块favicon.ico
[ 2013-05-22T09:53:59+08:00 ] ERR: (ThinkException) 无法加载模块favicon.ico
[ 2013-05-22T09:54:01+08:00 ] ERR: (ThinkException) 无法加载模块favicon.ico
[ 2013-05-22T09:54:02+08:00 ] ERR: (ThinkException) 无法加载模块favicon.ico
[ 2013-05-22T09:54:02+08:00 ] ERR: (ThinkException) 无法加载模块favicon.ico
[ 2013-05-22T09:54:03+08:00 ] ERR: (ThinkException) 无法加载模块favicon.ico
[ 2013-05-22T09:54:03+08:00 ] ERR: (ThinkException) 无法加载模块favicon.ico
[ 2013-05-22T09:54:04+08:00 ] ERR: (ThinkException) 无法加载模块favicon.ico
[ 2013-05-22T09:54:04+08:00 ] ERR: (ThinkException) 无法加载模块favicon.ico
[ 2013-05-22T09:54:05+08:00 ] ERR: (ThinkException) 无法加载模块favicon.ico
[ 2013-05-22T09:54:06+08:00 ] ERR: (ThinkException) 无法加载模块favicon.ico
[ 2013-05-22T09:54:06+08:00 ] ERR: (ThinkException) 无法加载模块favicon.ico
[ 2013-05-22T09:54:06+08:00 ] ERR: (ThinkException) 无法加载模块favicon.ico
[ 2013-05-22T09:54:07+08:00 ] ERR: (ThinkException) 无法加载模块favicon.ico
[ 2013-05-22T09:54:07+08:00 ] ERR: (ThinkException) 无法加载模块favicon.ico
[ 2013-05-22T09:54:07+08:00 ] ERR: (ThinkException) 无法加载模块favicon.ico
[ 2013-05-22T09:54:07+08:00 ] ERR: (ThinkException) 无法加载模块favicon.ico
[ 2013-05-22T09:54:08+08:00 ] ERR: (ThinkException) 无法加载模块favicon.ico
[ 2013-05-22T09:54:09+08:00 ] ERR: (ThinkException) 无法加载模块favicon.ico
[ 2013-05-22T09:54:09+08:00 ] ERR: (ThinkException) 无法加载模块favicon.ico
[ 2013-05-22T09:54:09+08:00 ] ERR: (ThinkException) 无法加载模块favicon.ico
[ 2013-05-22T09:54:10+08:00 ] ERR: (ThinkException) 无法加载模块favicon.ico
[ 2013-05-22T09:54:35+08:00 ] ERR: (ThinkException) 无法加载模块favicon.ico
[ 2013-05-22T09:55:30+08:00 ] ERR: (ThinkException) 无法加载模块favicon.ico
[ 2013-05-22T09:55:36+08:00 ] ERR: (ThinkException) 无法加载模块favicon.ico
[ 2013-05-22T09:55:46+08:00 ] ERR: (ThinkException) 无法加载模块favicon.ico
[ 2013-05-22T09:56:00+08:00 ] ERR: (ThinkException) 无法加载模块favicon.ico
[ 2013-05-22T11:29:46+08:00 ] ERR: (ThinkException) 无法加载模块favicon.ico
[ 2013-05-22T11:29:47+08:00 ] ERR: (ThinkException) 无法加载模块favicon.ico
[ 2013-05-22T11:35:38+08:00 ] ERR: (ThinkException) 无法加载模块favicon.ico
[ 2013-05-22T14:33:25+08:00 ] ERR: (ThinkException) 无法加载模块favicon.ico
[ 2013-05-22T15:48:22+08:00 ] ERR: (ThinkException) 无法加载模块favicon.ico
[ 2013-05-22T15:48:23+08:00 ] ERR: (ThinkException) 无法加载模块favicon.ico
[ 2013-05-22T15:48:25+08:00 ] ERR: (ThinkException) 无法加载模块favicon.ico
[ 2013-05-22T15:48:30+08:00 ] ERR: (ThinkException) 无法加载模块favicon.ico
[ 2013-05-22T15:48:38+08:00 ] ERR: (ThinkException) 无法加载模块favicon.ico
[ 2013-05-22T15:48:38+08:00 ] ERR: (ThinkException) 无法加载模块favicon.ico
[ 2013-05-22T15:49:45+08:00 ] ERR: (ThinkException) 无法加载模块favicon.ico
[ 2013-05-22T15:50:19+08:00 ] ERR: (ThinkException) 无法加载模块favicon.ico
[ 2013-05-22T15:50:32+08:00 ] ERR: (ThinkException) 无法加载模块favicon.ico
[ 2013-05-22T15:53:29+08:00 ] ERR: (ThinkException) 无法加载模块favicon.ico
[ 2013-05-22T15:54:28+08:00 ] ERR: (ThinkException) 无法加载模块favicon.ico
[ 2013-05-22T15:57:30+08:00 ] ERR: (ThinkException) 无法加载模块favicon.ico
[ 2013-05-22T16:03:47+08:00 ] ERR: (ThinkException) 无法加载模块favicon.ico
[ 2013-05-22T16:10:20+08:00 ] ERR: (ThinkException) 无法加载模块favicon.ico
[ 2013-05-22T16:10:21+08:00 ] ERR: (ThinkException) 无法加载模块favicon.ico
[ 2013-05-22T16:10:22+08:00 ] ERR: (ThinkException) 无法加载模块favicon.ico
[ 2013-05-22T16:10:22+08:00 ] ERR: (ThinkException) 无法加载模块favicon.ico
[ 2013-05-22T16:10:28+08:00 ] ERR: (ThinkException) 无法加载模块favicon.ico
[ 2013-05-22T16:10:47+08:00 ] ERR: (ThinkException) 无法加载模块favicon.ico
[ 2013-05-22T16:10:52+08:00 ] ERR: (ThinkException) 无法加载模块favicon.ico
[ 2013-05-22T16:11:00+08:00 ] ERR: (ThinkException) 无法加载模块favicon.ico
[ 2013-05-22T16:11:05+08:00 ] ERR: (ThinkException) 无法加载模块favicon.ico
[ 2013-05-22T16:11:09+08:00 ] ERR: (ThinkException) 无法加载模块favicon.ico
[ 2013-05-22T16:11:13+08:00 ] ERR: (ThinkException) 无法加载模块favicon.ico
[ 2013-05-22T16:12:25+08:00 ] ERR: (ThinkException) 无法加载模块favicon.ico
[ 2013-05-22T16:12:28+08:00 ] ERR: (ThinkException) 无法加载模块favicon.ico
[ 2013-05-22T16:12:30+08:00 ] ERR: (ThinkException) 无法加载模块favicon.ico
[ 2013-05-22T16:12:34+08:00 ] ERR: (ThinkException) 无法加载模块favicon.ico
[ 2013-05-22T16:12:37+08:00 ] ERR: (ThinkException) 无法加载模块favicon.ico
[ 2013-05-22T16:13:41+08:00 ] ERR: (ThinkException) 无法加载模块favicon.ico
[ 2013-05-22T16:13:43+08:00 ] ERR: (ThinkException) 无法加载模块favicon.ico
[ 2013-05-22T16:17:39+08:00 ] ERR: (ThinkException) 无法加载模块favicon.ico
[ 2013-05-22T16:17:44+08:00 ] ERR: (ThinkException) 无法加载模块favicon.ico
[ 2013-05-22T16:18:54+08:00 ] ERR: (ThinkException) 无法加载模块favicon.ico
[ 2013-05-22T16:21:39+08:00 ] ERR: (ThinkException) 无法加载模块favicon.ico
[ 2013-05-22T16:21:42+08:00 ] ERR: (ThinkException) 无法加载模块favicon.ico
[ 2013-05-22T16:21:44+08:00 ] ERR: (ThinkException) 无法加载模块favicon.ico
[ 2013-05-22T16:21:45+08:00 ] ERR: (ThinkException) 无法加载模块favicon.ico
[ 2013-05-22T16:21:46+08:00 ] ERR: (ThinkException) 无法加载模块favicon.ico
[ 2013-05-22T16:22:02+08:00 ] ERR: (ThinkException) 无法加载模块favicon.ico
[ 2013-05-22T16:22:12+08:00 ] ERR: (ThinkException) 无法加载模块favicon.ico
[ 2013-05-22T16:22:20+08:00 ] ERR: (ThinkException) 无法加载模块favicon.ico
[ 2013-05-22T16:22:33+08:00 ] ERR: (ThinkException) 无法加载模块favicon.ico
[ 2013-05-22T16:22:47+08:00 ] ERR: (ThinkException) 无法加载模块favicon.ico
[ 2013-05-22T16:23:03+08:00 ] ERR: (ThinkException) 无法加载模块favicon.ico
[ 2013-05-22T16:23:13+08:00 ] ERR: (ThinkException) 无法加载模块favicon.ico
[ 2013-05-22T16:23:20+08:00 ] ERR: (ThinkException) 无法加载模块favicon.ico
[ 2013-05-22T16:23:33+08:00 ] ERR: (ThinkException) 无法加载模块favicon.ico
[ 2013-05-22T16:28:24+08:00 ] ERR: (ThinkException) 无法加载模块favicon.ico
[ 2013-05-22T16:28:36+08:00 ] ERR: (ThinkException) 无法加载模块favicon.ico
[ 2013-05-22T16:29:13+08:00 ] ERR: (ThinkException) 无法加载模块favicon.ico
[ 2013-05-22T16:29:13+08:00 ] ERR: (ThinkException) 无法加载模块favicon.ico
[ 2013-05-22T16:29:35+08:00 ] ERR: (ThinkException) 无法加载模块favicon.ico
[ 2013-05-22T16:29:41+08:00 ] ERR: (ThinkException) 无法加载模块favicon.ico
[ 2013-05-22T16:30:59+08:00 ] ERR: (ThinkException) 无法加载模块favicon.ico
[ 2013-05-22T16:31:07+08:00 ] ERR: (ThinkException) 无法加载模块favicon.ico
[ 2013-05-22T16:32:56+08:00 ] ERR: (ThinkException) 无法加载模块favicon.ico
[ 2013-05-22T16:34:33+08:00 ] ERR: (ThinkException) 无法加载模块favicon.ico
[ 2013-05-22T16:34:36+08:00 ] ERR: (ThinkException) 无法加载模块favicon.ico
[ 2013-05-22T16:34:43+08:00 ] ERR: (ThinkException) 无法加载模块favicon.ico
[ 2013-05-22T16:34:57+08:00 ] ERR: (ThinkException) 无法加载模块favicon.ico
[ 2013-05-22T16:35:02+08:00 ] ERR: (ThinkException) 无法加载模块favicon.ico
[ 2013-05-22T16:35:07+08:00 ] ERR: (ThinkException) 无法加载模块favicon.ico
[ 2013-05-22T16:35:08+08:00 ] ERR: (ThinkException) 无法加载模块favicon.ico
[ 2013-05-22T16:35:09+08:00 ] ERR: (ThinkException) 无法加载模块favicon.ico
[ 2013-05-22T16:35:44+08:00 ] ERR: (ThinkException) 无法加载模块favicon.ico
[ 2013-05-22T16:36:02+08:00 ] ERR: (ThinkException) 无法加载模块favicon.ico
[ 2013-05-22T16:36:24+08:00 ] ERR: (ThinkException) 无法加载模块favicon.ico
[ 2013-05-22T16:37:03+08:00 ] ERR: (ThinkException) 无法加载模块favicon.ico
[ 2013-05-22T16:38:35+08:00 ] ERR: (ThinkException) 无法加载模块favicon.ico
[ 2013-05-22T16:39:31+08:00 ] ERR: (ThinkException) 无法加载模块favicon.ico
[ 2013-05-22T17:01:46+08:00 ] ERR: (ThinkException) 无法加载模块favicon.ico
[ 2013-05-22T17:01:48+08:00 ] ERR: (ThinkException) 无法加载模块favicon.ico
[ 2013-05-22T17:01:57+08:00 ] ERR: (ThinkException) 无法加载模块favicon.ico
[ 2013-05-22T17:01:59+08:00 ] ERR: (ThinkException) 无法加载模块favicon.ico
[ 2013-05-22T17:02:05+08:00 ] ERR: (ThinkException) 无法加载模块favicon.ico
[ 2013-05-22T17:02:05+08:00 ] ERR: (ThinkException) 无法加载模块favicon.ico
[ 2013-05-22T17:02:46+08:00 ] ERR: (ThinkException) 无法加载模块favicon.ico
[ 2013-05-22T17:02:48+08:00 ] ERR: (ThinkException) 非法操作addqty
[ 2013-05-22T17:02:49+08:00 ] ERR: (ThinkException) 非法操作addqty
[ 2013-05-22T17:02:49+08:00 ] ERR: (ThinkException) 非法操作addqty
[ 2013-05-22T17:02:49+08:00 ] ERR: (ThinkException) 非法操作addqty
[ 2013-05-22T17:02:49+08:00 ] ERR: (ThinkException) 非法操作addqty
[ 2013-05-22T17:02:49+08:00 ] ERR: (ThinkException) 非法操作addqty
[ 2013-05-22T17:02:49+08:00 ] ERR: (ThinkException) 非法操作addqty
[ 2013-05-22T17:02:49+08:00 ] ERR: (ThinkException) 非法操作addqty
[ 2013-05-22T17:03:00+08:00 ] ERR: (ThinkException) 无法加载模块favicon.ico
[ 2013-05-22T17:03:02+08:00 ] ERR: (ThinkException) 非法操作addqty
[ 2013-05-22T17:03:28+08:00 ] ERR: (ThinkException) 无法加载模块favicon.ico
[ 2013-05-22T17:03:29+08:00 ] ERR: (ThinkException) 非法操作addqty
[ 2013-05-22T17:03:30+08:00 ] ERR: (ThinkException) 非法操作addqty
[ 2013-05-22T17:03:30+08:00 ] ERR: (ThinkException) 非法操作addqty
[ 2013-05-22T17:04:09+08:00 ] ERR: (ThinkException) 无法加载模块favicon.ico
[ 2013-05-22T17:04:11+08:00 ] ERR: (ThinkException) 非法操作addqty
[ 2013-05-22T17:04:24+08:00 ] ERR: (ThinkException) 无法加载模块favicon.ico
[ 2013-05-22T17:04:44+08:00 ] ERR: (ThinkException) 无法加载模块favicon.ico
[ 2013-05-22T17:05:24+08:00 ] ERR: (ThinkException) 无法加载模块favicon.ico
[ 2013-05-22T17:05:34+08:00 ] ERR: (ThinkException) 无法加载模块favicon.ico
[ 2013-05-22T17:07:11+08:00 ] ERR: (ThinkException) 无法加载模块favicon.ico
[ 2013-05-22T17:07:36+08:00 ] ERR: (ThinkException) 无法加载模块favicon.ico
[ 2013-05-22T17:12:24+08:00 ] ERR: (ThinkException) 无法加载模块favicon.ico
[ 2013-05-22T17:12:30+08:00 ] ERR: (ThinkException) 无法加载模块favicon.ico
[ 2013-05-22T17:12:58+08:00 ] ERR: (ThinkException) 无法加载模块favicon.ico
[ 2013-05-22T17:13:02+08:00 ] ERR: (ThinkException) 无法加载模块favicon.ico
[ 2013-05-22T17:13:05+08:00 ] ERR: (ThinkException) 无法加载模块favicon.ico
[ 2013-05-22T17:13:45+08:00 ] ERR: (ThinkException) 无法加载模块favicon.ico
[ 2013-05-22T17:14:05+08:00 ] ERR: (ThinkException) 无法加载模块favicon.ico
[ 2013-05-22T17:14:08+08:00 ] ERR: (ThinkException) 无法加载模块favicon.ico
[ 2013-05-22T17:14:13+08:00 ] ERR: (ThinkException) 无法加载模块favicon.ico
[ 2013-05-22T17:14:19+08:00 ] ERR: (ThinkException) 无法加载模块favicon.ico
[ 2013-05-22T17:15:16+08:00 ] ERR: (ThinkException) 无法加载模块favicon.ico
[ 2013-05-22T17:15:19+08:00 ] ERR: (ThinkException) 无法加载模块favicon.ico
[ 2013-05-22T17:15:22+08:00 ] ERR: (ThinkException) 无法加载模块favicon.ico
[ 2013-05-22T17:15:25+08:00 ] ERR: (ThinkException) 无法加载模块favicon.ico
[ 2013-05-22T17:15:27+08:00 ] ERR: (ThinkException) 无法加载模块favicon.ico
[ 2013-05-22T17:18:34+08:00 ] ERR: (ThinkException) 无法加载模块favicon.ico
[ 2013-05-22T17:18:35+08:00 ] ERR: (ThinkException) 无法加载模块favicon.ico
[ 2013-05-22T17:19:15+08:00 ] ERR: (ThinkException) 无法加载模块favicon.ico
[ 2013-05-22T17:19:19+08:00 ] ERR: (ThinkException) 无法加载模块favicon.ico
[ 2013-05-22T17:31:37+08:00 ] ERR: (ThinkException) 无法加载模块favicon.ico
[ 2013-05-22T17:31:38+08:00 ] ERR: (ThinkException) 无法加载模块favicon.ico
[ 2013-05-22T17:31:43+08:00 ] ERR: (ThinkException) 无法加载模块favicon.ico
[ 2013-05-22T17:31:45+08:00 ] ERR: (ThinkException) 无法加载模块favicon.ico
[ 2013-05-22T17:31:47+08:00 ] ERR: (ThinkException) 无法加载模块favicon.ico
[ 2013-05-22T17:31:48+08:00 ] ERR: (ThinkException) 无法加载模块favicon.ico
[ 2013-05-22T17:32:03+08:00 ] ERR: (ThinkException) 无法加载模块favicon.ico
[ 2013-05-22T17:34:00+08:00 ] ERR: (ThinkException) 无法加载模块favicon.ico
[ 2013-05-22T17:34:18+08:00 ] ERR: (ThinkException) 无法加载模块favicon.ico
[ 2013-05-22T17:42:24+08:00 ] ERR: (ThinkException) 无法加载模块favicon.ico
[ 2013-05-22T17:42:29+08:00 ] ERR: (ThinkException) 无法加载模块favicon.ico
[ 2013-05-22T17:42:31+08:00 ] ERR: (ThinkException) 无法加载模块favicon.ico
[ 2013-05-22T17:43:34+08:00 ] ERR: (ThinkException) 无法加载模块favicon.ico
[ 2013-05-22T17:46:21+08:00 ] ERR: (ThinkException) 无法加载模块favicon.ico
[ 2013-05-22T17:55:37+08:00 ] ERR: (ThinkException) 无法加载模块favicon.ico
[ 2013-05-22T17:55:46+08:00 ] ERR: (ThinkException) 无法加载模块favicon.ico
[ 2013-05-22T17:55:53+08:00 ] ERR: (ThinkException) 无法加载模块favicon.ico
[ 2013-05-22T17:55:59+08:00 ] ERR: (ThinkException) 无法加载模块favicon.ico
[ 2013-05-22T17:55:59+08:00 ] ERR: (ThinkException) 无法加载模块favicon.ico
[ 2013-05-22T17:56:02+08:00 ] ERR: (ThinkException) 无法加载模块favicon.ico
[ 2013-05-22T17:56:17+08:00 ] ERR: (ThinkException) 无法加载模块favicon.ico
[ 2013-05-22T17:56:41+08:00 ] ERR: (ThinkException) 无法加载模块favicon.ico
[ 2013-05-22T17:56:42+08:00 ] ERR: (ThinkException) 无法加载模块favicon.ico
[ 2013-05-22T17:58:22+08:00 ] ERR: (ThinkException) 无法加载模块favicon.ico
[ 2013-05-22T17:58:24+08:00 ] ERR: (ThinkException) 无法加载模块favicon.ico
[ 2013-05-22T17:58:37+08:00 ] ERR: (ThinkException) 无法加载模块favicon.ico
[ 2013-05-22T17:58:57+08:00 ] ERR: (ThinkException) 无法加载模块favicon.ico
[ 2013-05-22T17:58:59+08:00 ] ERR: (ThinkException) 无法加载模块favicon.ico
[ 2013-05-22T17:59:25+08:00 ] ERR: (ThinkException) 无法加载模块favicon.ico
[ 2013-05-22T17:59:27+08:00 ] ERR: (ThinkException) 无法加载模块favicon.ico
[ 2013-05-22T18:00:26+08:00 ] ERR: (ThinkException) 无法加载模块favicon.ico
[ 2013-05-22T18:00:39+08:00 ] ERR: (ThinkException) 无法加载模块favicon.ico
[ 2013-05-22T18:00:42+08:00 ] ERR: (ThinkException) 无法加载模块favicon.ico
[ 2013-05-22T18:00:59+08:00 ] ERR: (ThinkException) 无法加载模块favicon.ico
[ 2013-05-22T18:01:00+08:00 ] ERR: (ThinkException) 无法加载模块favicon.ico
[ 2013-05-22T18:01:03+08:00 ] ERR: (ThinkException) 无法加载模块favicon.ico
[ 2013-05-22T18:01:05+08:00 ] ERR: (ThinkException) 无法加载模块favicon.ico
[ 2013-05-22T18:01:08+08:00 ] ERR: (ThinkException) 无法加载模块favicon.ico
[ 2013-05-22T18:03:31+08:00 ] ERR: (ThinkException) 无法加载模块favicon.ico
[ 2013-05-22T18:03:45+08:00 ] ERR: (ThinkException) 无法加载模块favicon.ico
[ 2013-05-22T18:03:46+08:00 ] ERR: (ThinkException) 无法加载模块favicon.ico
[ 2013-05-22T18:04:12+08:00 ] ERR: (ThinkException) 无法加载模块favicon.ico
[ 2013-05-22T18:04:13+08:00 ] ERR: (ThinkException) 无法加载模块favicon.ico
[ 2013-05-22T18:04:20+08:00 ] ERR: (ThinkException) 无法加载模块favicon.ico
[ 2013-05-22T18:04:20+08:00 ] ERR: (ThinkException) 无法加载模块favicon.ico
[ 2013-05-22T18:04:25+08:00 ] ERR: (ThinkException) 无法加载模块favicon.ico
[ 2013-05-22T18:04:32+08:00 ] ERR: (ThinkException) 无法加载模块favicon.ico
[ 2013-05-22T18:04:41+08:00 ] ERR: (ThinkException) 无法加载模块favicon.ico
[ 2013-05-22T18:04:41+08:00 ] ERR: (ThinkException) 无法加载模块favicon.ico
[ 2013-05-22T18:04:45+08:00 ] ERR: (ThinkException) 无法加载模块favicon.ico
[ 2013-05-22T18:05:35+08:00 ] ERR: (ThinkException) 无法加载模块favicon.ico
[ 2013-05-22T18:06:14+08:00 ] ERR: (ThinkException) 无法加载模块favicon.ico
[ 2013-05-22T18:06:36+08:00 ] ERR: (ThinkException) 无法加载模块favicon.ico
[ 2013-05-22T18:06:37+08:00 ] ERR: (ThinkException) 无法加载模块favicon.ico
[ 2013-05-22T18:06:37+08:00 ] ERR: (ThinkException) 无法加载模块favicon.ico
[ 2013-05-22T18:06:51+08:00 ] ERR: (ThinkException) 无法加载模块favicon.ico
[ 2013-05-22T18:06:55+08:00 ] ERR: (ThinkException) 无法加载模块favicon.ico
[ 2013-05-22T18:07:01+08:00 ] ERR: (ThinkException) 无法加载模块favicon.ico
[ 2013-05-22T18:07:01+08:00 ] ERR: (ThinkException) 无法加载模块favicon.ico
[ 2013-05-22T18:07:02+08:00 ] ERR: (ThinkException) 无法加载模块favicon.ico
[ 2013-05-22T18:07:02+08:00 ] ERR: (ThinkException) 无法加载模块favicon.ico
[ 2013-05-22T18:07:47+08:00 ] ERR: (ThinkException) 无法加载模块favicon.ico
[ 2013-05-22T18:07:49+08:00 ] ERR: (ThinkException) 无法加载模块favicon.ico
[ 2013-05-22T18:08:00+08:00 ] ERR: (ThinkException) 无法加载模块favicon.ico
[ 2013-05-22T18:08:02+08:00 ] ERR: (ThinkException) 无法加载模块favicon.ico
[ 2013-05-22T18:08:19+08:00 ] ERR: (ThinkException) 无法加载模块favicon.ico
[ 2013-05-22T18:08:22+08:00 ] ERR: (ThinkException) 无法加载模块favicon.ico
[ 2013-05-22T18:08:25+08:00 ] ERR: (ThinkException) 无法加载模块favicon.ico
[ 2013-05-22T18:08:27+08:00 ] ERR: (ThinkException) 无法加载模块favicon.ico
[ 2013-05-22T18:08:29+08:00 ] ERR: (ThinkException) 无法加载模块favicon.ico
[ 2013-05-22T18:08:57+08:00 ] ERR: (ThinkException) 无法加载模块favicon.ico
[ 2013-05-22T18:08:57+08:00 ] ERR: (ThinkException) 无法加载模块favicon.ico
[ 2013-05-22T18:08:57+08:00 ] ERR: (ThinkException) 无法加载模块favicon.ico
[ 2013-05-22T18:08:57+08:00 ] ERR: (ThinkException) 无法加载模块favicon.ico
[ 2013-05-22T18:08:58+08:00 ] ERR: (ThinkException) 无法加载模块favicon.ico
[ 2013-05-22T18:08:58+08:00 ] ERR: (ThinkException) 无法加载模块favicon.ico
[ 2013-05-22T18:09:10+08:00 ] ERR: (ThinkException) 无法加载模块favicon.ico
[ 2013-05-22T18:09:25+08:00 ] ERR: (ThinkException) 无法加载模块favicon.ico
[ 2013-05-22T18:09:26+08:00 ] ERR: (ThinkException) 无法加载模块favicon.ico
[ 2013-05-22T18:09:37+08:00 ] ERR: (ThinkException) 无法加载模块favicon.ico
[ 2013-05-22T18:09:37+08:00 ] ERR: (ThinkException) 无法加载模块favicon.ico
[ 2013-05-22T18:09:37+08:00 ] ERR: (ThinkException) 无法加载模块favicon.ico
[ 2013-05-22T18:09:47+08:00 ] ERR: (ThinkException) 无法加载模块favicon.ico
[ 2013-05-22T18:09:47+08:00 ] ERR: (ThinkException) 无法加载模块favicon.ico
[ 2013-05-22T18:09:47+08:00 ] ERR: (ThinkException) 无法加载模块favicon.ico
[ 2013-05-22T18:09:49+08:00 ] ERR: (ThinkException) 无法加载模块favicon.ico
[ 2013-05-22T18:10:16+08:00 ] ERR: (ThinkException) 无法加载模块favicon.ico
[ 2013-05-22T18:11:23+08:00 ] ERR: (ThinkException) 无法加载模块favicon.ico
[ 2013-05-22T18:12:34+08:00 ] ERR: (ThinkException) 无法加载模块favicon.ico
[ 2013-05-22T18:12:35+08:00 ] ERR: (ThinkException) 无法加载模块favicon.ico
[ 2013-05-22T18:12:46+08:00 ] ERR: (ThinkException) 无法加载模块favicon.ico
[ 2013-05-22T18:12:47+08:00 ] ERR: (ThinkException) 无法加载模块favicon.ico
[ 2013-05-22T18:12:52+08:00 ] ERR: (ThinkException) 无法加载模块favicon.ico
[ 2013-05-22T18:12:55+08:00 ] ERR: (ThinkException) 无法加载模块favicon.ico
[ 2013-05-22T18:12:57+08:00 ] ERR: (ThinkException) 无法加载模块favicon.ico
[ 2013-05-22T18:13:01+08:00 ] ERR: (ThinkException) 无法加载模块favicon.ico
[ 2013-05-22T18:13:04+08:00 ] ERR: (ThinkException) 无法加载模块favicon.ico
[ 2013-05-22T18:13:19+08:00 ] ERR: (ThinkException) 无法加载模块favicon.ico
[ 2013-05-22T18:13:33+08:00 ] ERR: (ThinkException) 无法加载模块favicon.ico
[ 2013-05-22T18:13:40+08:00 ] ERR: (ThinkException) 无法加载模块favicon.ico
[ 2013-05-22T18:13:43+08:00 ] ERR: (ThinkException) 无法加载模块favicon.ico
[ 2013-05-22T18:14:39+08:00 ] ERR: (ThinkException) 无法加载模块favicon.ico
[ 2013-05-22T18:14:40+08:00 ] ERR: (ThinkException) 无法加载模块favicon.ico
[ 2013-05-22T18:14:43+08:00 ] ERR: (ThinkException) 无法加载模块favicon.ico
[ 2013-05-22T18:14:44+08:00 ] ERR: (ThinkException) 无法加载模块favicon.ico
[ 2013-05-22T18:17:05+08:00 ] ERR: (ThinkException) 无法加载模块favicon.ico
[ 2013-05-22T18:17:16+08:00 ] ERR: (ThinkException) 无法加载模块favicon.ico
[ 2013-05-22T18:17:17+08:00 ] ERR: (ThinkException) 无法加载模块favicon.ico
[ 2013-05-22T18:17:42+08:00 ] ERR: (ThinkException) 无法加载模块favicon.ico
[ 2013-05-22T18:17:43+08:00 ] ERR: (ThinkException) 无法加载模块favicon.ico
[ 2013-05-22T18:18:52+08:00 ] ERR: (ThinkException) 无法加载模块favicon.ico
[ 2013-05-22T18:19:16+08:00 ] ERR: (ThinkException) 无法加载模块favicon.ico
[ 2013-05-22T18:19:54+08:00 ] ERR: (ThinkException) 无法加载模块favicon.ico
[ 2013-05-22T18:19:54+08:00 ] ERR: (ThinkException) 无法加载模块favicon.ico
[ 2013-05-22T18:20:20+08:00 ] ERR: (ThinkException) 无法加载模块favicon.ico
[ 2013-05-22T18:20:32+08:00 ] ERR: (ThinkException) 无法加载模块favicon.ico
[ 2013-05-22T18:20:51+08:00 ] ERR: (ThinkException) 无法加载模块favicon.ico
[ 2013-05-22T18:21:03+08:00 ] ERR: (ThinkException) 无法加载模块favicon.ico
[ 2013-05-22T18:22:36+08:00 ] ERR: (ThinkException) 无法加载模块favicon.ico
[ 2013-05-22T18:22:43+08:00 ] ERR: (ThinkException) 无法加载模块favicon.ico
[ 2013-05-22T18:23:02+08:00 ] ERR: (ThinkException) 无法加载模块favicon.ico
[ 2013-05-22T18:23:23+08:00 ] ERR: (ThinkException) 无法加载模块favicon.ico
[ 2013-05-22T18:23:50+08:00 ] ERR: (ThinkException) 无法加载模块favicon.ico
[ 2013-05-22T18:23:53+08:00 ] ERR: (ThinkException) 无法加载模块favicon.ico
[ 2013-05-22T18:25:52+08:00 ] ERR: (ThinkException) 无法加载模块favicon.ico
[ 2013-05-22T18:26:08+08:00 ] ERR: (ThinkException) 无法加载模块favicon.ico
[ 2013-05-22T18:26:21+08:00 ] ERR: (ThinkException) 无法加载模块favicon.ico
[ 2013-05-22T18:27:05+08:00 ] ERR: (ThinkException) 无法加载模块favicon.ico
[ 2013-05-22T18:27:05+08:00 ] ERR: (ThinkException) 无法加载模块favicon.ico
[ 2013-05-22T18:27:30+08:00 ] ERR: (ThinkException) 无法加载模块favicon.ico
[ 2013-05-22T18:27:50+08:00 ] ERR: (ThinkException) 无法加载模块favicon.ico
[ 2013-05-22T18:27:51+08:00 ] ERR: (ThinkException) 无法加载模块favicon.ico
[ 2013-05-22T18:27:51+08:00 ] ERR: (ThinkException) 无法加载模块favicon.ico
[ 2013-05-22T18:27:58+08:00 ] ERR: (ThinkException) 无法加载模块favicon.ico
[ 2013-05-22T18:30:11+08:00 ] ERR: (ThinkException) 无法加载模块favicon.ico
[ 2013-05-22T18:34:08+08:00 ] ERR: (ThinkException) 无法加载模块favicon.ico
[ 2013-05-22T18:36:15+08:00 ] ERR: (ThinkException) 无法加载模块favicon.ico
[ 2013-05-22T18:36:35+08:00 ] ERR: (ThinkException) 无法加载模块favicon.ico
[ 2013-05-22T18:43:55+08:00 ] ERR: (ThinkException) 无法加载模块favicon.ico
[ 2013-05-22T18:49:18+08:00 ] ERR: (ThinkException) 实例化一个不存在的类！:ShowRecommonWidget
[ 2013-05-22T18:49:18+08:00 ] ERR: (ThinkException) 非法操作__PUBLIC__
[ 2013-05-22T18:49:18+08:00 ] ERR: (ThinkException) 非法操作__PUBLIC__
[ 2013-05-22T18:49:18+08:00 ] ERR: (ThinkException) 非法操作__PUBLIC__
[ 2013-05-22T18:49:18+08:00 ] ERR: (ThinkException) 非法操作__PUBLIC__
[ 2013-05-22T18:49:18+08:00 ] ERR: (ThinkException) 非法操作__PUBLIC__
[ 2013-05-22T18:49:18+08:00 ] ERR: (ThinkException) 非法操作__PUBLIC__
[ 2013-05-22T18:49:18+08:00 ] ERR: (ThinkException) 非法操作__PUBLIC__
[ 2013-05-22T18:49:18+08:00 ] ERR: (ThinkException) 非法操作__PUBLIC__
[ 2013-05-22T18:49:18+08:00 ] ERR: (ThinkException) 非法操作__PUBLIC__
[ 2013-05-22T18:49:18+08:00 ] ERR: (ThinkException) 非法操作__PUBLIC__
[ 2013-05-22T18:49:18+08:00 ] ERR: (ThinkException) 非法操作__PUBLIC__
[ 2013-05-22T18:49:18+08:00 ] ERR: (ThinkException) 非法操作__PUBLIC__
[ 2013-05-22T18:49:18+08:00 ] ERR: (ThinkException) 非法操作__PUBLIC__
[ 2013-05-22T18:49:18+08:00 ] ERR: (ThinkException) 非法操作__PUBLIC__
[ 2013-05-22T18:49:18+08:00 ] ERR: (ThinkException) 非法操作__PUBLIC__
[ 2013-05-22T18:49:18+08:00 ] ERR: (ThinkException) 非法操作__PUBLIC__
[ 2013-05-22T18:49:18+08:00 ] ERR: (ThinkException) 非法操作__PUBLIC__
[ 2013-05-22T18:49:18+08:00 ] ERR: (ThinkException) 非法操作__PUBLIC__
[ 2013-05-22T18:49:18+08:00 ] ERR: (ThinkException) 非法操作__PUBLIC__
[ 2013-05-22T18:49:18+08:00 ] ERR: (ThinkException) 非法操作__PUBLIC__
[ 2013-05-22T18:49:18+08:00 ] ERR: (ThinkException) 非法操作__PUBLIC__
[ 2013-05-22T18:49:18+08:00 ] ERR: (ThinkException) 非法操作__PUBLIC__
[ 2013-05-22T18:49:18+08:00 ] ERR: (ThinkException) 非法操作__PUBLIC__
[ 2013-05-22T18:49:19+08:00 ] ERR: (ThinkException) 无法加载模块favicon.ico
[ 2013-05-22T18:49:52+08:00 ] ERR: (ThinkException) 实例化一个不存在的类！:ShowRecommonWidget
[ 2013-05-22T18:49:52+08:00 ] ERR: (ThinkException) 非法操作__PUBLIC__
[ 2013-05-22T18:49:52+08:00 ] ERR: (ThinkException) 非法操作__PUBLIC__
[ 2013-05-22T18:49:52+08:00 ] ERR: (ThinkException) 非法操作__PUBLIC__
[ 2013-05-22T18:49:52+08:00 ] ERR: (ThinkException) 非法操作__PUBLIC__
[ 2013-05-22T18:49:52+08:00 ] ERR: (ThinkException) 非法操作__PUBLIC__
[ 2013-05-22T18:49:52+08:00 ] ERR: (ThinkException) 非法操作__PUBLIC__
[ 2013-05-22T18:49:52+08:00 ] ERR: (ThinkException) 非法操作__PUBLIC__
[ 2013-05-22T18:49:52+08:00 ] ERR: (ThinkException) 非法操作__PUBLIC__
[ 2013-05-22T18:49:52+08:00 ] ERR: (ThinkException) 非法操作__PUBLIC__
[ 2013-05-22T18:49:52+08:00 ] ERR: (ThinkException) 非法操作__PUBLIC__
[ 2013-05-22T18:49:52+08:00 ] ERR: (ThinkException) 非法操作__PUBLIC__
[ 2013-05-22T18:49:52+08:00 ] ERR: (ThinkException) 非法操作__PUBLIC__
[ 2013-05-22T18:49:52+08:00 ] ERR: (ThinkException) 非法操作__PUBLIC__
[ 2013-05-22T18:49:52+08:00 ] ERR: (ThinkException) 非法操作__PUBLIC__
[ 2013-05-22T18:49:52+08:00 ] ERR: (ThinkException) 非法操作__PUBLIC__
[ 2013-05-22T18:49:52+08:00 ] ERR: (ThinkException) 非法操作__PUBLIC__
[ 2013-05-22T18:49:52+08:00 ] ERR: (ThinkException) 非法操作__PUBLIC__
[ 2013-05-22T18:49:52+08:00 ] ERR: (ThinkException) 非法操作__PUBLIC__
[ 2013-05-22T18:49:52+08:00 ] ERR: (ThinkException) 非法操作__PUBLIC__
[ 2013-05-22T18:49:52+08:00 ] ERR: (ThinkException) 非法操作__PUBLIC__
[ 2013-05-22T18:49:52+08:00 ] ERR: (ThinkException) 非法操作__PUBLIC__
[ 2013-05-22T18:49:52+08:00 ] ERR: (ThinkException) 非法操作__PUBLIC__
[ 2013-05-22T18:49:52+08:00 ] ERR: (ThinkException) 非法操作__PUBLIC__
[ 2013-05-22T18:49:52+08:00 ] ERR: (ThinkException) 无法加载模块favicon.ico
[ 2013-05-22T18:50:18+08:00 ] ERR: (ThinkException) 无法加载模块favicon.ico
[ 2013-05-22T18:51:12+08:00 ] ERR: (ThinkException) 无法加载模块favicon.ico
[ 2013-05-22T18:51:13+08:00 ] ERR: (ThinkException) 无法加载模块favicon.ico
[ 2013-05-22T18:52:03+08:00 ] ERR: (ThinkException) 非法操作C
[ 2013-05-22T18:52:03+08:00 ] ERR: (ThinkException) 非法操作2
[ 2013-05-22T18:52:03+08:00 ] ERR: (ThinkException) 无法加载模块favicon.ico
[ 2013-05-22T18:52:43+08:00 ] ERR: (ThinkException) 无法加载模块favicon.ico
[ 2013-05-22T18:53:34+08:00 ] ERR: (ThinkException) 无法加载模块favicon.ico
[ 2013-05-22T18:53:58+08:00 ] ERR: (ThinkException) 无法加载模块favicon.ico
[ 2013-05-22T18:54:19+08:00 ] ERR: (ThinkException) 无法加载模块favicon.ico
[ 2013-05-22T18:54:24+08:00 ] ERR: (ThinkException) 无法加载模块favicon.ico
[ 2013-05-22T18:54:38+08:00 ] ERR: (ThinkException) 无法加载模块favicon.ico
[ 2013-05-22T18:54:42+08:00 ] ERR: (ThinkException) 无法加载模块favicon.ico
[ 2013-05-22T18:55:29+08:00 ] ERR: (ThinkException) 无法加载模块favicon.ico
[ 2013-05-22T18:56:23+08:00 ] ERR: (ThinkException) 无法加载模块favicon.ico
[ 2013-05-22T18:57:47+08:00 ] ERR: (ThinkException) 无法加载模块favicon.ico
[ 2013-05-22T18:58:15+08:00 ] ERR: (ThinkException) 无法加载模块favicon.ico
[ 2013-05-22T18:58:15+08:00 ] ERR: (ThinkException) 无法加载模块favicon.ico
[ 2013-05-22T18:58:49+08:00 ] ERR: (ThinkException) 无法加载模块favicon.ico
[ 2013-05-22T19:03:39+08:00 ] ERR: (ThinkException) 无法加载模块favicon.ico
[ 2013-05-22T19:07:20+08:00 ] ERR: (ThinkException) 无法加载模块favicon.ico
[ 2013-05-22T19:07:34+08:00 ] ERR: (ThinkException) 无法加载模块favicon.ico
[ 2013-05-22T19:09:35+08:00 ] ERR: (ThinkException) 无法加载模块favicon.ico
[ 2013-05-22T19:09:37+08:00 ] ERR: (ThinkException) 无法加载模块favicon.ico
[ 2013-05-22T19:09:47+08:00 ] ERR: (ThinkException) 无法加载模块favicon.ico
[ 2013-05-22T19:09:47+08:00 ] ERR: (ThinkException) 无法加载模块favicon.ico
[ 2013-05-22T19:09:49+08:00 ] ERR: (ThinkException) 无法加载模块favicon.ico
[ 2013-05-22T19:09:54+08:00 ] ERR: (ThinkException) 无法加载模块favicon.ico
[ 2013-05-22T19:09:59+08:00 ] ERR: (ThinkException) 无法加载模块favicon.ico
[ 2013-05-22T19:10:12+08:00 ] ERR: (ThinkException) 无法加载模块favicon.ico
[ 2013-05-22T19:10:15+08:00 ] ERR: (ThinkException) 无法加载模块favicon.ico
[ 2013-05-22T19:10:17+08:00 ] ERR: (ThinkException) 无法加载模块favicon.ico
[ 2013-05-22T19:11:09+08:00 ] ERR: (ThinkException) 无法加载模块favicon.ico
[ 2013-05-22T19:11:21+08:00 ] ERR: (ThinkException) 无法加载模块favicon.ico
[ 2013-05-22T19:11:21+08:00 ] ERR: (ThinkException) 无法加载模块favicon.ico
[ 2013-05-22T19:11:35+08:00 ] ERR: (ThinkException) 无法加载模块favicon.ico
[ 2013-05-22T19:12:00+08:00 ] ERR: (ThinkException) 无法加载模块favicon.ico
[ 2013-05-22T19:12:03+08:00 ] ERR: (ThinkException) 无法加载模块favicon.ico
[ 2013-05-22T19:13:33+08:00 ] ERR: (ThinkException) 无法加载模块favicon.ico
[ 2013-05-22T19:14:06+08:00 ] ERR: (ThinkException) 无法加载模块favicon.ico
[ 2013-05-22T19:16:58+08:00 ] ERR: (ThinkException) 无法加载模块favicon.ico
[ 2013-05-22T19:21:17+08:00 ] ERR: (ThinkException) 无法加载模块favicon.ico
[ 2013-05-22T19:21:23+08:00 ] ERR: (ThinkException) 无法加载模块favicon.ico
[ 2013-05-22T19:22:31+08:00 ] ERR: (ThinkException) 无法加载模块favicon.ico
[ 2013-05-22T19:22:38+08:00 ] ERR: (ThinkException) 无法加载模块favicon.ico
[ 2013-05-22T19:22:53+08:00 ] ERR: (ThinkException) 无法加载模块favicon.ico
[ 2013-05-22T19:23:02+08:00 ] ERR: (ThinkException) 无法加载模块favicon.ico
[ 2013-05-22T19:23:19+08:00 ] ERR: (ThinkException) 无法加载模块favicon.ico
[ 2013-05-22T19:24:32+08:00 ] ERR: (ThinkException) 无法加载模块favicon.ico
[ 2013-05-22T19:24:53+08:00 ] ERR: (ThinkException) 无法加载模块favicon.ico
[ 2013-05-22T19:25:38+08:00 ] ERR: (ThinkException) 无法加载模块favicon.ico
[ 2013-05-22T19:27:36+08:00 ] ERR: (ThinkException) 无法加载模块favicon.ico
[ 2013-05-22T19:27:37+08:00 ] ERR: (ThinkException) 无法加载模块favicon.ico
[ 2013-05-22T19:28:45+08:00 ] ERR: (ThinkException) 无法加载模块favicon.ico
[ 2013-05-22T19:29:07+08:00 ] ERR: (ThinkException) 无法加载模块favicon.ico
[ 2013-05-22T19:29:30+08:00 ] ERR: (ThinkException) 无法加载模块favicon.ico
[ 2013-05-22T19:32:54+08:00 ] ERR: (ThinkException) 无法加载模块favicon.ico
[ 2013-05-22T19:33:41+08:00 ] ERR: (ThinkException) 无法加载模块favicon.ico
[ 2013-05-22T19:33:45+08:00 ] ERR: (ThinkException) 无法加载模块favicon.ico
[ 2013-05-22T19:35:52+08:00 ] ERR: (ThinkException) 无法加载模块favicon.ico
[ 2013-05-22T19:35:54+08:00 ] ERR: (ThinkException) 无法加载模块favicon.ico
[ 2013-05-22T19:36:05+08:00 ] ERR: (ThinkException) 无法加载模块favicon.ico
[ 2013-05-22T19:36:23+08:00 ] ERR: (ThinkException) 无法加载模块favicon.ico
[ 2013-05-22T19:36:30+08:00 ] ERR: (ThinkException) 无法加载模块favicon.ico
[ 2013-05-22T19:37:03+08:00 ] ERR: (ThinkException) 无法加载模块favicon.ico
[ 2013-05-22T19:37:07+08:00 ] ERR: (ThinkException) 无法加载模块favicon.ico
[ 2013-05-22T19:37:17+08:00 ] ERR: (ThinkException) 无法加载模块favicon.ico
[ 2013-05-22T19:37:20+08:00 ] ERR: (ThinkException) 无法加载模块favicon.ico
[ 2013-05-22T19:38:21+08:00 ] ERR: (ThinkException) 无法加载模块favicon.ico
[ 2013-05-22T19:38:23+08:00 ] ERR: (ThinkException) 无法加载模块favicon.ico
[ 2013-05-22T19:38:30+08:00 ] ERR: (ThinkException) 无法加载模块favicon.ico
[ 2013-05-22T19:38:34+08:00 ] ERR: (ThinkException) 无法加载模块favicon.ico
[ 2013-05-22T19:38:44+08:00 ] ERR: (ThinkException) 无法加载模块favicon.ico
[ 2013-05-22T19:38:55+08:00 ] ERR: (ThinkException) 无法加载模块favicon.ico
[ 2013-05-22T19:39:06+08:00 ] ERR: (ThinkException) 无法加载模块favicon.ico
[ 2013-05-22T19:44:01+08:00 ] ERR: (ThinkException) 无法加载模块favicon.ico
[ 2013-05-22T20:01:26+08:00 ] ERR: (ThinkException) 无法加载模块favicon.ico
[ 2013-05-22T20:02:24+08:00 ] ERR: (ThinkException) 无法加载模块favicon.ico
[ 2013-05-22T20:02:35+08:00 ] ERR: (ThinkException) 无法加载模块favicon.ico
[ 2013-05-22T20:03:35+08:00 ] ERR: (ThinkException) 无法加载模块favicon.ico
[ 2013-05-22T20:03:49+08:00 ] ERR: (ThinkException) 无法加载模块favicon.ico
[ 2013-05-22T20:03:59+08:00 ] ERR: (ThinkException) 无法加载模块favicon.ico
[ 2013-05-22T20:04:27+08:00 ] ERR: (ThinkException) 无法加载模块favicon.ico
[ 2013-05-22T20:06:58+08:00 ] ERR: (ThinkException) 无法加载模块favicon.ico
[ 2013-05-22T20:07:14+08:00 ] ERR: (ThinkException) 无法加载模块favicon.ico
[ 2013-05-22T20:07:31+08:00 ] ERR: (ThinkException) 无法加载模块favicon.ico
[ 2013-05-22T20:08:45+08:00 ] ERR: (ThinkException) 无法加载模块favicon.ico
[ 2013-05-22T20:08:59+08:00 ] ERR: (ThinkException) 无法加载模块favicon.ico
[ 2013-05-22T20:09:23+08:00 ] ERR: (ThinkException) 无法加载模块favicon.ico
[ 2013-05-22T20:17:27+08:00 ] ERR: (ThinkException) 无法加载模块favicon.ico
[ 2013-05-22T20:17:29+08:00 ] ERR: (ThinkException) 无法加载模块favicon.ico
[ 2013-05-22T20:17:38+08:00 ] ERR: (ThinkException) 无法加载模块favicon.ico
[ 2013-05-22T20:17:38+08:00 ] ERR: (ThinkException) 无法加载模块favicon.ico
[ 2013-05-22T20:17:41+08:00 ] ERR: (ThinkException) 无法加载模块favicon.ico
[ 2013-05-22T20:17:50+08:00 ] ERR: (ThinkException) 无法加载模块favicon.ico
[ 2013-05-22T20:18:02+08:00 ] ERR: (ThinkException) 无法加载模块favicon.ico
[ 2013-05-22T20:18:17+08:00 ] ERR: (ThinkException) 无法加载模块favicon.ico
[ 2013-05-22T20:19:00+08:00 ] ERR: (ThinkException) 无法加载模块favicon.ico
[ 2013-05-22T20:19:05+08:00 ] ERR: (ThinkException) 无法加载模块favicon.ico
[ 2013-05-22T20:19:20+08:00 ] ERR: (ThinkException) 无法加载模块favicon.ico
[ 2013-05-22T20:19:23+08:00 ] ERR: (ThinkException) 无法加载模块favicon.ico
[ 2013-05-22T20:20:31+08:00 ] ERR: (ThinkException) 无法加载模块favicon.ico
[ 2013-05-22T20:20:41+08:00 ] ERR: (ThinkException) 无法加载模块favicon.ico
[ 2013-05-22T20:20:46+08:00 ] ERR: (ThinkException) 无法加载模块favicon.ico
[ 2013-05-22T20:21:11+08:00 ] ERR: (ThinkException) 无法加载模块favicon.ico
[ 2013-05-22T20:21:14+08:00 ] ERR: (ThinkException) 无法加载模块favicon.ico
[ 2013-05-22T20:21:19+08:00 ] ERR: (ThinkException) 无法加载模块favicon.ico
[ 2013-05-22T20:23:59+08:00 ] ERR: (ThinkException) 无法加载模块favicon.ico
[ 2013-05-22T20:24:21+08:00 ] ERR: (ThinkException) 无法加载模块favicon.ico
[ 2013-05-22T20:24:27+08:00 ] ERR: (ThinkException) 无法加载模块favicon.ico
[ 2013-05-22T20:24:28+08:00 ] ERR: (ThinkException) 无法加载模块favicon.ico
[ 2013-05-22T20:24:36+08:00 ] ERR: (ThinkException) 无法加载模块favicon.ico
[ 2013-05-22T20:25:13+08:00 ] ERR: (ThinkException) 无法加载模块favicon.ico
[ 2013-05-22T20:25:19+08:00 ] ERR: (ThinkException) 无法加载模块favicon.ico
[ 2013-05-22T20:25:22+08:00 ] ERR: (ThinkException) 无法加载模块favicon.ico
[ 2013-05-22T20:26:02+08:00 ] ERR: (ThinkException) 无法加载模块favicon.ico
[ 2013-05-22T20:26:05+08:00 ] ERR: (ThinkException) 无法加载模块favicon.ico
[ 2013-05-22T20:26:26+08:00 ] ERR: (ThinkException) 无法加载模块favicon.ico
[ 2013-05-22T20:26:30+08:00 ] ERR: (ThinkException) 无法加载模块favicon.ico
[ 2013-05-22T20:26:31+08:00 ] ERR: (ThinkException) 无法加载模块favicon.ico
[ 2013-05-22T20:26:53+08:00 ] ERR: (ThinkException) 无法加载模块favicon.ico
[ 2013-05-22T20:26:56+08:00 ] ERR: (ThinkException) 无法加载模块favicon.ico
[ 2013-05-22T20:26:58+08:00 ] ERR: (ThinkException) 无法加载模块favicon.ico
[ 2013-05-22T20:27:44+08:00 ] ERR: (ThinkException) 无法加载模块favicon.ico
[ 2013-05-22T20:27:47+08:00 ] ERR: (ThinkException) 无法加载模块favicon.ico
[ 2013-05-22T20:27:49+08:00 ] ERR: (ThinkException) 无法加载模块favicon.ico
[ 2013-05-22T20:28:09+08:00 ] ERR: (ThinkException) 无法加载模块favicon.ico
[ 2013-05-22T20:28:11+08:00 ] ERR: (ThinkException) 无法加载模块favicon.ico
[ 2013-05-22T20:28:12+08:00 ] ERR: (ThinkException) 无法加载模块favicon.ico
[ 2013-05-22T20:28:20+08:00 ] ERR: (ThinkException) 无法加载模块favicon.ico
[ 2013-05-22T20:28:25+08:00 ] ERR: (ThinkException) 无法加载模块favicon.ico
[ 2013-05-22T20:28:42+08:00 ] ERR: (ThinkException) 无法加载模块favicon.ico
[ 2013-05-22T20:28:47+08:00 ] ERR: (ThinkException) 无法加载模块favicon.ico
[ 2013-05-22T20:28:57+08:00 ] ERR: (ThinkException) 无法加载模块favicon.ico
[ 2013-05-22T20:29:01+08:00 ] ERR: (ThinkException) 无法加载模块favicon.ico
[ 2013-05-22T20:29:39+08:00 ] ERR: (ThinkException) 无法加载模块favicon.ico
[ 2013-05-22T20:29:52+08:00 ] ERR: (ThinkException) 无法加载模块favicon.ico
[ 2013-05-22T20:32:21+08:00 ] ERR: (ThinkException) 无法加载模块favicon.ico
[ 2013-05-22T20:38:22+08:00 ] ERR: (ThinkException) 无法加载模块favicon.ico
[ 2013-05-22T20:38:38+08:00 ] ERR: (ThinkException) 无法加载模块favicon.ico
[ 2013-05-22T20:39:10+08:00 ] ERR: (ThinkException) 无法加载模块favicon.ico
[ 2013-05-22T20:39:19+08:00 ] ERR: (ThinkException) 无法加载模块favicon.ico
[ 2013-05-22T20:39:51+08:00 ] ERR: (ThinkException) 无法加载模块favicon.ico
[ 2013-05-22T20:42:01+08:00 ] ERR: (ThinkException) 无法加载模块favicon.ico
[ 2013-05-22T20:42:16+08:00 ] ERR: (ThinkException) 无法加载模块favicon.ico
[ 2013-05-22T20:42:57+08:00 ] ERR: (ThinkException) 无法加载模块favicon.ico
[ 2013-05-22T20:44:50+08:00 ] ERR: (ThinkException) 无法加载模块favicon.ico
[ 2013-05-22T20:46:39+08:00 ] ERR: (ThinkException) 无法加载模块favicon.ico
[ 2013-05-22T20:46:40+08:00 ] ERR: (ThinkException) 无法加载模块favicon.ico
[ 2013-05-22T20:47:41+08:00 ] ERR: (ThinkException) 无法加载模块favicon.ico
[ 2013-05-22T20:47:48+08:00 ] ERR: (ThinkException) 无法加载模块favicon.ico
[ 2013-05-22T20:47:49+08:00 ] ERR: (ThinkException) 无法加载模块favicon.ico
[ 2013-05-22T20:48:19+08:00 ] ERR: (ThinkException) 无法加载模块favicon.ico
[ 2013-05-22T20:48:25+08:00 ] ERR: (ThinkException) 无法加载模块favicon.ico
[ 2013-05-22T20:48:32+08:00 ] ERR: (ThinkException) 无法加载模块favicon.ico
[ 2013-05-22T20:48:46+08:00 ] ERR: (ThinkException) 无法加载模块favicon.ico
[ 2013-05-22T20:50:03+08:00 ] ERR: (ThinkException) 无法加载模块favicon.ico
[ 2013-05-22T20:50:54+08:00 ] ERR: (ThinkException) 无法加载模块favicon.ico
[ 2013-05-22T20:50:56+08:00 ] ERR: (ThinkException) 无法加载模块favicon.ico
[ 2013-05-22T20:51:01+08:00 ] ERR: (ThinkException) 无法加载模块favicon.ico
[ 2013-05-22T20:51:03+08:00 ] ERR: (ThinkException) 无法加载模块favicon.ico
[ 2013-05-22T20:51:17+08:00 ] ERR: (ThinkException) 无法加载模块favicon.ico
[ 2013-05-22T20:51:52+08:00 ] ERR: (ThinkException) 无法加载模块favicon.ico
[ 2013-05-22T20:53:02+08:00 ] ERR: (ThinkException) 无法加载模块favicon.ico
[ 2013-05-22T20:53:12+08:00 ] ERR: (ThinkException) 无法加载模块favicon.ico
[ 2013-05-22T20:53:36+08:00 ] ERR: (ThinkException) 无法加载模块MemberyourOrder
[ 2013-05-22T20:53:36+08:00 ] ERR: (ThinkException) 无法加载模块favicon.ico
[ 2013-05-22T20:53:42+08:00 ] ERR: (ThinkException) 无法加载模块favicon.ico
[ 2013-05-22T20:54:24+08:00 ] ERR: (ThinkException) 无法加载模块favicon.ico
[ 2013-05-22T20:54:25+08:00 ] ERR: (ThinkException) 无法加载模块favicon.ico
[ 2013-05-22T20:54:58+08:00 ] ERR: (ThinkException) 无法加载模块favicon.ico
[ 2013-05-22T20:55:57+08:00 ] ERR: (ThinkException) 无法加载模块favicon.ico
[ 2013-05-22T20:56:17+08:00 ] ERR: (ThinkException) 无法加载模块favicon.ico
[ 2013-05-22T20:56:25+08:00 ] ERR: (ThinkException) 无法加载模块favicon.ico
[ 2013-05-22T20:56:28+08:00 ] ERR: (ThinkException) 无法加载模块favicon.ico
[ 2013-05-22T20:57:36+08:00 ] ERR: (ThinkException) 无法加载模块favicon.ico
[ 2013-05-22T20:57:52+08:00 ] ERR: (ThinkException) 无法加载模块favicon.ico
[ 2013-05-22T20:57:53+08:00 ] ERR: (ThinkException) 无法加载模块favicon.ico
[ 2013-05-22T20:58:04+08:00 ] ERR: (ThinkException) 无法加载模块favicon.ico
[ 2013-05-22T20:58:20+08:00 ] ERR: (ThinkException) 无法加载模块favicon.ico
[ 2013-05-22T20:58:22+08:00 ] ERR: (ThinkException) 无法加载模块favicon.ico
[ 2013-05-22T20:58:46+08:00 ] ERR: (ThinkException) 无法加载模块favicon.ico
[ 2013-05-22T20:59:15+08:00 ] ERR: (ThinkException) 无法加载模块favicon.ico
[ 2013-05-22T20:59:52+08:00 ] ERR: (ThinkException) 无法加载模块favicon.ico
[ 2013-05-22T21:00:24+08:00 ] ERR: (ThinkException) 无法加载模块favicon.ico
[ 2013-05-22T21:00:26+08:00 ] ERR: (ThinkException) 无法加载模块favicon.ico
[ 2013-05-22T21:00:30+08:00 ] ERR: (ThinkException) 无法加载模块favicon.ico
[ 2013-05-22T21:00:32+08:00 ] ERR: (ThinkException) 无法加载模块favicon.ico
