[ 2013-05-14T09:02:50+08:00 ] ERR: (ThinkException) 无法加载模块favicon.ico
[ 2013-05-14T09:02:54+08:00 ] ERR: (ThinkException) 无法加载模块favicon.ico
[ 2013-05-14T09:03:03+08:00 ] ERR: (ThinkException) 无法加载模块favicon.ico
[ 2013-05-14T09:03:18+08:00 ] ERR: (ThinkException) 无法加载模块favicon.ico
[ 2013-05-14T09:04:40+08:00 ] ERR: (ThinkException) 无法加载模块favicon.ico
[ 2013-05-14T09:05:10+08:00 ] ERR: (ThinkException) 无法加载模块favicon.ico
[ 2013-05-14T09:05:43+08:00 ] ERR: (ThinkException) 无法加载模块favicon.ico
[ 2013-05-14T09:06:44+08:00 ] ERR: (ThinkException) 无法加载模块favicon.ico
[ 2013-05-14T09:09:49+08:00 ] ERR: (ThinkException) 无法加载模块favicon.ico
[ 2013-05-14T09:09:55+08:00 ] ERR: (ThinkException) 无法加载模块favicon.ico
[ 2013-05-14T09:09:57+08:00 ] ERR: (ThinkException) 无法加载模块favicon.ico
[ 2013-05-14T09:10:01+08:00 ] ERR: (ThinkException) 无法加载模块favicon.ico
[ 2013-05-14T09:10:06+08:00 ] ERR: (ThinkException) 无法加载模块favicon.ico
[ 2013-05-14T09:10:19+08:00 ] ERR: (ThinkException) 无法加载模块favicon.ico
[ 2013-05-14T09:11:05+08:00 ] ERR: (ThinkException) 无法加载模块favicon.ico
[ 2013-05-14T09:19:18+08:00 ] ERR: (ThinkException) 无法加载模块favicon.ico
[ 2013-05-14T09:22:30+08:00 ] ERR: (ThinkException) 无法加载模块favicon.ico
[ 2013-05-14T09:22:38+08:00 ] ERR: (ThinkException) 无法加载模块Public
[ 2013-05-14T09:22:38+08:00 ] ERR: (ThinkException) 无法加载模块favicon.ico
[ 2013-05-14T09:22:39+08:00 ] ERR: (ThinkException) 无法加载模块Publicckeditor
[ 2013-05-14T09:22:39+08:00 ] ERR: (ThinkException) 无法加载模块Public
[ 2013-05-14T09:22:39+08:00 ] ERR: (ThinkException) 无法加载模块favicon.ico
[ 2013-05-14T09:22:43+08:00 ] ERR: (ThinkException) 无法加载模块favicon.ico
[ 2013-05-14T09:22:46+08:00 ] ERR: (ThinkException) 无法加载模块favicon.ico
[ 2013-05-14T09:35:19+08:00 ] ERR: (ThinkException) 无法加载模块favicon.ico
[ 2013-05-14T09:35:31+08:00 ] ERR: (ThinkException) 无法加载模块Public
[ 2013-05-14T09:35:31+08:00 ] ERR: (ThinkException) 无法加载模块favicon.ico
[ 2013-05-14T09:35:33+08:00 ] ERR: (ThinkException) 无法加载模块favicon.ico
[ 2013-05-14T09:35:36+08:00 ] ERR: (ThinkException) 无法加载模块Public
[ 2013-05-14T09:35:36+08:00 ] ERR: (ThinkException) 无法加载模块favicon.ico
[ 2013-05-14T09:35:37+08:00 ] ERR: (ThinkException) 无法加载模块Publicckeditor
[ 2013-05-14T09:35:37+08:00 ] ERR: (ThinkException) 无法加载模块Public
[ 2013-05-14T09:35:38+08:00 ] ERR: (ThinkException) 无法加载模块favicon.ico
[ 2013-05-14T09:35:39+08:00 ] ERR: (ThinkException) 无法加载模块favicon.ico
[ 2013-05-14T09:35:48+08:00 ] ERR: (ThinkException) 无法加载模块favicon.ico
[ 2013-05-14T09:35:49+08:00 ] ERR: (ThinkException) 无法加载模块favicon.ico
[ 2013-05-14T09:35:50+08:00 ] ERR: (ThinkException) 无法加载模块favicon.ico
[ 2013-05-14T09:35:58+08:00 ] ERR: (ThinkException) 无法加载模块favicon.ico
[ 2013-05-14T09:36:46+08:00 ] ERR: (ThinkException) 无法加载模块favicon.ico
[ 2013-05-14T09:37:05+08:00 ] ERR: (ThinkException) 无法加载模块favicon.ico
[ 2013-05-14T09:37:27+08:00 ] ERR: (ThinkException) 无法加载模块favicon.ico
[ 2013-05-14T09:37:52+08:00 ] ERR: (ThinkException) 无法加载模块favicon.ico
[ 2013-05-14T09:41:55+08:00 ] ERR: (ThinkException) 无法加载模块favicon.ico
[ 2013-05-14T09:54:59+08:00 ] ERR: (ThinkException) 无法加载模块favicon.ico
[ 2013-05-14T09:55:05+08:00 ] ERR: (ThinkException) 无法加载模块favicon.ico
[ 2013-05-14T09:56:27+08:00 ] ERR: (ThinkException) 无法加载模块favicon.ico
[ 2013-05-14T10:04:50+08:00 ] ERR: (ThinkException) 无法加载模块favicon.ico
[ 2013-05-14T10:04:52+08:00 ] ERR: (ThinkException) 无法加载模块favicon.ico
[ 2013-05-14T10:09:50+08:00 ] ERR: (ThinkException) 无法加载模块favicon.ico
[ 2013-05-14T10:09:51+08:00 ] ERR: (ThinkException) 无法加载模块favicon.ico
[ 2013-05-14T10:19:42+08:00 ] ERR: (ThinkException) 无法加载模块favicon.ico
[ 2013-05-14T10:20:28+08:00 ] ERR: (ThinkException) 无法加载模块favicon.ico
[ 2013-05-14T10:20:49+08:00 ] ERR: (ThinkException) 无法加载模块favicon.ico
[ 2013-05-14T10:20:54+08:00 ] ERR: (ThinkException) 无法加载模块favicon.ico
[ 2013-05-14T10:20:56+08:00 ] ERR: (ThinkException) 无法加载模块favicon.ico
[ 2013-05-14T10:21:07+08:00 ] ERR: (ThinkException) 无法加载模块favicon.ico
[ 2013-05-14T10:21:14+08:00 ] ERR: (ThinkException) 无法加载模块favicon.ico
[ 2013-05-14T10:21:23+08:00 ] ERR: (ThinkException) 无法加载模块favicon.ico
[ 2013-05-14T10:21:37+08:00 ] ERR: (ThinkException) 无法加载模块favicon.ico
[ 2013-05-14T10:21:41+08:00 ] ERR: (ThinkException) 无法加载模块favicon.ico
[ 2013-05-14T10:23:35+08:00 ] ERR: (ThinkException) 无法加载模块favicon.ico
[ 2013-05-14T10:24:29+08:00 ] ERR: (ThinkException) 无法加载模块favicon.ico
[ 2013-05-14T10:26:00+08:00 ] ERR: (ThinkException) 无法加载模块favicon.ico
[ 2013-05-14T10:42:01+08:00 ] ERR: (ThinkException) 无法加载模块favicon.ico
[ 2013-05-14T10:42:21+08:00 ] ERR: (ThinkException) 无法加载模块favicon.ico
[ 2013-05-14T10:42:22+08:00 ] ERR: (ThinkException) 无法加载模块favicon.ico
[ 2013-05-14T11:01:47+08:00 ] ERR: (ThinkException) 无法加载模块favicon.ico
[ 2013-05-14T11:02:04+08:00 ] ERR: (ThinkException) 无法加载模块favicon.ico
[ 2013-05-14T11:02:12+08:00 ] ERR: (ThinkException) 无法加载模块favicon.ico
[ 2013-05-14T11:03:12+08:00 ] ERR: (ThinkException) 无法加载模块favicon.ico
[ 2013-05-14T11:03:20+08:00 ] ERR: (ThinkException) 无法加载模块favicon.ico
[ 2013-05-14T11:03:31+08:00 ] ERR: (ThinkException) 无法加载模块favicon.ico
[ 2013-05-14T11:03:37+08:00 ] ERR: (ThinkException) 无法加载模块favicon.ico
[ 2013-05-14T11:03:44+08:00 ] ERR: (ThinkException) 无法加载模块favicon.ico
[ 2013-05-14T11:04:53+08:00 ] ERR: (ThinkException) 无法加载模块favicon.ico
[ 2013-05-14T11:05:48+08:00 ] ERR: (ThinkException) 无法加载模块favicon.ico
[ 2013-05-14T11:06:07+08:00 ] ERR: (ThinkException) 无法加载模块favicon.ico
[ 2013-05-14T11:14:31+08:00 ] ERR: (ThinkException) 无法加载模块favicon.ico
[ 2013-05-14T11:14:48+08:00 ] ERR: (ThinkException) 无法加载模块favicon.ico
[ 2013-05-14T11:14:55+08:00 ] ERR: (ThinkException) 无法加载模块favicon.ico
[ 2013-05-14T11:15:07+08:00 ] ERR: (ThinkException) 无法加载模块favicon.ico
[ 2013-05-14T11:15:27+08:00 ] ERR: (ThinkException) 无法加载模块favicon.ico
[ 2013-05-14T11:16:26+08:00 ] ERR: (ThinkException) 无法加载模块favicon.ico
[ 2013-05-14T11:16:39+08:00 ] ERR: (ThinkException) 无法加载模块favicon.ico
[ 2013-05-14T11:17:17+08:00 ] ERR: (ThinkException) 无法加载模块favicon.ico
[ 2013-05-14T11:19:54+08:00 ] ERR: (ThinkException) 无法加载模块favicon.ico
[ 2013-05-14T11:20:11+08:00 ] ERR: (ThinkException) 无法加载模块favicon.ico
[ 2013-05-14T11:20:18+08:00 ] ERR: (ThinkException) 无法加载模块favicon.ico
[ 2013-05-14T11:21:53+08:00 ] ERR: (ThinkException) 无法加载模块favicon.ico
[ 2013-05-14T11:22:02+08:00 ] ERR: (ThinkException) 无法加载模块favicon.ico
[ 2013-05-14T11:22:33+08:00 ] ERR: (ThinkException) 无法加载模块favicon.ico
[ 2013-05-14T11:23:24+08:00 ] ERR: (ThinkException) 无法加载模块favicon.ico
[ 2013-05-14T11:24:19+08:00 ] ERR: (ThinkException) 无法加载模块favicon.ico
[ 2013-05-14T11:25:58+08:00 ] ERR: (ThinkException) 无法加载模块favicon.ico
[ 2013-05-14T11:28:26+08:00 ] ERR: (ThinkException) 无法加载模块favicon.ico
[ 2013-05-14T11:28:27+08:00 ] ERR: (ThinkException) 无法加载模块favicon.ico
[ 2013-05-14T11:28:51+08:00 ] ERR: (ThinkException) 无法加载模块favicon.ico
[ 2013-05-14T11:29:30+08:00 ] ERR: (ThinkException) 无法加载模块favicon.ico
[ 2013-05-14T11:29:57+08:00 ] ERR: (ThinkException) 无法加载模块favicon.ico
[ 2013-05-14T11:32:07+08:00 ] ERR: (ThinkException) 无法加载模块favicon.ico
[ 2013-05-14T11:32:29+08:00 ] ERR: (ThinkException) 无法加载模块favicon.ico
[ 2013-05-14T11:33:20+08:00 ] ERR: (ThinkException) 无法加载模块favicon.ico
[ 2013-05-14T11:33:56+08:00 ] ERR: (ThinkException) 无法加载模块favicon.ico
[ 2013-05-14T11:34:13+08:00 ] ERR: (ThinkException) 无法加载模块favicon.ico
[ 2013-05-14T11:36:17+08:00 ] ERR: (ThinkException) 无法加载模块favicon.ico
[ 2013-05-14T11:37:40+08:00 ] ERR: (ThinkException) 无法加载模块favicon.ico
[ 2013-05-14T12:03:26+08:00 ] ERR: (ThinkException) 无法加载模块favicon.ico
[ 2013-05-14T12:06:21+08:00 ] ERR: (ThinkException) 无法加载模块favicon.ico
[ 2013-05-14T12:06:39+08:00 ] ERR: (ThinkException) 无法加载模块favicon.ico
[ 2013-05-14T12:06:42+08:00 ] ERR: (ThinkException) 无法加载模块favicon.ico
[ 2013-05-14T12:07:32+08:00 ] ERR: (ThinkException) 无法加载模块favicon.ico
[ 2013-05-14T12:07:37+08:00 ] ERR: (ThinkException) 无法加载模块favicon.ico
[ 2013-05-14T12:07:43+08:00 ] ERR: (ThinkException) 非法操作basic
[ 2013-05-14T12:07:43+08:00 ] ERR: (ThinkException) 无法加载模块favicon.ico
[ 2013-05-14T12:07:47+08:00 ] ERR: (ThinkException) 无法加载模块favicon.ico
[ 2013-05-14T12:08:13+08:00 ] ERR: (ThinkException) 无法加载模块favicon.ico
[ 2013-05-14T12:55:05+08:00 ] ERR: (ThinkException) 无法加载模块favicon.ico
[ 2013-05-14T12:55:14+08:00 ] ERR: (ThinkException) 无法加载模块Publicckeditor
[ 2013-05-14T12:55:14+08:00 ] ERR: (ThinkException) 无法加载模块Public
[ 2013-05-14T12:55:15+08:00 ] ERR: (ThinkException) 无法加载模块favicon.ico
[ 2013-05-14T12:55:16+08:00 ] ERR: (ThinkException) 无法加载模块Public
[ 2013-05-14T12:55:16+08:00 ] ERR: (ThinkException) 无法加载模块favicon.ico
[ 2013-05-14T12:55:17+08:00 ] ERR: (ThinkException) 无法加载模块favicon.ico
[ 2013-05-14T12:55:19+08:00 ] ERR: (ThinkException) 无法加载模块favicon.ico
[ 2013-05-14T12:55:31+08:00 ] ERR: (ThinkException) 无法加载模块Public
[ 2013-05-14T12:55:31+08:00 ] ERR: (ThinkException) 无法加载模块favicon.ico
[ 2013-05-14T12:55:34+08:00 ] ERR: (ThinkException) 无法加载模块favicon.ico
[ 2013-05-14T12:55:38+08:00 ] ERR: (ThinkException) 无法加载模块Public
[ 2013-05-14T12:55:38+08:00 ] ERR: (ThinkException) 无法加载模块favicon.ico
[ 2013-05-14T12:55:39+08:00 ] ERR: (ThinkException) 无法加载模块favicon.ico
[ 2013-05-14T12:55:45+08:00 ] ERR: (ThinkException) 无法加载模块Public
[ 2013-05-14T12:55:45+08:00 ] ERR: (ThinkException) 无法加载模块favicon.ico
[ 2013-05-14T12:55:47+08:00 ] ERR: (ThinkException) 无法加载模块favicon.ico
[ 2013-05-14T12:55:54+08:00 ] ERR: (ThinkException) 无法加载模块Public
[ 2013-05-14T12:55:54+08:00 ] ERR: (ThinkException) 无法加载模块favicon.ico
[ 2013-05-14T12:55:56+08:00 ] ERR: (ThinkException) 无法加载模块favicon.ico
[ 2013-05-14T12:56:03+08:00 ] ERR: (ThinkException) 无法加载模块Public
[ 2013-05-14T12:56:03+08:00 ] ERR: (ThinkException) 无法加载模块favicon.ico
[ 2013-05-14T12:56:06+08:00 ] ERR: (ThinkException) 无法加载模块favicon.ico
[ 2013-05-14T12:56:14+08:00 ] ERR: (ThinkException) 无法加载模块Public
[ 2013-05-14T12:56:14+08:00 ] ERR: (ThinkException) 无法加载模块favicon.ico
[ 2013-05-14T12:56:17+08:00 ] ERR: (ThinkException) 无法加载模块favicon.ico
[ 2013-05-14T12:56:26+08:00 ] ERR: (ThinkException) 无法加载模块Public
[ 2013-05-14T12:56:26+08:00 ] ERR: (ThinkException) 无法加载模块favicon.ico
[ 2013-05-14T12:56:27+08:00 ] ERR: (ThinkException) 无法加载模块Public
[ 2013-05-14T12:56:27+08:00 ] ERR: (ThinkException) 无法加载模块Publicckeditor
[ 2013-05-14T12:56:27+08:00 ] ERR: (ThinkException) 无法加载模块favicon.ico
[ 2013-05-14T12:56:31+08:00 ] ERR: (ThinkException) 无法加载模块favicon.ico
[ 2013-05-14T12:56:45+08:00 ] ERR: (ThinkException) 无法加载模块Public
[ 2013-05-14T12:56:45+08:00 ] ERR: (ThinkException) 无法加载模块favicon.ico
[ 2013-05-14T12:56:46+08:00 ] ERR: (ThinkException) 无法加载模块Public
[ 2013-05-14T12:56:46+08:00 ] ERR: (ThinkException) 无法加载模块Publicckeditor
[ 2013-05-14T12:56:46+08:00 ] ERR: (ThinkException) 无法加载模块favicon.ico
[ 2013-05-14T12:56:48+08:00 ] ERR: (ThinkException) 无法加载模块favicon.ico
[ 2013-05-14T13:16:59+08:00 ] ERR: (ThinkException) 无法加载模块favicon.ico
[ 2013-05-14T13:17:25+08:00 ] ERR: (ThinkException) 无法加载模块favicon.ico
[ 2013-05-14T13:26:00+08:00 ] ERR: (ThinkException) 无法加载模块favicon.ico
[ 2013-05-14T14:11:32+08:00 ] ERR: (ThinkException) 无法加载模块favicon.ico
[ 2013-05-14T14:18:42+08:00 ] ERR: (ThinkException) 无法加载模块favicon.ico
[ 2013-05-14T14:18:44+08:00 ] ERR: (ThinkException) 无法加载模块favicon.ico
[ 2013-05-14T14:19:48+08:00 ] ERR: (ThinkException) 无法加载模块favicon.ico
[ 2013-05-14T14:20:20+08:00 ] ERR: (ThinkException) 无法加载模块favicon.ico
[ 2013-05-14T14:20:41+08:00 ] ERR: (ThinkException) 无法加载模块favicon.ico
[ 2013-05-14T14:22:20+08:00 ] ERR: (ThinkException) 无法加载模块favicon.ico
[ 2013-05-14T14:24:11+08:00 ] ERR: (ThinkException) 无法加载模块favicon.ico
[ 2013-05-14T14:27:14+08:00 ] ERR: (ThinkException) 无法加载模块favicon.ico
[ 2013-05-14T14:27:30+08:00 ] ERR: (ThinkException) 无法加载模块favicon.ico
[ 2013-05-14T14:29:02+08:00 ] ERR: (ThinkException) 无法加载模块favicon.ico
[ 2013-05-14T14:33:22+08:00 ] ERR: (ThinkException) 无法加载模块favicon.ico
[ 2013-05-14T14:34:16+08:00 ] ERR: (ThinkException) 无法加载模块favicon.ico
[ 2013-05-14T14:34:42+08:00 ] ERR: (ThinkException) 无法加载模块favicon.ico
[ 2013-05-14T14:34:59+08:00 ] ERR: (ThinkException) 无法加载模块favicon.ico
[ 2013-05-14T14:36:05+08:00 ] ERR: (ThinkException) 无法加载模块favicon.ico
[ 2013-05-14T14:36:29+08:00 ] ERR: (ThinkException) 无法加载模块favicon.ico
[ 2013-05-14T14:39:08+08:00 ] ERR: (ThinkException) 无法加载模块favicon.ico
[ 2013-05-14T14:39:18+08:00 ] ERR: (ThinkException) 无法加载模块favicon.ico
[ 2013-05-14T14:41:13+08:00 ] ERR: (ThinkException) 无法加载模块favicon.ico
[ 2013-05-14T14:41:32+08:00 ] ERR: (ThinkException) 无法加载模块favicon.ico
[ 2013-05-14T14:42:22+08:00 ] ERR: (ThinkException) 无法加载模块favicon.ico
[ 2013-05-14T14:43:34+08:00 ] ERR: (ThinkException) 无法加载模块favicon.ico
[ 2013-05-14T14:44:02+08:00 ] ERR: (ThinkException) 无法加载模块favicon.ico
[ 2013-05-14T14:44:03+08:00 ] ERR: (ThinkException) 无法加载模块favicon.ico
[ 2013-05-14T14:44:12+08:00 ] ERR: (ThinkException) 无法加载模块favicon.ico
[ 2013-05-14T14:44:22+08:00 ] ERR: (ThinkException) 无法加载模块favicon.ico
[ 2013-05-14T14:44:23+08:00 ] ERR: (ThinkException) 无法加载模块favicon.ico
[ 2013-05-14T14:46:04+08:00 ] ERR: (ThinkException) 无法加载模块favicon.ico
[ 2013-05-14T14:48:25+08:00 ] ERR: (ThinkException) 无法加载模块favicon.ico
[ 2013-05-14T14:48:29+08:00 ] ERR: (ThinkException) 无法加载模块favicon.ico
[ 2013-05-14T14:48:31+08:00 ] ERR: (ThinkException) 无法加载模块favicon.ico
[ 2013-05-14T14:48:41+08:00 ] ERR: (ThinkException) 无法加载模块favicon.ico
[ 2013-05-14T14:48:43+08:00 ] ERR: (ThinkException) 无法加载模块favicon.ico
[ 2013-05-14T14:49:11+08:00 ] ERR: (ThinkException) 无法加载模块favicon.ico
[ 2013-05-14T14:49:30+08:00 ] ERR: (ThinkException) 无法加载模块favicon.ico
[ 2013-05-14T14:51:29+08:00 ] ERR: (ThinkException) 无法加载模块favicon.ico
[ 2013-05-14T14:52:25+08:00 ] ERR: (ThinkException) 无法加载模块favicon.ico
[ 2013-05-14T14:54:15+08:00 ] ERR: (ThinkException) 无法加载模块favicon.ico
[ 2013-05-14T14:54:24+08:00 ] ERR: (ThinkException) 无法加载模块favicon.ico
[ 2013-05-14T14:54:26+08:00 ] ERR: (ThinkException) 无法加载模块favicon.ico
[ 2013-05-14T14:54:28+08:00 ] ERR: (ThinkException) 无法加载模块favicon.ico
[ 2013-05-14T14:54:34+08:00 ] ERR: (ThinkException) 无法加载模块favicon.ico
[ 2013-05-14T14:54:37+08:00 ] ERR: (ThinkException) 无法加载模块favicon.ico
[ 2013-05-14T14:54:47+08:00 ] ERR: (ThinkException) 无法加载模块favicon.ico
[ 2013-05-14T14:55:11+08:00 ] ERR: (ThinkException) 无法加载模块favicon.ico
[ 2013-05-14T14:55:20+08:00 ] ERR: (ThinkException) 无法加载模块favicon.ico
[ 2013-05-14T14:55:25+08:00 ] ERR: (ThinkException) 无法加载模块favicon.ico
[ 2013-05-14T14:55:28+08:00 ] ERR: (ThinkException) 无法加载模块favicon.ico
[ 2013-05-14T14:55:30+08:00 ] ERR: (ThinkException) 无法加载模块favicon.ico
[ 2013-05-14T14:55:34+08:00 ] ERR: (ThinkException) 无法加载模块favicon.ico
[ 2013-05-14T14:55:48+08:00 ] ERR: (ThinkException) 无法加载模块favicon.ico
[ 2013-05-14T14:55:52+08:00 ] ERR: (ThinkException) 无法加载模块favicon.ico
[ 2013-05-14T14:55:52+08:00 ] ERR: (ThinkException) 无法加载模块favicon.ico
[ 2013-05-14T14:55:56+08:00 ] ERR: (ThinkException) 无法加载模块favicon.ico
[ 2013-05-14T14:56:15+08:00 ] ERR: (ThinkException) 无法加载模块favicon.ico
[ 2013-05-14T14:56:20+08:00 ] ERR: (ThinkException) 无法加载模块favicon.ico
[ 2013-05-14T14:56:22+08:00 ] ERR: (ThinkException) 无法加载模块favicon.ico
[ 2013-05-14T14:57:11+08:00 ] ERR: (ThinkException) 无法加载模块favicon.ico
[ 2013-05-14T15:00:35+08:00 ] ERR: (ThinkException) 无法加载模块favicon.ico
[ 2013-05-14T15:04:03+08:00 ] ERR: (ThinkException) 无法加载模块favicon.ico
[ 2013-05-14T15:04:34+08:00 ] ERR: (ThinkException) 无法加载模块favicon.ico
[ 2013-05-14T15:04:46+08:00 ] ERR: (ThinkException) 无法加载模块favicon.ico
[ 2013-05-14T15:04:56+08:00 ] ERR: (ThinkException) 无法加载模块favicon.ico
[ 2013-05-14T15:05:03+08:00 ] ERR: (ThinkException) 无法加载模块favicon.ico
[ 2013-05-14T15:05:05+08:00 ] ERR: (ThinkException) 无法加载模块favicon.ico
[ 2013-05-14T15:05:08+08:00 ] ERR: (ThinkException) 无法加载模块favicon.ico
[ 2013-05-14T15:05:36+08:00 ] ERR: (ThinkException) 无法加载模块favicon.ico
[ 2013-05-14T15:12:25+08:00 ] ERR: (ThinkException) 无法加载模块favicon.ico
[ 2013-05-14T15:12:40+08:00 ] ERR: (ThinkException) 无法加载模块favicon.ico
[ 2013-05-14T15:13:37+08:00 ] ERR: (ThinkException) 无法加载模块favicon.ico
[ 2013-05-14T15:13:52+08:00 ] ERR: (ThinkException) 无法加载模块favicon.ico
[ 2013-05-14T15:13:56+08:00 ] ERR: (ThinkException) 无法加载模块favicon.ico
[ 2013-05-14T15:14:06+08:00 ] ERR: (ThinkException) 无法加载模块favicon.ico
[ 2013-05-14T15:14:18+08:00 ] ERR: (ThinkException) 无法加载模块favicon.ico
[ 2013-05-14T15:14:19+08:00 ] ERR: (ThinkException) 无法加载模块favicon.ico
[ 2013-05-14T15:14:37+08:00 ] ERR: (ThinkException) 无法加载模块favicon.ico
[ 2013-05-14T15:20:21+08:00 ] ERR: (ThinkException) 无法加载模块favicon.ico
[ 2013-05-14T15:22:02+08:00 ] ERR: (ThinkException) 无法加载模块favicon.ico
[ 2013-05-14T15:22:03+08:00 ] ERR: (ThinkException) 无法加载模块favicon.ico
[ 2013-05-14T15:22:46+08:00 ] ERR: (ThinkException) 无法加载模块favicon.ico
[ 2013-05-14T15:24:40+08:00 ] ERR: (ThinkException) 无法加载模块favicon.ico
[ 2013-05-14T15:25:56+08:00 ] ERR: (ThinkException) 无法加载模块favicon.ico
[ 2013-05-14T15:27:10+08:00 ] ERR: (ThinkException) 无法加载模块favicon.ico
[ 2013-05-14T15:27:16+08:00 ] ERR: (ThinkException) 无法加载模块favicon.ico
[ 2013-05-14T15:27:46+08:00 ] ERR: (ThinkException) 无法加载模块favicon.ico
[ 2013-05-14T15:31:28+08:00 ] ERR: (ThinkException) 无法加载模块favicon.ico
[ 2013-05-14T15:31:43+08:00 ] ERR: (ThinkException) 无法加载模块favicon.ico
[ 2013-05-14T15:35:10+08:00 ] ERR: (ThinkException) 无法加载模块favicon.ico
[ 2013-05-14T15:35:26+08:00 ] ERR: (ThinkException) 无法加载模块favicon.ico
[ 2013-05-14T15:35:41+08:00 ] ERR: (ThinkException) 无法加载模块favicon.ico
[ 2013-05-14T15:35:45+08:00 ] ERR: (ThinkException) 无法加载模块favicon.ico
[ 2013-05-14T15:37:58+08:00 ] ERR: (ThinkException) 无法加载模块favicon.ico
[ 2013-05-14T15:37:59+08:00 ] ERR: (ThinkException) 无法加载模块favicon.ico
[ 2013-05-14T15:38:00+08:00 ] ERR: (ThinkException) 无法加载模块favicon.ico
[ 2013-05-14T15:38:00+08:00 ] ERR: (ThinkException) 无法加载模块favicon.ico
[ 2013-05-14T15:38:00+08:00 ] ERR: (ThinkException) 无法加载模块favicon.ico
[ 2013-05-14T15:50:44+08:00 ] ERR: (ThinkException) 无法加载模块favicon.ico
[ 2013-05-14T15:50:44+08:00 ] ERR: (ThinkException) 无法加载模块favicon.ico
[ 2013-05-14T15:50:46+08:00 ] ERR: (ThinkException) 无法加载模块favicon.ico
[ 2013-05-14T15:50:50+08:00 ] ERR: (ThinkException) 无法加载模块favicon.ico
[ 2013-05-14T15:51:10+08:00 ] ERR: (ThinkException) 无法加载模块favicon.ico
[ 2013-05-14T15:51:11+08:00 ] ERR: (ThinkException) 无法加载模块favicon.ico
[ 2013-05-14T15:52:34+08:00 ] ERR: (ThinkException) 无法加载模块favicon.ico
[ 2013-05-14T15:52:51+08:00 ] ERR: (ThinkException) 无法加载模块favicon.ico
[ 2013-05-14T16:26:55+08:00 ] ERR: (ThinkException) 无法加载模块favicon.ico
[ 2013-05-14T16:27:08+08:00 ] ERR: (ThinkException) 无法加载模块favicon.ico
[ 2013-05-14T16:28:24+08:00 ] ERR: (ThinkException) 无法加载模块favicon.ico
[ 2013-05-14T16:30:55+08:00 ] ERR: (ThinkException) 无法加载模块favicon.ico
[ 2013-05-14T16:31:31+08:00 ] ERR: (ThinkException) 无法加载模块favicon.ico
[ 2013-05-14T16:33:46+08:00 ] ERR: (ThinkException) 无法加载模块favicon.ico
[ 2013-05-14T16:35:44+08:00 ] ERR: (ThinkException) 无法加载模块favicon.ico
[ 2013-05-14T16:35:57+08:00 ] ERR: (ThinkException) 无法加载模块favicon.ico
[ 2013-05-14T16:38:09+08:00 ] ERR: (ThinkException) 无法加载模块favicon.ico
[ 2013-05-14T16:38:38+08:00 ] ERR: (ThinkException) 无法加载模块favicon.ico
[ 2013-05-14T16:38:51+08:00 ] ERR: (ThinkException) 无法加载模块favicon.ico
[ 2013-05-14T16:39:01+08:00 ] ERR: (ThinkException) 无法加载模块favicon.ico
[ 2013-05-14T16:44:43+08:00 ] ERR: (ThinkException) 无法加载模块favicon.ico
[ 2013-05-14T16:45:29+08:00 ] ERR: (ThinkException) 无法加载模块favicon.ico
[ 2013-05-14T16:45:38+08:00 ] ERR: (ThinkException) 无法加载模块favicon.ico
[ 2013-05-14T16:47:13+08:00 ] ERR: (ThinkException) 无法加载模块favicon.ico
[ 2013-05-14T16:47:36+08:00 ] ERR: (ThinkException) 无法加载模块favicon.ico
[ 2013-05-14T16:51:22+08:00 ] ERR: (ThinkException) 无法加载模块favicon.ico
[ 2013-05-14T16:57:56+08:00 ] ERR: (ThinkException) 无法加载模块favicon.ico
[ 2013-05-14T16:58:03+08:00 ] ERR: (ThinkException) 无法加载模块favicon.ico
[ 2013-05-14T17:07:52+08:00 ] ERR: (ThinkException) 无法加载模块favicon.ico
[ 2013-05-14T17:08:01+08:00 ] ERR: (ThinkException) 无法加载模块favicon.ico
[ 2013-05-14T17:08:17+08:00 ] ERR: (ThinkException) 无法加载模块favicon.ico
[ 2013-05-14T17:08:43+08:00 ] ERR: (ThinkException) 无法加载模块favicon.ico
[ 2013-05-14T17:09:39+08:00 ] ERR: (ThinkException) 无法加载模块favicon.ico
[ 2013-05-14T17:10:53+08:00 ] ERR: (ThinkException) 无法加载模块favicon.ico
[ 2013-05-14T17:14:09+08:00 ] ERR: (ThinkException) 无法加载模块favicon.ico
[ 2013-05-14T17:16:00+08:00 ] ERR: (ThinkException) 无法加载模块favicon.ico
[ 2013-05-14T17:16:02+08:00 ] ERR: (ThinkException) 无法加载模块favicon.ico
[ 2013-05-14T17:17:38+08:00 ] ERR: (ThinkException) 无法加载模块favicon.ico
[ 2013-05-14T17:17:57+08:00 ] ERR: (ThinkException) 无法加载模块favicon.ico
[ 2013-05-14T17:19:10+08:00 ] ERR: (ThinkException) 无法加载模块favicon.ico
[ 2013-05-14T17:19:15+08:00 ] ERR: (ThinkException) 无法加载模块favicon.ico
[ 2013-05-14T17:19:31+08:00 ] ERR: (ThinkException) 无法加载模块favicon.ico
[ 2013-05-14T17:19:32+08:00 ] ERR: (ThinkException) 无法加载模块favicon.ico
[ 2013-05-14T17:42:26+08:00 ] ERR: (ThinkException) 无法加载模块favicon.ico
[ 2013-05-14T17:42:27+08:00 ] ERR: (ThinkException) 无法加载模块favicon.ico
[ 2013-05-14T17:44:33+08:00 ] ERR: (ThinkException) 无法加载模块favicon.ico
[ 2013-05-14T17:44:34+08:00 ] ERR: (ThinkException) 无法加载模块favicon.ico
[ 2013-05-14T17:49:37+08:00 ] ERR: (ThinkException) 无法加载模块favicon.ico
[ 2013-05-14T17:49:39+08:00 ] ERR: (ThinkException) 无法加载模块favicon.ico
[ 2013-05-14T17:51:41+08:00 ] ERR: (ThinkException) 无法加载模块favicon.ico
[ 2013-05-14T17:52:20+08:00 ] ERR: (ThinkException) 无法加载模块favicon.ico
[ 2013-05-14T17:52:22+08:00 ] ERR: (ThinkException) 无法加载模块favicon.ico
[ 2013-05-14T17:52:28+08:00 ] ERR: (ThinkException) 无法加载模块favicon.ico
[ 2013-05-14T17:54:18+08:00 ] ERR: (ThinkException) 无法加载模块favicon.ico
[ 2013-05-14T17:54:19+08:00 ] ERR: (ThinkException) 无法加载模块favicon.ico
[ 2013-05-14T17:54:25+08:00 ] ERR: (ThinkException) 无法加载模块favicon.ico
[ 2013-05-14T17:54:30+08:00 ] ERR: (ThinkException) 无法加载模块favicon.ico
[ 2013-05-14T17:59:28+08:00 ] ERR: (ThinkException) 无法加载模块favicon.ico
[ 2013-05-14T17:59:29+08:00 ] ERR: (ThinkException) 无法加载模块favicon.ico
[ 2013-05-14T17:59:46+08:00 ] ERR: (ThinkException) 无法加载模块favicon.ico
[ 2013-05-14T17:59:46+08:00 ] ERR: (ThinkException) 无法加载模块favicon.ico
[ 2013-05-14T18:01:29+08:00 ] ERR: (ThinkException) 无法加载模块favicon.ico
[ 2013-05-14T18:01:41+08:00 ] ERR: (ThinkException) 无法加载模块favicon.ico
[ 2013-05-14T18:01:43+08:00 ] ERR: (ThinkException) 无法加载模块favicon.ico
[ 2013-05-14T18:01:46+08:00 ] ERR: (ThinkException) 无法加载模块favicon.ico
[ 2013-05-14T18:02:02+08:00 ] ERR: (ThinkException) 无法加载模块favicon.ico
[ 2013-05-14T18:04:18+08:00 ] ERR: (ThinkException) 无法加载模块favicon.ico
[ 2013-05-14T18:04:40+08:00 ] ERR: (ThinkException) 无法加载模块favicon.ico
[ 2013-05-14T18:04:47+08:00 ] ERR: (ThinkException) 无法加载模块favicon.ico
[ 2013-05-14T18:05:04+08:00 ] ERR: (ThinkException) 无法加载模块favicon.ico
[ 2013-05-14T18:05:07+08:00 ] ERR: (ThinkException) 无法加载模块favicon.ico
[ 2013-05-14T18:05:21+08:00 ] ERR: (ThinkException) 无法加载模块favicon.ico
[ 2013-05-14T18:05:40+08:00 ] ERR: (ThinkException) 无法加载模块favicon.ico
[ 2013-05-14T18:05:50+08:00 ] ERR: (ThinkException) 无法加载模块favicon.ico
[ 2013-05-14T18:05:58+08:00 ] ERR: (ThinkException) 无法加载模块favicon.ico
[ 2013-05-14T18:06:31+08:00 ] ERR: (ThinkException) 无法加载模块favicon.ico
[ 2013-05-14T18:06:57+08:00 ] ERR: (ThinkException) 无法加载模块favicon.ico
[ 2013-05-14T18:06:57+08:00 ] ERR: (ThinkException) 无法加载模块favicon.ico
[ 2013-05-14T18:07:25+08:00 ] ERR: (ThinkException) 无法加载模块favicon.ico
[ 2013-05-14T18:07:26+08:00 ] ERR: (ThinkException) 无法加载模块favicon.ico
[ 2013-05-14T18:07:35+08:00 ] ERR: (ThinkException) 无法加载模块favicon.ico
[ 2013-05-14T18:07:50+08:00 ] ERR: (ThinkException) 无法加载模块favicon.ico
[ 2013-05-14T18:08:17+08:00 ] ERR: (ThinkException) 无法加载模块favicon.ico
[ 2013-05-14T18:08:18+08:00 ] ERR: (ThinkException) 无法加载模块favicon.ico
[ 2013-05-14T18:08:19+08:00 ] ERR: (ThinkException) 无法加载模块favicon.ico
[ 2013-05-14T18:08:33+08:00 ] ERR: (ThinkException) 无法加载模块favicon.ico
[ 2013-05-14T18:09:13+08:00 ] ERR: (ThinkException) 无法加载模块favicon.ico
[ 2013-05-14T18:11:45+08:00 ] ERR: (ThinkException) 无法加载模块favicon.ico
[ 2013-05-14T18:11:58+08:00 ] ERR: (ThinkException) 无法加载模块favicon.ico
[ 2013-05-14T18:12:06+08:00 ] ERR: (ThinkException) 无法加载模块favicon.ico
[ 2013-05-14T18:14:00+08:00 ] ERR: (ThinkException) 无法加载模块favicon.ico
[ 2013-05-14T18:14:16+08:00 ] ERR: (ThinkException) 无法加载模块favicon.ico
[ 2013-05-14T18:15:11+08:00 ] ERR: (ThinkException) 无法加载模块favicon.ico
[ 2013-05-14T18:16:37+08:00 ] ERR: (ThinkException) XML标签语法错误 : condition='$vo[2] neq date('l',time())'
[ 2013-05-14T18:16:37+08:00 ] ERR: (ThinkException) 无法加载模块favicon.ico
[ 2013-05-14T18:16:56+08:00 ] ERR: (ThinkException) 无法加载模块favicon.ico
[ 2013-05-14T18:17:48+08:00 ] ERR: (ThinkException) 无法加载模块favicon.ico
[ 2013-05-14T18:20:23+08:00 ] ERR: (ThinkException) 无法加载模块favicon.ico
[ 2013-05-14T18:20:24+08:00 ] ERR: (ThinkException) 无法加载模块favicon.ico
[ 2013-05-14T18:21:24+08:00 ] ERR: (ThinkException) 无法加载模块favicon.ico
[ 2013-05-14T18:21:47+08:00 ] ERR: (ThinkException) 无法加载模块favicon.ico
[ 2013-05-14T18:22:00+08:00 ] ERR: (ThinkException) 无法加载模块favicon.ico
[ 2013-05-14T18:22:54+08:00 ] ERR: (ThinkException) 无法加载模块favicon.ico
[ 2013-05-14T18:23:39+08:00 ] ERR: (ThinkException) 无法加载模块favicon.ico
[ 2013-05-14T18:23:43+08:00 ] ERR: (ThinkException) 无法加载模块favicon.ico
[ 2013-05-14T18:23:44+08:00 ] ERR: (ThinkException) 无法加载模块favicon.ico
[ 2013-05-14T18:24:28+08:00 ] ERR: (ThinkException) 无法加载模块Public
[ 2013-05-14T18:24:28+08:00 ] ERR: (ThinkException) 无法加载模块Publicckeditor
[ 2013-05-14T18:24:29+08:00 ] ERR: (ThinkException) 无法加载模块favicon.ico
[ 2013-05-14T18:24:29+08:00 ] ERR: (ThinkException) 无法加载模块favicon.ico
[ 2013-05-14T18:24:34+08:00 ] ERR: (ThinkException) 无法加载模块favicon.ico
[ 2013-05-14T18:24:41+08:00 ] ERR: (ThinkException) 无法加载模块favicon.ico
[ 2013-05-14T18:24:50+08:00 ] ERR: (ThinkException) 无法加载模块favicon.ico
[ 2013-05-14T18:25:26+08:00 ] ERR: (ThinkException) 无法加载模块favicon.ico
[ 2013-05-14T18:25:37+08:00 ] ERR: (ThinkException) 无法加载模块favicon.ico
[ 2013-05-14T18:25:52+08:00 ] ERR: (ThinkException) 无法加载模块favicon.ico
[ 2013-05-14T18:25:58+08:00 ] ERR: (ThinkException) 无法加载模块favicon.ico
[ 2013-05-14T18:27:13+08:00 ] ERR: (ThinkException) 无法加载模块favicon.ico
[ 2013-05-14T18:27:33+08:00 ] ERR: (ThinkException) 无法加载模块favicon.ico
[ 2013-05-14T18:27:39+08:00 ] ERR: (ThinkException) 无法加载模块favicon.ico
[ 2013-05-14T18:27:47+08:00 ] ERR: (ThinkException) 无法加载模块favicon.ico
[ 2013-05-14T18:28:15+08:00 ] ERR: (ThinkException) 无法加载模块favicon.ico
[ 2013-05-14T18:28:24+08:00 ] ERR: (ThinkException) 无法加载模块favicon.ico
[ 2013-05-14T18:30:20+08:00 ] ERR: (ThinkException) 无法加载模块favicon.ico
[ 2013-05-14T18:39:29+08:00 ] ERR: (ThinkException) 无法加载模块favicon.ico
[ 2013-05-14T18:39:38+08:00 ] ERR: (ThinkException) 无法加载模块favicon.ico
[ 2013-05-14T18:39:39+08:00 ] ERR: (ThinkException) 无法加载模块favicon.ico
[ 2013-05-14T18:40:06+08:00 ] ERR: (ThinkException) 无法加载模块favicon.ico
[ 2013-05-14T18:40:48+08:00 ] ERR: (ThinkException) 无法加载模块favicon.ico
[ 2013-05-14T18:40:58+08:00 ] ERR: (ThinkException) 无法加载模块favicon.ico
[ 2013-05-14T18:41:05+08:00 ] ERR: (ThinkException) 无法加载模块favicon.ico
[ 2013-05-14T18:41:24+08:00 ] ERR: (ThinkException) 无法加载模块favicon.ico
[ 2013-05-14T18:41:58+08:00 ] ERR: (ThinkException) 无法加载模块favicon.ico
[ 2013-05-14T18:42:07+08:00 ] ERR: (ThinkException) 无法加载模块favicon.ico
[ 2013-05-14T18:42:37+08:00 ] ERR: (ThinkException) 无法加载模块favicon.ico
[ 2013-05-14T18:43:13+08:00 ] ERR: (ThinkException) 无法加载模块favicon.ico
[ 2013-05-14T18:43:20+08:00 ] ERR: (ThinkException) 无法加载模块favicon.ico
[ 2013-05-14T18:44:16+08:00 ] ERR: (ThinkException) 无法加载模块favicon.ico
[ 2013-05-14T18:44:25+08:00 ] ERR: (ThinkException) 无法加载模块favicon.ico
[ 2013-05-14T18:45:41+08:00 ] ERR: (ThinkException) 无法加载模块favicon.ico
[ 2013-05-14T18:46:59+08:00 ] ERR: (ThinkException) 无法加载模块favicon.ico
[ 2013-05-14T18:47:38+08:00 ] ERR: (ThinkException) 无法加载模块favicon.ico
[ 2013-05-14T18:49:10+08:00 ] ERR: (ThinkException) 无法加载模块favicon.ico
[ 2013-05-14T18:52:00+08:00 ] ERR: (ThinkException) 无法加载模块favicon.ico
[ 2013-05-14T18:52:26+08:00 ] ERR: (ThinkException) 无法加载模块favicon.ico
[ 2013-05-14T18:52:26+08:00 ] ERR: (ThinkException) 无法加载模块favicon.ico
[ 2013-05-14T18:52:30+08:00 ] ERR: (ThinkException) 无法加载模块favicon.ico
[ 2013-05-14T18:55:35+08:00 ] ERR: (ThinkException) 无法加载模块favicon.ico
[ 2013-05-14T18:55:50+08:00 ] ERR: (ThinkException) 无法加载模块favicon.ico
[ 2013-05-14T18:56:07+08:00 ] ERR: (ThinkException) 无法加载模块favicon.ico
[ 2013-05-14T18:56:08+08:00 ] ERR: (ThinkException) 无法加载模块favicon.ico
[ 2013-05-14T18:56:08+08:00 ] ERR: (ThinkException) 无法加载模块favicon.ico
[ 2013-05-14T18:56:20+08:00 ] ERR: (ThinkException) 无法加载模块favicon.ico
[ 2013-05-14T18:56:20+08:00 ] ERR: (ThinkException) 无法加载模块favicon.ico
[ 2013-05-14T18:56:32+08:00 ] ERR: (ThinkException) 无法加载模块favicon.ico
[ 2013-05-14T18:56:48+08:00 ] ERR: (ThinkException) 无法加载模块favicon.ico
[ 2013-05-14T18:57:01+08:00 ] ERR: (ThinkException) 无法加载模块favicon.ico
[ 2013-05-14T18:57:05+08:00 ] ERR: (ThinkException) 无法加载模块favicon.ico
[ 2013-05-14T18:57:28+08:00 ] ERR: (ThinkException) 无法加载模块favicon.ico
[ 2013-05-14T18:57:30+08:00 ] ERR: (ThinkException) 无法加载模块favicon.ico
[ 2013-05-14T18:57:30+08:00 ] ERR: (ThinkException) 无法加载模块favicon.ico
[ 2013-05-14T18:57:53+08:00 ] ERR: (ThinkException) XML标签语法错误 : condition="$v['peanut'] eq '1'"/
[ 2013-05-14T18:57:53+08:00 ] ERR: (ThinkException) 无法加载模块favicon.ico
[ 2013-05-14T18:58:15+08:00 ] ERR: (ThinkException) 无法加载模块favicon.ico
[ 2013-05-14T18:59:16+08:00 ] ERR: (ThinkException) 无法加载模块favicon.ico
[ 2013-05-14T18:59:32+08:00 ] ERR: (ThinkException) 无法加载模块favicon.ico
[ 2013-05-14T18:59:46+08:00 ] ERR: (ThinkException) 无法加载模块favicon.ico
[ 2013-05-14T18:59:51+08:00 ] ERR: (ThinkException) 无法加载模块favicon.ico
[ 2013-05-14T19:00:00+08:00 ] ERR: (ThinkException) 无法加载模块favicon.ico
[ 2013-05-14T19:00:15+08:00 ] ERR: (ThinkException) 无法加载模块favicon.ico
[ 2013-05-14T19:00:22+08:00 ] ERR: (ThinkException) 无法加载模块favicon.ico
[ 2013-05-14T19:00:26+08:00 ] ERR: (ThinkException) 无法加载模块favicon.ico
[ 2013-05-14T19:00:38+08:00 ] ERR: (ThinkException) 无法加载模块favicon.ico
[ 2013-05-14T19:01:04+08:00 ] ERR: (ThinkException) 无法加载模块favicon.ico
[ 2013-05-14T19:02:11+08:00 ] ERR: (ThinkException) 无法加载模块favicon.ico
[ 2013-05-14T19:02:18+08:00 ] ERR: (ThinkException) 无法加载模块favicon.ico
[ 2013-05-14T19:02:48+08:00 ] ERR: (ThinkException) 无法加载模块favicon.ico
[ 2013-05-14T19:03:26+08:00 ] ERR: (ThinkException) 无法加载模块favicon.ico
[ 2013-05-14T19:04:39+08:00 ] ERR: (ThinkException) 无法加载模块favicon.ico
[ 2013-05-14T19:08:21+08:00 ] ERR: (ThinkException) 无法加载模块favicon.ico
[ 2013-05-14T19:08:48+08:00 ] ERR: (ThinkException) 无法加载模块favicon.ico
[ 2013-05-14T19:10:09+08:00 ] ERR: (ThinkException) 无法加载模块favicon.ico
[ 2013-05-14T19:10:41+08:00 ] ERR: (ThinkException) 无法加载模块favicon.ico
[ 2013-05-14T19:11:44+08:00 ] ERR: (ThinkException) 无法加载模块favicon.ico
[ 2013-05-14T19:12:02+08:00 ] ERR: (ThinkException) 无法加载模块favicon.ico
[ 2013-05-14T19:12:03+08:00 ] ERR: (ThinkException) 无法加载模块favicon.ico
[ 2013-05-14T19:12:04+08:00 ] ERR: (ThinkException) 无法加载模块favicon.ico
[ 2013-05-14T19:12:05+08:00 ] ERR: (ThinkException) 无法加载模块favicon.ico
[ 2013-05-14T19:13:03+08:00 ] ERR: (ThinkException) 无法加载模块favicon.ico
[ 2013-05-14T19:14:51+08:00 ] ERR: (ThinkException) 无法加载模块favicon.ico
[ 2013-05-14T19:15:03+08:00 ] ERR: (ThinkException) 无法加载模块favicon.ico
[ 2013-05-14T19:15:07+08:00 ] ERR: (ThinkException) 无法加载模块favicon.ico
[ 2013-05-14T19:15:09+08:00 ] ERR: (ThinkException) 无法加载模块favicon.ico
[ 2013-05-14T19:15:18+08:00 ] ERR: (ThinkException) 无法加载模块favicon.ico
[ 2013-05-14T19:15:32+08:00 ] ERR: (ThinkException) 无法加载模块favicon.ico
[ 2013-05-14T19:15:37+08:00 ] ERR: (ThinkException) 无法加载模块favicon.ico
[ 2013-05-14T19:17:07+08:00 ] ERR: (ThinkException) 无法加载模块favicon.ico
[ 2013-05-14T19:17:08+08:00 ] ERR: (ThinkException) 无法加载模块favicon.ico
[ 2013-05-14T19:17:09+08:00 ] ERR: (ThinkException) 无法加载模块favicon.ico
[ 2013-05-14T19:17:10+08:00 ] ERR: (ThinkException) 无法加载模块favicon.ico
[ 2013-05-14T19:17:10+08:00 ] ERR: (ThinkException) 无法加载模块favicon.ico
[ 2013-05-14T19:17:10+08:00 ] ERR: (ThinkException) 无法加载模块favicon.ico
[ 2013-05-14T19:17:10+08:00 ] ERR: (ThinkException) 无法加载模块favicon.ico
[ 2013-05-14T19:17:11+08:00 ] ERR: (ThinkException) 无法加载模块favicon.ico
[ 2013-05-14T19:17:11+08:00 ] ERR: (ThinkException) 无法加载模块favicon.ico
[ 2013-05-14T19:17:11+08:00 ] ERR: (ThinkException) 无法加载模块favicon.ico
[ 2013-05-14T19:17:11+08:00 ] ERR: (ThinkException) 无法加载模块favicon.ico
[ 2013-05-14T19:17:11+08:00 ] ERR: (ThinkException) 无法加载模块favicon.ico
[ 2013-05-14T19:17:11+08:00 ] ERR: (ThinkException) 无法加载模块favicon.ico
[ 2013-05-14T19:17:12+08:00 ] ERR: (ThinkException) 无法加载模块favicon.ico
[ 2013-05-14T19:17:12+08:00 ] ERR: (ThinkException) 无法加载模块favicon.ico
[ 2013-05-14T19:17:12+08:00 ] ERR: (ThinkException) 无法加载模块favicon.ico
[ 2013-05-14T19:17:12+08:00 ] ERR: (ThinkException) 无法加载模块favicon.ico
[ 2013-05-14T19:17:13+08:00 ] ERR: (ThinkException) 无法加载模块favicon.ico
[ 2013-05-14T19:17:13+08:00 ] ERR: (ThinkException) 无法加载模块favicon.ico
[ 2013-05-14T19:17:13+08:00 ] ERR: (ThinkException) 无法加载模块favicon.ico
[ 2013-05-14T19:17:13+08:00 ] ERR: (ThinkException) 无法加载模块favicon.ico
[ 2013-05-14T19:17:13+08:00 ] ERR: (ThinkException) 无法加载模块favicon.ico
[ 2013-05-14T19:17:13+08:00 ] ERR: (ThinkException) 无法加载模块favicon.ico
[ 2013-05-14T19:17:13+08:00 ] ERR: (ThinkException) 无法加载模块favicon.ico
[ 2013-05-14T19:17:14+08:00 ] ERR: (ThinkException) 无法加载模块favicon.ico
[ 2013-05-14T19:17:14+08:00 ] ERR: (ThinkException) 无法加载模块favicon.ico
[ 2013-05-14T19:17:14+08:00 ] ERR: (ThinkException) 无法加载模块favicon.ico
[ 2013-05-14T19:17:15+08:00 ] ERR: (ThinkException) 无法加载模块favicon.ico
[ 2013-05-14T19:17:15+08:00 ] ERR: (ThinkException) 无法加载模块favicon.ico
[ 2013-05-14T19:17:15+08:00 ] ERR: (ThinkException) 无法加载模块favicon.ico
[ 2013-05-14T19:17:15+08:00 ] ERR: (ThinkException) 无法加载模块favicon.ico
[ 2013-05-14T19:17:15+08:00 ] ERR: (ThinkException) 无法加载模块favicon.ico
[ 2013-05-14T19:17:15+08:00 ] ERR: (ThinkException) 无法加载模块favicon.ico
[ 2013-05-14T19:17:16+08:00 ] ERR: (ThinkException) 无法加载模块favicon.ico
[ 2013-05-14T19:17:16+08:00 ] ERR: (ThinkException) 无法加载模块favicon.ico
[ 2013-05-14T19:17:16+08:00 ] ERR: (ThinkException) 无法加载模块favicon.ico
[ 2013-05-14T19:17:16+08:00 ] ERR: (ThinkException) 无法加载模块favicon.ico
[ 2013-05-14T19:17:16+08:00 ] ERR: (ThinkException) 无法加载模块favicon.ico
[ 2013-05-14T19:17:16+08:00 ] ERR: (ThinkException) 无法加载模块favicon.ico
[ 2013-05-14T19:17:17+08:00 ] ERR: (ThinkException) 无法加载模块favicon.ico
[ 2013-05-14T19:19:17+08:00 ] ERR: (ThinkException) 无法加载模块favicon.ico
[ 2013-05-14T19:19:23+08:00 ] ERR: (ThinkException) 无法加载模块favicon.ico
[ 2013-05-14T19:21:02+08:00 ] ERR: (ThinkException) 无法加载模块favicon.ico
[ 2013-05-14T19:21:03+08:00 ] ERR: (ThinkException) 无法加载模块favicon.ico
[ 2013-05-14T19:21:11+08:00 ] ERR: (ThinkException) 无法加载模块favicon.ico
[ 2013-05-14T19:21:12+08:00 ] ERR: (ThinkException) 无法加载模块favicon.ico
[ 2013-05-14T19:21:33+08:00 ] ERR: (ThinkException) 无法加载模块favicon.ico
[ 2013-05-14T19:21:34+08:00 ] ERR: (ThinkException) 无法加载模块favicon.ico
[ 2013-05-14T19:22:06+08:00 ] ERR: (ThinkException) 无法加载模块favicon.ico
[ 2013-05-14T19:22:07+08:00 ] ERR: (ThinkException) 无法加载模块favicon.ico
[ 2013-05-14T19:23:06+08:00 ] ERR: (ThinkException) 无法加载模块favicon.ico
[ 2013-05-14T19:23:08+08:00 ] ERR: (ThinkException) 无法加载模块favicon.ico
[ 2013-05-14T19:25:46+08:00 ] ERR: (ThinkException) 无法加载模块favicon.ico
[ 2013-05-14T19:28:16+08:00 ] ERR: (ThinkException) 无法加载模块favicon.ico
[ 2013-05-14T19:28:29+08:00 ] ERR: (ThinkException) 无法加载模块favicon.ico
[ 2013-05-14T19:28:30+08:00 ] ERR: (ThinkException) 无法加载模块favicon.ico
[ 2013-05-14T19:29:13+08:00 ] ERR: (ThinkException) 无法加载模块favicon.ico
[ 2013-05-14T19:29:14+08:00 ] ERR: (ThinkException) 无法加载模块favicon.ico
[ 2013-05-14T19:29:51+08:00 ] ERR: (ThinkException) 无法加载模块favicon.ico
[ 2013-05-14T19:29:59+08:00 ] ERR: (ThinkException) 无法加载模块favicon.ico
[ 2013-05-14T19:30:15+08:00 ] ERR: (ThinkException) 无法加载模块favicon.ico
[ 2013-05-14T19:30:16+08:00 ] ERR: (ThinkException) 无法加载模块favicon.ico
[ 2013-05-14T19:35:01+08:00 ] ERR: (ThinkException) 无法加载模块favicon.ico
[ 2013-05-14T19:35:15+08:00 ] ERR: (ThinkException) 无法加载模块favicon.ico
[ 2013-05-14T19:36:46+08:00 ] ERR: (ThinkException) 无法加载模块favicon.ico
[ 2013-05-14T19:36:52+08:00 ] ERR: (ThinkException) 无法加载模块favicon.ico
[ 2013-05-14T19:39:17+08:00 ] ERR: (ThinkException) 无法加载模块favicon.ico
[ 2013-05-14T19:39:28+08:00 ] ERR: (ThinkException) 无法加载模块favicon.ico
[ 2013-05-14T19:39:31+08:00 ] ERR: (ThinkException) 无法加载模块favicon.ico
[ 2013-05-14T19:39:57+08:00 ] ERR: (ThinkException) 无法加载模块favicon.ico
[ 2013-05-14T19:40:10+08:00 ] ERR: (ThinkException) 无法加载模块favicon.ico
[ 2013-05-14T19:40:10+08:00 ] ERR: (ThinkException) 无法加载模块favicon.ico
[ 2013-05-14T20:08:51+08:00 ] ERR: (ThinkException) 无法加载模块favicon.ico
[ 2013-05-14T20:09:24+08:00 ] ERR: (ThinkException) 无法加载模块favicon.ico
[ 2013-05-14T20:09:28+08:00 ] ERR: (ThinkException) 无法加载模块favicon.ico
[ 2013-05-14T20:10:01+08:00 ] ERR: (ThinkException) 无法加载模块favicon.ico
[ 2013-05-14T20:10:19+08:00 ] ERR: (ThinkException) 无法加载模块favicon.ico
[ 2013-05-14T20:10:59+08:00 ] ERR: (ThinkException) 无法加载模块favicon.ico
[ 2013-05-14T20:22:02+08:00 ] ERR: (ThinkException) 无法加载模块favicon.ico
[ 2013-05-14T20:26:32+08:00 ] ERR: (ThinkException) 无法加载模块favicon.ico
[ 2013-05-14T20:26:33+08:00 ] ERR: (ThinkException) 无法加载模块favicon.ico
[ 2013-05-14T20:26:36+08:00 ] ERR: (ThinkException) 无法加载模块favicon.ico
[ 2013-05-14T20:26:57+08:00 ] ERR: (ThinkException) 无法加载模块favicon.ico
