[ 2013-05-09T09:59:28+08:00 ] ERR: (ThinkException) 非法操作forgotpassword
[ 2013-05-09T14:57:38+08:00 ] ERR: (ThinkException) 无法加载模块favicon.ico
[ 2013-05-09T14:58:01+08:00 ] ERR: (ThinkException) 无法加载模块favicon.ico
[ 2013-05-09T14:59:10+08:00 ] ERR: (ThinkException) 无法加载模块foot
[ 2013-05-09T14:59:10+08:00 ] ERR: (ThinkException) 无法加载模块favicon.ico
[ 2013-05-09T14:59:20+08:00 ] ERR: (ThinkException) 无法加载模块foot
[ 2013-05-09T14:59:20+08:00 ] ERR: (ThinkException) 无法加载模块favicon.ico
[ 2013-05-09T14:59:21+08:00 ] ERR: (ThinkException) 无法加载模块foot
[ 2013-05-09T14:59:21+08:00 ] ERR: (ThinkException) 无法加载模块favicon.ico
[ 2013-05-09T14:59:21+08:00 ] ERR: (ThinkException) 无法加载模块foot
[ 2013-05-09T14:59:21+08:00 ] ERR: (ThinkException) 无法加载模块favicon.ico
[ 2013-05-09T14:59:38+08:00 ] ERR: (ThinkException) 无法加载模块index.html
[ 2013-05-09T14:59:38+08:00 ] ERR: (ThinkException) 无法加载模块favicon.ico
[ 2013-05-09T14:59:40+08:00 ] ERR: (ThinkException) 无法加载模块index.html
[ 2013-05-09T14:59:40+08:00 ] ERR: (ThinkException) 无法加载模块favicon.ico
[ 2013-05-09T14:59:42+08:00 ] ERR: (ThinkException) 无法加载模块foot.html
[ 2013-05-09T14:59:42+08:00 ] ERR: (ThinkException) 无法加载模块favicon.ico
[ 2013-05-09T14:59:45+08:00 ] ERR: (ThinkException) 无法加载模块foot.html
[ 2013-05-09T14:59:45+08:00 ] ERR: (ThinkException) 无法加载模块favicon.ico
[ 2013-05-09T15:00:03+08:00 ] ERR: (ThinkException) 无法加载模块favicon.ico
[ 2013-05-09T15:00:04+08:00 ] ERR: (ThinkException) 无法加载模块favicon.ico
[ 2013-05-09T15:03:23+08:00 ] ERR: (ThinkException) 无法加载模块favicon.ico
[ 2013-05-09T15:03:24+08:00 ] ERR: (ThinkException) 无法加载模块favicon.ico
[ 2013-05-09T15:05:22+08:00 ] ERR: (ThinkException) 无法加载模块favicon.ico
[ 2013-05-09T15:07:36+08:00 ] ERR: (ThinkException) 无法加载模块favicon.ico
[ 2013-05-09T15:09:47+08:00 ] ERR: (ThinkException) 非法操作sendEamil
[ 2013-05-09T15:09:47+08:00 ] ERR: (ThinkException) 无法加载模块favicon.ico
[ 2013-05-09T15:09:54+08:00 ] ERR: (ThinkException) 无法加载模块foot
[ 2013-05-09T15:09:54+08:00 ] ERR: (ThinkException) 无法加载模块favicon.ico
[ 2013-05-09T15:10:01+08:00 ] ERR: (ThinkException) 无法加载模块index.html
[ 2013-05-09T15:10:01+08:00 ] ERR: (ThinkException) 无法加载模块favicon.ico
[ 2013-05-09T15:10:04+08:00 ] ERR: (ThinkException) 无法加载模块foot.html
[ 2013-05-09T15:10:04+08:00 ] ERR: (ThinkException) 无法加载模块favicon.ico
[ 2013-05-09T15:10:10+08:00 ] ERR: (ThinkException) 无法加载模块foot.html
[ 2013-05-09T15:10:11+08:00 ] ERR: (ThinkException) 无法加载模块foot.html
[ 2013-05-09T15:10:12+08:00 ] ERR: (ThinkException) 无法加载模块foot.html
[ 2013-05-09T15:10:12+08:00 ] ERR: (ThinkException) 无法加载模块foot.html
[ 2013-05-09T15:10:13+08:00 ] ERR: (ThinkException) 无法加载模块foot.html
[ 2013-05-09T15:10:13+08:00 ] ERR: (ThinkException) 无法加载模块foot.html
[ 2013-05-09T15:10:14+08:00 ] ERR: (ThinkException) 无法加载模块foot.html
[ 2013-05-09T15:10:15+08:00 ] ERR: (ThinkException) 无法加载模块foot.html
[ 2013-05-09T15:10:15+08:00 ] ERR: (ThinkException) 无法加载模块foot.html
[ 2013-05-09T15:10:16+08:00 ] ERR: (ThinkException) 无法加载模块foot.html
[ 2013-05-09T15:10:17+08:00 ] ERR: (ThinkException) 无法加载模块foot.html
[ 2013-05-09T15:10:18+08:00 ] ERR: (ThinkException) 无法加载模块foot.html
[ 2013-05-09T15:10:19+08:00 ] ERR: (ThinkException) 无法加载模块foot.html
[ 2013-05-09T15:10:20+08:00 ] ERR: (ThinkException) 无法加载模块foot.html
[ 2013-05-09T15:10:21+08:00 ] ERR: (ThinkException) 无法加载模块foot.html
[ 2013-05-09T15:10:21+08:00 ] ERR: (ThinkException) 无法加载模块foot.html
[ 2013-05-09T15:10:22+08:00 ] ERR: (ThinkException) 无法加载模块foot.html
[ 2013-05-09T15:10:23+08:00 ] ERR: (ThinkException) 无法加载模块foot.html
[ 2013-05-09T15:10:24+08:00 ] ERR: (ThinkException) 无法加载模块foot.html
[ 2013-05-09T15:10:24+08:00 ] ERR: (ThinkException) 无法加载模块foot.html
[ 2013-05-09T15:11:37+08:00 ] ERR: (ThinkException) 无法加载模块foot.html
[ 2013-05-09T15:16:13+08:00 ] ERR: (ThinkException) 无法加载模块foot.html
[ 2013-05-09T15:16:13+08:00 ] ERR: (ThinkException) 无法加载模块foot.html
[ 2013-05-09T15:16:15+08:00 ] ERR: (ThinkException) 无法加载模块foot.html
[ 2013-05-09T15:17:07+08:00 ] ERR: (ThinkException) 无法加载模块foot.html
[ 2013-05-09T15:17:33+08:00 ] ERR: (ThinkException) 无法加载模块favicon.ico
[ 2013-05-09T15:17:34+08:00 ] ERR: (ThinkException) 无法加载模块favicon.ico
[ 2013-05-09T15:17:42+08:00 ] ERR: (ThinkException) 无法加载模块favicon.ico
[ 2013-05-09T15:18:22+08:00 ] ERR: (ThinkException) 非法操作changepass?key=9877653e8b57a77d0d780f91208bfd3d
[ 2013-05-09T15:18:22+08:00 ] ERR: (ThinkException) 无法加载模块favicon.ico
[ 2013-05-09T15:19:52+08:00 ] ERR: (ThinkException) 无法加载模块foot.html
[ 2013-05-09T15:19:52+08:00 ] ERR: (ThinkException) 无法加载模块foot.html
[ 2013-05-09T15:19:53+08:00 ] ERR: (ThinkException) 无法加载模块foot.html
[ 2013-05-09T15:22:40+08:00 ] ERR: (ThinkException) 无法加载模块foot.html
[ 2013-05-09T15:26:21+08:00 ] ERR: (ThinkException) 无法加载模块foot.html
[ 2013-05-09T15:26:22+08:00 ] ERR: (ThinkException) 无法加载模块foot.html
[ 2013-05-09T15:26:23+08:00 ] ERR: (ThinkException) 无法加载模块foot.html
[ 2013-05-09T15:26:29+08:00 ] ERR: (ThinkException) 无法加载模块foot.html
[ 2013-05-09T15:26:29+08:00 ] ERR: (ThinkException) 无法加载模块foot.html
[ 2013-05-09T15:27:20+08:00 ] ERR: (ThinkException) 无法加载模块foot.html
[ 2013-05-09T15:27:21+08:00 ] ERR: (ThinkException) 无法加载模块foot.html
[ 2013-05-09T15:28:23+08:00 ] ERR: (ThinkException) 无法加载模块foot.html
[ 2013-05-09T15:29:49+08:00 ] ERR: (ThinkException) 无法加载模块foot.html
[ 2013-05-09T15:30:26+08:00 ] ERR: (ThinkException) 无法加载模块foot.html
[ 2013-05-09T15:30:27+08:00 ] ERR: (ThinkException) 无法加载模块foot.html
[ 2013-05-09T15:32:40+08:00 ] ERR: (ThinkException) 无法加载模块foot.html
[ 2013-05-09T15:32:45+08:00 ] ERR: (ThinkException) 无法加载模块foot.html
[ 2013-05-09T15:33:32+08:00 ] ERR: (ThinkException) 无法加载模块favicon.ico
[ 2013-05-09T15:33:54+08:00 ] ERR: (ThinkException) 无法加载模块foot.html
[ 2013-05-09T15:33:54+08:00 ] ERR: (ThinkException) 无法加载模块favicon.ico
[ 2013-05-09T15:33:55+08:00 ] ERR: (ThinkException) 无法加载模块foot.html
[ 2013-05-09T15:33:55+08:00 ] ERR: (ThinkException) 无法加载模块favicon.ico
[ 2013-05-09T15:33:56+08:00 ] ERR: (ThinkException) 无法加载模块favicon.ico
[ 2013-05-09T15:33:58+08:00 ] ERR: (ThinkException) 无法加载模块favicon.ico
[ 2013-05-09T15:34:04+08:00 ] ERR: (ThinkException) 无法加载模块favicon.ico
[ 2013-05-09T15:34:46+08:00 ] ERR: (ThinkException) 无法加载模块foot.html
[ 2013-05-09T15:34:46+08:00 ] ERR: (ThinkException) 无法加载模块favicon.ico
[ 2013-05-09T15:34:48+08:00 ] ERR: (ThinkException) 无法加载模块favicon.ico
[ 2013-05-09T15:34:49+08:00 ] ERR: (ThinkException) 无法加载模块favicon.ico
[ 2013-05-09T15:34:58+08:00 ] ERR: (ThinkException) 无法加载模块favicon.ico
[ 2013-05-09T15:35:06+08:00 ] ERR: (ThinkException) 无法加载模块foot.html
[ 2013-05-09T15:35:06+08:00 ] ERR: (ThinkException) 无法加载模块favicon.ico
[ 2013-05-09T15:36:14+08:00 ] ERR: (ThinkException) 无法加载模块foot.html
[ 2013-05-09T15:36:14+08:00 ] ERR: (ThinkException) 无法加载模块favicon.ico
[ 2013-05-09T15:36:15+08:00 ] ERR: (ThinkException) 无法加载模块favicon.ico
[ 2013-05-09T15:36:20+08:00 ] ERR: (ThinkException) 无法加载模块favicon.ico
[ 2013-05-09T15:36:30+08:00 ] ERR: (ThinkException) 无法加载模块favicon.ico
[ 2013-05-09T15:36:37+08:00 ] ERR: (ThinkException) 无法加载模块foot.html
[ 2013-05-09T15:36:38+08:00 ] ERR: (ThinkException) 无法加载模块favicon.ico
[ 2013-05-09T15:37:11+08:00 ] ERR: (ThinkException) 无法加载模块foot.html
[ 2013-05-09T15:37:11+08:00 ] ERR: (ThinkException) 无法加载模块favicon.ico
[ 2013-05-09T15:37:11+08:00 ] ERR: (ThinkException) 无法加载模块favicon.ico
[ 2013-05-09T15:37:12+08:00 ] ERR: (ThinkException) 无法加载模块favicon.ico
[ 2013-05-09T15:37:18+08:00 ] ERR: (ThinkException) 无法加载模块favicon.ico
[ 2013-05-09T15:37:22+08:00 ] ERR: (ThinkException) 无法加载模块foot.html
[ 2013-05-09T15:37:22+08:00 ] ERR: (ThinkException) 无法加载模块favicon.ico
[ 2013-05-09T15:39:35+08:00 ] ERR: (ThinkException) 无法加载模块foot
[ 2013-05-09T15:39:44+08:00 ] ERR: (ThinkException) 无法加载模块foot
[ 2013-05-09T15:39:57+08:00 ] ERR: (ThinkException) 无法加载模块foot
[ 2013-05-09T15:39:59+08:00 ] ERR: (ThinkException) 非法操作foot
[ 2013-05-09T15:40:24+08:00 ] ERR: (ThinkException) 非法操作index
[ 2013-05-09T15:40:32+08:00 ] ERR: (ThinkException) 无法加载模块foot
[ 2013-05-09T15:40:59+08:00 ] ERR: (ThinkException) 无法加载模块foot
[ 2013-05-09T15:41:18+08:00 ] ERR: (ThinkException) 非法操作foot
[ 2013-05-09T15:48:30+08:00 ] ERR: (ThinkException) 无法加载模块foot
[ 2013-05-09T15:54:00+08:00 ] ERR: (ThinkException) 无法加载模块foot
[ 2013-05-09T15:54:00+08:00 ] ERR: (ThinkException) 无法加载模块favicon.ico
[ 2013-05-09T15:54:30+08:00 ] ERR: (ThinkException) 无法加载模块foot
[ 2013-05-09T15:54:30+08:00 ] ERR: (ThinkException) 无法加载模块favicon.ico
[ 2013-05-09T15:55:13+08:00 ] ERR: (ThinkException) 无法加载模块foot
[ 2013-05-09T15:55:13+08:00 ] ERR: (ThinkException) 无法加载模块favicon.ico
[ 2013-05-09T15:57:31+08:00 ] ERR: (ThinkException) 无法加载模块foot
[ 2013-05-09T15:57:59+08:00 ] ERR: (ThinkException) 无法加载模块foot
[ 2013-05-09T15:58:08+08:00 ] ERR: (ThinkException) 无法加载模块foot
[ 2013-05-09T15:58:13+08:00 ] ERR: (ThinkException) 无法加载模块foot
[ 2013-05-09T15:59:22+08:00 ] ERR: (ThinkException) 无法加载模块foot
[ 2013-05-09T15:59:28+08:00 ] ERR: (ThinkException) 无法加载模块foot
[ 2013-05-09T15:59:38+08:00 ] ERR: (ThinkException) 非法操作foot
[ 2013-05-09T15:59:39+08:00 ] ERR: (ThinkException) 无法加载模块foot
[ 2013-05-09T16:06:07+08:00 ] ERR: (ThinkException) 无法加载模块foot
[ 2013-05-09T16:06:07+08:00 ] ERR: (ThinkException) 无法加载模块favicon.ico
[ 2013-05-09T16:06:14+08:00 ] ERR: (ThinkException) 非法操作foot
[ 2013-05-09T16:39:28+08:00 ] ERR: (ThinkException) 非法操作foot
[ 2013-05-09T16:39:38+08:00 ] ERR: (ThinkException) 非法操作foot
[ 2013-05-09T16:39:38+08:00 ] ERR: (ThinkException) 非法操作foot
[ 2013-05-09T16:39:38+08:00 ] ERR: (ThinkException) 非法操作foot
[ 2013-05-09T16:39:58+08:00 ] ERR: (ThinkException) 非法操作foot
[ 2013-05-09T16:40:16+08:00 ] ERR: (ThinkException) 非法操作foot
[ 2013-05-09T16:40:17+08:00 ] ERR: (ThinkException) 非法操作foot
[ 2013-05-09T16:40:43+08:00 ] ERR: (ThinkException) 非法操作foot
[ 2013-05-09T16:44:09+08:00 ] ERR: (ThinkException) 非法操作foot
[ 2013-05-09T16:44:58+08:00 ] ERR: (ThinkException) 非法操作foot
[ 2013-05-09T16:45:04+08:00 ] ERR: (ThinkException) 非法操作foot
[ 2013-05-09T16:45:05+08:00 ] ERR: (ThinkException) 非法操作foot
[ 2013-05-09T16:45:06+08:00 ] ERR: (ThinkException) 非法操作foot
[ 2013-05-09T16:45:07+08:00 ] ERR: (ThinkException) 非法操作foot
[ 2013-05-09T17:05:12+08:00 ] ERR: (ThinkException) 非法操作foot
[ 2013-05-09T17:07:59+08:00 ] ERR: (ThinkException) 非法操作foot
[ 2013-05-09T17:09:06+08:00 ] ERR: (ThinkException) 非法操作foot
[ 2013-05-09T17:09:47+08:00 ] ERR: (ThinkException) 非法操作foot
[ 2013-05-09T17:09:48+08:00 ] ERR: (ThinkException) 非法操作foot
[ 2013-05-09T17:09:49+08:00 ] ERR: (ThinkException) 非法操作foot
[ 2013-05-09T17:10:08+08:00 ] ERR: (ThinkException) 非法操作__PUBLIC__
[ 2013-05-09T17:10:08+08:00 ] ERR: (ThinkException) 非法操作__PUBLIC__
[ 2013-05-09T17:10:08+08:00 ] ERR: (ThinkException) 非法操作__PUBLIC__
[ 2013-05-09T17:10:08+08:00 ] ERR: (ThinkException) 非法操作__PUBLIC__
[ 2013-05-09T17:10:08+08:00 ] ERR: (ThinkException) 非法操作__PUBLIC__
[ 2013-05-09T17:10:08+08:00 ] ERR: (ThinkException) 非法操作__PUBLIC__
[ 2013-05-09T17:10:08+08:00 ] ERR: (ThinkException) 非法操作__PUBLIC__
[ 2013-05-09T17:10:08+08:00 ] ERR: (ThinkException) 非法操作__PUBLIC__
[ 2013-05-09T17:10:08+08:00 ] ERR: (ThinkException) 非法操作__PUBLIC__
[ 2013-05-09T17:10:08+08:00 ] ERR: (ThinkException) 非法操作__PUBLIC__
[ 2013-05-09T17:10:08+08:00 ] ERR: (ThinkException) 非法操作__PUBLIC__
[ 2013-05-09T17:10:08+08:00 ] ERR: (ThinkException) 非法操作__PUBLIC__
[ 2013-05-09T17:10:08+08:00 ] ERR: (ThinkException) 非法操作__PUBLIC__
[ 2013-05-09T17:10:08+08:00 ] ERR: (ThinkException) 非法操作__PUBLIC__
[ 2013-05-09T17:10:08+08:00 ] ERR: (ThinkException) 非法操作__PUBLIC__
[ 2013-05-09T17:10:08+08:00 ] ERR: (ThinkException) 非法操作__PUBLIC__
[ 2013-05-09T17:10:08+08:00 ] ERR: (ThinkException) 非法操作__PUBLIC__
[ 2013-05-09T17:10:13+08:00 ] ERR: (ThinkException) 非法操作foot
[ 2013-05-09T17:10:38+08:00 ] ERR: (ThinkException) 非法操作foot
[ 2013-05-09T17:11:14+08:00 ] ERR: (ThinkException) 非法操作foot
[ 2013-05-09T17:11:21+08:00 ] ERR: (ThinkException) 非法操作foot
[ 2013-05-09T17:11:41+08:00 ] ERR: (ThinkException) 非法操作foot
[ 2013-05-09T17:11:47+08:00 ] ERR: (ThinkException) 非法操作foot
[ 2013-05-09T17:11:57+08:00 ] ERR: (ThinkException) 非法操作foot
[ 2013-05-09T17:12:14+08:00 ] ERR: (ThinkException) 非法操作foot
[ 2013-05-09T17:12:22+08:00 ] ERR: (ThinkException) 非法操作foot
[ 2013-05-09T17:24:05+08:00 ] ERR: (ThinkException) 非法操作foot
[ 2013-05-09T17:24:58+08:00 ] ERR: (ThinkException) 非法操作foot
[ 2013-05-09T17:25:04+08:00 ] ERR: (ThinkException) 非法操作foot
[ 2013-05-09T17:25:04+08:00 ] ERR: (ThinkException) 非法操作foot
[ 2013-05-09T17:25:07+08:00 ] ERR: (ThinkException) 非法操作foot
[ 2013-05-09T17:25:08+08:00 ] ERR: (ThinkException) 非法操作foot
[ 2013-05-09T17:25:15+08:00 ] ERR: (ThinkException) 非法操作foot
[ 2013-05-09T17:25:15+08:00 ] ERR: (ThinkException) 非法操作foot
[ 2013-05-09T17:25:16+08:00 ] ERR: (ThinkException) 非法操作foot
[ 2013-05-09T17:25:16+08:00 ] ERR: (ThinkException) 非法操作foot
[ 2013-05-09T17:25:25+08:00 ] ERR: (ThinkException) 非法操作foot
[ 2013-05-09T17:25:37+08:00 ] ERR: (ThinkException) 非法操作foot
[ 2013-05-09T17:25:37+08:00 ] ERR: (ThinkException) 非法操作foot
[ 2013-05-09T17:25:37+08:00 ] ERR: (ThinkException) 非法操作foot
[ 2013-05-09T17:25:46+08:00 ] ERR: (ThinkException) 非法操作foot
[ 2013-05-09T17:26:13+08:00 ] ERR: (ThinkException) 非法操作foot
[ 2013-05-09T17:26:27+08:00 ] ERR: (ThinkException) 非法操作foot
[ 2013-05-09T17:26:31+08:00 ] ERR: (ThinkException) 非法操作foot
[ 2013-05-09T17:34:19+08:00 ] ERR: (ThinkException) 非法操作foot
[ 2013-05-09T17:42:58+08:00 ] ERR: (ThinkException) 非法操作foot
[ 2013-05-09T17:43:10+08:00 ] ERR: (ThinkException) 非法操作foot
[ 2013-05-09T17:43:11+08:00 ] ERR: (ThinkException) 非法操作foot
[ 2013-05-09T17:43:48+08:00 ] ERR: (ThinkException) 无法加载模块foot
[ 2013-05-09T17:43:48+08:00 ] ERR: (ThinkException) 无法加载模块favicon.ico
[ 2013-05-09T17:46:22+08:00 ] ERR: (ThinkException) 无法加载模块foot
[ 2013-05-09T17:46:23+08:00 ] ERR: (ThinkException) 非法操作foot
[ 2013-05-09T17:46:48+08:00 ] ERR: (ThinkException) 非法操作foot
[ 2013-05-09T17:47:22+08:00 ] ERR: (ThinkException) 非法操作foot
[ 2013-05-09T17:47:23+08:00 ] ERR: (ThinkException) 非法操作foot
[ 2013-05-09T17:47:24+08:00 ] ERR: (ThinkException) 非法操作foot
[ 2013-05-09T17:48:31+08:00 ] ERR: (ThinkException) 无法加载模块foot
[ 2013-05-09T17:48:32+08:00 ] ERR: (ThinkException) 无法加载模块favicon.ico
[ 2013-05-09T17:48:32+08:00 ] ERR: (ThinkException) 无法加载模块foot
[ 2013-05-09T17:48:32+08:00 ] ERR: (ThinkException) 无法加载模块favicon.ico
[ 2013-05-09T17:48:36+08:00 ] ERR: (ThinkException) 非法操作foot
[ 2013-05-09T17:50:42+08:00 ] ERR: (ThinkException) 非法操作foot
[ 2013-05-09T17:54:45+08:00 ] ERR: (ThinkException) 非法操作foot
[ 2013-05-09T17:55:20+08:00 ] ERR: (ThinkException) 非法操作foot
[ 2013-05-09T17:55:20+08:00 ] ERR: (ThinkException) 非法操作foot
[ 2013-05-09T17:55:49+08:00 ] ERR: (ThinkException) 非法操作foot
[ 2013-05-09T17:56:36+08:00 ] ERR: (ThinkException) 非法操作foot
[ 2013-05-09T17:56:44+08:00 ] ERR: (ThinkException) 非法操作foot
[ 2013-05-09T17:57:11+08:00 ] ERR: (ThinkException) 非法操作foot
[ 2013-05-09T17:58:19+08:00 ] ERR: (ThinkException) 非法操作foot
[ 2013-05-09T17:58:38+08:00 ] ERR: (ThinkException) 非法操作foot
[ 2013-05-09T17:58:38+08:00 ] ERR: (ThinkException) 非法操作foot
[ 2013-05-09T17:59:04+08:00 ] ERR: (ThinkException) 非法操作foot
[ 2013-05-09T17:59:52+08:00 ] ERR: (ThinkException) 非法操作foot
[ 2013-05-09T18:00:01+08:00 ] ERR: (ThinkException) 非法操作foot
[ 2013-05-09T18:00:17+08:00 ] ERR: (ThinkException) 非法操作foot
[ 2013-05-09T18:00:35+08:00 ] ERR: (ThinkException) 非法操作foot
[ 2013-05-09T18:00:59+08:00 ] ERR: (ThinkException) 非法操作foot
[ 2013-05-09T18:04:37+08:00 ] ERR: (ThinkException) 非法操作foot
[ 2013-05-09T18:05:07+08:00 ] ERR: (ThinkException) 非法操作foot
[ 2013-05-09T18:05:20+08:00 ] ERR: (ThinkException) 非法操作foot
[ 2013-05-09T18:05:21+08:00 ] ERR: (ThinkException) 非法操作foot
[ 2013-05-09T18:05:56+08:00 ] ERR: (ThinkException) 非法操作foot
[ 2013-05-09T18:06:35+08:00 ] ERR: (ThinkException) 非法操作foot
[ 2013-05-09T18:06:42+08:00 ] ERR: (ThinkException) 非法操作foot
[ 2013-05-09T18:06:51+08:00 ] ERR: (ThinkException) 非法操作foot
[ 2013-05-09T18:07:01+08:00 ] ERR: (ThinkException) 非法操作foot
[ 2013-05-09T18:07:54+08:00 ] ERR: (ThinkException) 非法操作foot
[ 2013-05-09T18:07:56+08:00 ] ERR: (ThinkException) 非法操作foot
[ 2013-05-09T18:08:25+08:00 ] ERR: (ThinkException) 非法操作foot
[ 2013-05-09T18:08:27+08:00 ] ERR: (ThinkException) 非法操作foot
