[ 2013-05-23T09:10:29+08:00 ] ERR: (ThinkException) 无法加载模块favicon.ico
[ 2013-05-23T09:10:33+08:00 ] ERR: (ThinkException) 无法加载模块favicon.ico
[ 2013-05-23T09:12:37+08:00 ] ERR: (ThinkException) 无法加载模块favicon.ico
[ 2013-05-23T09:12:52+08:00 ] ERR: (ThinkException) 无法加载模块favicon.ico
[ 2013-05-23T09:13:01+08:00 ] ERR: (ThinkException) 无法加载模块favicon.ico
[ 2013-05-23T09:13:02+08:00 ] ERR: (ThinkException) 无法加载模块favicon.ico
[ 2013-05-23T09:28:52+08:00 ] ERR: (ThinkException) 无法加载模块favicon.ico
[ 2013-05-23T09:28:59+08:00 ] ERR: (ThinkException) 无法加载模块favicon.ico
[ 2013-05-23T09:29:00+08:00 ] ERR: (ThinkException) 无法加载模块favicon.ico
[ 2013-05-23T09:29:01+08:00 ] ERR: (ThinkException) 无法加载模块favicon.ico
[ 2013-05-23T09:29:02+08:00 ] ERR: (ThinkException) 无法加载模块favicon.ico
[ 2013-05-23T09:30:41+08:00 ] ERR: (ThinkException) 无法加载模块favicon.ico
[ 2013-05-23T09:31:30+08:00 ] ERR: (ThinkException) 无法加载模块favicon.ico
[ 2013-05-23T09:33:23+08:00 ] ERR: (ThinkException) 无法加载模块favicon.ico
[ 2013-05-23T09:33:55+08:00 ] ERR: (ThinkException) 无法加载模块favicon.ico
[ 2013-05-23T09:35:03+08:00 ] ERR: (ThinkException) 无法加载模块favicon.ico
[ 2013-05-23T09:35:11+08:00 ] ERR: (ThinkException) 无法加载模块favicon.ico
[ 2013-05-23T09:35:19+08:00 ] ERR: (ThinkException) 无法加载模块favicon.ico
[ 2013-05-23T09:36:02+08:00 ] ERR: (ThinkException) 无法加载模块favicon.ico
[ 2013-05-23T09:36:06+08:00 ] ERR: (ThinkException) 无法加载模块favicon.ico
[ 2013-05-23T09:36:08+08:00 ] ERR: (ThinkException) 无法加载模块favicon.ico
[ 2013-05-23T09:36:10+08:00 ] ERR: (ThinkException) 无法加载模块favicon.ico
[ 2013-05-23T09:36:13+08:00 ] ERR: (ThinkException) 无法加载模块favicon.ico
[ 2013-05-23T09:36:21+08:00 ] ERR: (ThinkException) 无法加载模块favicon.ico
[ 2013-05-23T09:36:32+08:00 ] ERR: (ThinkException) 无法加载模块favicon.ico
[ 2013-05-23T09:38:32+08:00 ] ERR: (ThinkException) 无法加载模块favicon.ico
[ 2013-05-23T09:41:08+08:00 ] ERR: (ThinkException) 无法加载模块favicon.ico
[ 2013-05-23T09:41:27+08:00 ] ERR: (ThinkException) 无法加载模块favicon.ico
[ 2013-05-23T09:43:12+08:00 ] ERR: (ThinkException) 无法加载模块favicon.ico
[ 2013-05-23T09:45:21+08:00 ] ERR: (ThinkException) 无法加载模块favicon.ico
[ 2013-05-23T09:45:28+08:00 ] ERR: (ThinkException) 无法加载模块favicon.ico
[ 2013-05-23T09:45:29+08:00 ] ERR: (ThinkException) 无法加载模块favicon.ico
[ 2013-05-23T09:45:31+08:00 ] ERR: (ThinkException) Action:{您所请求的方法不存在！
[ 2013-05-23T09:45:32+08:00 ] ERR: (ThinkException) Action:{您所请求的方法不存在！
[ 2013-05-23T09:45:33+08:00 ] ERR: (ThinkException) 无法加载模块favicon.ico
[ 2013-05-23T09:45:34+08:00 ] ERR: (ThinkException) 无法加载模块favicon.ico
[ 2013-05-23T09:45:41+08:00 ] ERR: (ThinkException) 无法加载模块favicon.ico
[ 2013-05-23T09:53:14+08:00 ] ERR: (ThinkException) 无法加载模块favicon.ico
[ 2013-05-23T09:53:18+08:00 ] ERR: (ThinkException) 无法加载模块favicon.ico
[ 2013-05-23T09:53:19+08:00 ] ERR: (ThinkException) 无法加载模块favicon.ico
[ 2013-05-23T09:53:19+08:00 ] ERR: (ThinkException) 无法加载模块favicon.ico
[ 2013-05-23T09:53:20+08:00 ] ERR: (ThinkException) 无法加载模块favicon.ico
[ 2013-05-23T09:53:20+08:00 ] ERR: (ThinkException) 无法加载模块favicon.ico
[ 2013-05-23T09:53:20+08:00 ] ERR: (ThinkException) 无法加载模块favicon.ico
[ 2013-05-23T09:53:21+08:00 ] ERR: (ThinkException) 无法加载模块favicon.ico
[ 2013-05-23T09:53:21+08:00 ] ERR: (ThinkException) 无法加载模块favicon.ico
[ 2013-05-23T09:53:22+08:00 ] ERR: (ThinkException) 无法加载模块favicon.ico
[ 2013-05-23T09:53:22+08:00 ] ERR: (ThinkException) 无法加载模块favicon.ico
[ 2013-05-23T09:54:50+08:00 ] ERR: (ThinkException) 无法加载模块favicon.ico
[ 2013-05-23T09:54:55+08:00 ] ERR: (ThinkException) 无法加载模块favicon.ico
[ 2013-05-23T09:54:56+08:00 ] ERR: (ThinkException) 无法加载模块favicon.ico
[ 2013-05-23T09:55:38+08:00 ] ERR: (ThinkException) 无法加载模块favicon.ico
[ 2013-05-23T09:55:48+08:00 ] ERR: (ThinkException) 无法加载模块favicon.ico
[ 2013-05-23T09:56:53+08:00 ] ERR: (ThinkException) Action:{您所请求的方法不存在！
[ 2013-05-23T09:57:00+08:00 ] ERR: (ThinkException) Action:{您所请求的方法不存在！
[ 2013-05-23T09:57:05+08:00 ] ERR: (ThinkException) Action:{您所请求的方法不存在！
[ 2013-05-23T10:00:50+08:00 ] ERR: (ThinkException) 无法加载模块favicon.ico
[ 2013-05-23T10:00:51+08:00 ] ERR: (ThinkException) 无法加载模块favicon.ico
[ 2013-05-23T10:00:51+08:00 ] ERR: (ThinkException) 无法加载模块favicon.ico
[ 2013-05-23T10:00:52+08:00 ] ERR: (ThinkException) 无法加载模块favicon.ico
[ 2013-05-23T10:00:53+08:00 ] ERR: (ThinkException) 无法加载模块favicon.ico
[ 2013-05-23T10:00:53+08:00 ] ERR: (ThinkException) 无法加载模块favicon.ico
[ 2013-05-23T10:00:53+08:00 ] ERR: (ThinkException) 无法加载模块favicon.ico
[ 2013-05-23T10:00:54+08:00 ] ERR: (ThinkException) 无法加载模块favicon.ico
[ 2013-05-23T10:00:56+08:00 ] ERR: (ThinkException) 无法加载模块favicon.ico
[ 2013-05-23T10:00:57+08:00 ] ERR: (ThinkException) 无法加载模块favicon.ico
[ 2013-05-23T10:00:57+08:00 ] ERR: (ThinkException) 无法加载模块favicon.ico
[ 2013-05-23T10:00:57+08:00 ] ERR: (ThinkException) 无法加载模块favicon.ico
[ 2013-05-23T10:01:00+08:00 ] ERR: (ThinkException) 无法加载模块favicon.ico
[ 2013-05-23T10:02:02+08:00 ] ERR: (ThinkException) 无法加载模块favicon.ico
[ 2013-05-23T10:02:04+08:00 ] ERR: (ThinkException) 无法加载模块favicon.ico
[ 2013-05-23T10:02:09+08:00 ] ERR: (ThinkException) 无法加载模块favicon.ico
[ 2013-05-23T10:02:33+08:00 ] ERR: (ThinkException) 无法加载模块favicon.ico
[ 2013-05-23T10:02:35+08:00 ] ERR: (ThinkException) 无法加载模块favicon.ico
[ 2013-05-23T10:02:36+08:00 ] ERR: (ThinkException) 无法加载模块favicon.ico
[ 2013-05-23T10:02:40+08:00 ] ERR: (ThinkException) 无法加载模块favicon.ico
[ 2013-05-23T10:02:41+08:00 ] ERR: (ThinkException) 无法加载模块favicon.ico
[ 2013-05-23T10:02:42+08:00 ] ERR: (ThinkException) 无法加载模块favicon.ico
[ 2013-05-23T10:02:45+08:00 ] ERR: (ThinkException) 无法加载模块favicon.ico
[ 2013-05-23T10:03:35+08:00 ] ERR: (ThinkException) 无法加载模块favicon.ico
[ 2013-05-23T10:03:40+08:00 ] ERR: (ThinkException) 无法加载模块favicon.ico
[ 2013-05-23T10:03:52+08:00 ] ERR: (ThinkException) 无法加载模块favicon.ico
[ 2013-05-23T10:06:39+08:00 ] ERR: (ThinkException) 无法加载模块favicon.ico
[ 2013-05-23T10:06:39+08:00 ] ERR: (ThinkException) 无法加载模块favicon.ico
[ 2013-05-23T10:06:46+08:00 ] ERR: (ThinkException) 无法加载模块favicon.ico
[ 2013-05-23T10:06:46+08:00 ] ERR: (ThinkException) 无法加载模块favicon.ico
[ 2013-05-23T10:06:46+08:00 ] ERR: (ThinkException) 无法加载模块favicon.ico
[ 2013-05-23T10:06:53+08:00 ] ERR: (ThinkException) 无法加载模块favicon.ico
[ 2013-05-23T10:06:55+08:00 ] ERR: (ThinkException) 无法加载模块favicon.ico
[ 2013-05-23T10:06:56+08:00 ] ERR: (ThinkException) 无法加载模块favicon.ico
[ 2013-05-23T10:07:02+08:00 ] ERR: (ThinkException) 无法加载模块favicon.ico
[ 2013-05-23T10:07:07+08:00 ] ERR: (ThinkException) 无法加载模块favicon.ico
[ 2013-05-23T10:07:14+08:00 ] ERR: (ThinkException) 无法加载模块favicon.ico
[ 2013-05-23T10:07:18+08:00 ] ERR: (ThinkException) 无法加载模块favicon.ico
[ 2013-05-23T10:07:19+08:00 ] ERR: (ThinkException) 无法加载模块favicon.ico
[ 2013-05-23T10:07:19+08:00 ] ERR: (ThinkException) 无法加载模块favicon.ico
[ 2013-05-23T10:07:36+08:00 ] ERR: (ThinkException) 无法加载模块favicon.ico
[ 2013-05-23T10:07:37+08:00 ] ERR: (ThinkException) 无法加载模块favicon.ico
[ 2013-05-23T10:07:39+08:00 ] ERR: (ThinkException) 无法加载模块favicon.ico
[ 2013-05-23T10:08:12+08:00 ] ERR: (ThinkException) 无法加载模块favicon.ico
[ 2013-05-23T10:08:18+08:00 ] ERR: (ThinkException) 无法加载模块favicon.ico
[ 2013-05-23T10:08:30+08:00 ] ERR: (ThinkException) 无法加载模块favicon.ico
[ 2013-05-23T10:09:18+08:00 ] ERR: (ThinkException) 无法加载模块favicon.ico
[ 2013-05-23T10:09:35+08:00 ] ERR: (ThinkException) 无法加载模块favicon.ico
[ 2013-05-23T10:09:40+08:00 ] ERR: (ThinkException) 无法加载模块favicon.ico
[ 2013-05-23T10:09:43+08:00 ] ERR: (ThinkException) 无法加载模块favicon.ico
[ 2013-05-23T10:10:42+08:00 ] ERR: (ThinkException) 无法加载模块favicon.ico
[ 2013-05-23T10:10:43+08:00 ] ERR: (ThinkException) 无法加载模块favicon.ico
[ 2013-05-23T10:10:48+08:00 ] ERR: (ThinkException) 无法加载模块favicon.ico
[ 2013-05-23T10:10:49+08:00 ] ERR: (ThinkException) 无法加载模块favicon.ico
[ 2013-05-23T10:11:03+08:00 ] ERR: (ThinkException) 无法加载模块favicon.ico
[ 2013-05-23T10:14:49+08:00 ] ERR: (ThinkException) 无法加载模块favicon.ico
[ 2013-05-23T13:16:19+08:00 ] ERR: (ThinkException) 无法加载模块admin.php
[ 2013-05-23T13:16:19+08:00 ] ERR: (ThinkException) 无法加载模块favicon.ico
[ 2013-05-23T13:16:25+08:00 ] ERR: (ThinkException) 无法加载模块favicon.ico
[ 2013-05-23T13:16:31+08:00 ] ERR: (ThinkException) 无法加载模块Public
[ 2013-05-23T13:16:31+08:00 ] ERR: (ThinkException) 无法加载模块favicon.ico
[ 2013-05-23T13:16:32+08:00 ] ERR: (ThinkException) 无法加载模块Publicckeditor
[ 2013-05-23T13:16:33+08:00 ] ERR: (ThinkException) 无法加载模块Public
[ 2013-05-23T13:16:33+08:00 ] ERR: (ThinkException) 无法加载模块favicon.ico
[ 2013-05-23T13:37:52+08:00 ] ERR: (ThinkException) 无法加载模块favicon.ico
[ 2013-05-23T13:37:56+08:00 ] ERR: (ThinkException) 无法加载模块favicon.ico
[ 2013-05-23T13:38:03+08:00 ] ERR: (ThinkException) 无法加载模块favicon.ico
[ 2013-05-23T13:38:05+08:00 ] ERR: (ThinkException) 无法加载模块favicon.ico
[ 2013-05-23T14:20:24+08:00 ] ERR: (ThinkException) 无法加载模块bk.admin.com
[ 2013-05-23T14:20:24+08:00 ] ERR: (ThinkException) 无法加载模块favicon.ico
[ 2013-05-23T14:20:27+08:00 ] ERR: (ThinkException) 无法加载模块favicon.ico
[ 2013-05-23T14:20:30+08:00 ] ERR: (ThinkException) 无法加载模块favicon.ico
[ 2013-05-23T14:20:32+08:00 ] ERR: (ThinkException) 无法加载模块favicon.ico
[ 2013-05-23T14:20:33+08:00 ] ERR: (ThinkException) 无法加载模块favicon.ico
[ 2013-05-23T14:20:36+08:00 ] ERR: (ThinkException) 无法加载模块favicon.ico
[ 2013-05-23T14:20:39+08:00 ] ERR: (ThinkException) 无法加载模块favicon.ico
[ 2013-05-23T14:20:42+08:00 ] ERR: (ThinkException) 无法加载模块favicon.ico
[ 2013-05-23T14:21:47+08:00 ] ERR: (ThinkException) 无法加载模块favicon.ico
[ 2013-05-23T14:22:30+08:00 ] ERR: (ThinkException) 无法加载模块favicon.ico
[ 2013-05-23T14:22:53+08:00 ] ERR: (ThinkException) 无法加载模块favicon.ico
[ 2013-05-23T14:22:54+08:00 ] ERR: (ThinkException) 无法加载模块favicon.ico
[ 2013-05-23T14:22:56+08:00 ] ERR: (ThinkException) 无法加载模块favicon.ico
[ 2013-05-23T14:23:06+08:00 ] ERR: (ThinkException) 无法加载模块favicon.ico
[ 2013-05-23T14:23:13+08:00 ] ERR: (ThinkException) 无法加载模块bk.admin.com
[ 2013-05-23T14:27:04+08:00 ] ERR: (ThinkException) 无法加载模块test.jishigou.com
[ 2013-05-23T14:27:04+08:00 ] ERR: (ThinkException) 无法加载模块test.jishigou.com
[ 2013-05-23T14:27:04+08:00 ] ERR: (ThinkException) 无法加载模块test.jishigou.com
[ 2013-05-23T14:27:04+08:00 ] ERR: (ThinkException) 无法加载模块test.jishigou.com
[ 2013-05-23T14:27:58+08:00 ] ERR: (ThinkException) 无法加载模块test.jishigou.com
[ 2013-05-23T14:27:58+08:00 ] ERR: (ThinkException) 无法加载模块favicon.ico
[ 2013-05-23T14:31:37+08:00 ] ERR: (ThinkException) 无法加载模块test.jishigou.com
[ 2013-05-23T14:32:00+08:00 ] ERR: (ThinkException) 无法加载模块test.jishigou.com
[ 2013-05-23T14:32:00+08:00 ] ERR: (ThinkException) 无法加载模块test.jishigou.com
[ 2013-05-23T14:32:00+08:00 ] ERR: (ThinkException) 无法加载模块test.jishigou.com
[ 2013-05-23T14:32:02+08:00 ] ERR: (ThinkException) 无法加载模块test.jishigou.com
[ 2013-05-23T14:32:11+08:00 ] ERR: (ThinkException) 无法加载模块test.jishigou.com
[ 2013-05-23T14:32:24+08:00 ] ERR: (ThinkException) 无法加载模块test.jishigou.com
[ 2013-05-23T15:41:08+08:00 ] ERR: (ThinkException) 无法加载模块favicon.ico
[ 2013-05-23T15:48:18+08:00 ] ERR: (ThinkException) 无法加载模块favicon.ico
[ 2013-05-23T16:03:46+08:00 ] ERR: (ThinkException) 无法加载模块favicon.ico
[ 2013-05-23T16:06:45+08:00 ] ERR: (ThinkException) 无法加载模块favicon.ico
[ 2013-05-23T16:06:50+08:00 ] ERR: (ThinkException) 无法加载模块favicon.ico
[ 2013-05-23T16:07:11+08:00 ] ERR: (ThinkException) 无法加载模块favicon.ico
[ 2013-05-23T16:21:28+08:00 ] ERR: (ThinkException) 无法加载模块favicon.ico
[ 2013-05-23T16:21:30+08:00 ] ERR: (ThinkException) 无法加载模块favicon.ico
[ 2013-05-23T16:21:43+08:00 ] ERR: (ThinkException) 无法加载模块favicon.ico
[ 2013-05-23T16:23:59+08:00 ] ERR: (ThinkException) 无法加载模块favicon.ico
[ 2013-05-23T16:24:05+08:00 ] ERR: (ThinkException) 无法加载模块Public
[ 2013-05-23T16:24:05+08:00 ] ERR: (ThinkException) 无法加载模块favicon.ico
[ 2013-05-23T16:24:07+08:00 ] ERR: (ThinkException) 无法加载模块favicon.ico
[ 2013-05-23T16:24:12+08:00 ] ERR: (ThinkException) 无法加载模块Public
[ 2013-05-23T16:24:12+08:00 ] ERR: (ThinkException) 无法加载模块favicon.ico
[ 2013-05-23T16:24:13+08:00 ] ERR: (ThinkException) 无法加载模块Publicckeditor
[ 2013-05-23T16:24:13+08:00 ] ERR: (ThinkException) 无法加载模块Public
[ 2013-05-23T16:24:13+08:00 ] ERR: (ThinkException) 无法加载模块favicon.ico
[ 2013-05-23T16:24:40+08:00 ] ERR: (ThinkException) 无法加载模块favicon.ico
[ 2013-05-23T16:28:45+08:00 ] ERR: (ThinkException) 无法加载模块favicon.ico
[ 2013-05-23T17:39:27+08:00 ] ERR: (ThinkException) 无法加载模块favicon.ico
[ 2013-05-23T17:39:37+08:00 ] ERR: (ThinkException) 无法加载模块favicon.ico
[ 2013-05-23T17:39:43+08:00 ] ERR: (ThinkException) 无法加载模块Public
[ 2013-05-23T17:39:43+08:00 ] ERR: (ThinkException) 无法加载模块favicon.ico
[ 2013-05-23T17:39:45+08:00 ] ERR: (ThinkException) 无法加载模块Publicckeditor
[ 2013-05-23T17:39:45+08:00 ] ERR: (ThinkException) 无法加载模块Public
[ 2013-05-23T17:39:45+08:00 ] ERR: (ThinkException) 无法加载模块favicon.ico
[ 2013-05-23T17:39:48+08:00 ] ERR: (ThinkException) 无法加载模块favicon.ico
[ 2013-05-23T17:41:46+08:00 ] ERR: (ThinkException) 无法加载模块favicon.ico
[ 2013-05-23T17:41:48+08:00 ] ERR: (ThinkException) 无法加载模块favicon.ico
[ 2013-05-23T17:41:56+08:00 ] ERR: (ThinkException) 无法加载模块favicon.ico
[ 2013-05-23T17:41:57+08:00 ] ERR: (ThinkException) 无法加载模块favicon.ico
[ 2013-05-23T17:41:59+08:00 ] ERR: (ThinkException) 无法加载模块favicon.ico
[ 2013-05-23T17:42:21+08:00 ] ERR: (ThinkException) 无法加载模块favicon.ico
[ 2013-05-23T17:51:18+08:00 ] ERR: (ThinkException) 无法加载模块favicon.ico
[ 2013-05-23T17:51:20+08:00 ] ERR: (ThinkException) 无法加载模块favicon.ico
[ 2013-05-23T17:53:08+08:00 ] ERR: (ThinkException) 无法加载模块favicon.ico
[ 2013-05-23T17:53:16+08:00 ] ERR: (ThinkException) 无法加载模块favicon.ico
[ 2013-05-23T17:53:16+08:00 ] ERR: (ThinkException) 无法加载模块favicon.ico
[ 2013-05-23T18:07:14+08:00 ] ERR: (ThinkException) 无法加载模块favicon.ico
[ 2013-05-23T18:07:17+08:00 ] ERR: (ThinkException) 无法加载模块favicon.ico
[ 2013-05-23T18:30:01+08:00 ] ERR: (ThinkException) 无法加载模块favicon.ico
[ 2013-05-23T18:30:12+08:00 ] ERR: (ThinkException) 无法加载模块favicon.ico
[ 2013-05-23T18:34:10+08:00 ] ERR: (ThinkException) 无法加载模块favicon.ico
[ 2013-05-23T18:44:35+08:00 ] ERR: (ThinkException) 无法加载模块favicon.ico
[ 2013-05-23T18:44:37+08:00 ] ERR: (ThinkException) 无法加载模块favicon.ico
[ 2013-05-23T18:44:37+08:00 ] ERR: (ThinkException) 无法加载模块favicon.ico
[ 2013-05-23T18:44:47+08:00 ] ERR: (ThinkException) 无法加载模块favicon.ico
[ 2013-05-23T18:44:47+08:00 ] ERR: (ThinkException) 无法加载模块favicon.ico
[ 2013-05-23T18:44:50+08:00 ] ERR: (ThinkException) 无法加载模块favicon.ico
[ 2013-05-23T18:44:53+08:00 ] ERR: (ThinkException) 无法加载模块favicon.ico
[ 2013-05-23T18:44:57+08:00 ] ERR: (ThinkException) 无法加载模块favicon.ico
[ 2013-05-23T19:02:21+08:00 ] ERR: (ThinkException) 无法加载模块favicon.ico
[ 2013-05-23T19:02:27+08:00 ] ERR: (ThinkException) 无法加载模块favicon.ico
[ 2013-05-23T19:06:03+08:00 ] ERR: (ThinkException) 无法加载模块favicon.ico
[ 2013-05-23T19:07:06+08:00 ] ERR: (ThinkException) 无法加载模块favicon.ico
[ 2013-05-23T19:15:20+08:00 ] ERR: (ThinkException) 无法加载模块favicon.ico
[ 2013-05-23T19:15:21+08:00 ] ERR: (ThinkException) 无法加载模块favicon.ico
[ 2013-05-23T19:16:04+08:00 ] ERR: (ThinkException) 无法加载模块favicon.ico
[ 2013-05-23T19:16:39+08:00 ] ERR: (ThinkException) 无法加载模块favicon.ico
[ 2013-05-23T19:16:44+08:00 ] ERR: (ThinkException) 无法加载模块favicon.ico
[ 2013-05-23T19:18:22+08:00 ] ERR: (ThinkException) 无法加载模块favicon.ico
[ 2013-05-23T19:18:34+08:00 ] ERR: (ThinkException) 无法加载模块favicon.ico
[ 2013-05-23T19:30:05+08:00 ] ERR: (ThinkException) 无法加载模块favicon.ico
[ 2013-05-23T19:30:09+08:00 ] ERR: (ThinkException) 无法加载模块favicon.ico
[ 2013-05-23T19:34:20+08:00 ] ERR: (ThinkException) 无法加载模块favicon.ico
[ 2013-05-23T19:34:29+08:00 ] ERR: (ThinkException) 无法加载模块favicon.ico
[ 2013-05-23T19:35:02+08:00 ] ERR: (ThinkException) 无法加载模块favicon.ico
[ 2013-05-23T19:35:08+08:00 ] ERR: (ThinkException) 无法加载模块favicon.ico
[ 2013-05-23T19:35:11+08:00 ] ERR: (ThinkException) 无法加载模块favicon.ico
[ 2013-05-23T19:35:58+08:00 ] ERR: (ThinkException) 无法加载模块favicon.ico
[ 2013-05-23T19:36:14+08:00 ] ERR: (ThinkException) 无法加载模块favicon.ico
[ 2013-05-23T19:38:55+08:00 ] ERR: (ThinkException) 无法加载模块Public
[ 2013-05-23T19:39:07+08:00 ] ERR: (ThinkException) 无法加载模块Public
[ 2013-05-23T19:39:59+08:00 ] ERR: (ThinkException) 无法加载模块Public
[ 2013-05-23T19:40:18+08:00 ] ERR: (ThinkException) 无法加载模块Public
[ 2013-05-23T19:40:26+08:00 ] ERR: (ThinkException) 无法加载模块Public
[ 2013-05-23T19:51:58+08:00 ] ERR: (ThinkException) 无法加载模块favicon.ico
[ 2013-05-23T19:52:00+08:00 ] ERR: (ThinkException) 无法加载模块favicon.ico
[ 2013-05-23T19:52:04+08:00 ] ERR: (ThinkException) 无法加载模块favicon.ico
[ 2013-05-23T19:52:12+08:00 ] ERR: (ThinkException) 无法加载模块favicon.ico
[ 2013-05-23T19:52:12+08:00 ] ERR: (ThinkException) 无法加载模块favicon.ico
[ 2013-05-23T19:52:15+08:00 ] ERR: (ThinkException) 无法加载模块favicon.ico
[ 2013-05-23T19:52:18+08:00 ] ERR: (ThinkException) 无法加载模块favicon.ico
[ 2013-05-23T19:55:06+08:00 ] ERR: (ThinkException) 无法加载模块favicon.ico
[ 2013-05-23T20:32:52+08:00 ] ERR: (ThinkException) 无法加载模块favicon.ico
[ 2013-05-23T20:32:53+08:00 ] ERR: (ThinkException) 无法加载模块favicon.ico
[ 2013-05-23T20:32:55+08:00 ] ERR: (ThinkException) 无法加载模块favicon.ico
[ 2013-05-23T20:33:16+08:00 ] ERR: (ThinkException) 无法加载模块favicon.ico
[ 2013-05-23T20:33:18+08:00 ] ERR: (ThinkException) 无法加载模块favicon.ico
[ 2013-05-23T20:33:22+08:00 ] ERR: (ThinkException) 无法加载模块favicon.ico
[ 2013-05-23T20:33:23+08:00 ] ERR: (ThinkException) 无法加载模块favicon.ico
[ 2013-05-23T20:33:27+08:00 ] ERR: (ThinkException) 无法加载模块favicon.ico
[ 2013-05-23T20:33:27+08:00 ] ERR: (ThinkException) 无法加载模块favicon.ico
[ 2013-05-23T20:33:27+08:00 ] ERR: (ThinkException) 无法加载模块favicon.ico
[ 2013-05-23T20:33:28+08:00 ] ERR: (ThinkException) 无法加载模块favicon.ico
[ 2013-05-23T20:33:30+08:00 ] ERR: (ThinkException) 无法加载模块favicon.ico
[ 2013-05-23T20:33:39+08:00 ] ERR: (ThinkException) 无法加载模块favicon.ico
[ 2013-05-23T20:33:43+08:00 ] ERR: (ThinkException) 无法加载模块favicon.ico
[ 2013-05-23T20:34:24+08:00 ] ERR: (ThinkException) 无法加载模块favicon.ico
[ 2013-05-23T20:34:41+08:00 ] ERR: (ThinkException) 无法加载模块favicon.ico
[ 2013-05-23T20:34:45+08:00 ] ERR: (ThinkException) 无法加载模块favicon.ico
[ 2013-05-23T20:52:17+08:00 ] ERR: (ThinkException) 无法加载模块favicon.ico
[ 2013-05-23T20:52:19+08:00 ] ERR: (ThinkException) 无法加载模块favicon.ico
[ 2013-05-23T20:52:30+08:00 ] ERR: (ThinkException) 无法加载模块favicon.ico
[ 2013-05-23T20:52:30+08:00 ] ERR: (ThinkException) 无法加载模块favicon.ico
[ 2013-05-23T20:52:33+08:00 ] ERR: (ThinkException) 无法加载模块favicon.ico
[ 2013-05-23T20:52:35+08:00 ] ERR: (ThinkException) 无法加载模块favicon.ico
[ 2013-05-23T20:52:36+08:00 ] ERR: (ThinkException) 无法加载模块favicon.ico
[ 2013-05-23T20:53:19+08:00 ] ERR: (ThinkException) 无法加载模块favicon.ico
[ 2013-05-23T20:58:12+08:00 ] ERR: (ThinkException) 无法加载模块favicon.ico
[ 2013-05-23T20:58:27+08:00 ] ERR: (ThinkException) 无法加载模块favicon.ico
[ 2013-05-23T20:58:28+08:00 ] ERR: (ThinkException) 无法加载模块favicon.ico
[ 2013-05-23T21:01:39+08:00 ] ERR: (ThinkException) 无法加载模块favicon.ico
[ 2013-05-23T21:01:47+08:00 ] ERR: (ThinkException) 无法加载模块favicon.ico
[ 2013-05-23T21:06:21+08:00 ] ERR: (ThinkException) 无法加载模块favicon.ico
[ 2013-05-23T21:06:45+08:00 ] ERR: (ThinkException) 无法加载模块favicon.ico
[ 2013-05-23T21:07:44+08:00 ] ERR: (ThinkException) 无法加载模块favicon.ico
[ 2013-05-23T21:07:53+08:00 ] ERR: (ThinkException) 无法加载模块favicon.ico
[ 2013-05-23T21:08:44+08:00 ] ERR: (ThinkException) 无法加载模块favicon.ico
[ 2013-05-23T21:10:06+08:00 ] ERR: (ThinkException) 无法加载模块favicon.ico
[ 2013-05-23T21:13:19+08:00 ] ERR: (ThinkException) 无法加载模块favicon.ico
[ 2013-05-23T21:17:11+08:00 ] ERR: (ThinkException) 无法加载模块favicon.ico
[ 2013-05-23T21:17:41+08:00 ] ERR: (ThinkException) 无法加载模块favicon.ico
[ 2013-05-23T21:17:47+08:00 ] ERR: (ThinkException) 无法加载模块favicon.ico
[ 2013-05-23T21:17:47+08:00 ] ERR: (ThinkException) 无法加载模块favicon.ico
[ 2013-05-23T21:17:48+08:00 ] ERR: (ThinkException) 无法加载模块favicon.ico
[ 2013-05-23T21:18:12+08:00 ] ERR: (ThinkException) 无法加载模块favicon.ico
[ 2013-05-23T21:19:18+08:00 ] ERR: (ThinkException) 无法加载模块favicon.ico
[ 2013-05-23T21:19:35+08:00 ] ERR: (ThinkException) 无法加载模块favicon.ico
[ 2013-05-23T21:20:08+08:00 ] ERR: (ThinkException) 无法加载模块favicon.ico
[ 2013-05-23T21:20:24+08:00 ] ERR: (ThinkException) 无法加载模块favicon.ico
[ 2013-05-23T21:20:25+08:00 ] ERR: (ThinkException) 无法加载模块favicon.ico
[ 2013-05-23T21:23:09+08:00 ] ERR: (ThinkException) 无法加载模块favicon.ico
[ 2013-05-23T21:23:20+08:00 ] ERR: (ThinkException) 无法加载模块favicon.ico
[ 2013-05-23T21:23:36+08:00 ] ERR: (ThinkException) 无法加载模块favicon.ico
[ 2013-05-23T21:24:26+08:00 ] ERR: (ThinkException) 无法加载模块favicon.ico
[ 2013-05-23T21:24:29+08:00 ] ERR: (ThinkException) 无法加载模块favicon.ico
[ 2013-05-23T21:24:45+08:00 ] ERR: (ThinkException) 无法加载模块favicon.ico
[ 2013-05-23T21:24:47+08:00 ] ERR: (ThinkException) 无法加载模块favicon.ico
[ 2013-05-23T21:26:21+08:00 ] ERR: (ThinkException) 无法加载模块favicon.ico
[ 2013-05-23T21:28:10+08:00 ] ERR: (ThinkException) 无法加载模块favicon.ico
[ 2013-05-23T21:29:15+08:00 ] ERR: (ThinkException) 无法加载模块favicon.ico
[ 2013-05-23T21:29:30+08:00 ] ERR: (ThinkException) 无法加载模块favicon.ico
[ 2013-05-23T21:29:50+08:00 ] ERR: (ThinkException) 无法加载模块favicon.ico
