[ 2013-05-10T09:34:21+08:00 ] ERR: (ThinkException) 无法加载模块foot
[ 2013-05-10T09:34:22+08:00 ] ERR: (ThinkException) 无法加载模块favicon.ico
[ 2013-05-10T09:34:23+08:00 ] ERR: (ThinkException) 无法加载模块favicon.ico
[ 2013-05-10T09:34:26+08:00 ] ERR: (ThinkException) 无法加载模块favicon.ico
[ 2013-05-10T09:34:29+08:00 ] ERR: (ThinkException) 无法加载模块favicon.ico
[ 2013-05-10T09:34:29+08:00 ] ERR: (ThinkException) 无法加载模块favicon.ico
[ 2013-05-10T09:37:34+08:00 ] ERR: (ThinkException) 无法加载模块foot
[ 2013-05-10T09:37:34+08:00 ] ERR: (ThinkException) 无法加载模块favicon.ico
[ 2013-05-10T09:37:34+08:00 ] ERR: (ThinkException) 无法加载模块favicon.ico
[ 2013-05-10T10:05:11+08:00 ] ERR: (ThinkException) 无法加载模块favicon.ico
[ 2013-05-10T10:05:11+08:00 ] ERR: (ThinkException) 无法加载模块foot
[ 2013-05-10T10:05:12+08:00 ] ERR: (ThinkException) 无法加载模块foot
[ 2013-05-10T10:05:12+08:00 ] ERR: (ThinkException) 无法加载模块favicon.ico
[ 2013-05-10T10:05:13+08:00 ] ERR: (ThinkException) 无法加载模块foot
[ 2013-05-10T10:05:13+08:00 ] ERR: (ThinkException) 无法加载模块favicon.ico
[ 2013-05-10T10:05:24+08:00 ] ERR: (ThinkException) 无法加载模块foot
[ 2013-05-10T10:05:24+08:00 ] ERR: (ThinkException) 无法加载模块favicon.ico
[ 2013-05-10T10:05:27+08:00 ] ERR: (ThinkException) 无法加载模块foot
[ 2013-05-10T10:05:27+08:00 ] ERR: (ThinkException) 无法加载模块favicon.ico
[ 2013-05-10T10:09:24+08:00 ] ERR: (ThinkException) 无法加载模块favicon.ico
[ 2013-05-10T10:09:37+08:00 ] ERR: (ThinkException) 无法加载模块favicon.ico
[ 2013-05-10T10:10:06+08:00 ] ERR: (ThinkException) 无法加载模块favicon.ico
[ 2013-05-10T10:10:11+08:00 ] ERR: (ThinkException) 无法加载模块favicon.ico
[ 2013-05-10T10:12:20+08:00 ] ERR: (ThinkException) 无法加载模块foot
[ 2013-05-10T10:12:20+08:00 ] ERR: (ThinkException) 无法加载模块favicon.ico
[ 2013-05-10T10:12:53+08:00 ] ERR: (ThinkException) 无法加载模块favicon.ico
[ 2013-05-10T10:13:14+08:00 ] ERR: (ThinkException) 无法加载模块favicon.ico
[ 2013-05-10T10:13:15+08:00 ] ERR: (ThinkException) 无法加载模块foot
[ 2013-05-10T10:13:15+08:00 ] ERR: (ThinkException) 无法加载模块favicon.ico
[ 2013-05-10T10:13:17+08:00 ] ERR: (ThinkException) 无法加载模块foot
[ 2013-05-10T10:13:17+08:00 ] ERR: (ThinkException) 无法加载模块favicon.ico
[ 2013-05-10T10:13:41+08:00 ] ERR: (ThinkException) 无法加载模块foot
[ 2013-05-10T10:13:41+08:00 ] ERR: (ThinkException) 无法加载模块favicon.ico
[ 2013-05-10T10:14:23+08:00 ] ERR: (ThinkException) 无法加载模块foot
[ 2013-05-10T10:14:23+08:00 ] ERR: (ThinkException) 无法加载模块favicon.ico
[ 2013-05-10T10:15:30+08:00 ] ERR: (ThinkException) 无法加载模块foot
[ 2013-05-10T10:15:30+08:00 ] ERR: (ThinkException) 无法加载模块favicon.ico
[ 2013-05-10T10:15:31+08:00 ] ERR: (ThinkException) 无法加载模块foot
[ 2013-05-10T10:15:31+08:00 ] ERR: (ThinkException) 无法加载模块favicon.ico
[ 2013-05-10T10:15:31+08:00 ] ERR: (ThinkException) 无法加载模块foot
[ 2013-05-10T10:15:31+08:00 ] ERR: (ThinkException) 无法加载模块favicon.ico
[ 2013-05-10T10:15:31+08:00 ] ERR: (ThinkException) 无法加载模块foot
[ 2013-05-10T10:15:31+08:00 ] ERR: (ThinkException) 无法加载模块favicon.ico
[ 2013-05-10T10:15:48+08:00 ] ERR: (ThinkException) 无法加载模块foot
[ 2013-05-10T10:15:48+08:00 ] ERR: (ThinkException) 无法加载模块favicon.ico
[ 2013-05-10T10:15:48+08:00 ] ERR: (ThinkException) 无法加载模块foot
[ 2013-05-10T10:15:49+08:00 ] ERR: (ThinkException) 无法加载模块favicon.ico
[ 2013-05-10T10:16:51+08:00 ] ERR: (ThinkException) 无法加载模块foot
[ 2013-05-10T10:16:51+08:00 ] ERR: (ThinkException) 无法加载模块favicon.ico
[ 2013-05-10T10:17:16+08:00 ] ERR: (ThinkException) 无法加载模块foot
[ 2013-05-10T10:17:16+08:00 ] ERR: (ThinkException) 无法加载模块favicon.ico
[ 2013-05-10T10:17:17+08:00 ] ERR: (ThinkException) 非法操作foot
[ 2013-05-10T10:17:18+08:00 ] ERR: (ThinkException) 无法加载模块favicon.ico
[ 2013-05-10T10:17:23+08:00 ] ERR: (ThinkException) 无法加载模块favicon.ico
[ 2013-05-10T10:17:27+08:00 ] ERR: (ThinkException) 无法加载模块favicon.ico
[ 2013-05-10T10:17:34+08:00 ] ERR: (ThinkException) 无法加载模块favicon.ico
[ 2013-05-10T10:17:35+08:00 ] ERR: (ThinkException) 无法加载模块favicon.ico
[ 2013-05-10T10:17:38+08:00 ] ERR: (ThinkException) 无法加载模块favicon.ico
[ 2013-05-10T10:17:42+08:00 ] ERR: (ThinkException) 无法加载模块favicon.ico
[ 2013-05-10T10:17:42+08:00 ] ERR: (ThinkException) 无法加载模块favicon.ico
[ 2013-05-10T10:17:42+08:00 ] ERR: (ThinkException) 非法操作foot
[ 2013-05-10T10:17:46+08:00 ] ERR: (ThinkException) 非法操作foot
[ 2013-05-10T10:17:46+08:00 ] ERR: (ThinkException) 无法加载模块favicon.ico
[ 2013-05-10T10:18:02+08:00 ] ERR: (ThinkException) 无法加载模块favicon.ico
[ 2013-05-10T10:36:00+08:00 ] ERR: (ThinkException) 非法操作foot
[ 2013-05-10T10:36:00+08:00 ] ERR: (ThinkException) 无法加载模块favicon.ico
[ 2013-05-10T10:36:02+08:00 ] ERR: (ThinkException) 无法加载模块favicon.ico
[ 2013-05-10T10:36:03+08:00 ] ERR: (ThinkException) 无法加载模块favicon.ico
[ 2013-05-10T10:36:04+08:00 ] ERR: (ThinkException) 无法加载模块favicon.ico
[ 2013-05-10T10:36:05+08:00 ] ERR: (ThinkException) 无法加载模块favicon.ico
[ 2013-05-10T10:36:06+08:00 ] ERR: (ThinkException) 无法加载模块favicon.ico
[ 2013-05-10T10:36:10+08:00 ] ERR: (ThinkException) 无法加载模块favicon.ico
[ 2013-05-10T10:36:15+08:00 ] ERR: (ThinkException) 无法加载模块favicon.ico
[ 2013-05-10T10:36:16+08:00 ] ERR: (ThinkException) 非法操作foot
[ 2013-05-10T10:36:16+08:00 ] ERR: (ThinkException) 无法加载模块favicon.ico
[ 2013-05-10T10:36:27+08:00 ] ERR: (ThinkException) 非法操作foot
[ 2013-05-10T10:36:27+08:00 ] ERR: (ThinkException) 无法加载模块favicon.ico
[ 2013-05-10T10:36:28+08:00 ] ERR: (ThinkException) 非法操作foot
[ 2013-05-10T10:36:28+08:00 ] ERR: (ThinkException) 无法加载模块favicon.ico
[ 2013-05-10T10:36:41+08:00 ] ERR: (ThinkException) 无法加载模块favicon.ico
[ 2013-05-10T10:36:41+08:00 ] ERR: (ThinkException) 非法操作foot
[ 2013-05-10T10:37:00+08:00 ] ERR: (ThinkException) 非法操作foot
[ 2013-05-10T10:37:00+08:00 ] ERR: (ThinkException) 无法加载模块favicon.ico
[ 2013-05-10T10:37:02+08:00 ] ERR: (ThinkException) 无法加载模块foot
[ 2013-05-10T10:37:03+08:00 ] ERR: (ThinkException) 无法加载模块foot
[ 2013-05-10T10:37:04+08:00 ] ERR: (ThinkException) 无法加载模块foot
[ 2013-05-10T10:37:13+08:00 ] ERR: (ThinkException) 无法加载模块foot
[ 2013-05-10T10:37:21+08:00 ] ERR: (ThinkException) 非法操作foot
[ 2013-05-10T10:37:42+08:00 ] ERR: (ThinkException) 非法操作foot
[ 2013-05-10T10:37:42+08:00 ] ERR: (ThinkException) 无法加载模块favicon.ico
[ 2013-05-10T10:37:43+08:00 ] ERR: (ThinkException) 非法操作foot
[ 2013-05-10T10:37:43+08:00 ] ERR: (ThinkException) 无法加载模块favicon.ico
[ 2013-05-10T10:37:44+08:00 ] ERR: (ThinkException) 非法操作foot
[ 2013-05-10T10:37:44+08:00 ] ERR: (ThinkException) 无法加载模块favicon.ico
[ 2013-05-10T10:37:45+08:00 ] ERR: (ThinkException) 非法操作foot
[ 2013-05-10T10:37:45+08:00 ] ERR: (ThinkException) 无法加载模块favicon.ico
[ 2013-05-10T10:37:46+08:00 ] ERR: (ThinkException) 非法操作foot
[ 2013-05-10T10:37:46+08:00 ] ERR: (ThinkException) 无法加载模块favicon.ico
[ 2013-05-10T10:37:47+08:00 ] ERR: (ThinkException) 非法操作foot
[ 2013-05-10T10:37:47+08:00 ] ERR: (ThinkException) 无法加载模块favicon.ico
[ 2013-05-10T10:37:51+08:00 ] ERR: (ThinkException) 非法操作foot
[ 2013-05-10T10:37:51+08:00 ] ERR: (ThinkException) 无法加载模块favicon.ico
[ 2013-05-10T10:38:13+08:00 ] ERR: (ThinkException) 无法加载模块favicon.ico
[ 2013-05-10T10:38:13+08:00 ] ERR: (ThinkException) 非法操作foot
[ 2013-05-10T10:38:14+08:00 ] ERR: (ThinkException) 非法操作foot
[ 2013-05-10T10:38:14+08:00 ] ERR: (ThinkException) 无法加载模块favicon.ico
[ 2013-05-10T10:38:23+08:00 ] ERR: (ThinkException) 非法操作foot
[ 2013-05-10T10:38:23+08:00 ] ERR: (ThinkException) 无法加载模块favicon.ico
[ 2013-05-10T10:38:40+08:00 ] ERR: (ThinkException) 非法操作foot
[ 2013-05-10T10:38:40+08:00 ] ERR: (ThinkException) 无法加载模块favicon.ico
[ 2013-05-10T10:38:41+08:00 ] ERR: (ThinkException) 非法操作foot
[ 2013-05-10T10:38:41+08:00 ] ERR: (ThinkException) 无法加载模块favicon.ico
[ 2013-05-10T10:39:00+08:00 ] ERR: (ThinkException) 非法操作foot
[ 2013-05-10T10:39:01+08:00 ] ERR: (ThinkException) 无法加载模块favicon.ico
[ 2013-05-10T10:39:40+08:00 ] ERR: (ThinkException) 无法加载模块favicon.ico
[ 2013-05-10T10:39:42+08:00 ] ERR: (ThinkException) 无法加载模块favicon.ico
[ 2013-05-10T10:45:47+08:00 ] ERR: (ThinkException) 无法加载模块favicon.ico
[ 2013-05-10T10:45:47+08:00 ] ERR: (ThinkException) 非法操作foot
[ 2013-05-10T10:45:52+08:00 ] ERR: (ThinkException) 非法操作foot
[ 2013-05-10T10:45:52+08:00 ] ERR: (ThinkException) 无法加载模块favicon.ico
[ 2013-05-10T10:45:57+08:00 ] ERR: (ThinkException) 无法加载模块foot
[ 2013-05-10T10:45:57+08:00 ] ERR: (ThinkException) 无法加载模块favicon.ico
[ 2013-05-10T10:46:05+08:00 ] ERR: (ThinkException) 无法加载模块foot
[ 2013-05-10T10:46:05+08:00 ] ERR: (ThinkException) 无法加载模块favicon.ico
[ 2013-05-10T10:47:01+08:00 ] ERR: (ThinkException) 无法加载模块favicon.ico
[ 2013-05-10T10:47:01+08:00 ] ERR: (ThinkException) 非法操作foot
[ 2013-05-10T10:47:03+08:00 ] ERR: (ThinkException) 非法操作foot
[ 2013-05-10T10:47:03+08:00 ] ERR: (ThinkException) 无法加载模块favicon.ico
[ 2013-05-10T10:47:24+08:00 ] ERR: (ThinkException) 非法操作foot
[ 2013-05-10T10:47:24+08:00 ] ERR: (ThinkException) 无法加载模块favicon.ico
[ 2013-05-10T10:47:32+08:00 ] ERR: (ThinkException) 无法加载模块favicon.ico
[ 2013-05-10T10:47:39+08:00 ] ERR: (ThinkException) 非法操作foot
[ 2013-05-10T10:47:40+08:00 ] ERR: (ThinkException) 无法加载模块favicon.ico
[ 2013-05-10T10:47:41+08:00 ] ERR: (ThinkException) 无法加载模块favicon.ico
[ 2013-05-10T10:47:52+08:00 ] ERR: (ThinkException) 非法操作foot
[ 2013-05-10T10:47:52+08:00 ] ERR: (ThinkException) 无法加载模块favicon.ico
[ 2013-05-10T10:47:55+08:00 ] ERR: (ThinkException) 非法操作foot
[ 2013-05-10T10:47:55+08:00 ] ERR: (ThinkException) 无法加载模块favicon.ico
[ 2013-05-10T10:48:44+08:00 ] ERR: (ThinkException) 无法加载模块favicon.ico
[ 2013-05-10T10:49:01+08:00 ] ERR: (ThinkException) 无法加载模块favicon.ico
[ 2013-05-10T10:50:04+08:00 ] ERR: (ThinkException) 非法操作foot
[ 2013-05-10T10:50:04+08:00 ] ERR: (ThinkException) 无法加载模块favicon.ico
[ 2013-05-10T10:50:14+08:00 ] ERR: (ThinkException) 无法加载模块favicon.ico
[ 2013-05-10T10:50:27+08:00 ] ERR: (ThinkException) 无法加载模块favicon.ico
[ 2013-05-10T10:50:33+08:00 ] ERR: (ThinkException) 无法加载模块favicon.ico
[ 2013-05-10T10:50:33+08:00 ] ERR: (ThinkException) 无法加载模块favicon.ico
[ 2013-05-10T10:50:44+08:00 ] ERR: (ThinkException) 无法加载模块favicon.ico
[ 2013-05-10T10:51:17+08:00 ] ERR: (ThinkException) 无法加载模块favicon.ico
[ 2013-05-10T10:51:28+08:00 ] ERR: (ThinkException) 无法加载模块favicon.ico
[ 2013-05-10T10:51:32+08:00 ] ERR: (ThinkException) 无法加载模块favicon.ico
[ 2013-05-10T10:51:46+08:00 ] ERR: (ThinkException) 无法加载模块favicon.ico
[ 2013-05-10T10:51:49+08:00 ] ERR: (ThinkException) 无法加载模块favicon.ico
[ 2013-05-10T10:51:59+08:00 ] ERR: (ThinkException) 无法加载模块favicon.ico
[ 2013-05-10T10:52:07+08:00 ] ERR: (ThinkException) 无法加载模块favicon.ico
[ 2013-05-10T10:52:40+08:00 ] ERR: (ThinkException) 无法加载模块favicon.ico
[ 2013-05-10T10:52:42+08:00 ] ERR: (ThinkException) 无法加载模块favicon.ico
[ 2013-05-10T10:52:46+08:00 ] ERR: (ThinkException) 无法加载模块favicon.ico
[ 2013-05-10T10:52:49+08:00 ] ERR: (ThinkException) 无法加载模块favicon.ico
[ 2013-05-10T10:52:49+08:00 ] ERR: (ThinkException) 无法加载模块favicon.ico
[ 2013-05-10T10:52:49+08:00 ] ERR: (ThinkException) 无法加载模块favicon.ico
[ 2013-05-10T10:52:59+08:00 ] ERR: (ThinkException) 无法加载模块favicon.ico
[ 2013-05-10T11:45:44+08:00 ] ERR: (ThinkException) 无法加载模块Restaurant
[ 2013-05-10T11:53:48+08:00 ] ERR: (ThinkException) 非法操作Restaurantdeatails
[ 2013-05-10T11:54:04+08:00 ] ERR: (ThinkException) 非法操作Restaurantdeatails
[ 2013-05-10T11:54:06+08:00 ] ERR: (ThinkException) 非法操作Restaurantdeatails
[ 2013-05-10T12:06:25+08:00 ] ERR: (ThinkException) 无法加载模块favicon.ico
[ 2013-05-10T12:09:22+08:00 ] ERR: (ThinkException) 无法加载模块favicon.ico
[ 2013-05-10T12:10:19+08:00 ] ERR: (ThinkException) 无法加载模块favicon.ico
[ 2013-05-10T12:10:20+08:00 ] ERR: (ThinkException) 无法加载模块favicon.ico
[ 2013-05-10T12:10:22+08:00 ] ERR: (ThinkException) 无法加载模块favicon.ico
[ 2013-05-10T12:10:47+08:00 ] ERR: (ThinkException) 无法加载模块favicon.ico
[ 2013-05-10T12:10:50+08:00 ] ERR: (ThinkException) 无法加载模块Dishes
[ 2013-05-10T12:10:50+08:00 ] ERR: (ThinkException) 无法加载模块favicon.ico
[ 2013-05-10T12:11:08+08:00 ] ERR: (ThinkException) 非法操作Public
[ 2013-05-10T12:11:08+08:00 ] ERR: (ThinkException) 非法操作Public
[ 2013-05-10T12:11:08+08:00 ] ERR: (ThinkException) 非法操作Public
[ 2013-05-10T12:11:08+08:00 ] ERR: (ThinkException) 非法操作Public
[ 2013-05-10T12:11:08+08:00 ] ERR: (ThinkException) 非法操作Public
[ 2013-05-10T12:11:08+08:00 ] ERR: (ThinkException) 非法操作Public
[ 2013-05-10T12:11:08+08:00 ] ERR: (ThinkException) 非法操作Public
[ 2013-05-10T12:11:08+08:00 ] ERR: (ThinkException) 非法操作Public
[ 2013-05-10T12:11:08+08:00 ] ERR: (ThinkException) 非法操作Public
[ 2013-05-10T12:11:08+08:00 ] ERR: (ThinkException) 无法加载模块favicon.ico
[ 2013-05-10T12:11:46+08:00 ] ERR: (ThinkException) 非法操作Public
[ 2013-05-10T12:11:46+08:00 ] ERR: (ThinkException) 非法操作Public
[ 2013-05-10T12:11:46+08:00 ] ERR: (ThinkException) 非法操作Public
[ 2013-05-10T12:11:46+08:00 ] ERR: (ThinkException) 非法操作Public
[ 2013-05-10T12:11:46+08:00 ] ERR: (ThinkException) 非法操作Public
[ 2013-05-10T12:11:46+08:00 ] ERR: (ThinkException) 非法操作Public
[ 2013-05-10T12:11:46+08:00 ] ERR: (ThinkException) 非法操作Public
[ 2013-05-10T12:11:46+08:00 ] ERR: (ThinkException) 非法操作Public
[ 2013-05-10T12:11:46+08:00 ] ERR: (ThinkException) 非法操作Public
[ 2013-05-10T12:11:46+08:00 ] ERR: (ThinkException) 无法加载模块favicon.ico
[ 2013-05-10T12:12:03+08:00 ] ERR: (ThinkException) 无法加载模块favicon.ico
[ 2013-05-10T12:12:35+08:00 ] ERR: (ThinkException) 无法加载模块favicon.ico
[ 2013-05-10T12:12:37+08:00 ] ERR: (ThinkException) 无法加载模块favicon.ico
[ 2013-05-10T12:12:41+08:00 ] ERR: (ThinkException) 无法加载模块favicon.ico
[ 2013-05-10T12:12:42+08:00 ] ERR: (ThinkException) 无法加载模块favicon.ico
[ 2013-05-10T12:13:30+08:00 ] ERR: (ThinkException) 无法加载模块favicon.ico
[ 2013-05-10T12:13:32+08:00 ] ERR: (ThinkException) 无法加载模块favicon.ico
[ 2013-05-10T12:13:44+08:00 ] ERR: (ThinkException) 无法加载模块favicon.ico
[ 2013-05-10T12:13:44+08:00 ] ERR: (ThinkException) 无法加载模块favicon.ico
[ 2013-05-10T12:13:46+08:00 ] ERR: (ThinkException) 无法加载模块favicon.ico
[ 2013-05-10T12:13:48+08:00 ] ERR: (ThinkException) 无法加载模块favicon.ico
[ 2013-05-10T12:13:50+08:00 ] ERR: (ThinkException) 无法加载模块favicon.ico
[ 2013-05-10T12:13:53+08:00 ] ERR: (ThinkException) 无法加载模块favicon.ico
[ 2013-05-10T12:14:50+08:00 ] ERR: (ThinkException) 无法加载模块favicon.ico
[ 2013-05-10T12:14:52+08:00 ] ERR: (ThinkException) 无法加载模块favicon.ico
[ 2013-05-10T12:14:55+08:00 ] ERR: (ThinkException) 无法加载模块favicon.ico
[ 2013-05-10T12:17:06+08:00 ] ERR: (ThinkException) 无法加载模块favicon.ico
[ 2013-05-10T12:17:43+08:00 ] ERR: (ThinkException) 无法加载模块favicon.ico
[ 2013-05-10T12:17:45+08:00 ] ERR: (ThinkException) 无法加载模块favicon.ico
[ 2013-05-10T12:17:47+08:00 ] ERR: (ThinkException) 无法加载模块favicon.ico
[ 2013-05-10T12:17:55+08:00 ] ERR: (ThinkException) 无法加载模块favicon.ico
[ 2013-05-10T12:17:57+08:00 ] ERR: (ThinkException) 无法加载模块favicon.ico
[ 2013-05-10T12:17:59+08:00 ] ERR: (ThinkException) 无法加载模块favicon.ico
[ 2013-05-10T12:18:02+08:00 ] ERR: (ThinkException) 无法加载模块favicon.ico
[ 2013-05-10T12:18:05+08:00 ] ERR: (ThinkException) 无法加载模块favicon.ico
[ 2013-05-10T13:24:35+08:00 ] ERR: (ThinkException) 无法加载模块favicon.ico
[ 2013-05-10T13:24:38+08:00 ] ERR: (ThinkException) 无法加载模块favicon.ico
[ 2013-05-10T13:24:56+08:00 ] ERR: (ThinkException) 无法加载模块favicon.ico
[ 2013-05-10T13:24:56+08:00 ] ERR: (ThinkException) 无法加载模块favicon.ico
[ 2013-05-10T13:24:59+08:00 ] ERR: (ThinkException) 无法加载模块favicon.ico
[ 2013-05-10T13:25:01+08:00 ] ERR: (ThinkException) 无法加载模块favicon.ico
[ 2013-05-10T13:25:03+08:00 ] ERR: (ThinkException) 无法加载模块favicon.ico
[ 2013-05-10T13:32:35+08:00 ] ERR: (ThinkException) 无法加载模块favicon.ico
[ 2013-05-10T13:46:37+08:00 ] ERR: (ThinkException) 无法加载模块favicon.ico
[ 2013-05-10T13:46:39+08:00 ] ERR: (ThinkException) 无法加载模块favicon.ico
[ 2013-05-10T13:47:31+08:00 ] ERR: (ThinkException) 无法加载模块favicon.ico
[ 2013-05-10T13:48:23+08:00 ] ERR: (ThinkException) 无法加载模块favicon.ico
[ 2013-05-10T13:58:49+08:00 ] ERR: (ThinkException) 无法加载模块favicon.ico
[ 2013-05-10T13:58:58+08:00 ] ERR: (ThinkException) 无法加载模块favicon.ico
[ 2013-05-10T13:59:10+08:00 ] ERR: (ThinkException) 无法加载模块Public
[ 2013-05-10T13:59:10+08:00 ] ERR: (ThinkException) 无法加载模块favicon.ico
[ 2013-05-10T13:59:12+08:00 ] ERR: (ThinkException) 无法加载模块favicon.ico
[ 2013-05-10T13:59:18+08:00 ] ERR: (ThinkException) 无法加载模块Public
[ 2013-05-10T13:59:18+08:00 ] ERR: (ThinkException) 无法加载模块favicon.ico
[ 2013-05-10T13:59:20+08:00 ] ERR: (ThinkException) 无法加载模块favicon.ico
[ 2013-05-10T13:59:28+08:00 ] ERR: (ThinkException) 无法加载模块Public
[ 2013-05-10T13:59:28+08:00 ] ERR: (ThinkException) 无法加载模块favicon.ico
[ 2013-05-10T13:59:29+08:00 ] ERR: (ThinkException) 无法加载模块favicon.ico
[ 2013-05-10T13:59:37+08:00 ] ERR: (ThinkException) 无法加载模块Public
[ 2013-05-10T13:59:37+08:00 ] ERR: (ThinkException) 无法加载模块favicon.ico
[ 2013-05-10T13:59:39+08:00 ] ERR: (ThinkException) 无法加载模块Publicckeditor
[ 2013-05-10T13:59:39+08:00 ] ERR: (ThinkException) 无法加载模块Public
[ 2013-05-10T13:59:39+08:00 ] ERR: (ThinkException) 无法加载模块favicon.ico
[ 2013-05-10T13:59:46+08:00 ] ERR: (ThinkException) 无法加载模块favicon.ico
[ 2013-05-10T14:01:07+08:00 ] ERR: (ThinkException) 无法加载模块Publicckeditor
[ 2013-05-10T14:01:07+08:00 ] ERR: (ThinkException) 无法加载模块Public
[ 2013-05-10T14:01:08+08:00 ] ERR: (ThinkException) 无法加载模块favicon.ico
[ 2013-05-10T14:01:28+08:00 ] ERR: (ThinkException) 无法加载模块favicon.ico
[ 2013-05-10T14:01:33+08:00 ] ERR: (ThinkException) 无法加载模块Public
[ 2013-05-10T14:01:33+08:00 ] ERR: (ThinkException) 无法加载模块favicon.ico
[ 2013-05-10T14:01:34+08:00 ] ERR: (ThinkException) 无法加载模块Public
[ 2013-05-10T14:01:34+08:00 ] ERR: (ThinkException) 无法加载模块Publicckeditor
[ 2013-05-10T14:01:34+08:00 ] ERR: (ThinkException) 无法加载模块favicon.ico
[ 2013-05-10T14:01:37+08:00 ] ERR: (ThinkException) 无法加载模块favicon.ico
[ 2013-05-10T14:02:46+08:00 ] ERR: (ThinkException) 无法加载模块Publicckeditor
[ 2013-05-10T14:02:46+08:00 ] ERR: (ThinkException) 无法加载模块Public
[ 2013-05-10T14:02:46+08:00 ] ERR: (ThinkException) 无法加载模块favicon.ico
[ 2013-05-10T14:02:55+08:00 ] ERR: (ThinkException) 无法加载模块favicon.ico
[ 2013-05-10T14:02:58+08:00 ] ERR: (ThinkException) 无法加载模块favicon.ico
[ 2013-05-10T14:02:59+08:00 ] ERR: (ThinkException) 无法加载模块favicon.ico
[ 2013-05-10T14:03:03+08:00 ] ERR: (ThinkException) 无法加载模块favicon.ico
[ 2013-05-10T14:03:06+08:00 ] ERR: (ThinkException) 无法加载模块favicon.ico
[ 2013-05-10T14:03:07+08:00 ] ERR: (ThinkException) 无法加载模块favicon.ico
[ 2013-05-10T14:03:07+08:00 ] ERR: (ThinkException) 无法加载模块favicon.ico
[ 2013-05-10T14:03:09+08:00 ] ERR: (ThinkException) 无法加载模块favicon.ico
[ 2013-05-10T14:03:09+08:00 ] ERR: (ThinkException) 无法加载模块favicon.ico
[ 2013-05-10T14:03:09+08:00 ] ERR: (ThinkException) 无法加载模块favicon.ico
[ 2013-05-10T14:03:09+08:00 ] ERR: (ThinkException) 无法加载模块favicon.ico
[ 2013-05-10T14:03:11+08:00 ] ERR: (ThinkException) 无法加载模块favicon.ico
[ 2013-05-10T14:03:12+08:00 ] ERR: (ThinkException) 无法加载模块favicon.ico
[ 2013-05-10T14:03:12+08:00 ] ERR: (ThinkException) 无法加载模块favicon.ico
[ 2013-05-10T14:03:12+08:00 ] ERR: (ThinkException) 无法加载模块favicon.ico
[ 2013-05-10T14:03:13+08:00 ] ERR: (ThinkException) 无法加载模块favicon.ico
[ 2013-05-10T14:03:13+08:00 ] ERR: (ThinkException) 无法加载模块favicon.ico
[ 2013-05-10T14:03:13+08:00 ] ERR: (ThinkException) 无法加载模块favicon.ico
[ 2013-05-10T14:03:13+08:00 ] ERR: (ThinkException) 无法加载模块favicon.ico
[ 2013-05-10T14:04:43+08:00 ] ERR: (ThinkException) 无法加载模块Publicckeditor
[ 2013-05-10T14:04:43+08:00 ] ERR: (ThinkException) 无法加载模块Public
[ 2013-05-10T14:04:43+08:00 ] ERR: (ThinkException) 无法加载模块favicon.ico
[ 2013-05-10T14:10:01+08:00 ] ERR: (ThinkException) 非法操作details
[ 2013-05-10T14:10:05+08:00 ] ERR: (ThinkException) 非法操作details
[ 2013-05-10T14:10:11+08:00 ] ERR: (ThinkException) 非法操作details
[ 2013-05-10T15:03:02+08:00 ] ERR: (ThinkException) 非法操作details
[ 2013-05-10T15:55:32+08:00 ] ERR: (ThinkException) 无法加载模块favicon.ico
[ 2013-05-10T15:55:35+08:00 ] ERR: (ThinkException) 无法加载模块favicon.ico
[ 2013-05-10T15:56:10+08:00 ] ERR: (ThinkException) 无法加载模块favicon.ico
[ 2013-05-10T15:56:12+08:00 ] ERR: (ThinkException) 无法加载模块favicon.ico
[ 2013-05-10T16:51:35+08:00 ] ERR: (ThinkException) 无法加载模块favicon.ico
[ 2013-05-10T16:51:42+08:00 ] ERR: (ThinkException) 无法加载模块Public
[ 2013-05-10T16:51:42+08:00 ] ERR: (ThinkException) 无法加载模块favicon.ico
[ 2013-05-10T16:51:43+08:00 ] ERR: (ThinkException) 无法加载模块Public
[ 2013-05-10T16:51:43+08:00 ] ERR: (ThinkException) 无法加载模块Publicckeditor
[ 2013-05-10T16:51:44+08:00 ] ERR: (ThinkException) 无法加载模块favicon.ico
[ 2013-05-10T16:51:46+08:00 ] ERR: (ThinkException) 无法加载模块favicon.ico
[ 2013-05-10T17:49:24+08:00 ] ERR: (ThinkException) 无法加载模块favicon.ico
[ 2013-05-10T17:49:34+08:00 ] ERR: (ThinkException) 无法加载模块favicon.ico
[ 2013-05-10T17:49:39+08:00 ] ERR: (ThinkException) 无法加载模块Public
[ 2013-05-10T17:49:39+08:00 ] ERR: (ThinkException) 无法加载模块favicon.ico
[ 2013-05-10T17:49:40+08:00 ] ERR: (ThinkException) 无法加载模块Publicckeditor
[ 2013-05-10T17:49:40+08:00 ] ERR: (ThinkException) 无法加载模块Public
[ 2013-05-10T17:49:41+08:00 ] ERR: (ThinkException) 无法加载模块favicon.ico
[ 2013-05-10T17:49:42+08:00 ] ERR: (ThinkException) 无法加载模块favicon.ico
[ 2013-05-10T17:49:48+08:00 ] ERR: (ThinkException) 无法加载模块favicon.ico
[ 2013-05-10T17:49:52+08:00 ] ERR: (ThinkException) 无法加载模块favicon.ico
[ 2013-05-10T17:56:32+08:00 ] ERR: (ThinkException) 无法加载模块favicon.ico
[ 2013-05-10T17:56:36+08:00 ] ERR: (ThinkException) 无法加载模块favicon.ico
[ 2013-05-10T17:56:40+08:00 ] ERR: (ThinkException) 无法加载模块favicon.ico
[ 2013-05-10T17:56:41+08:00 ] ERR: (ThinkException) 无法加载模块favicon.ico
[ 2013-05-10T17:56:52+08:00 ] ERR: (ThinkException) 无法加载模块favicon.ico
[ 2013-05-10T17:58:05+08:00 ] ERR: (ThinkException) 无法加载模块favicon.ico
[ 2013-05-10T17:58:22+08:00 ] ERR: (ThinkException) 无法加载模块Publicckeditor
[ 2013-05-10T17:58:22+08:00 ] ERR: (ThinkException) 无法加载模块Public
[ 2013-05-10T17:58:23+08:00 ] ERR: (ThinkException) 无法加载模块favicon.ico
[ 2013-05-10T17:58:25+08:00 ] ERR: (ThinkException) 无法加载模块favicon.ico
[ 2013-05-10T17:58:27+08:00 ] ERR: (ThinkException) 无法加载模块favicon.ico
[ 2013-05-10T18:14:59+08:00 ] ERR: (ThinkException) 无法加载模块favicon.ico
[ 2013-05-10T18:15:00+08:00 ] ERR: (ThinkException) 无法加载模块favicon.ico
[ 2013-05-10T18:15:01+08:00 ] ERR: (ThinkException) 无法加载模块favicon.ico
[ 2013-05-10T18:22:39+08:00 ] ERR: (ThinkException) 无法加载模块favicon.ico
[ 2013-05-10T18:50:04+08:00 ] ERR: (ThinkException) 无法加载模块favicon.ico
