[ 2013-05-13T09:11:09+08:00 ] ERR: (ThinkException) 无法加载模块favicon.ico
[ 2013-05-13T09:11:17+08:00 ] ERR: (ThinkException) 无法加载模块Public
[ 2013-05-13T09:11:17+08:00 ] ERR: (ThinkException) 无法加载模块favicon.ico
[ 2013-05-13T09:11:19+08:00 ] ERR: (ThinkException) 无法加载模块Publicckeditor
[ 2013-05-13T09:11:19+08:00 ] ERR: (ThinkException) 无法加载模块Public
[ 2013-05-13T09:11:19+08:00 ] ERR: (ThinkException) 无法加载模块favicon.ico
[ 2013-05-13T09:11:38+08:00 ] ERR: (ThinkException) 无法加载模块favicon.ico
[ 2013-05-13T09:11:40+08:00 ] ERR: (ThinkException) 无法加载模块favicon.ico
[ 2013-05-13T09:11:57+08:00 ] ERR: (ThinkException) 无法加载模块favicon.ico
[ 2013-05-13T09:11:59+08:00 ] ERR: (ThinkException) 无法加载模块favicon.ico
[ 2013-05-13T09:12:00+08:00 ] ERR: (ThinkException) 无法加载模块favicon.ico
[ 2013-05-13T09:12:00+08:00 ] ERR: (ThinkException) 无法加载模块favicon.ico
[ 2013-05-13T09:15:58+08:00 ] ERR: (ThinkException) 无法加载模块favicon.ico
[ 2013-05-13T09:16:28+08:00 ] ERR: (ThinkException) 无法加载模块favicon.ico
[ 2013-05-13T09:19:07+08:00 ] ERR: (ThinkException) 无法加载模块favicon.ico
[ 2013-05-13T09:23:10+08:00 ] ERR: (ThinkException) 无法加载模块favicon.ico
[ 2013-05-13T09:23:42+08:00 ] ERR: (ThinkException) 无法加载模块favicon.ico
[ 2013-05-13T09:24:26+08:00 ] ERR: (ThinkException) 无法加载模块favicon.ico
[ 2013-05-13T09:24:28+08:00 ] ERR: (ThinkException) 无法加载模块favicon.ico
[ 2013-05-13T10:08:58+08:00 ] ERR: (ThinkException) 无法加载模块favicon.ico
[ 2013-05-13T10:26:01+08:00 ] ERR: (ThinkException) 无法加载模块favicon.ico
[ 2013-05-13T10:26:01+08:00 ] ERR: (ThinkException) 无法加载模块favicon.ico
[ 2013-05-13T10:26:01+08:00 ] ERR: (ThinkException) 无法加载模块favicon.ico
[ 2013-05-13T10:26:34+08:00 ] ERR: (ThinkException) 无法加载模块favicon.ico
[ 2013-05-13T11:04:00+08:00 ] ERR: (ThinkException) 无法加载模块favicon.ico
[ 2013-05-13T11:04:10+08:00 ] ERR: (ThinkException) 无法加载模块favicon.ico
[ 2013-05-13T11:04:16+08:00 ] ERR: (ThinkException) 无法加载模块Public
[ 2013-05-13T11:04:16+08:00 ] ERR: (ThinkException) 无法加载模块favicon.ico
[ 2013-05-13T11:04:17+08:00 ] ERR: (ThinkException) 无法加载模块Publicckeditor
[ 2013-05-13T11:04:17+08:00 ] ERR: (ThinkException) 无法加载模块Public
[ 2013-05-13T11:04:18+08:00 ] ERR: (ThinkException) 无法加载模块favicon.ico
[ 2013-05-13T11:05:19+08:00 ] ERR: (ThinkException) 无法加载模块favicon.ico
[ 2013-05-13T11:05:26+08:00 ] ERR: (ThinkException) 无法加载模块favicon.ico
[ 2013-05-13T11:05:40+08:00 ] ERR: (ThinkException) 无法加载模块favicon.ico
[ 2013-05-13T11:09:00+08:00 ] ERR: (ThinkException) 无法加载模块favicon.ico
[ 2013-05-13T11:09:20+08:00 ] ERR: (ThinkException) 无法加载模块favicon.ico
[ 2013-05-13T11:09:24+08:00 ] ERR: (ThinkException) 无法加载模块favicon.ico
[ 2013-05-13T11:25:56+08:00 ] ERR: (ThinkException) 无法加载模块favicon.ico
[ 2013-05-13T12:15:39+08:00 ] ERR: (ThinkException) 无法加载模块favicon.ico
[ 2013-05-13T12:15:40+08:00 ] ERR: (ThinkException) 无法加载模块favicon.ico
[ 2013-05-13T12:15:40+08:00 ] ERR: (ThinkException) 无法加载模块favicon.ico
[ 2013-05-13T14:07:55+08:00 ] ERR: (ThinkException) 无法加载模块Publicckeditor
[ 2013-05-13T14:07:55+08:00 ] ERR: (ThinkException) 无法加载模块Public
[ 2013-05-13T14:07:55+08:00 ] ERR: (ThinkException) 无法加载模块favicon.ico
[ 2013-05-13T14:08:03+08:00 ] ERR: (ThinkException) 无法加载模块favicon.ico
[ 2013-05-13T14:39:19+08:00 ] ERR: (ThinkException) 无法加载模块favicon.ico
[ 2013-05-13T14:59:30+08:00 ] ERR: (ThinkException) 无法加载模块Public
[ 2013-05-13T14:59:30+08:00 ] ERR: (ThinkException) 无法加载模块Publicckeditor
[ 2013-05-13T14:59:30+08:00 ] ERR: (ThinkException) 无法加载模块favicon.ico
[ 2013-05-13T15:00:20+08:00 ] ERR: (ThinkException) 无法加载模块favicon.ico
[ 2013-05-13T15:15:17+08:00 ] ERR: (ThinkException) 无法加载模块Public
[ 2013-05-13T15:15:17+08:00 ] ERR: (ThinkException) 无法加载模块Publicckeditor
[ 2013-05-13T15:15:17+08:00 ] ERR: (ThinkException) 无法加载模块favicon.ico
[ 2013-05-13T15:15:38+08:00 ] ERR: (ThinkException) 无法加载模块favicon.ico
[ 2013-05-13T17:13:13+08:00 ] ERR: (ThinkException) 无法加载模块RestaurantDetails
[ 2013-05-13T17:21:06+08:00 ] ERR: (ThinkException) 无法加载模块favicon.ico
[ 2013-05-13T17:21:25+08:00 ] ERR: (ThinkException) 无法加载模块Public
[ 2013-05-13T17:21:25+08:00 ] ERR: (ThinkException) 无法加载模块favicon.ico
[ 2013-05-13T17:21:26+08:00 ] ERR: (ThinkException) 无法加载模块Public
[ 2013-05-13T17:21:26+08:00 ] ERR: (ThinkException) 无法加载模块Publicckeditor
[ 2013-05-13T17:21:26+08:00 ] ERR: (ThinkException) 无法加载模块favicon.ico
[ 2013-05-13T17:27:30+08:00 ] ERR: (ThinkException) 无法加载模块__URL__
[ 2013-05-13T17:27:31+08:00 ] ERR: (ThinkException) 无法加载模块__URL__
[ 2013-05-13T17:27:32+08:00 ] ERR: (ThinkException) 无法加载模块__URL__
[ 2013-05-13T17:27:33+08:00 ] ERR: (ThinkException) 无法加载模块__URL__
[ 2013-05-13T17:27:33+08:00 ] ERR: (ThinkException) 无法加载模块__URL__
[ 2013-05-13T17:27:33+08:00 ] ERR: (ThinkException) 无法加载模块__URL__
[ 2013-05-13T17:27:33+08:00 ] ERR: (ThinkException) 无法加载模块__URL__
[ 2013-05-13T17:27:33+08:00 ] ERR: (ThinkException) 无法加载模块__URL__
[ 2013-05-13T17:27:33+08:00 ] ERR: (ThinkException) 无法加载模块__URL__
[ 2013-05-13T17:27:33+08:00 ] ERR: (ThinkException) 无法加载模块__URL__
[ 2013-05-13T17:27:36+08:00 ] ERR: (ThinkException) 无法加载模块Public
[ 2013-05-13T17:27:36+08:00 ] ERR: (ThinkException) 无法加载模块Publicckeditor
[ 2013-05-13T17:27:36+08:00 ] ERR: (ThinkException) 无法加载模块favicon.ico
[ 2013-05-13T17:28:01+08:00 ] ERR: (ThinkException) 无法加载模块__URL__
[ 2013-05-13T17:28:28+08:00 ] ERR: (ThinkException) 无法加载模块Public
[ 2013-05-13T17:28:28+08:00 ] ERR: (ThinkException) 无法加载模块Publicckeditor
[ 2013-05-13T17:28:28+08:00 ] ERR: (ThinkException) 无法加载模块favicon.ico
[ 2013-05-13T17:28:29+08:00 ] ERR: (ThinkException) 无法加载模块favicon.ico
[ 2013-05-13T17:29:11+08:00 ] ERR: (ThinkException) 无法加载模块__URL__
[ 2013-05-13T17:29:12+08:00 ] ERR: (ThinkException) 无法加载模块__URL__
[ 2013-05-13T17:29:16+08:00 ] ERR: (ThinkException) 无法加载模块Public
[ 2013-05-13T17:29:16+08:00 ] ERR: (ThinkException) 无法加载模块Publicckeditor
[ 2013-05-13T17:29:16+08:00 ] ERR: (ThinkException) 无法加载模块favicon.ico
[ 2013-05-13T17:29:21+08:00 ] ERR: (ThinkException) 无法加载模块Public
[ 2013-05-13T17:29:21+08:00 ] ERR: (ThinkException) 无法加载模块Publicckeditor
[ 2013-05-13T17:29:21+08:00 ] ERR: (ThinkException) 无法加载模块favicon.ico
[ 2013-05-13T17:41:15+08:00 ] ERR: (ThinkException) 无法加载模块Publicckeditor
[ 2013-05-13T17:41:15+08:00 ] ERR: (ThinkException) 无法加载模块Public
[ 2013-05-13T17:41:15+08:00 ] ERR: (ThinkException) 无法加载模块favicon.ico
[ 2013-05-13T17:41:31+08:00 ] ERR: (ThinkException) 无法加载模块Publicckeditor
[ 2013-05-13T17:41:31+08:00 ] ERR: (ThinkException) 无法加载模块Public
[ 2013-05-13T17:41:31+08:00 ] ERR: (ThinkException) 无法加载模块favicon.ico
[ 2013-05-13T17:44:41+08:00 ] ERR: (ThinkException) 无法加载模块Public
[ 2013-05-13T17:44:41+08:00 ] ERR: (ThinkException) 无法加载模块Publicckeditor
[ 2013-05-13T17:44:41+08:00 ] ERR: (ThinkException) 无法加载模块favicon.ico
[ 2013-05-13T17:45:32+08:00 ] ERR: (ThinkException) 无法加载模块favicon.ico
[ 2013-05-13T17:45:35+08:00 ] ERR: (ThinkException) 无法加载模块Publicckeditor
[ 2013-05-13T17:45:35+08:00 ] ERR: (ThinkException) 无法加载模块Public
[ 2013-05-13T17:45:36+08:00 ] ERR: (ThinkException) 无法加载模块favicon.ico
[ 2013-05-13T17:45:39+08:00 ] ERR: (ThinkException) 无法加载模块favicon.ico
[ 2013-05-13T17:45:45+08:00 ] ERR: (ThinkException) 无法加载模块favicon.ico
[ 2013-05-13T17:47:38+08:00 ] ERR: (ThinkException) 无法加载模块__URL__
[ 2013-05-13T17:47:40+08:00 ] ERR: (ThinkException) 无法加载模块Public
[ 2013-05-13T17:47:40+08:00 ] ERR: (ThinkException) 无法加载模块Publicckeditor
[ 2013-05-13T17:47:40+08:00 ] ERR: (ThinkException) 无法加载模块favicon.ico
[ 2013-05-13T17:49:16+08:00 ] ERR: (ThinkException) 无法加载模块favicon.ico
[ 2013-05-13T17:49:35+08:00 ] ERR: (ThinkException) 无法加载模块favicon.ico
[ 2013-05-13T17:49:36+08:00 ] ERR: (ThinkException) 无法加载模块favicon.ico
[ 2013-05-13T17:49:37+08:00 ] ERR: (ThinkException) 无法加载模块favicon.ico
[ 2013-05-13T17:53:11+08:00 ] ERR: (ThinkException) 无法加载模块Public
[ 2013-05-13T17:53:11+08:00 ] ERR: (ThinkException) 无法加载模块Publicckeditor
[ 2013-05-13T17:53:11+08:00 ] ERR: (ThinkException) 无法加载模块favicon.ico
[ 2013-05-13T17:53:45+08:00 ] ERR: (ThinkException) 无法加载模块favicon.ico
[ 2013-05-13T17:54:13+08:00 ] ERR: (ThinkException) 无法加载模块__URL__
[ 2013-05-13T17:54:14+08:00 ] ERR: (ThinkException) 无法加载模块__URL__
[ 2013-05-13T17:54:14+08:00 ] ERR: (ThinkException) 无法加载模块__URL__
[ 2013-05-13T17:54:14+08:00 ] ERR: (ThinkException) 无法加载模块__URL__
[ 2013-05-13T17:54:15+08:00 ] ERR: (ThinkException) 无法加载模块__URL__
[ 2013-05-13T17:54:15+08:00 ] ERR: (ThinkException) 无法加载模块__URL__
[ 2013-05-13T17:54:15+08:00 ] ERR: (ThinkException) 无法加载模块__URL__
[ 2013-05-13T17:54:19+08:00 ] ERR: (ThinkException) 无法加载模块Public
[ 2013-05-13T17:54:19+08:00 ] ERR: (ThinkException) 无法加载模块Publicckeditor
[ 2013-05-13T17:54:19+08:00 ] ERR: (ThinkException) 无法加载模块favicon.ico
[ 2013-05-13T17:54:34+08:00 ] ERR: (ThinkException) 无法加载模块__URL__
[ 2013-05-13T17:54:58+08:00 ] ERR: (ThinkException) 无法加载模块Public
[ 2013-05-13T17:54:58+08:00 ] ERR: (ThinkException) 无法加载模块Publicckeditor
[ 2013-05-13T17:54:58+08:00 ] ERR: (ThinkException) 无法加载模块favicon.ico
[ 2013-05-13T17:58:02+08:00 ] ERR: (ThinkException) 无法加载模块__URL__
[ 2013-05-13T17:58:03+08:00 ] ERR: (ThinkException) 无法加载模块Public
[ 2013-05-13T17:58:03+08:00 ] ERR: (ThinkException) 无法加载模块Publicckeditor
[ 2013-05-13T17:58:03+08:00 ] ERR: (ThinkException) 无法加载模块favicon.ico
[ 2013-05-13T17:58:37+08:00 ] ERR: (ThinkException) 无法加载模块__URL__
[ 2013-05-13T17:58:39+08:00 ] ERR: (ThinkException) 无法加载模块Public
[ 2013-05-13T17:58:39+08:00 ] ERR: (ThinkException) 无法加载模块Publicckeditor
[ 2013-05-13T17:58:40+08:00 ] ERR: (ThinkException) 无法加载模块favicon.ico
[ 2013-05-13T17:59:06+08:00 ] ERR: (ThinkException) 无法加载模块favicon.ico
[ 2013-05-13T17:59:22+08:00 ] ERR: (ThinkException) 无法加载模块Public
[ 2013-05-13T17:59:23+08:00 ] ERR: (ThinkException) 无法加载模块Public
[ 2013-05-13T17:59:23+08:00 ] ERR: (ThinkException) 无法加载模块Publicckeditor
[ 2013-05-13T17:59:27+08:00 ] ERR: (ThinkException) 无法加载模块__URL__
[ 2013-05-13T17:59:28+08:00 ] ERR: (ThinkException) 无法加载模块Public
[ 2013-05-13T17:59:28+08:00 ] ERR: (ThinkException) 无法加载模块Publicckeditor
[ 2013-05-13T18:00:08+08:00 ] ERR: (ThinkException) 无法加载模块__URL__
[ 2013-05-13T18:00:09+08:00 ] ERR: (ThinkException) 无法加载模块Public
[ 2013-05-13T18:00:09+08:00 ] ERR: (ThinkException) 无法加载模块Publicckeditor
[ 2013-05-13T18:00:18+08:00 ] ERR: (ThinkException) 无法加载模块Publicckeditor
[ 2013-05-13T18:00:18+08:00 ] ERR: (ThinkException) 无法加载模块Public
[ 2013-05-13T18:00:38+08:00 ] ERR: (ThinkException) 无法加载模块Public
[ 2013-05-13T18:00:38+08:00 ] ERR: (ThinkException) 无法加载模块Publicckeditor
[ 2013-05-13T18:00:41+08:00 ] ERR: (ThinkException) 无法加载模块__URL__
[ 2013-05-13T18:00:42+08:00 ] ERR: (ThinkException) 无法加载模块Public
[ 2013-05-13T18:00:42+08:00 ] ERR: (ThinkException) 无法加载模块Publicckeditor
[ 2013-05-13T18:01:07+08:00 ] ERR: (ThinkException) 无法加载模块Order
[ 2013-05-13T18:01:27+08:00 ] ERR: (ThinkException) 无法加载模块Order
[ 2013-05-13T18:01:59+08:00 ] ERR: (ThinkException) 无法加载模块Order
[ 2013-05-13T18:02:00+08:00 ] ERR: (ThinkException) 无法加载模块Order
[ 2013-05-13T18:02:01+08:00 ] ERR: (ThinkException) 无法加载模块Order
[ 2013-05-13T18:02:01+08:00 ] ERR: (ThinkException) 无法加载模块Order
[ 2013-05-13T18:02:11+08:00 ] ERR: (ThinkException) 无法加载模块Order
[ 2013-05-13T18:02:11+08:00 ] ERR: (ThinkException) 无法加载模块Order
[ 2013-05-13T18:02:12+08:00 ] ERR: (ThinkException) 无法加载模块Order
[ 2013-05-13T18:02:13+08:00 ] ERR: (ThinkException) 无法加载模块Order
[ 2013-05-13T18:02:13+08:00 ] ERR: (ThinkException) 无法加载模块Order
[ 2013-05-13T18:02:14+08:00 ] ERR: (ThinkException) 无法加载模块Order
[ 2013-05-13T18:02:15+08:00 ] ERR: (ThinkException) 无法加载模块Order
[ 2013-05-13T18:02:16+08:00 ] ERR: (ThinkException) 无法加载模块Order
[ 2013-05-13T18:02:16+08:00 ] ERR: (ThinkException) 无法加载模块Order
[ 2013-05-13T18:02:17+08:00 ] ERR: (ThinkException) 无法加载模块Order
[ 2013-05-13T18:02:50+08:00 ] ERR: (ThinkException) 无法加载模块Public
[ 2013-05-13T18:02:50+08:00 ] ERR: (ThinkException) 无法加载模块Publicckeditor
[ 2013-05-13T18:02:57+08:00 ] ERR: (ThinkException) 无法加载模块Public
[ 2013-05-13T18:02:57+08:00 ] ERR: (ThinkException) 无法加载模块Publicckeditor
[ 2013-05-13T18:03:30+08:00 ] ERR: (ThinkException) 无法加载模块Public
[ 2013-05-13T18:03:30+08:00 ] ERR: (ThinkException) 无法加载模块Publicckeditor
[ 2013-05-13T18:03:34+08:00 ] ERR: (ThinkException) 无法加载模块Public
[ 2013-05-13T18:03:34+08:00 ] ERR: (ThinkException) 无法加载模块Publicckeditor
[ 2013-05-13T18:06:07+08:00 ] ERR: (ThinkException) 无法加载模块Public
[ 2013-05-13T18:06:07+08:00 ] ERR: (ThinkException) 无法加载模块Publicckeditor
[ 2013-05-13T18:06:13+08:00 ] ERR: (ThinkException) 无法加载模块__URL__
[ 2013-05-13T18:06:14+08:00 ] ERR: (ThinkException) 无法加载模块__URL__
[ 2013-05-13T18:06:15+08:00 ] ERR: (ThinkException) 无法加载模块__URL__
[ 2013-05-13T18:06:15+08:00 ] ERR: (ThinkException) 无法加载模块__URL__
[ 2013-05-13T18:06:15+08:00 ] ERR: (ThinkException) 无法加载模块__URL__
[ 2013-05-13T18:06:16+08:00 ] ERR: (ThinkException) 无法加载模块__URL__
[ 2013-05-13T18:06:16+08:00 ] ERR: (ThinkException) 无法加载模块__URL__
[ 2013-05-13T18:06:16+08:00 ] ERR: (ThinkException) 无法加载模块__URL__
[ 2013-05-13T18:06:16+08:00 ] ERR: (ThinkException) 无法加载模块__URL__
[ 2013-05-13T18:07:21+08:00 ] ERR: (ThinkException) 无法加载模块Public
[ 2013-05-13T18:07:21+08:00 ] ERR: (ThinkException) 无法加载模块Publicckeditor
[ 2013-05-13T18:07:21+08:00 ] ERR: (ThinkException) 无法加载模块favicon.ico
[ 2013-05-13T18:08:25+08:00 ] ERR: (ThinkException) 无法加载模块Public
[ 2013-05-13T18:08:25+08:00 ] ERR: (ThinkException) 无法加载模块Publicckeditor
[ 2013-05-13T18:08:25+08:00 ] ERR: (ThinkException) 无法加载模块favicon.ico
[ 2013-05-13T18:08:28+08:00 ] ERR: (ThinkException) 无法加载模块__URL__
[ 2013-05-13T18:09:13+08:00 ] ERR: (ThinkException) 无法加载模块Public
[ 2013-05-13T18:09:13+08:00 ] ERR: (ThinkException) 无法加载模块Publicckeditor
[ 2013-05-13T18:09:14+08:00 ] ERR: (ThinkException) 无法加载模块favicon.ico
[ 2013-05-13T18:10:51+08:00 ] ERR: (ThinkException) 无法加载模块Public
[ 2013-05-13T18:10:51+08:00 ] ERR: (ThinkException) 无法加载模块Publicckeditor
[ 2013-05-13T18:10:51+08:00 ] ERR: (ThinkException) 无法加载模块favicon.ico
[ 2013-05-13T18:17:36+08:00 ] ERR: (ThinkException) 无法加载模块Public
[ 2013-05-13T18:17:37+08:00 ] ERR: (ThinkException) 无法加载模块Publicckeditor
[ 2013-05-13T18:17:37+08:00 ] ERR: (ThinkException) 无法加载模块favicon.ico
[ 2013-05-13T18:34:03+08:00 ] ERR: (ThinkException) 无法加载模块favicon.ico
[ 2013-05-13T19:04:19+08:00 ] ERR: (ThinkException) 无法加载模块favicon.ico
[ 2013-05-13T19:04:22+08:00 ] ERR: (ThinkException) 无法加载模块favicon.ico
[ 2013-05-13T19:05:38+08:00 ] ERR: (ThinkException) 无法加载模块favicon.ico
[ 2013-05-13T19:05:39+08:00 ] ERR: (ThinkException) 无法加载模块favicon.ico
[ 2013-05-13T19:05:40+08:00 ] ERR: (ThinkException) 无法加载模块favicon.ico
[ 2013-05-13T19:05:47+08:00 ] ERR: (ThinkException) 无法加载模块Publicckeditor
[ 2013-05-13T19:05:47+08:00 ] ERR: (ThinkException) 无法加载模块Public
[ 2013-05-13T19:05:47+08:00 ] ERR: (ThinkException) 无法加载模块favicon.ico
[ 2013-05-13T19:05:50+08:00 ] ERR: (ThinkException) 无法加载模块favicon.ico
[ 2013-05-13T19:05:51+08:00 ] ERR: (ThinkException) 无法加载模块favicon.ico
[ 2013-05-13T19:12:33+08:00 ] ERR: (ThinkException) 无法加载模块favicon.ico
[ 2013-05-13T19:17:32+08:00 ] ERR: (ThinkException) 无法加载模块favicon.ico
[ 2013-05-13T19:17:37+08:00 ] ERR: (ThinkException) 无法加载模块favicon.ico
[ 2013-05-13T19:23:09+08:00 ] ERR: (ThinkException) 无法加载模块favicon.ico
[ 2013-05-13T19:24:02+08:00 ] ERR: (ThinkException) 无法加载模块favicon.ico
[ 2013-05-13T19:24:04+08:00 ] ERR: (ThinkException) 无法加载模块favicon.ico
[ 2013-05-13T19:24:04+08:00 ] ERR: (ThinkException) 无法加载模块favicon.ico
[ 2013-05-13T19:24:05+08:00 ] ERR: (ThinkException) 无法加载模块favicon.ico
[ 2013-05-13T19:24:08+08:00 ] ERR: (ThinkException) 无法加载模块favicon.ico
[ 2013-05-13T19:24:55+08:00 ] ERR: (ThinkException) 无法加载模块favicon.ico
[ 2013-05-13T19:25:09+08:00 ] ERR: (ThinkException) 无法加载模块favicon.ico
[ 2013-05-13T19:25:33+08:00 ] ERR: (ThinkException) 无法加载模块favicon.ico
[ 2013-05-13T19:34:27+08:00 ] ERR: (ThinkException) 无法加载模块favicon.ico
[ 2013-05-13T19:34:38+08:00 ] ERR: (ThinkException) 无法加载模块favicon.ico
[ 2013-05-13T19:34:42+08:00 ] ERR: (ThinkException) 无法加载模块favicon.ico
[ 2013-05-13T19:34:44+08:00 ] ERR: (ThinkException) 无法加载模块favicon.ico
[ 2013-05-13T19:35:07+08:00 ] ERR: (ThinkException) 无法加载模块favicon.ico
[ 2013-05-13T19:35:11+08:00 ] ERR: (ThinkException) 无法加载模块favicon.ico
[ 2013-05-13T19:35:57+08:00 ] ERR: (ThinkException) 无法加载模块favicon.ico
[ 2013-05-13T19:36:02+08:00 ] ERR: (ThinkException) 无法加载模块favicon.ico
[ 2013-05-13T19:36:11+08:00 ] ERR: (ThinkException) 无法加载模块favicon.ico
[ 2013-05-13T19:36:12+08:00 ] ERR: (ThinkException) 无法加载模块favicon.ico
[ 2013-05-13T19:36:24+08:00 ] ERR: (ThinkException) 无法加载模块favicon.ico
[ 2013-05-13T19:36:26+08:00 ] ERR: (ThinkException) 无法加载模块favicon.ico
[ 2013-05-13T19:36:27+08:00 ] ERR: (ThinkException) 无法加载模块favicon.ico
[ 2013-05-13T19:36:33+08:00 ] ERR: (ThinkException) 无法加载模块favicon.ico
[ 2013-05-13T19:36:34+08:00 ] ERR: (ThinkException) 无法加载模块favicon.ico
[ 2013-05-13T19:44:43+08:00 ] ERR: (ThinkException) 无法加载模块favicon.ico
[ 2013-05-13T19:44:44+08:00 ] ERR: (ThinkException) 无法加载模块favicon.ico
[ 2013-05-13T19:44:53+08:00 ] ERR: (ThinkException) 无法加载模块favicon.ico
[ 2013-05-13T19:44:54+08:00 ] ERR: (ThinkException) 无法加载模块favicon.ico
[ 2013-05-13T19:44:56+08:00 ] ERR: (ThinkException) 无法加载模块favicon.ico
[ 2013-05-13T19:44:57+08:00 ] ERR: (ThinkException) 无法加载模块favicon.ico
[ 2013-05-13T19:45:53+08:00 ] ERR: (ThinkException) 无法加载模块favicon.ico
[ 2013-05-13T19:48:38+08:00 ] ERR: (ThinkException) 无法加载模块favicon.ico
[ 2013-05-13T19:48:57+08:00 ] ERR: (ThinkException) 无法加载模块favicon.ico
[ 2013-05-13T19:48:58+08:00 ] ERR: (ThinkException) 无法加载模块favicon.ico
[ 2013-05-13T19:48:59+08:00 ] ERR: (ThinkException) 无法加载模块favicon.ico
[ 2013-05-13T19:49:02+08:00 ] ERR: (ThinkException) 无法加载模块favicon.ico
[ 2013-05-13T19:50:54+08:00 ] ERR: (ThinkException) 无法加载模块favicon.ico
[ 2013-05-13T19:50:55+08:00 ] ERR: (ThinkException) 无法加载模块favicon.ico
[ 2013-05-13T19:51:00+08:00 ] ERR: (ThinkException) 无法加载模块favicon.ico
