[ 2013-05-15T09:17:37+08:00 ] ERR: (ThinkException) 无法加载模块favicon.ico
[ 2013-05-15T09:17:41+08:00 ] ERR: (ThinkException) 无法加载模块favicon.ico
[ 2013-05-15T09:33:58+08:00 ] ERR: (ThinkException) 无法加载模块favicon.ico
[ 2013-05-15T09:33:59+08:00 ] ERR: (ThinkException) 无法加载模块layer
[ 2013-05-15T09:33:59+08:00 ] ERR: (ThinkException) 无法加载模块foot
[ 2013-05-15T09:33:59+08:00 ] ERR: (ThinkException) 无法加载模块favicon.ico
[ 2013-05-15T09:34:01+08:00 ] ERR: (ThinkException) 无法加载模块favicon.ico
[ 2013-05-15T09:34:14+08:00 ] ERR: (ThinkException) 无法加载模块favicon.ico
[ 2013-05-15T09:34:15+08:00 ] ERR: (ThinkException) 无法加载模块favicon.ico
[ 2013-05-15T09:34:18+08:00 ] ERR: (ThinkException) 无法加载模块favicon.ico
[ 2013-05-15T09:35:27+08:00 ] ERR: (ThinkException) 无法加载模块favicon.ico
[ 2013-05-15T09:35:28+08:00 ] ERR: (ThinkException) 无法加载模块favicon.ico
[ 2013-05-15T09:38:14+08:00 ] ERR: (ThinkException) 无法加载模块favicon.ico
[ 2013-05-15T09:40:31+08:00 ] ERR: (ThinkException) 无法加载模块favicon.ico
[ 2013-05-15T09:41:42+08:00 ] ERR: (ThinkException) 无法加载模块favicon.ico
[ 2013-05-15T09:43:29+08:00 ] ERR: (ThinkException) 无法加载模块favicon.ico
[ 2013-05-15T09:43:44+08:00 ] ERR: (ThinkException) 无法加载模块favicon.ico
[ 2013-05-15T09:44:43+08:00 ] ERR: (ThinkException) 无法加载模块favicon.ico
[ 2013-05-15T09:44:44+08:00 ] ERR: (ThinkException) 非法操作layer}
[ 2013-05-15T09:45:54+08:00 ] ERR: (ThinkException) 无法加载模块favicon.ico
[ 2013-05-15T09:46:00+08:00 ] ERR: (ThinkException) 无法加载模块favicon.ico
[ 2013-05-15T09:46:01+08:00 ] ERR: (ThinkException) 无法加载模块favicon.ico
[ 2013-05-15T09:46:08+08:00 ] ERR: (ThinkException) 无法加载模块favicon.ico
[ 2013-05-15T09:46:21+08:00 ] ERR: (ThinkException) 无法加载模块favicon.ico
[ 2013-05-15T09:46:31+08:00 ] ERR: (ThinkException) 无法加载模块favicon.ico
[ 2013-05-15T09:46:33+08:00 ] ERR: (ThinkException) 无法加载模块favicon.ico
[ 2013-05-15T09:47:18+08:00 ] ERR: (ThinkException) 无法加载模块favicon.ico
[ 2013-05-15T09:47:21+08:00 ] ERR: (ThinkException) 无法加载模块favicon.ico
[ 2013-05-15T09:47:21+08:00 ] ERR: (ThinkException) 非法操作layer}
[ 2013-05-15T09:47:36+08:00 ] ERR: (ThinkException) 无法加载模块favicon.ico
[ 2013-05-15T09:47:46+08:00 ] ERR: (ThinkException) 非法操作layer}
[ 2013-05-15T09:48:10+08:00 ] ERR: (ThinkException) 无法加载模块favicon.ico
[ 2013-05-15T09:50:45+08:00 ] ERR: (ThinkException) 非法操作layer}
[ 2013-05-15T09:51:33+08:00 ] ERR: (ThinkException) 无法加载模块favicon.ico
[ 2013-05-15T09:51:34+08:00 ] ERR: (ThinkException) 非法操作layer}
[ 2013-05-15T09:51:44+08:00 ] ERR: (ThinkException) 无法加载模块favicon.ico
[ 2013-05-15T09:51:44+08:00 ] ERR: (ThinkException) 非法操作layer}
[ 2013-05-15T09:51:49+08:00 ] ERR: (ThinkException) 无法加载模块favicon.ico
[ 2013-05-15T09:51:50+08:00 ] ERR: (ThinkException) 非法操作layer}
[ 2013-05-15T09:51:56+08:00 ] ERR: (ThinkException) 非法操作layer}
[ 2013-05-15T09:52:00+08:00 ] ERR: (ThinkException) 非法操作layer}
[ 2013-05-15T09:54:47+08:00 ] ERR: (ThinkException) 无法加载模块favicon.ico
[ 2013-05-15T09:54:48+08:00 ] ERR: (ThinkException) 非法操作layer}
[ 2013-05-15T09:54:50+08:00 ] ERR: (ThinkException) 无法加载模块favicon.ico
[ 2013-05-15T09:56:23+08:00 ] ERR: (ThinkException) 无法加载模块favicon.ico
[ 2013-05-15T09:56:23+08:00 ] ERR: (ThinkException) 非法操作layer}
[ 2013-05-15T09:56:43+08:00 ] ERR: (ThinkException) 无法加载模块favicon.ico
[ 2013-05-15T10:01:46+08:00 ] ERR: (ThinkException) 无法加载模块favicon.ico
[ 2013-05-15T10:02:05+08:00 ] ERR: (ThinkException) 无法加载模块favicon.ico
[ 2013-05-15T10:02:06+08:00 ] ERR: (ThinkException) 非法操作reg
[ 2013-05-15T10:02:09+08:00 ] ERR: (ThinkException) 无法加载模块favicon.ico
[ 2013-05-15T10:02:09+08:00 ] ERR: (ThinkException) 非法操作reg
[ 2013-05-15T10:02:29+08:00 ] ERR: (ThinkException) 无法加载模块favicon.ico
[ 2013-05-15T10:02:57+08:00 ] ERR: (ThinkException) 无法加载模块favicon.ico
[ 2013-05-15T10:03:07+08:00 ] ERR: (ThinkException) 无法加载模块favicon.ico
[ 2013-05-15T10:03:57+08:00 ] ERR: (ThinkException) 无法加载模块favicon.ico
[ 2013-05-15T10:04:05+08:00 ] ERR: (ThinkException) 无法加载模块favicon.ico
[ 2013-05-15T10:04:30+08:00 ] ERR: (ThinkException) 无法加载模块favicon.ico
[ 2013-05-15T10:06:42+08:00 ] ERR: (ThinkException) 无法加载模块favicon.ico
[ 2013-05-15T10:07:30+08:00 ] ERR: (ThinkException) 无法加载模块favicon.ico
[ 2013-05-15T10:07:50+08:00 ] ERR: (ThinkException) 无法加载模块favicon.ico
[ 2013-05-15T10:07:53+08:00 ] ERR: (ThinkException) 无法加载模块favicon.ico
[ 2013-05-15T10:07:56+08:00 ] ERR: (ThinkException) 无法加载模块favicon.ico
[ 2013-05-15T10:07:58+08:00 ] ERR: (ThinkException) 无法加载模块favicon.ico
[ 2013-05-15T10:08:08+08:00 ] ERR: (ThinkException) 无法加载模块favicon.ico
[ 2013-05-15T10:09:04+08:00 ] ERR: (ThinkException) 无法加载模块favicon.ico
[ 2013-05-15T10:09:29+08:00 ] ERR: (ThinkException) 无法加载模块favicon.ico
[ 2013-05-15T10:15:39+08:00 ] ERR: (ThinkException) 无法加载模块favicon.ico
[ 2013-05-15T10:15:49+08:00 ] ERR: (ThinkException) 无法加载模块favicon.ico
[ 2013-05-15T10:16:20+08:00 ] ERR: (ThinkException) 无法加载模块favicon.ico
[ 2013-05-15T10:16:44+08:00 ] ERR: (ThinkException) 无法加载模块favicon.ico
[ 2013-05-15T10:23:52+08:00 ] ERR: (ThinkException) 无法加载模块favicon.ico
[ 2013-05-15T10:24:38+08:00 ] ERR: (ThinkException) 无法加载模块favicon.ico
[ 2013-05-15T10:24:58+08:00 ] ERR: (ThinkException) 无法加载模块favicon.ico
[ 2013-05-15T10:25:18+08:00 ] ERR: (ThinkException) 无法加载模块favicon.ico
[ 2013-05-15T10:25:30+08:00 ] ERR: (ThinkException) 无法加载模块favicon.ico
[ 2013-05-15T10:25:33+08:00 ] ERR: (ThinkException) 无法加载模块favicon.ico
[ 2013-05-15T10:26:07+08:00 ] ERR: (ThinkException) 无法加载模块favicon.ico
[ 2013-05-15T10:26:20+08:00 ] ERR: (ThinkException) 无法加载模块favicon.ico
[ 2013-05-15T10:26:37+08:00 ] ERR: (ThinkException) 无法加载模块favicon.ico
[ 2013-05-15T10:26:53+08:00 ] ERR: (ThinkException) 无法加载模块favicon.ico
[ 2013-05-15T10:36:09+08:00 ] ERR: (ThinkException) 非法操作detail
[ 2013-05-15T10:36:40+08:00 ] ERR: (ThinkException) 非法操作detail
[ 2013-05-15T10:36:51+08:00 ] ERR: (ThinkException) 非法操作detail
[ 2013-05-15T10:37:00+08:00 ] ERR: (ThinkException) 非法操作detail
[ 2013-05-15T10:38:05+08:00 ] ERR: (ThinkException) 非法操作detail
[ 2013-05-15T10:38:08+08:00 ] ERR: (ThinkException) 非法操作detail
[ 2013-05-15T10:38:11+08:00 ] ERR: (ThinkException) 非法操作detail
[ 2013-05-15T10:56:57+08:00 ] ERR: (ThinkException) 无法加载模块favicon.ico
[ 2013-05-15T10:57:18+08:00 ] ERR: (ThinkException) 无法加载模块favicon.ico
[ 2013-05-15T10:57:34+08:00 ] ERR: (ThinkException) 无法加载模块favicon.ico
[ 2013-05-15T10:57:41+08:00 ] ERR: (ThinkException) 无法加载模块favicon.ico
[ 2013-05-15T10:59:38+08:00 ] ERR: (ThinkException) 无法加载模块favicon.ico
[ 2013-05-15T11:02:31+08:00 ] ERR: (ThinkException) 无法加载模块favicon.ico
[ 2013-05-15T11:03:38+08:00 ] ERR: (ThinkException) 无法加载模块favicon.ico
[ 2013-05-15T11:03:54+08:00 ] ERR: (ThinkException) 无法加载模块favicon.ico
[ 2013-05-15T11:11:21+08:00 ] ERR: (ThinkException) 无法加载模块favicon.ico
[ 2013-05-15T11:12:01+08:00 ] ERR: (ThinkException) 无法加载模块favicon.ico
[ 2013-05-15T11:12:10+08:00 ] ERR: (ThinkException) 无法加载模块favicon.ico
[ 2013-05-15T11:12:11+08:00 ] ERR: (ThinkException) 无法加载模块favicon.ico
[ 2013-05-15T11:12:12+08:00 ] ERR: (ThinkException) 无法加载模块favicon.ico
[ 2013-05-15T11:12:18+08:00 ] ERR: (ThinkException) 无法加载模块favicon.ico
[ 2013-05-15T11:12:47+08:00 ] ERR: (ThinkException) 无法加载模块favicon.ico
[ 2013-05-15T11:13:09+08:00 ] ERR: (ThinkException) 无法加载模块favicon.ico
[ 2013-05-15T11:13:13+08:00 ] ERR: (ThinkException) 无法加载模块favicon.ico
[ 2013-05-15T11:13:17+08:00 ] ERR: (ThinkException) 无法加载模块favicon.ico
[ 2013-05-15T11:13:22+08:00 ] ERR: (ThinkException) 无法加载模块favicon.ico
[ 2013-05-15T11:16:36+08:00 ] ERR: (ThinkException) 无法加载模块favicon.ico
[ 2013-05-15T11:16:37+08:00 ] ERR: (ThinkException) 无法加载模块favicon.ico
[ 2013-05-15T11:16:38+08:00 ] ERR: (ThinkException) 无法加载模块favicon.ico
[ 2013-05-15T11:20:52+08:00 ] ERR: (ThinkException) 无法加载模块favicon.ico
[ 2013-05-15T11:23:22+08:00 ] ERR: (ThinkException) 无法加载模块favicon.ico
[ 2013-05-15T11:24:08+08:00 ] ERR: (ThinkException) 无法加载模块favicon.ico
[ 2013-05-15T11:24:58+08:00 ] ERR: (ThinkException) 无法加载模块favicon.ico
[ 2013-05-15T11:25:04+08:00 ] ERR: (ThinkException) 无法加载模块favicon.ico
[ 2013-05-15T11:25:15+08:00 ] ERR: (ThinkException) 无法加载模块favicon.ico
[ 2013-05-15T11:25:23+08:00 ] ERR: (ThinkException) 无法加载模块favicon.ico
[ 2013-05-15T11:25:51+08:00 ] ERR: (ThinkException) 无法加载模块favicon.ico
[ 2013-05-15T11:27:14+08:00 ] ERR: (ThinkException) 无法加载模块favicon.ico
[ 2013-05-15T11:27:53+08:00 ] ERR: (ThinkException) 无法加载模块favicon.ico
[ 2013-05-15T11:28:12+08:00 ] ERR: (ThinkException) 无法加载模块favicon.ico
[ 2013-05-15T11:28:32+08:00 ] ERR: (ThinkException) 无法加载模块favicon.ico
[ 2013-05-15T11:30:22+08:00 ] ERR: (ThinkException) 无法加载模块favicon.ico
[ 2013-05-15T11:30:46+08:00 ] ERR: (ThinkException) 无法加载模块favicon.ico
[ 2013-05-15T11:31:05+08:00 ] ERR: (ThinkException) 无法加载模块favicon.ico
[ 2013-05-15T11:31:05+08:00 ] ERR: (ThinkException) 无法加载模块favicon.ico
[ 2013-05-15T11:31:53+08:00 ] ERR: (ThinkException) 无法加载模块favicon.ico
[ 2013-05-15T11:35:59+08:00 ] ERR: (ThinkException) 无法加载模块favicon.ico
[ 2013-05-15T11:37:43+08:00 ] ERR: (ThinkException) 无法加载模块favicon.ico
[ 2013-05-15T11:38:31+08:00 ] ERR: (ThinkException) 无法加载模块favicon.ico
[ 2013-05-15T11:40:23+08:00 ] ERR: (ThinkException) 无法加载模块favicon.ico
[ 2013-05-15T11:40:45+08:00 ] ERR: (ThinkException) 无法加载模块favicon.ico
[ 2013-05-15T11:41:04+08:00 ] ERR: (ThinkException) 无法加载模块favicon.ico
[ 2013-05-15T11:41:29+08:00 ] ERR: (ThinkException) 无法加载模块favicon.ico
[ 2013-05-15T11:41:32+08:00 ] ERR: (ThinkException) 无法加载模块favicon.ico
[ 2013-05-15T11:41:40+08:00 ] ERR: (ThinkException) 无法加载模块favicon.ico
[ 2013-05-15T11:50:23+08:00 ] ERR: (ThinkException) 无法加载模块favicon.ico
[ 2013-05-15T11:50:42+08:00 ] ERR: (ThinkException) 无法加载模块favicon.ico
[ 2013-05-15T11:51:19+08:00 ] ERR: (ThinkException) 无法加载模块favicon.ico
[ 2013-05-15T11:52:26+08:00 ] ERR: (ThinkException) 无法加载模块favicon.ico
[ 2013-05-15T11:52:27+08:00 ] ERR: (ThinkException) 无法加载模块favicon.ico
[ 2013-05-15T11:52:43+08:00 ] ERR: (ThinkException) 无法加载模块favicon.ico
[ 2013-05-15T11:52:44+08:00 ] ERR: (ThinkException) 无法加载模块favicon.ico
[ 2013-05-15T12:19:01+08:00 ] ERR: (ThinkException) 无法加载模块favicon.ico
[ 2013-05-15T12:19:45+08:00 ] ERR: (ThinkException) 无法加载模块favicon.ico
[ 2013-05-15T13:18:35+08:00 ] ERR: (ThinkException) 无法加载模块favicon.ico
[ 2013-05-15T13:19:09+08:00 ] ERR: (ThinkException) 无法加载模块favicon.ico
[ 2013-05-15T13:19:17+08:00 ] ERR: (ThinkException) 无法加载模块favicon.ico
[ 2013-05-15T13:19:23+08:00 ] ERR: (ThinkException) 无法加载模块favicon.ico
[ 2013-05-15T13:43:17+08:00 ] ERR: (ThinkException) 无法加载模块favicon.ico
[ 2013-05-15T13:43:17+08:00 ] ERR: (ThinkException) 无法加载模块favicon.ico
[ 2013-05-15T13:43:17+08:00 ] ERR: (ThinkException) 无法加载模块favicon.ico
[ 2013-05-15T14:12:56+08:00 ] ERR: (ThinkException) 无法加载模块favicon.ico
[ 2013-05-15T14:13:36+08:00 ] ERR: (ThinkException) 无法加载模块favicon.ico
[ 2013-05-15T14:13:57+08:00 ] ERR: (ThinkException) 无法加载模块favicon.ico
[ 2013-05-15T14:14:27+08:00 ] ERR: (ThinkException) 无法加载模块favicon.ico
[ 2013-05-15T14:14:57+08:00 ] ERR: (ThinkException) 无法加载模块favicon.ico
[ 2013-05-15T14:15:17+08:00 ] ERR: (ThinkException) 无法加载模块favicon.ico
[ 2013-05-15T14:16:09+08:00 ] ERR: (ThinkException) 无法加载模块favicon.ico
[ 2013-05-15T14:16:26+08:00 ] ERR: (ThinkException) 无法加载模块favicon.ico
[ 2013-05-15T14:16:43+08:00 ] ERR: (ThinkException) 无法加载模块favicon.ico
[ 2013-05-15T14:17:58+08:00 ] ERR: (ThinkException) 无法加载模块favicon.ico
[ 2013-05-15T14:18:17+08:00 ] ERR: (ThinkException) 无法加载模块favicon.ico
[ 2013-05-15T14:18:33+08:00 ] ERR: (ThinkException) 无法加载模块favicon.ico
[ 2013-05-15T14:19:18+08:00 ] ERR: (ThinkException) 无法加载模块favicon.ico
[ 2013-05-15T14:20:54+08:00 ] ERR: (ThinkException) 无法加载模块favicon.ico
[ 2013-05-15T14:21:05+08:00 ] ERR: (ThinkException) 无法加载模块favicon.ico
[ 2013-05-15T14:21:27+08:00 ] ERR: (ThinkException) 无法加载模块favicon.ico
[ 2013-05-15T14:31:22+08:00 ] ERR: (ThinkException) 无法加载模块favicon.ico
[ 2013-05-15T14:31:31+08:00 ] ERR: (ThinkException) 无法加载模块favicon.ico
[ 2013-05-15T14:31:41+08:00 ] ERR: (ThinkException) 无法加载模块favicon.ico
[ 2013-05-15T14:31:41+08:00 ] ERR: (ThinkException) 无法加载模块favicon.ico
[ 2013-05-15T14:35:28+08:00 ] ERR: (ThinkException) 无法加载模块favicon.ico
[ 2013-05-15T14:35:33+08:00 ] ERR: (ThinkException) 无法加载模块favicon.ico
[ 2013-05-15T14:35:59+08:00 ] ERR: (ThinkException) 无法加载模块favicon.ico
[ 2013-05-15T14:36:06+08:00 ] ERR: (ThinkException) 无法加载模块favicon.ico
[ 2013-05-15T14:36:07+08:00 ] ERR: (ThinkException) 无法加载模块favicon.ico
[ 2013-05-15T14:36:12+08:00 ] ERR: (ThinkException) 无法加载模块favicon.ico
[ 2013-05-15T14:36:20+08:00 ] ERR: (ThinkException) 无法加载模块favicon.ico
[ 2013-05-15T14:36:21+08:00 ] ERR: (ThinkException) 无法加载模块favicon.ico
[ 2013-05-15T14:36:23+08:00 ] ERR: (ThinkException) 无法加载模块favicon.ico
[ 2013-05-15T14:36:25+08:00 ] ERR: (ThinkException) 无法加载模块favicon.ico
[ 2013-05-15T14:36:33+08:00 ] ERR: (ThinkException) 无法加载模块favicon.ico
[ 2013-05-15T14:36:35+08:00 ] ERR: (ThinkException) 无法加载模块favicon.ico
[ 2013-05-15T14:37:23+08:00 ] ERR: (ThinkException) 无法加载模块favicon.ico
[ 2013-05-15T14:37:31+08:00 ] ERR: (ThinkException) 无法加载模块favicon.ico
[ 2013-05-15T14:37:40+08:00 ] ERR: (ThinkException) 无法加载模块favicon.ico
[ 2013-05-15T14:37:45+08:00 ] ERR: (ThinkException) 无法加载模块favicon.ico
[ 2013-05-15T14:37:49+08:00 ] ERR: (ThinkException) 无法加载模块favicon.ico
[ 2013-05-15T14:38:35+08:00 ] ERR: (ThinkException) 无法加载模块favicon.ico
[ 2013-05-15T14:38:41+08:00 ] ERR: (ThinkException) 无法加载模块favicon.ico
[ 2013-05-15T14:38:45+08:00 ] ERR: (ThinkException) 无法加载模块favicon.ico
[ 2013-05-15T14:38:50+08:00 ] ERR: (ThinkException) 无法加载模块favicon.ico
[ 2013-05-15T14:39:01+08:00 ] ERR: (ThinkException) 无法加载模块favicon.ico
[ 2013-05-15T14:39:18+08:00 ] ERR: (ThinkException) 无法加载模块favicon.ico
[ 2013-05-15T14:39:28+08:00 ] ERR: (ThinkException) 无法加载模块favicon.ico
[ 2013-05-15T14:39:53+08:00 ] ERR: (ThinkException) 无法加载模块favicon.ico
[ 2013-05-15T14:40:02+08:00 ] ERR: (ThinkException) 无法加载模块favicon.ico
[ 2013-05-15T14:40:06+08:00 ] ERR: (ThinkException) 无法加载模块favicon.ico
[ 2013-05-15T14:40:43+08:00 ] ERR: (ThinkException) 无法加载模块favicon.ico
[ 2013-05-15T14:42:33+08:00 ] ERR: (ThinkException) 无法加载模块favicon.ico
[ 2013-05-15T14:51:14+08:00 ] ERR: (ThinkException) 无法加载模块favicon.ico
[ 2013-05-15T14:51:16+08:00 ] ERR: (ThinkException) 无法加载模块favicon.ico
[ 2013-05-15T14:51:18+08:00 ] ERR: (ThinkException) 无法加载模块favicon.ico
[ 2013-05-15T14:51:20+08:00 ] ERR: (ThinkException) 无法加载模块favicon.ico
[ 2013-05-15T14:51:21+08:00 ] ERR: (ThinkException) 无法加载模块favicon.ico
[ 2013-05-15T14:51:21+08:00 ] ERR: (ThinkException) 无法加载模块favicon.ico
[ 2013-05-15T14:51:21+08:00 ] ERR: (ThinkException) 无法加载模块favicon.ico
[ 2013-05-15T14:51:24+08:00 ] ERR: (ThinkException) 无法加载模块favicon.ico
[ 2013-05-15T14:51:27+08:00 ] ERR: (ThinkException) 无法加载模块favicon.ico
[ 2013-05-15T14:51:28+08:00 ] ERR: (ThinkException) 无法加载模块favicon.ico
[ 2013-05-15T14:51:38+08:00 ] ERR: (ThinkException) 无法加载模块favicon.ico
[ 2013-05-15T14:52:23+08:00 ] ERR: (ThinkException) 无法加载模块favicon.ico
[ 2013-05-15T14:52:27+08:00 ] ERR: (ThinkException) 无法加载模块favicon.ico
[ 2013-05-15T14:53:07+08:00 ] ERR: (ThinkException) 无法加载模块favicon.ico
[ 2013-05-15T14:53:09+08:00 ] ERR: (ThinkException) 无法加载模块favicon.ico
[ 2013-05-15T14:53:41+08:00 ] ERR: (ThinkException) 无法加载模块favicon.ico
[ 2013-05-15T14:53:43+08:00 ] ERR: (ThinkException) 无法加载模块favicon.ico
[ 2013-05-15T14:53:45+08:00 ] ERR: (ThinkException) 无法加载模块favicon.ico
[ 2013-05-15T14:53:45+08:00 ] ERR: (ThinkException) 无法加载模块favicon.ico
[ 2013-05-15T14:54:21+08:00 ] ERR: (ThinkException) 无法加载模块favicon.ico
[ 2013-05-15T14:54:29+08:00 ] ERR: (ThinkException) 无法加载模块favicon.ico
[ 2013-05-15T14:54:31+08:00 ] ERR: (ThinkException) 无法加载模块favicon.ico
[ 2013-05-15T14:54:45+08:00 ] ERR: (ThinkException) 无法加载模块favicon.ico
[ 2013-05-15T14:55:26+08:00 ] ERR: (ThinkException) 无法加载模块favicon.ico
[ 2013-05-15T14:57:30+08:00 ] ERR: (ThinkException) 无法加载模块favicon.ico
[ 2013-05-15T14:57:35+08:00 ] ERR: (ThinkException) 无法加载模块favicon.ico
[ 2013-05-15T14:57:41+08:00 ] ERR: (ThinkException) 无法加载模块favicon.ico
[ 2013-05-15T14:57:44+08:00 ] ERR: (ThinkException) 无法加载模块favicon.ico
[ 2013-05-15T14:57:48+08:00 ] ERR: (ThinkException) 无法加载模块favicon.ico
[ 2013-05-15T14:59:20+08:00 ] ERR: (ThinkException) 无法加载模块favicon.ico
[ 2013-05-15T14:59:26+08:00 ] ERR: (ThinkException) 无法加载模块favicon.ico
[ 2013-05-15T14:59:43+08:00 ] ERR: (ThinkException) 无法加载模块favicon.ico
[ 2013-05-15T14:59:51+08:00 ] ERR: (ThinkException) 无法加载模块favicon.ico
[ 2013-05-15T15:06:56+08:00 ] ERR: (ThinkException) 无法加载模块favicon.ico
[ 2013-05-15T15:07:05+08:00 ] ERR: (ThinkException) 无法加载模块favicon.ico
[ 2013-05-15T15:07:10+08:00 ] ERR: (ThinkException) 无法加载模块favicon.ico
[ 2013-05-15T15:07:13+08:00 ] ERR: (ThinkException) 无法加载模块favicon.ico
[ 2013-05-15T15:11:29+08:00 ] ERR: (ThinkException) 无法加载模块favicon.ico
[ 2013-05-15T15:11:57+08:00 ] ERR: (ThinkException) 无法加载模块favicon.ico
[ 2013-05-15T15:15:08+08:00 ] ERR: (ThinkException) 无法加载模块favicon.ico
[ 2013-05-15T15:15:20+08:00 ] ERR: (ThinkException) 无法加载模块favicon.ico
[ 2013-05-15T15:15:21+08:00 ] ERR: (ThinkException) 无法加载模块favicon.ico
[ 2013-05-15T15:15:32+08:00 ] ERR: (ThinkException) 无法加载模块favicon.ico
[ 2013-05-15T15:15:33+08:00 ] ERR: (ThinkException) 无法加载模块favicon.ico
[ 2013-05-15T15:15:37+08:00 ] ERR: (ThinkException) 无法加载模块favicon.ico
[ 2013-05-15T15:15:49+08:00 ] ERR: (ThinkException) 无法加载模块favicon.ico
[ 2013-05-15T15:15:49+08:00 ] ERR: (ThinkException) 无法加载模块favicon.ico
[ 2013-05-15T15:16:01+08:00 ] ERR: (ThinkException) 无法加载模块favicon.ico
[ 2013-05-15T15:16:15+08:00 ] ERR: (ThinkException) 无法加载模块favicon.ico
[ 2013-05-15T15:16:26+08:00 ] ERR: (ThinkException) 无法加载模块favicon.ico
[ 2013-05-15T15:16:43+08:00 ] ERR: (ThinkException) 无法加载模块favicon.ico
[ 2013-05-15T15:18:02+08:00 ] ERR: (ThinkException) 无法加载模块favicon.ico
[ 2013-05-15T15:18:03+08:00 ] ERR: (ThinkException) 无法加载模块favicon.ico
[ 2013-05-15T15:18:03+08:00 ] ERR: (ThinkException) 无法加载模块favicon.ico
[ 2013-05-15T15:18:03+08:00 ] ERR: (ThinkException) 无法加载模块favicon.ico
[ 2013-05-15T15:18:04+08:00 ] ERR: (ThinkException) 无法加载模块favicon.ico
[ 2013-05-15T15:18:04+08:00 ] ERR: (ThinkException) 无法加载模块favicon.ico
[ 2013-05-15T15:18:04+08:00 ] ERR: (ThinkException) 无法加载模块favicon.ico
[ 2013-05-15T15:18:04+08:00 ] ERR: (ThinkException) 无法加载模块favicon.ico
[ 2013-05-15T15:18:04+08:00 ] ERR: (ThinkException) 无法加载模块favicon.ico
[ 2013-05-15T15:18:04+08:00 ] ERR: (ThinkException) 无法加载模块favicon.ico
[ 2013-05-15T15:18:05+08:00 ] ERR: (ThinkException) 无法加载模块favicon.ico
[ 2013-05-15T15:18:17+08:00 ] ERR: (ThinkException) 无法加载模块favicon.ico
[ 2013-05-15T15:18:21+08:00 ] ERR: (ThinkException) 无法加载模块favicon.ico
[ 2013-05-15T15:18:23+08:00 ] ERR: (ThinkException) 无法加载模块favicon.ico
[ 2013-05-15T15:18:24+08:00 ] ERR: (ThinkException) 无法加载模块favicon.ico
[ 2013-05-15T15:19:00+08:00 ] ERR: (ThinkException) 无法加载模块favicon.ico
[ 2013-05-15T15:19:13+08:00 ] ERR: (ThinkException) 无法加载模块favicon.ico
[ 2013-05-15T15:19:29+08:00 ] ERR: (ThinkException) 无法加载模块favicon.ico
[ 2013-05-15T15:20:03+08:00 ] ERR: (ThinkException) 无法加载模块favicon.ico
[ 2013-05-15T15:20:07+08:00 ] ERR: (ThinkException) 无法加载模块favicon.ico
[ 2013-05-15T15:24:43+08:00 ] ERR: (ThinkException) 无法加载模块favicon.ico
[ 2013-05-15T15:27:53+08:00 ] ERR: (ThinkException) 无法加载模块favicon.ico
[ 2013-05-15T15:27:54+08:00 ] ERR: (ThinkException) 无法加载模块favicon.ico
[ 2013-05-15T15:28:48+08:00 ] ERR: (ThinkException) 无法加载模块favicon.ico
[ 2013-05-15T15:28:48+08:00 ] ERR: (ThinkException) 无法加载模块favicon.ico
[ 2013-05-15T15:29:59+08:00 ] ERR: (ThinkException) 无法加载模块favicon.ico
[ 2013-05-15T15:30:00+08:00 ] ERR: (ThinkException) 无法加载模块favicon.ico
[ 2013-05-15T15:30:19+08:00 ] ERR: (ThinkException) 无法加载模块favicon.ico
[ 2013-05-15T15:30:20+08:00 ] ERR: (ThinkException) 无法加载模块favicon.ico
[ 2013-05-15T15:30:24+08:00 ] ERR: (ThinkException) 无法加载模块favicon.ico
[ 2013-05-15T15:30:26+08:00 ] ERR: (ThinkException) 无法加载模块favicon.ico
[ 2013-05-15T15:30:32+08:00 ] ERR: (ThinkException) 无法加载模块favicon.ico
[ 2013-05-15T15:30:52+08:00 ] ERR: (ThinkException) 无法加载模块favicon.ico
[ 2013-05-15T15:30:52+08:00 ] ERR: (ThinkException) 无法加载模块favicon.ico
[ 2013-05-15T15:35:20+08:00 ] ERR: (ThinkException) 无法加载模块favicon.ico
[ 2013-05-15T15:35:31+08:00 ] ERR: (ThinkException) 无法加载模块favicon.ico
[ 2013-05-15T15:35:31+08:00 ] ERR: (ThinkException) 无法加载模块favicon.ico
[ 2013-05-15T15:38:12+08:00 ] ERR: (ThinkException) 无法加载模块favicon.ico
[ 2013-05-15T15:38:13+08:00 ] ERR: (ThinkException) 无法加载模块favicon.ico
[ 2013-05-15T15:38:46+08:00 ] ERR: (ThinkException) 无法加载模块favicon.ico
[ 2013-05-15T15:38:48+08:00 ] ERR: (ThinkException) 无法加载模块favicon.ico
[ 2013-05-15T15:39:48+08:00 ] ERR: (ThinkException) 无法加载模块favicon.ico
[ 2013-05-15T15:39:52+08:00 ] ERR: (ThinkException) 无法加载模块favicon.ico
[ 2013-05-15T15:40:07+08:00 ] ERR: (ThinkException) 无法加载模块favicon.ico
[ 2013-05-15T15:40:08+08:00 ] ERR: (ThinkException) 无法加载模块favicon.ico
[ 2013-05-15T15:40:19+08:00 ] ERR: (ThinkException) 无法加载模块favicon.ico
[ 2013-05-15T15:52:47+08:00 ] ERR: (ThinkException) 无法加载模块favicon.ico
[ 2013-05-15T15:52:48+08:00 ] ERR: (ThinkException) 无法加载模块favicon.ico
[ 2013-05-15T15:54:12+08:00 ] ERR: (ThinkException) 无法加载模块favicon.ico
[ 2013-05-15T15:54:13+08:00 ] ERR: (ThinkException) 无法加载模块favicon.ico
[ 2013-05-15T15:56:21+08:00 ] ERR: (ThinkException) 无法加载模块favicon.ico
[ 2013-05-15T15:56:22+08:00 ] ERR: (ThinkException) 无法加载模块favicon.ico
[ 2013-05-15T15:59:47+08:00 ] ERR: (ThinkException) 无法加载模块favicon.ico
[ 2013-05-15T16:00:16+08:00 ] ERR: (ThinkException) 无法加载模块favicon.ico
[ 2013-05-15T16:02:45+08:00 ] ERR: (ThinkException) 无法加载模块favicon.ico
[ 2013-05-15T16:02:51+08:00 ] ERR: (ThinkException) 无法加载模块favicon.ico
[ 2013-05-15T16:05:19+08:00 ] ERR: (ThinkException) 无法加载模块favicon.ico
[ 2013-05-15T16:12:34+08:00 ] ERR: (ThinkException) 无法加载模块favicon.ico
[ 2013-05-15T16:15:23+08:00 ] ERR: (ThinkException) 无法加载模块favicon.ico
[ 2013-05-15T16:16:40+08:00 ] ERR: (ThinkException) 无法加载模块favicon.ico
[ 2013-05-15T16:16:50+08:00 ] ERR: (ThinkException) 无法加载模块favicon.ico
[ 2013-05-15T16:16:50+08:00 ] ERR: (ThinkException) 无法加载模块favicon.ico
[ 2013-05-15T16:16:51+08:00 ] ERR: (ThinkException) 无法加载模块favicon.ico
[ 2013-05-15T16:16:53+08:00 ] ERR: (ThinkException) 无法加载模块favicon.ico
[ 2013-05-15T16:16:57+08:00 ] ERR: (ThinkException) 无法加载模块favicon.ico
[ 2013-05-15T16:16:58+08:00 ] ERR: (ThinkException) 无法加载模块favicon.ico
[ 2013-05-15T16:17:15+08:00 ] ERR: (ThinkException) 无法加载模块favicon.ico
[ 2013-05-15T16:17:16+08:00 ] ERR: (ThinkException) 无法加载模块favicon.ico
[ 2013-05-15T16:17:18+08:00 ] ERR: (ThinkException) 无法加载模块favicon.ico
[ 2013-05-15T16:17:21+08:00 ] ERR: (ThinkException) 无法加载模块favicon.ico
[ 2013-05-15T16:17:23+08:00 ] ERR: (ThinkException) 无法加载模块favicon.ico
[ 2013-05-15T16:17:29+08:00 ] ERR: (ThinkException) 无法加载模块favicon.ico
[ 2013-05-15T16:17:31+08:00 ] ERR: (ThinkException) 无法加载模块favicon.ico
[ 2013-05-15T16:17:46+08:00 ] ERR: (ThinkException) 无法加载模块favicon.ico
[ 2013-05-15T16:17:46+08:00 ] ERR: (ThinkException) 无法加载模块favicon.ico
[ 2013-05-15T16:17:47+08:00 ] ERR: (ThinkException) 无法加载模块favicon.ico
[ 2013-05-15T16:17:48+08:00 ] ERR: (ThinkException) 无法加载模块favicon.ico
[ 2013-05-15T16:17:49+08:00 ] ERR: (ThinkException) 无法加载模块favicon.ico
[ 2013-05-15T16:17:49+08:00 ] ERR: (ThinkException) 无法加载模块favicon.ico
[ 2013-05-15T16:17:49+08:00 ] ERR: (ThinkException) 无法加载模块favicon.ico
[ 2013-05-15T16:18:29+08:00 ] ERR: (ThinkException) 无法加载模块favicon.ico
[ 2013-05-15T16:18:30+08:00 ] ERR: (ThinkException) 无法加载模块favicon.ico
[ 2013-05-15T16:18:30+08:00 ] ERR: (ThinkException) 无法加载模块favicon.ico
[ 2013-05-15T16:18:46+08:00 ] ERR: (ThinkException) 无法加载模块favicon.ico
[ 2013-05-15T16:18:47+08:00 ] ERR: (ThinkException) 无法加载模块favicon.ico
[ 2013-05-15T16:18:48+08:00 ] ERR: (ThinkException) 无法加载模块favicon.ico
[ 2013-05-15T16:18:49+08:00 ] ERR: (ThinkException) 无法加载模块favicon.ico
[ 2013-05-15T16:18:49+08:00 ] ERR: (ThinkException) 无法加载模块favicon.ico
[ 2013-05-15T16:18:49+08:00 ] ERR: (ThinkException) 无法加载模块favicon.ico
[ 2013-05-15T16:18:49+08:00 ] ERR: (ThinkException) 无法加载模块favicon.ico
[ 2013-05-15T16:19:32+08:00 ] ERR: (ThinkException) 无法加载模块favicon.ico
[ 2013-05-15T16:19:33+08:00 ] ERR: (ThinkException) 无法加载模块favicon.ico
[ 2013-05-15T16:19:34+08:00 ] ERR: (ThinkException) 无法加载模块favicon.ico
[ 2013-05-15T16:19:35+08:00 ] ERR: (ThinkException) 无法加载模块favicon.ico
[ 2013-05-15T16:19:35+08:00 ] ERR: (ThinkException) 无法加载模块favicon.ico
[ 2013-05-15T16:19:35+08:00 ] ERR: (ThinkException) 无法加载模块favicon.ico
[ 2013-05-15T16:19:36+08:00 ] ERR: (ThinkException) 无法加载模块favicon.ico
[ 2013-05-15T16:19:36+08:00 ] ERR: (ThinkException) 无法加载模块favicon.ico
[ 2013-05-15T16:19:36+08:00 ] ERR: (ThinkException) 无法加载模块favicon.ico
[ 2013-05-15T16:19:36+08:00 ] ERR: (ThinkException) 无法加载模块favicon.ico
[ 2013-05-15T16:19:37+08:00 ] ERR: (ThinkException) 无法加载模块favicon.ico
[ 2013-05-15T16:19:45+08:00 ] ERR: (ThinkException) 无法加载模块favicon.ico
[ 2013-05-15T16:19:46+08:00 ] ERR: (ThinkException) 无法加载模块favicon.ico
[ 2013-05-15T16:19:47+08:00 ] ERR: (ThinkException) 无法加载模块favicon.ico
[ 2013-05-15T16:19:48+08:00 ] ERR: (ThinkException) 无法加载模块favicon.ico
[ 2013-05-15T16:22:04+08:00 ] ERR: (ThinkException) 无法加载模块favicon.ico
[ 2013-05-15T16:22:06+08:00 ] ERR: (ThinkException) 无法加载模块favicon.ico
[ 2013-05-15T16:22:07+08:00 ] ERR: (ThinkException) 无法加载模块favicon.ico
[ 2013-05-15T16:22:13+08:00 ] ERR: (ThinkException) 无法加载模块favicon.ico
[ 2013-05-15T16:22:16+08:00 ] ERR: (ThinkException) 无法加载模块favicon.ico
[ 2013-05-15T16:22:16+08:00 ] ERR: (ThinkException) 无法加载模块favicon.ico
[ 2013-05-15T16:22:18+08:00 ] ERR: (ThinkException) 无法加载模块favicon.ico
[ 2013-05-15T16:23:30+08:00 ] ERR: (ThinkException) 无法加载模块favicon.ico
[ 2013-05-15T16:23:30+08:00 ] ERR: (ThinkException) 无法加载模块favicon.ico
[ 2013-05-15T16:23:31+08:00 ] ERR: (ThinkException) 无法加载模块favicon.ico
[ 2013-05-15T16:23:32+08:00 ] ERR: (ThinkException) 无法加载模块favicon.ico
[ 2013-05-15T16:23:32+08:00 ] ERR: (ThinkException) 无法加载模块favicon.ico
[ 2013-05-15T16:23:33+08:00 ] ERR: (ThinkException) 无法加载模块favicon.ico
[ 2013-05-15T16:23:43+08:00 ] ERR: (ThinkException) 无法加载模块favicon.ico
[ 2013-05-15T16:23:44+08:00 ] ERR: (ThinkException) 无法加载模块favicon.ico
[ 2013-05-15T16:23:45+08:00 ] ERR: (ThinkException) 无法加载模块favicon.ico
[ 2013-05-15T16:23:46+08:00 ] ERR: (ThinkException) 无法加载模块favicon.ico
[ 2013-05-15T16:23:46+08:00 ] ERR: (ThinkException) 无法加载模块favicon.ico
[ 2013-05-15T16:23:46+08:00 ] ERR: (ThinkException) 无法加载模块favicon.ico
[ 2013-05-15T16:24:03+08:00 ] ERR: (ThinkException) 无法加载模块favicon.ico
[ 2013-05-15T16:24:04+08:00 ] ERR: (ThinkException) 无法加载模块favicon.ico
[ 2013-05-15T16:24:06+08:00 ] ERR: (ThinkException) 无法加载模块favicon.ico
[ 2013-05-15T16:24:11+08:00 ] ERR: (ThinkException) 无法加载模块favicon.ico
[ 2013-05-15T16:24:11+08:00 ] ERR: (ThinkException) 无法加载模块favicon.ico
[ 2013-05-15T16:24:13+08:00 ] ERR: (ThinkException) 无法加载模块favicon.ico
[ 2013-05-15T16:24:19+08:00 ] ERR: (ThinkException) 无法加载模块favicon.ico
[ 2013-05-15T16:24:20+08:00 ] ERR: (ThinkException) 无法加载模块favicon.ico
[ 2013-05-15T16:24:20+08:00 ] ERR: (ThinkException) 无法加载模块favicon.ico
[ 2013-05-15T16:24:20+08:00 ] ERR: (ThinkException) 无法加载模块favicon.ico
[ 2013-05-15T16:24:21+08:00 ] ERR: (ThinkException) 无法加载模块favicon.ico
[ 2013-05-15T16:24:22+08:00 ] ERR: (ThinkException) 无法加载模块favicon.ico
[ 2013-05-15T16:24:22+08:00 ] ERR: (ThinkException) 无法加载模块favicon.ico
[ 2013-05-15T16:24:22+08:00 ] ERR: (ThinkException) 无法加载模块favicon.ico
[ 2013-05-15T16:25:04+08:00 ] ERR: (ThinkException) 无法加载模块favicon.ico
[ 2013-05-15T16:25:05+08:00 ] ERR: (ThinkException) 无法加载模块favicon.ico
[ 2013-05-15T16:25:06+08:00 ] ERR: (ThinkException) 无法加载模块favicon.ico
[ 2013-05-15T16:25:14+08:00 ] ERR: (ThinkException) 无法加载模块favicon.ico
[ 2013-05-15T16:25:15+08:00 ] ERR: (ThinkException) 无法加载模块favicon.ico
[ 2013-05-15T16:25:16+08:00 ] ERR: (ThinkException) 无法加载模块favicon.ico
[ 2013-05-15T16:25:51+08:00 ] ERR: (ThinkException) 无法加载模块favicon.ico
[ 2013-05-15T16:25:51+08:00 ] ERR: (ThinkException) 无法加载模块favicon.ico
[ 2013-05-15T16:25:52+08:00 ] ERR: (ThinkException) 无法加载模块favicon.ico
[ 2013-05-15T16:27:01+08:00 ] ERR: (ThinkException) 无法加载模块favicon.ico
[ 2013-05-15T16:27:01+08:00 ] ERR: (ThinkException) 无法加载模块favicon.ico
[ 2013-05-15T16:27:04+08:00 ] ERR: (ThinkException) 无法加载模块favicon.ico
[ 2013-05-15T16:27:05+08:00 ] ERR: (ThinkException) 无法加载模块favicon.ico
[ 2013-05-15T16:27:05+08:00 ] ERR: (ThinkException) 无法加载模块favicon.ico
[ 2013-05-15T16:27:05+08:00 ] ERR: (ThinkException) 无法加载模块favicon.ico
[ 2013-05-15T16:27:25+08:00 ] ERR: (ThinkException) 无法加载模块favicon.ico
[ 2013-05-15T16:27:26+08:00 ] ERR: (ThinkException) 无法加载模块favicon.ico
[ 2013-05-15T16:27:27+08:00 ] ERR: (ThinkException) 无法加载模块favicon.ico
[ 2013-05-15T16:27:27+08:00 ] ERR: (ThinkException) 无法加载模块favicon.ico
[ 2013-05-15T16:27:27+08:00 ] ERR: (ThinkException) 无法加载模块favicon.ico
[ 2013-05-15T16:27:27+08:00 ] ERR: (ThinkException) 无法加载模块favicon.ico
[ 2013-05-15T16:27:37+08:00 ] ERR: (ThinkException) 无法加载模块favicon.ico
[ 2013-05-15T16:27:38+08:00 ] ERR: (ThinkException) 无法加载模块favicon.ico
[ 2013-05-15T16:27:39+08:00 ] ERR: (ThinkException) 无法加载模块favicon.ico
[ 2013-05-15T16:27:40+08:00 ] ERR: (ThinkException) 无法加载模块favicon.ico
[ 2013-05-15T16:27:40+08:00 ] ERR: (ThinkException) 无法加载模块favicon.ico
[ 2013-05-15T16:27:40+08:00 ] ERR: (ThinkException) 无法加载模块favicon.ico
[ 2013-05-15T16:27:40+08:00 ] ERR: (ThinkException) 无法加载模块favicon.ico
[ 2013-05-15T16:27:41+08:00 ] ERR: (ThinkException) 无法加载模块favicon.ico
[ 2013-05-15T16:27:41+08:00 ] ERR: (ThinkException) 无法加载模块favicon.ico
[ 2013-05-15T16:27:41+08:00 ] ERR: (ThinkException) 无法加载模块favicon.ico
[ 2013-05-15T16:27:42+08:00 ] ERR: (ThinkException) 无法加载模块favicon.ico
[ 2013-05-15T16:27:42+08:00 ] ERR: (ThinkException) 无法加载模块favicon.ico
[ 2013-05-15T16:27:43+08:00 ] ERR: (ThinkException) 无法加载模块favicon.ico
[ 2013-05-15T16:27:43+08:00 ] ERR: (ThinkException) 无法加载模块favicon.ico
[ 2013-05-15T16:27:44+08:00 ] ERR: (ThinkException) 无法加载模块favicon.ico
[ 2013-05-15T16:27:44+08:00 ] ERR: (ThinkException) 无法加载模块favicon.ico
[ 2013-05-15T16:28:17+08:00 ] ERR: (ThinkException) 无法加载模块favicon.ico
[ 2013-05-15T16:28:17+08:00 ] ERR: (ThinkException) 无法加载模块favicon.ico
[ 2013-05-15T16:28:18+08:00 ] ERR: (ThinkException) 无法加载模块favicon.ico
[ 2013-05-15T16:28:23+08:00 ] ERR: (ThinkException) 无法加载模块favicon.ico
[ 2013-05-15T16:28:24+08:00 ] ERR: (ThinkException) 无法加载模块favicon.ico
[ 2013-05-15T16:28:24+08:00 ] ERR: (ThinkException) 无法加载模块favicon.ico
[ 2013-05-15T16:28:25+08:00 ] ERR: (ThinkException) 无法加载模块favicon.ico
[ 2013-05-15T16:28:25+08:00 ] ERR: (ThinkException) 无法加载模块favicon.ico
[ 2013-05-15T16:28:25+08:00 ] ERR: (ThinkException) 无法加载模块favicon.ico
[ 2013-05-15T16:28:41+08:00 ] ERR: (ThinkException) 无法加载模块favicon.ico
[ 2013-05-15T16:28:41+08:00 ] ERR: (ThinkException) 无法加载模块favicon.ico
[ 2013-05-15T16:28:42+08:00 ] ERR: (ThinkException) 无法加载模块favicon.ico
[ 2013-05-15T16:28:49+08:00 ] ERR: (ThinkException) 无法加载模块favicon.ico
[ 2013-05-15T16:28:50+08:00 ] ERR: (ThinkException) 无法加载模块favicon.ico
[ 2013-05-15T16:28:57+08:00 ] ERR: (ThinkException) 无法加载模块favicon.ico
[ 2013-05-15T16:28:57+08:00 ] ERR: (ThinkException) 无法加载模块favicon.ico
[ 2013-05-15T16:29:07+08:00 ] ERR: (ThinkException) 无法加载模块favicon.ico
[ 2013-05-15T16:29:07+08:00 ] ERR: (ThinkException) 无法加载模块favicon.ico
[ 2013-05-15T16:29:08+08:00 ] ERR: (ThinkException) 无法加载模块favicon.ico
[ 2013-05-15T16:30:47+08:00 ] ERR: (ThinkException) 无法加载模块favicon.ico
[ 2013-05-15T16:30:48+08:00 ] ERR: (ThinkException) 无法加载模块favicon.ico
[ 2013-05-15T16:33:21+08:00 ] ERR: (ThinkException) 无法加载模块favicon.ico
[ 2013-05-15T16:33:22+08:00 ] ERR: (ThinkException) 无法加载模块favicon.ico
[ 2013-05-15T16:35:34+08:00 ] ERR: (ThinkException) 无法加载模块favicon.ico
[ 2013-05-15T16:35:34+08:00 ] ERR: (ThinkException) 无法加载模块favicon.ico
[ 2013-05-15T16:36:03+08:00 ] ERR: (ThinkException) 无法加载模块favicon.ico
[ 2013-05-15T16:36:25+08:00 ] ERR: (ThinkException) 无法加载模块favicon.ico
[ 2013-05-15T16:47:26+08:00 ] ERR: (ThinkException) 无法加载模块favicon.ico
[ 2013-05-15T16:47:29+08:00 ] ERR: (ThinkException) 无法加载模块favicon.ico
[ 2013-05-15T16:47:46+08:00 ] ERR: (ThinkException) 无法加载模块favicon.ico
[ 2013-05-15T16:47:54+08:00 ] ERR: (ThinkException) 无法加载模块favicon.ico
[ 2013-05-15T16:48:18+08:00 ] ERR: (ThinkException) 无法加载模块favicon.ico
[ 2013-05-15T16:48:24+08:00 ] ERR: (ThinkException) 无法加载模块favicon.ico
[ 2013-05-15T16:48:45+08:00 ] ERR: (ThinkException) 无法加载模块favicon.ico
[ 2013-05-15T16:54:24+08:00 ] ERR: (ThinkException) 无法加载模块favicon.ico
[ 2013-05-15T16:54:24+08:00 ] ERR: (ThinkException) 无法加载模块favicon.ico
[ 2013-05-15T16:54:43+08:00 ] ERR: (ThinkException) 无法加载模块favicon.ico
[ 2013-05-15T16:55:04+08:00 ] ERR: (ThinkException) 无法加载模块favicon.ico
[ 2013-05-15T16:55:04+08:00 ] ERR: (ThinkException) 无法加载模块favicon.ico
[ 2013-05-15T16:55:22+08:00 ] ERR: (ThinkException) 无法加载模块favicon.ico
[ 2013-05-15T16:55:29+08:00 ] ERR: (ThinkException) 无法加载模块favicon.ico
[ 2013-05-15T16:55:40+08:00 ] ERR: (ThinkException) 无法加载模块favicon.ico
[ 2013-05-15T16:55:40+08:00 ] ERR: (ThinkException) 无法加载模块favicon.ico
[ 2013-05-15T16:55:51+08:00 ] ERR: (ThinkException) 无法加载模块favicon.ico
[ 2013-05-15T17:09:22+08:00 ] ERR: (ThinkException) 无法加载模块favicon.ico
[ 2013-05-15T17:09:23+08:00 ] ERR: (ThinkException) 无法加载模块favicon.ico
[ 2013-05-15T17:09:23+08:00 ] ERR: (ThinkException) 无法加载模块favicon.ico
[ 2013-05-15T17:09:44+08:00 ] ERR: (ThinkException) 无法加载模块favicon.ico
[ 2013-05-15T17:09:46+08:00 ] ERR: (ThinkException) 无法加载模块favicon.ico
[ 2013-05-15T17:10:03+08:00 ] ERR: (ThinkException) 无法加载模块favicon.ico
[ 2013-05-15T17:10:04+08:00 ] ERR: (ThinkException) 无法加载模块favicon.ico
[ 2013-05-15T17:10:24+08:00 ] ERR: (ThinkException) 无法加载模块favicon.ico
[ 2013-05-15T17:10:38+08:00 ] ERR: (ThinkException) 无法加载模块favicon.ico
[ 2013-05-15T17:10:42+08:00 ] ERR: (ThinkException) 无法加载模块favicon.ico
[ 2013-05-15T17:10:47+08:00 ] ERR: (ThinkException) 无法加载模块favicon.ico
[ 2013-05-15T17:10:48+08:00 ] ERR: (ThinkException) 无法加载模块favicon.ico
[ 2013-05-15T17:10:57+08:00 ] ERR: (ThinkException) 无法加载模块favicon.ico
[ 2013-05-15T17:11:40+08:00 ] ERR: (ThinkException) 无法加载模块favicon.ico
[ 2013-05-15T17:13:11+08:00 ] ERR: (ThinkException) 无法加载模块favicon.ico
[ 2013-05-15T17:13:15+08:00 ] ERR: (ThinkException) 无法加载模块favicon.ico
[ 2013-05-15T17:13:19+08:00 ] ERR: (ThinkException) 无法加载模块favicon.ico
[ 2013-05-15T17:13:20+08:00 ] ERR: (ThinkException) 无法加载模块favicon.ico
[ 2013-05-15T17:13:20+08:00 ] ERR: (ThinkException) 无法加载模块favicon.ico
[ 2013-05-15T17:13:21+08:00 ] ERR: (ThinkException) 无法加载模块favicon.ico
[ 2013-05-15T17:13:30+08:00 ] ERR: (ThinkException) 无法加载模块favicon.ico
[ 2013-05-15T17:16:23+08:00 ] ERR: (ThinkException) 无法加载模块favicon.ico
[ 2013-05-15T17:16:24+08:00 ] ERR: (ThinkException) 无法加载模块favicon.ico
[ 2013-05-15T17:16:34+08:00 ] ERR: (ThinkException) 无法加载模块favicon.ico
[ 2013-05-15T17:17:15+08:00 ] ERR: (ThinkException) 无法加载模块favicon.ico
[ 2013-05-15T17:17:20+08:00 ] ERR: (ThinkException) 无法加载模块favicon.ico
[ 2013-05-15T17:17:40+08:00 ] ERR: (ThinkException) 无法加载模块favicon.ico
[ 2013-05-15T17:20:00+08:00 ] ERR: (ThinkException) 无法加载模块favicon.ico
[ 2013-05-15T17:20:02+08:00 ] ERR: (ThinkException) 无法加载模块favicon.ico
[ 2013-05-15T17:20:29+08:00 ] ERR: (ThinkException) 无法加载模块favicon.ico
[ 2013-05-15T17:20:31+08:00 ] ERR: (ThinkException) 无法加载模块favicon.ico
[ 2013-05-15T17:20:31+08:00 ] ERR: (ThinkException) 无法加载模块favicon.ico
[ 2013-05-15T17:20:41+08:00 ] ERR: (ThinkException) 无法加载模块favicon.ico
[ 2013-05-15T17:20:51+08:00 ] ERR: (ThinkException) 无法加载模块favicon.ico
[ 2013-05-15T17:20:55+08:00 ] ERR: (ThinkException) 无法加载模块favicon.ico
[ 2013-05-15T17:20:56+08:00 ] ERR: (ThinkException) 无法加载模块favicon.ico
[ 2013-05-15T17:20:57+08:00 ] ERR: (ThinkException) 无法加载模块favicon.ico
[ 2013-05-15T17:21:28+08:00 ] ERR: (ThinkException) 无法加载模块favicon.ico
[ 2013-05-15T17:21:37+08:00 ] ERR: (ThinkException) 无法加载模块favicon.ico
[ 2013-05-15T17:21:38+08:00 ] ERR: (ThinkException) 无法加载模块favicon.ico
[ 2013-05-15T17:21:38+08:00 ] ERR: (ThinkException) 无法加载模块favicon.ico
[ 2013-05-15T17:21:39+08:00 ] ERR: (ThinkException) 无法加载模块favicon.ico
[ 2013-05-15T17:21:53+08:00 ] ERR: (ThinkException) 无法加载模块favicon.ico
[ 2013-05-15T17:21:54+08:00 ] ERR: (ThinkException) 无法加载模块favicon.ico
[ 2013-05-15T17:21:56+08:00 ] ERR: (ThinkException) 无法加载模块favicon.ico
[ 2013-05-15T17:21:57+08:00 ] ERR: (ThinkException) 无法加载模块favicon.ico
[ 2013-05-15T17:22:05+08:00 ] ERR: (ThinkException) 无法加载模块favicon.ico
[ 2013-05-15T17:22:05+08:00 ] ERR: (ThinkException) 无法加载模块favicon.ico
[ 2013-05-15T17:22:51+08:00 ] ERR: (ThinkException) 无法加载模块favicon.ico
[ 2013-05-15T17:22:52+08:00 ] ERR: (ThinkException) 无法加载模块favicon.ico
[ 2013-05-15T17:22:52+08:00 ] ERR: (ThinkException) 无法加载模块favicon.ico
[ 2013-05-15T17:23:27+08:00 ] ERR: (ThinkException) 无法加载模块favicon.ico
[ 2013-05-15T17:23:28+08:00 ] ERR: (ThinkException) 无法加载模块favicon.ico
[ 2013-05-15T17:23:28+08:00 ] ERR: (ThinkException) 无法加载模块favicon.ico
[ 2013-05-15T17:23:28+08:00 ] ERR: (ThinkException) 无法加载模块favicon.ico
[ 2013-05-15T17:23:41+08:00 ] ERR: (ThinkException) 无法加载模块favicon.ico
[ 2013-05-15T17:23:42+08:00 ] ERR: (ThinkException) 无法加载模块favicon.ico
[ 2013-05-15T17:25:24+08:00 ] ERR: (ThinkException) 无法加载模块favicon.ico
[ 2013-05-15T17:25:25+08:00 ] ERR: (ThinkException) 无法加载模块favicon.ico
[ 2013-05-15T17:25:25+08:00 ] ERR: (ThinkException) 无法加载模块favicon.ico
[ 2013-05-15T17:25:52+08:00 ] ERR: (ThinkException) 无法加载模块favicon.ico
[ 2013-05-15T17:25:52+08:00 ] ERR: (ThinkException) 无法加载模块favicon.ico
[ 2013-05-15T17:25:53+08:00 ] ERR: (ThinkException) 无法加载模块favicon.ico
[ 2013-05-15T17:25:59+08:00 ] ERR: (ThinkException) 无法加载模块favicon.ico
[ 2013-05-15T17:26:00+08:00 ] ERR: (ThinkException) 无法加载模块favicon.ico
[ 2013-05-15T17:26:06+08:00 ] ERR: (ThinkException) 无法加载模块favicon.ico
[ 2013-05-15T17:26:06+08:00 ] ERR: (ThinkException) 无法加载模块favicon.ico
[ 2013-05-15T17:27:06+08:00 ] ERR: (ThinkException) 无法加载模块favicon.ico
[ 2013-05-15T17:27:07+08:00 ] ERR: (ThinkException) 无法加载模块favicon.ico
[ 2013-05-15T17:27:07+08:00 ] ERR: (ThinkException) 无法加载模块favicon.ico
[ 2013-05-15T17:27:07+08:00 ] ERR: (ThinkException) 无法加载模块favicon.ico
[ 2013-05-15T17:27:08+08:00 ] ERR: (ThinkException) 无法加载模块favicon.ico
[ 2013-05-15T17:27:08+08:00 ] ERR: (ThinkException) 无法加载模块favicon.ico
[ 2013-05-15T17:27:42+08:00 ] ERR: (ThinkException) 无法加载模块favicon.ico
[ 2013-05-15T17:27:43+08:00 ] ERR: (ThinkException) 无法加载模块favicon.ico
[ 2013-05-15T17:27:43+08:00 ] ERR: (ThinkException) 无法加载模块favicon.ico
[ 2013-05-15T17:27:43+08:00 ] ERR: (ThinkException) 无法加载模块favicon.ico
[ 2013-05-15T17:27:43+08:00 ] ERR: (ThinkException) 无法加载模块favicon.ico
[ 2013-05-15T17:27:49+08:00 ] ERR: (ThinkException) 无法加载模块favicon.ico
[ 2013-05-15T17:27:49+08:00 ] ERR: (ThinkException) 无法加载模块favicon.ico
[ 2013-05-15T17:27:49+08:00 ] ERR: (ThinkException) 无法加载模块favicon.ico
[ 2013-05-15T17:28:40+08:00 ] ERR: (ThinkException) 无法加载模块favicon.ico
[ 2013-05-15T17:28:40+08:00 ] ERR: (ThinkException) 无法加载模块favicon.ico
[ 2013-05-15T17:29:31+08:00 ] ERR: (ThinkException) 无法加载模块favicon.ico
[ 2013-05-15T17:29:50+08:00 ] ERR: (ThinkException) 无法加载模块favicon.ico
[ 2013-05-15T17:29:51+08:00 ] ERR: (ThinkException) 无法加载模块favicon.ico
[ 2013-05-15T17:30:00+08:00 ] ERR: (ThinkException) 无法加载模块favicon.ico
[ 2013-05-15T17:30:06+08:00 ] ERR: (ThinkException) 无法加载模块favicon.ico
[ 2013-05-15T17:30:16+08:00 ] ERR: (ThinkException) 无法加载模块favicon.ico
[ 2013-05-15T17:31:54+08:00 ] ERR: (ThinkException) 无法加载模块favicon.ico
[ 2013-05-15T17:31:56+08:00 ] ERR: (ThinkException) 无法加载模块favicon.ico
[ 2013-05-15T17:32:03+08:00 ] ERR: (ThinkException) 无法加载模块favicon.ico
[ 2013-05-15T17:40:04+08:00 ] ERR: (ThinkException) 无法加载模块favicon.ico
[ 2013-05-15T17:40:05+08:00 ] ERR: (ThinkException) 无法加载模块favicon.ico
[ 2013-05-15T17:40:23+08:00 ] ERR: (ThinkException) 无法加载模块favicon.ico
[ 2013-05-15T17:41:08+08:00 ] ERR: (ThinkException) 无法加载模块favicon.ico
[ 2013-05-15T17:54:40+08:00 ] ERR: (ThinkException) 无法加载模块favicon.ico
[ 2013-05-15T18:04:30+08:00 ] ERR: (ThinkException) 无法加载模块favicon.ico
[ 2013-05-15T18:04:39+08:00 ] ERR: (ThinkException) 无法加载模块favicon.ico
[ 2013-05-15T18:12:32+08:00 ] ERR: (ThinkException) 无法加载模块favicon.ico
[ 2013-05-15T18:12:54+08:00 ] ERR: (ThinkException) 无法加载模块favicon.ico
[ 2013-05-15T18:21:13+08:00 ] ERR: (ThinkException) 无法加载模块favicon.ico
[ 2013-05-15T18:21:49+08:00 ] ERR: (ThinkException) 无法加载模块favicon.ico
[ 2013-05-15T18:23:22+08:00 ] ERR: (ThinkException) 无法加载模块favicon.ico
[ 2013-05-15T18:23:37+08:00 ] ERR: (ThinkException) 无法加载模块favicon.ico
