[ 2014-06-10T08:57:47+08:00 ] ERR: (ThinkException) 无法加载模块Public
[ 2014-06-10T08:58:33+08:00 ] ERR: (ThinkException) 无法加载模块Public
[ 2014-06-10T08:58:41+08:00 ] ERR: (ThinkException) 无法加载模块Public
[ 2014-06-10T08:58:41+08:00 ] ERR: (ThinkException) 无法加载模块Public
[ 2014-06-10T08:58:44+08:00 ] ERR: (ThinkException) 无法加载模块Public
[ 2014-06-10T08:58:58+08:00 ] ERR: (ThinkException) 无法加载模块Public
[ 2014-06-10T09:12:09+08:00 ] ERR: (ThinkException) 无法加载模块Public
[ 2014-06-10T09:17:34+08:00 ] ERR: (ThinkException) 无法加载模块Public
[ 2014-06-10T09:17:43+08:00 ] ERR: (ThinkException) 无法加载模块Public
[ 2014-06-10T09:34:20+08:00 ] ERR: (ThinkException) 无法加载模块Public
[ 2014-06-10T09:36:00+08:00 ] ERR: (ThinkException) 无法加载模块Public
[ 2014-06-10T09:36:17+08:00 ] ERR: (ThinkException) 无法加载模块Public
[ 2014-06-10T09:36:42+08:00 ] ERR: (ThinkException) 无法加载模块Public
[ 2014-06-10T09:37:08+08:00 ] ERR: (ThinkException) 无法加载模块Public
[ 2014-06-10T09:37:52+08:00 ] ERR: (ThinkException) 无法加载模块Public
[ 2014-06-10T09:38:53+08:00 ] ERR: (ThinkException) 无法加载模块Public
[ 2014-06-10T09:40:08+08:00 ] ERR: (ThinkException) 无法加载模块Public
[ 2014-06-10T09:40:31+08:00 ] ERR: (ThinkException) 无法加载模块Public
[ 2014-06-10T09:41:55+08:00 ] ERR: (ThinkException) 无法加载模块Public
[ 2014-06-10T09:41:56+08:00 ] ERR: (ThinkException) 无法加载模块Public
[ 2014-06-10T09:42:46+08:00 ] ERR: (ThinkException) 无法加载模块Public
[ 2014-06-10T09:43:10+08:00 ] ERR: (ThinkException) 无法加载模块Public
[ 2014-06-10T09:43:47+08:00 ] ERR: (ThinkException) 无法加载模块Public
[ 2014-06-10T09:44:03+08:00 ] ERR: (ThinkException) 无法加载模块Public
[ 2014-06-10T09:46:38+08:00 ] ERR: (ThinkException) 无法加载模块Public
[ 2014-06-10T09:46:39+08:00 ] ERR: (ThinkException) 无法加载模块Public
[ 2014-06-10T09:48:03+08:00 ] ERR: (ThinkException) 无法加载模块Public
[ 2014-06-10T09:48:18+08:00 ] ERR: (ThinkException) 无法加载模块Public
[ 2014-06-10T09:50:45+08:00 ] ERR: (ThinkException) 无法加载模块Public
[ 2014-06-10T09:51:05+08:00 ] ERR: (ThinkException) 无法加载模块Public
[ 2014-06-10T09:53:22+08:00 ] ERR: (ThinkException) 无法加载模块Public
[ 2014-06-10T09:57:30+08:00 ] ERR: (ThinkException) 无法加载模块Public
[ 2014-06-10T09:59:40+08:00 ] ERR: (ThinkException) 无法加载模块Public
[ 2014-06-10T10:07:19+08:00 ] ERR: (ThinkException) 无法加载模块Public
[ 2014-06-10T10:07:34+08:00 ] ERR: (ThinkException) 无法加载模块Public
[ 2014-06-10T10:07:58+08:00 ] ERR: (ThinkException) 无法加载模块Public
[ 2014-06-10T10:08:08+08:00 ] ERR: (ThinkException) 无法加载模块Public
[ 2014-06-10T10:08:09+08:00 ] ERR: (ThinkException) 无法加载模块Public
[ 2014-06-10T10:08:34+08:00 ] ERR: (ThinkException) 无法加载模块Public
[ 2014-06-10T10:08:45+08:00 ] ERR: (ThinkException) 无法加载模块Public
[ 2014-06-10T10:09:02+08:00 ] ERR: (ThinkException) 无法加载模块Public
[ 2014-06-10T10:10:23+08:00 ] ERR: (ThinkException) 无法加载模块Public
[ 2014-06-10T10:10:41+08:00 ] ERR: (ThinkException) 无法加载模块Public
[ 2014-06-10T10:10:59+08:00 ] ERR: (ThinkException) 无法加载模块Public
[ 2014-06-10T10:11:54+08:00 ] ERR: (ThinkException) 无法加载模块Public
[ 2014-06-10T10:12:13+08:00 ] ERR: (ThinkException) 无法加载模块Public
[ 2014-06-10T10:13:46+08:00 ] ERR: (ThinkException) 无法加载模块Public
[ 2014-06-10T10:14:54+08:00 ] ERR: (ThinkException) 无法加载模块Public
[ 2014-06-10T10:15:07+08:00 ] ERR: (ThinkException) 无法加载模块Public
[ 2014-06-10T10:15:17+08:00 ] ERR: (ThinkException) 无法加载模块Public
[ 2014-06-10T10:16:00+08:00 ] ERR: (ThinkException) 无法加载模块Public
[ 2014-06-10T10:16:22+08:00 ] ERR: (ThinkException) 无法加载模块Public
[ 2014-06-10T10:16:44+08:00 ] ERR: (ThinkException) 无法加载模块Public
[ 2014-06-10T10:16:56+08:00 ] ERR: (ThinkException) 无法加载模块Public
[ 2014-06-10T10:17:40+08:00 ] ERR: (ThinkException) 无法加载模块Public
[ 2014-06-10T10:19:24+08:00 ] ERR: (ThinkException) 无法加载模块Public
[ 2014-06-10T10:19:30+08:00 ] ERR: (ThinkException) 无法加载模块Public
[ 2014-06-10T10:19:39+08:00 ] ERR: (ThinkException) 无法加载模块Public
[ 2014-06-10T10:19:46+08:00 ] ERR: (ThinkException) 无法加载模块Public
[ 2014-06-10T10:20:15+08:00 ] ERR: (ThinkException) 无法加载模块Public
[ 2014-06-10T10:20:47+08:00 ] ERR: (ThinkException) 无法加载模块Public
[ 2014-06-10T10:20:47+08:00 ] ERR: (ThinkException) 无法加载模块js
[ 2014-06-10T10:20:47+08:00 ] ERR: (ThinkException) 无法加载模块js
[ 2014-06-10T10:20:57+08:00 ] ERR: (ThinkException) 无法加载模块Public
[ 2014-06-10T10:21:13+08:00 ] ERR: (ThinkException) 无法加载模块Public
[ 2014-06-10T10:21:13+08:00 ] ERR: (ThinkException) 无法加载模块js
[ 2014-06-10T10:21:13+08:00 ] ERR: (ThinkException) 无法加载模块js
[ 2014-06-10T10:21:18+08:00 ] ERR: (ThinkException) 无法加载模块Public
[ 2014-06-10T10:21:18+08:00 ] ERR: (ThinkException) 无法加载模块js
[ 2014-06-10T10:21:18+08:00 ] ERR: (ThinkException) 无法加载模块js
[ 2014-06-10T10:21:20+08:00 ] ERR: (ThinkException) 无法加载模块Public
[ 2014-06-10T10:21:43+08:00 ] ERR: (ThinkException) 无法加载模块Public
[ 2014-06-10T10:21:43+08:00 ] ERR: (ThinkException) 无法加载模块js
[ 2014-06-10T10:21:43+08:00 ] ERR: (ThinkException) 无法加载模块js
[ 2014-06-10T10:21:45+08:00 ] ERR: (ThinkException) 无法加载模块Public
[ 2014-06-10T10:21:46+08:00 ] ERR: (ThinkException) 无法加载模块js
[ 2014-06-10T10:21:46+08:00 ] ERR: (ThinkException) 无法加载模块js
[ 2014-06-10T10:22:00+08:00 ] ERR: (ThinkException) 无法加载模块Public
[ 2014-06-10T10:23:07+08:00 ] ERR: (ThinkException) 无法加载模块Public
[ 2014-06-10T10:23:07+08:00 ] ERR: (ThinkException) 无法加载模块js
[ 2014-06-10T10:23:07+08:00 ] ERR: (ThinkException) 无法加载模块js
[ 2014-06-10T10:23:11+08:00 ] ERR: (ThinkException) 无法加载模块Public
[ 2014-06-10T10:23:14+08:00 ] ERR: (ThinkException) 无法加载模块Public
[ 2014-06-10T10:32:20+08:00 ] ERR: (ThinkException) 无法加载模块Public
[ 2014-06-10T10:34:11+08:00 ] ERR: (ThinkException) 无法加载模块Public
[ 2014-06-10T10:34:23+08:00 ] ERR: (ThinkException) 无法加载模块Public
[ 2014-06-10T10:36:24+08:00 ] ERR: (ThinkException) 无法加载模块Public
[ 2014-06-10T10:36:45+08:00 ] ERR: (ThinkException) 无法加载模块Public
[ 2014-06-10T10:39:41+08:00 ] ERR: (ThinkException) 无法加载模块Public
[ 2014-06-10T10:39:43+08:00 ] ERR: (ThinkException) 无法加载模块Public
[ 2014-06-10T10:39:49+08:00 ] ERR: (ThinkException) 无法加载模块Public
[ 2014-06-10T10:40:17+08:00 ] ERR: (ThinkException) 无法加载模块Public
[ 2014-06-10T10:41:46+08:00 ] ERR: (ThinkException) 无法加载模块Public
[ 2014-06-10T10:42:07+08:00 ] ERR: (ThinkException) 无法加载模块Public
[ 2014-06-10T10:42:26+08:00 ] ERR: (ThinkException) 无法加载模块Public
[ 2014-06-10T10:42:35+08:00 ] ERR: (ThinkException) 无法加载模块Public
[ 2014-06-10T10:45:50+08:00 ] ERR: (ThinkException) 无法加载模块Public
[ 2014-06-10T10:45:57+08:00 ] ERR: (ThinkException) 无法加载模块Public
[ 2014-06-10T10:45:59+08:00 ] ERR: (ThinkException) 无法加载模块Public
[ 2014-06-10T10:46:01+08:00 ] ERR: (ThinkException) 无法加载模块Public
[ 2014-06-10T10:46:30+08:00 ] ERR: (ThinkException) 无法加载模块Public
[ 2014-06-10T10:46:31+08:00 ] ERR: (ThinkException) 无法加载模块Public
[ 2014-06-10T10:46:32+08:00 ] ERR: (ThinkException) 无法加载模块Public
[ 2014-06-10T10:46:33+08:00 ] ERR: (ThinkException) 无法加载模块Public
[ 2014-06-10T10:47:58+08:00 ] ERR: (ThinkException) 无法加载模块Public
[ 2014-06-10T10:48:21+08:00 ] ERR: (ThinkException) 无法加载模块Public
[ 2014-06-10T10:48:24+08:00 ] ERR: (ThinkException) 无法加载模块Public
[ 2014-06-10T10:48:35+08:00 ] ERR: (ThinkException) 无法加载模块Public
[ 2014-06-10T10:50:03+08:00 ] ERR: (ThinkException) 无法加载模块Public
[ 2014-06-10T10:50:05+08:00 ] ERR: (ThinkException) 无法加载模块Public
[ 2014-06-10T10:50:06+08:00 ] ERR: (ThinkException) 无法加载模块Public
[ 2014-06-10T10:50:15+08:00 ] ERR: (ThinkException) 无法加载模块Public
[ 2014-06-10T10:50:24+08:00 ] ERR: (ThinkException) 无法加载模块Public
[ 2014-06-10T10:53:06+08:00 ] ERR: (ThinkException) 无法加载模块Public
[ 2014-06-10T10:54:41+08:00 ] ERR: (ThinkException) 无法加载模块Public
[ 2014-06-10T10:55:59+08:00 ] ERR: (ThinkException) 无法加载模块Public
[ 2014-06-10T10:56:45+08:00 ] ERR: (ThinkException) 无法加载模块Public
[ 2014-06-10T10:57:24+08:00 ] ERR: (ThinkException) 无法加载模块Public
[ 2014-06-10T10:57:27+08:00 ] ERR: (ThinkException) 无法加载模块Public
[ 2014-06-10T10:57:29+08:00 ] ERR: (ThinkException) 无法加载模块Public
[ 2014-06-10T10:57:31+08:00 ] ERR: (ThinkException) 无法加载模块Public
[ 2014-06-10T10:58:21+08:00 ] ERR: (ThinkException) 无法加载模块Public
[ 2014-06-10T10:58:30+08:00 ] ERR: (ThinkException) 无法加载模块Public
[ 2014-06-10T11:11:17+08:00 ] ERR: (ThinkException) 无法加载模块Public
[ 2014-06-10T11:12:13+08:00 ] ERR: (ThinkException) 无法加载模块Public
[ 2014-06-10T11:12:13+08:00 ] ERR: (ThinkException) 无法加载模块js
[ 2014-06-10T11:12:13+08:00 ] ERR: (ThinkException) 无法加载模块js
[ 2014-06-10T11:23:44+08:00 ] ERR: (ThinkException) 无法加载模块Public
[ 2014-06-10T11:23:46+08:00 ] ERR: (ThinkException) 无法加载模块Public
[ 2014-06-10T11:26:55+08:00 ] ERR: (ThinkException) 无法加载模块Public
[ 2014-06-10T11:27:05+08:00 ] ERR: (ThinkException) 无法加载模块Public
[ 2014-06-10T11:27:08+08:00 ] ERR: (ThinkException) 无法加载模块Public
[ 2014-06-10T11:27:08+08:00 ] ERR: (ThinkException) 无法加载模块js
[ 2014-06-10T11:27:08+08:00 ] ERR: (ThinkException) 无法加载模块js
[ 2014-06-10T11:27:11+08:00 ] ERR: (ThinkException) 无法加载模块Public
[ 2014-06-10T11:27:11+08:00 ] ERR: (ThinkException) 无法加载模块js
[ 2014-06-10T11:27:11+08:00 ] ERR: (ThinkException) 无法加载模块js
[ 2014-06-10T11:27:14+08:00 ] ERR: (ThinkException) 无法加载模块Public
[ 2014-06-10T11:27:42+08:00 ] ERR: (ThinkException) 无法加载模块Public
[ 2014-06-10T11:28:47+08:00 ] ERR: (ThinkException) 无法加载模块Public
[ 2014-06-10T11:28:50+08:00 ] ERR: (ThinkException) 无法加载模块Public
[ 2014-06-10T11:28:50+08:00 ] ERR: (ThinkException) 无法加载模块js
[ 2014-06-10T11:28:50+08:00 ] ERR: (ThinkException) 无法加载模块js
[ 2014-06-10T11:28:55+08:00 ] ERR: (ThinkException) 无法加载模块Public
[ 2014-06-10T11:28:55+08:00 ] ERR: (ThinkException) 无法加载模块js
[ 2014-06-10T11:28:55+08:00 ] ERR: (ThinkException) 无法加载模块js
[ 2014-06-10T11:28:58+08:00 ] ERR: (ThinkException) 无法加载模块Public
[ 2014-06-10T11:31:53+08:00 ] ERR: (ThinkException) 无法加载模块Public
[ 2014-06-10T11:32:04+08:00 ] ERR: (ThinkException) 无法加载模块Public
[ 2014-06-10T12:10:17+08:00 ] ERR: (ThinkException) 无法加载模块css
[ 2014-06-10T12:10:17+08:00 ] ERR: (ThinkException) 无法加载模块css
[ 2014-06-10T12:10:17+08:00 ] ERR: (ThinkException) 无法加载模块tab_resturant_businesshours
[ 2014-06-10T12:10:22+08:00 ] ERR: (ThinkException) 无法加载模块Public
[ 2014-06-10T12:11:56+08:00 ] ERR: (ThinkException) 无法加载模块css
[ 2014-06-10T12:11:56+08:00 ] ERR: (ThinkException) 无法加载模块css
[ 2014-06-10T12:11:56+08:00 ] ERR: (ThinkException) 无法加载模块tab_resturant_businesshours
[ 2014-06-10T12:12:53+08:00 ] ERR: (ThinkException) 无法加载模块Public
[ 2014-06-10T12:13:09+08:00 ] ERR: (ThinkException) 无法加载模块Public
[ 2014-06-10T12:13:23+08:00 ] ERR: (ThinkException) 无法加载模块Public
[ 2014-06-10T12:13:23+08:00 ] ERR: (ThinkException) 无法加载模块Public
[ 2014-06-10T12:13:30+08:00 ] ERR: (ThinkException) 无法加载模块css
[ 2014-06-10T12:13:30+08:00 ] ERR: (ThinkException) 无法加载模块css
[ 2014-06-10T12:13:31+08:00 ] ERR: (ThinkException) 无法加载模块tab_resturant_businesshours
[ 2014-06-10T12:13:37+08:00 ] ERR: (ThinkException) 无法加载模块Public
[ 2014-06-10T12:13:37+08:00 ] ERR: (ThinkException) 无法加载模块js
[ 2014-06-10T12:13:37+08:00 ] ERR: (ThinkException) 无法加载模块js
[ 2014-06-10T12:13:40+08:00 ] ERR: (ThinkException) 无法加载模块Public
[ 2014-06-10T12:13:48+08:00 ] ERR: (ThinkException) 无法加载模块css
[ 2014-06-10T12:13:48+08:00 ] ERR: (ThinkException) 无法加载模块css
[ 2014-06-10T12:13:48+08:00 ] ERR: (ThinkException) 无法加载模块tab_resturant_businesshours
[ 2014-06-10T12:13:52+08:00 ] ERR: (ThinkException) 无法加载模块Public
[ 2014-06-10T12:17:13+08:00 ] ERR: (ThinkException) 无法加载模块Public
[ 2014-06-10T12:17:14+08:00 ] ERR: (ThinkException) 无法加载模块Public
[ 2014-06-10T12:17:26+08:00 ] ERR: (ThinkException) 无法加载模块css
[ 2014-06-10T12:17:27+08:00 ] ERR: (ThinkException) 无法加载模块css
[ 2014-06-10T12:17:27+08:00 ] ERR: (ThinkException) 无法加载模块tab_resturant_businesshours
[ 2014-06-10T12:18:06+08:00 ] ERR: (ThinkException) 无法加载模块css
[ 2014-06-10T12:18:07+08:00 ] ERR: (ThinkException) 无法加载模块tab_resturant_businesshours
[ 2014-06-10T12:18:07+08:00 ] ERR: (ThinkException) 无法加载模块css
[ 2014-06-10T12:18:09+08:00 ] ERR: (ThinkException) 无法加载模块Public
[ 2014-06-10T12:18:17+08:00 ] ERR: (ThinkException) 无法加载模块Public
[ 2014-06-10T12:18:17+08:00 ] ERR: (ThinkException) 无法加载模块js
[ 2014-06-10T12:18:17+08:00 ] ERR: (ThinkException) 无法加载模块js
[ 2014-06-10T12:18:22+08:00 ] ERR: (ThinkException) 无法加载模块Public
[ 2014-06-10T12:20:09+08:00 ] ERR: (ThinkException) 无法加载模块Public
[ 2014-06-10T12:20:10+08:00 ] ERR: (ThinkException) 无法加载模块Public
[ 2014-06-10T12:20:12+08:00 ] ERR: (ThinkException) 无法加载模块Public
[ 2014-06-10T12:20:12+08:00 ] ERR: (ThinkException) 无法加载模块Public
[ 2014-06-10T12:20:13+08:00 ] ERR: (ThinkException) 无法加载模块Public
[ 2014-06-10T12:20:13+08:00 ] ERR: (ThinkException) 无法加载模块Public
[ 2014-06-10T12:20:26+08:00 ] ERR: (ThinkException) 无法加载模块Public
[ 2014-06-10T12:20:50+08:00 ] ERR: (ThinkException) 无法加载模块Public
[ 2014-06-10T12:22:21+08:00 ] ERR: (ThinkException) 无法加载模块Public
[ 2014-06-10T12:22:54+08:00 ] ERR: (ThinkException) 无法加载模块Public
[ 2014-06-10T12:23:26+08:00 ] ERR: (ThinkException) 无法加载模块css
[ 2014-06-10T12:23:27+08:00 ] ERR: (ThinkException) 无法加载模块css
[ 2014-06-10T12:23:27+08:00 ] ERR: (ThinkException) 无法加载模块tab_resturant_businesshours
[ 2014-06-10T12:23:47+08:00 ] ERR: (ThinkException) 无法加载模块css
[ 2014-06-10T12:23:48+08:00 ] ERR: (ThinkException) 无法加载模块css
[ 2014-06-10T12:23:48+08:00 ] ERR: (ThinkException) 无法加载模块tab_resturant_businesshours
[ 2014-06-10T12:23:49+08:00 ] ERR: (ThinkException) 无法加载模块Public
[ 2014-06-10T12:25:03+08:00 ] ERR: (ThinkException) 无法加载模块Public
[ 2014-06-10T12:25:03+08:00 ] ERR: (ThinkException) 无法加载模块Public
[ 2014-06-10T12:25:14+08:00 ] ERR: (ThinkException) 无法加载模块Public
[ 2014-06-10T12:25:14+08:00 ] ERR: (ThinkException) 无法加载模块Public
[ 2014-06-10T12:26:00+08:00 ] ERR: (ThinkException) 无法加载模块css
[ 2014-06-10T12:26:01+08:00 ] ERR: (ThinkException) 无法加载模块css
[ 2014-06-10T12:26:01+08:00 ] ERR: (ThinkException) 无法加载模块tab_resturant_businesshours
[ 2014-06-10T12:26:10+08:00 ] ERR: (ThinkException) 无法加载模块Public
[ 2014-06-10T12:26:10+08:00 ] ERR: (ThinkException) 无法加载模块js
[ 2014-06-10T12:26:10+08:00 ] ERR: (ThinkException) 无法加载模块js
[ 2014-06-10T12:26:13+08:00 ] ERR: (ThinkException) 无法加载模块Public
[ 2014-06-10T12:26:13+08:00 ] ERR: (ThinkException) 无法加载模块Public
[ 2014-06-10T12:26:33+08:00 ] ERR: (ThinkException) 无法加载模块Public
[ 2014-06-10T12:26:34+08:00 ] ERR: (ThinkException) 无法加载模块Public
[ 2014-06-10T12:26:40+08:00 ] ERR: (ThinkException) 无法加载模块css
[ 2014-06-10T12:26:40+08:00 ] ERR: (ThinkException) 无法加载模块css
[ 2014-06-10T12:26:40+08:00 ] ERR: (ThinkException) 无法加载模块tab_resturant_businesshours
[ 2014-06-10T12:27:30+08:00 ] ERR: (ThinkException) 无法加载模块Public
[ 2014-06-10T12:28:02+08:00 ] ERR: (ThinkException) 无法加载模块Public
[ 2014-06-10T12:28:40+08:00 ] ERR: (ThinkException) 无法加载模块Public
[ 2014-06-10T12:31:55+08:00 ] ERR: (ThinkException) 无法加载模块Public
[ 2014-06-10T12:31:58+08:00 ] ERR: (ThinkException) 无法加载模块Public
[ 2014-06-10T12:32:01+08:00 ] ERR: (ThinkException) 无法加载模块Public
[ 2014-06-10T12:32:15+08:00 ] ERR: (ThinkException) 无法加载模块Public
[ 2014-06-10T12:32:18+08:00 ] ERR: (ThinkException) 无法加载模块Public
[ 2014-06-10T12:32:20+08:00 ] ERR: (ThinkException) 无法加载模块Public
[ 2014-06-10T12:32:45+08:00 ] ERR: (ThinkException) 无法加载模块Public
[ 2014-06-10T12:32:47+08:00 ] ERR: (ThinkException) 无法加载模块Public
[ 2014-06-10T12:32:49+08:00 ] ERR: (ThinkException) 无法加载模块Public
[ 2014-06-10T12:32:50+08:00 ] ERR: (ThinkException) 无法加载模块Public
[ 2014-06-10T12:37:23+08:00 ] ERR: (ThinkException) 无法加载模块Public
[ 2014-06-10T12:37:25+08:00 ] ERR: (ThinkException) 无法加载模块Public
[ 2014-06-10T12:38:11+08:00 ] ERR: (ThinkException) 无法加载模块Public
[ 2014-06-10T12:38:12+08:00 ] ERR: (ThinkException) 无法加载模块Public
[ 2014-06-10T12:38:14+08:00 ] ERR: (ThinkException) 无法加载模块Public
[ 2014-06-10T12:38:17+08:00 ] ERR: (ThinkException) 无法加载模块Public
[ 2014-06-10T12:38:24+08:00 ] ERR: (ThinkException) 无法加载模块Public
[ 2014-06-10T12:38:26+08:00 ] ERR: (ThinkException) 无法加载模块Public
[ 2014-06-10T12:40:02+08:00 ] ERR: (ThinkException) 无法加载模块Public
[ 2014-06-10T12:41:39+08:00 ] ERR: (ThinkException) 无法加载模块Public
[ 2014-06-10T12:41:42+08:00 ] ERR: (ThinkException) 无法加载模块Public
[ 2014-06-10T12:41:43+08:00 ] ERR: (ThinkException) 无法加载模块Public
[ 2014-06-10T12:41:45+08:00 ] ERR: (ThinkException) 无法加载模块Public
[ 2014-06-10T12:41:50+08:00 ] ERR: (ThinkException) 无法加载模块Public
[ 2014-06-10T12:41:52+08:00 ] ERR: (ThinkException) 无法加载模块Public
[ 2014-06-10T12:42:16+08:00 ] ERR: (ThinkException) 无法加载模块Public
[ 2014-06-10T12:42:17+08:00 ] ERR: (ThinkException) 无法加载模块Public
[ 2014-06-10T12:42:22+08:00 ] ERR: (ThinkException) 无法加载模块Public
[ 2014-06-10T12:42:24+08:00 ] ERR: (ThinkException) 无法加载模块Public
[ 2014-06-10T12:42:33+08:00 ] ERR: (ThinkException) 无法加载模块Public
[ 2014-06-10T12:42:34+08:00 ] ERR: (ThinkException) 无法加载模块Public
[ 2014-06-10T12:42:36+08:00 ] ERR: (ThinkException) 无法加载模块Public
[ 2014-06-10T12:42:40+08:00 ] ERR: (ThinkException) 无法加载模块Public
[ 2014-06-10T12:42:43+08:00 ] ERR: (ThinkException) 无法加载模块Public
[ 2014-06-10T12:42:52+08:00 ] ERR: (ThinkException) 无法加载模块Public
[ 2014-06-10T12:43:28+08:00 ] ERR: (ThinkException) 无法加载模块Public
[ 2014-06-10T12:43:36+08:00 ] ERR: (ThinkException) 无法加载模块Public
[ 2014-06-10T12:43:53+08:00 ] ERR: (ThinkException) 无法加载模块Public
[ 2014-06-10T12:44:01+08:00 ] ERR: (ThinkException) 无法加载模块Public
[ 2014-06-10T12:44:11+08:00 ] ERR: (ThinkException) 无法加载模块Public
[ 2014-06-10T12:44:38+08:00 ] ERR: (ThinkException) 无法加载模块Public
[ 2014-06-10T12:44:41+08:00 ] ERR: (ThinkException) 无法加载模块Public
[ 2014-06-10T12:44:55+08:00 ] ERR: (ThinkException) 无法加载模块Public
[ 2014-06-10T12:45:34+08:00 ] ERR: (ThinkException) 无法加载模块Public
[ 2014-06-10T12:45:35+08:00 ] ERR: (ThinkException) 无法加载模块Public
[ 2014-06-10T12:45:37+08:00 ] ERR: (ThinkException) 无法加载模块Public
[ 2014-06-10T12:45:40+08:00 ] ERR: (ThinkException) 无法加载模块Public
[ 2014-06-10T12:45:50+08:00 ] ERR: (ThinkException) 无法加载模块Public
[ 2014-06-10T12:45:53+08:00 ] ERR: (ThinkException) 无法加载模块Public
[ 2014-06-10T12:45:57+08:00 ] ERR: (ThinkException) 无法加载模块Public
[ 2014-06-10T12:46:01+08:00 ] ERR: (ThinkException) 无法加载模块Public
[ 2014-06-10T12:46:25+08:00 ] ERR: (ThinkException) 无法加载模块Public
[ 2014-06-10T12:46:27+08:00 ] ERR: (ThinkException) 无法加载模块Public
[ 2014-06-10T12:46:28+08:00 ] ERR: (ThinkException) 无法加载模块Public
[ 2014-06-10T12:46:44+08:00 ] ERR: (ThinkException) 无法加载模块Public
[ 2014-06-10T12:46:45+08:00 ] ERR: (ThinkException) 无法加载模块Public
[ 2014-06-10T12:47:11+08:00 ] ERR: (ThinkException) 无法加载模块Public
[ 2014-06-10T12:47:11+08:00 ] ERR: (ThinkException) 无法加载模块Public
[ 2014-06-10T12:47:12+08:00 ] ERR: (ThinkException) 无法加载模块Public
[ 2014-06-10T12:51:38+08:00 ] ERR: (ThinkException) 无法加载模块Public
[ 2014-06-10T12:51:38+08:00 ] ERR: (ThinkException) 无法加载模块js
[ 2014-06-10T12:51:38+08:00 ] ERR: (ThinkException) 无法加载模块js
[ 2014-06-10T12:52:17+08:00 ] ERR: (ThinkException) 无法加载模块Public
[ 2014-06-10T12:52:17+08:00 ] ERR: (ThinkException) 无法加载模块js
[ 2014-06-10T12:52:17+08:00 ] ERR: (ThinkException) 无法加载模块js
[ 2014-06-10T12:52:51+08:00 ] ERR: (ThinkException) 无法加载模块Public
[ 2014-06-10T12:53:25+08:00 ] ERR: (ThinkException) 无法加载模块Public
[ 2014-06-10T12:53:55+08:00 ] ERR: (ThinkException) 无法加载模块Public
[ 2014-06-10T12:53:55+08:00 ] ERR: (ThinkException) 无法加载模块js
[ 2014-06-10T12:53:55+08:00 ] ERR: (ThinkException) 无法加载模块js
[ 2014-06-10T12:54:36+08:00 ] ERR: (ThinkException) 无法加载模块Public
[ 2014-06-10T12:54:36+08:00 ] ERR: (ThinkException) 无法加载模块js
[ 2014-06-10T12:54:36+08:00 ] ERR: (ThinkException) 无法加载模块js
[ 2014-06-10T12:54:39+08:00 ] ERR: (ThinkException) 无法加载模块Public
[ 2014-06-10T12:55:30+08:00 ] ERR: (ThinkException) 无法加载模块Public
[ 2014-06-10T12:56:45+08:00 ] ERR: (ThinkException) 无法加载模块Public
[ 2014-06-10T12:56:47+08:00 ] ERR: (ThinkException) 无法加载模块Public
[ 2014-06-10T12:56:49+08:00 ] ERR: (ThinkException) 无法加载模块Public
[ 2014-06-10T12:57:23+08:00 ] ERR: (ThinkException) 无法加载模块Public
[ 2014-06-10T12:57:40+08:00 ] ERR: (ThinkException) 无法加载模块Public
[ 2014-06-10T12:57:41+08:00 ] ERR: (ThinkException) 无法加载模块Public
[ 2014-06-10T12:58:10+08:00 ] ERR: (ThinkException) 无法加载模块Public
[ 2014-06-10T12:58:11+08:00 ] ERR: (ThinkException) 无法加载模块Public
[ 2014-06-10T12:58:11+08:00 ] ERR: (ThinkException) 无法加载模块js
[ 2014-06-10T12:58:11+08:00 ] ERR: (ThinkException) 无法加载模块js
[ 2014-06-10T12:58:13+08:00 ] ERR: (ThinkException) 无法加载模块Public
[ 2014-06-10T12:58:18+08:00 ] ERR: (ThinkException) 无法加载模块Public
[ 2014-06-10T12:58:58+08:00 ] ERR: (ThinkException) 无法加载模块Public
[ 2014-06-10T12:59:01+08:00 ] ERR: (ThinkException) 无法加载模块Public
[ 2014-06-10T12:59:17+08:00 ] ERR: (ThinkException) 无法加载模块Public
[ 2014-06-10T12:59:25+08:00 ] ERR: (ThinkException) 无法加载模块Public
[ 2014-06-10T12:59:26+08:00 ] ERR: (ThinkException) 无法加载模块css
[ 2014-06-10T12:59:27+08:00 ] ERR: (ThinkException) 无法加载模块css
[ 2014-06-10T12:59:27+08:00 ] ERR: (ThinkException) 无法加载模块tab_resturant_businesshours
[ 2014-06-10T12:59:28+08:00 ] ERR: (ThinkException) 无法加载模块Public
[ 2014-06-10T12:59:28+08:00 ] ERR: (ThinkException) 无法加载模块js
[ 2014-06-10T12:59:28+08:00 ] ERR: (ThinkException) 无法加载模块js
[ 2014-06-10T12:59:30+08:00 ] ERR: (ThinkException) 无法加载模块Public
[ 2014-06-10T13:01:04+08:00 ] ERR: (ThinkException) 无法加载模块Public
[ 2014-06-10T13:01:04+08:00 ] ERR: (ThinkException) 无法加载模块Public
[ 2014-06-10T13:01:10+08:00 ] ERR: (ThinkException) 无法加载模块Public
[ 2014-06-10T13:01:10+08:00 ] ERR: (ThinkException) 无法加载模块Public
[ 2014-06-10T13:01:12+08:00 ] ERR: (ThinkException) 无法加载模块css
[ 2014-06-10T13:01:12+08:00 ] ERR: (ThinkException) 无法加载模块css
[ 2014-06-10T13:01:12+08:00 ] ERR: (ThinkException) 无法加载模块tab_resturant_businesshours
[ 2014-06-10T13:02:32+08:00 ] ERR: (ThinkException) 无法加载模块css
[ 2014-06-10T13:02:32+08:00 ] ERR: (ThinkException) 无法加载模块css
[ 2014-06-10T13:02:32+08:00 ] ERR: (ThinkException) 无法加载模块Public
[ 2014-06-10T13:03:26+08:00 ] ERR: (ThinkException) 无法加载模块css
[ 2014-06-10T13:03:26+08:00 ] ERR: (ThinkException) 无法加载模块css
[ 2014-06-10T13:03:26+08:00 ] ERR: (ThinkException) 无法加载模块css
[ 2014-06-10T13:03:26+08:00 ] ERR: (ThinkException) 无法加载模块images
[ 2014-06-10T13:03:26+08:00 ] ERR: (ThinkException) 无法加载模块images
[ 2014-06-10T13:04:12+08:00 ] ERR: (ThinkException) 无法加载模块Public
[ 2014-06-10T13:04:15+08:00 ] ERR: (ThinkException) 无法加载模块Public
[ 2014-06-10T13:04:15+08:00 ] ERR: (ThinkException) 无法加载模块js
[ 2014-06-10T13:04:16+08:00 ] ERR: (ThinkException) 无法加载模块js
[ 2014-06-10T13:04:27+08:00 ] ERR: (ThinkException) 无法加载模块css
[ 2014-06-10T13:04:27+08:00 ] ERR: (ThinkException) 无法加载模块css
[ 2014-06-10T13:04:27+08:00 ] ERR: (ThinkException) 无法加载模块css
[ 2014-06-10T13:04:27+08:00 ] ERR: (ThinkException) 无法加载模块images
[ 2014-06-10T13:04:27+08:00 ] ERR: (ThinkException) 无法加载模块images
[ 2014-06-10T13:04:29+08:00 ] ERR: (ThinkException) 无法加载模块Public
[ 2014-06-10T13:04:29+08:00 ] ERR: (ThinkException) 无法加载模块js
[ 2014-06-10T13:04:29+08:00 ] ERR: (ThinkException) 无法加载模块js
[ 2014-06-10T13:04:31+08:00 ] ERR: (ThinkException) 无法加载模块Public
[ 2014-06-10T13:04:33+08:00 ] ERR: (ThinkException) 无法加载模块Public
[ 2014-06-10T13:04:33+08:00 ] ERR: (ThinkException) 无法加载模块js
[ 2014-06-10T13:04:33+08:00 ] ERR: (ThinkException) 无法加载模块js
[ 2014-06-10T13:04:35+08:00 ] ERR: (ThinkException) 无法加载模块Public
[ 2014-06-10T13:05:25+08:00 ] ERR: (ThinkException) 无法加载模块Public
[ 2014-06-10T13:05:26+08:00 ] ERR: (ThinkException) 无法加载模块Public
[ 2014-06-10T13:06:03+08:00 ] ERR: (ThinkException) 无法加载模块css
[ 2014-06-10T13:06:03+08:00 ] ERR: (ThinkException) 无法加载模块css
[ 2014-06-10T13:06:03+08:00 ] ERR: (ThinkException) 无法加载模块css
[ 2014-06-10T13:06:03+08:00 ] ERR: (ThinkException) 无法加载模块images
[ 2014-06-10T13:06:03+08:00 ] ERR: (ThinkException) 无法加载模块images
[ 2014-06-10T13:06:04+08:00 ] ERR: (ThinkException) 无法加载模块Public
[ 2014-06-10T13:06:04+08:00 ] ERR: (ThinkException) 无法加载模块js
[ 2014-06-10T13:06:04+08:00 ] ERR: (ThinkException) 无法加载模块js
[ 2014-06-10T13:06:06+08:00 ] ERR: (ThinkException) 无法加载模块Public
[ 2014-06-10T13:06:10+08:00 ] ERR: (ThinkException) 无法加载模块Public
[ 2014-06-10T13:06:11+08:00 ] ERR: (ThinkException) 无法加载模块Public
[ 2014-06-10T13:06:12+08:00 ] ERR: (ThinkException) 无法加载模块Public
[ 2014-06-10T13:06:12+08:00 ] ERR: (ThinkException) 无法加载模块js
[ 2014-06-10T13:06:12+08:00 ] ERR: (ThinkException) 无法加载模块js
[ 2014-06-10T13:06:18+08:00 ] ERR: (ThinkException) 无法加载模块Public
[ 2014-06-10T13:06:53+08:00 ] ERR: (ThinkException) 无法加载模块css
[ 2014-06-10T13:06:53+08:00 ] ERR: (ThinkException) 无法加载模块css
[ 2014-06-10T13:06:54+08:00 ] ERR: (ThinkException) 无法加载模块css
[ 2014-06-10T13:06:54+08:00 ] ERR: (ThinkException) 无法加载模块images
[ 2014-06-10T13:06:54+08:00 ] ERR: (ThinkException) 无法加载模块images
[ 2014-06-10T13:07:30+08:00 ] ERR: (ThinkException) 无法加载模块css
[ 2014-06-10T13:07:30+08:00 ] ERR: (ThinkException) 无法加载模块css
[ 2014-06-10T13:07:31+08:00 ] ERR: (ThinkException) 无法加载模块Publiccss
[ 2014-06-10T13:07:31+08:00 ] ERR: (ThinkException) 无法加载模块images
[ 2014-06-10T13:07:31+08:00 ] ERR: (ThinkException) 无法加载模块images
[ 2014-06-10T13:07:31+08:00 ] ERR: (ThinkException) 无法加载模块images
[ 2014-06-10T13:07:31+08:00 ] ERR: (ThinkException) 无法加载模块images
[ 2014-06-10T13:08:32+08:00 ] ERR: (ThinkException) 无法加载模块css
[ 2014-06-10T13:08:33+08:00 ] ERR: (ThinkException) 无法加载模块css
[ 2014-06-10T13:08:33+08:00 ] ERR: (ThinkException) 无法加载模块Publiccss
[ 2014-06-10T13:08:33+08:00 ] ERR: (ThinkException) 无法加载模块images
[ 2014-06-10T13:08:33+08:00 ] ERR: (ThinkException) 无法加载模块images
[ 2014-06-10T13:08:38+08:00 ] ERR: (ThinkException) 无法加载模块css
[ 2014-06-10T13:08:39+08:00 ] ERR: (ThinkException) 无法加载模块css
[ 2014-06-10T13:08:39+08:00 ] ERR: (ThinkException) 无法加载模块Publiccss
[ 2014-06-10T13:08:39+08:00 ] ERR: (ThinkException) 无法加载模块images
[ 2014-06-10T13:08:39+08:00 ] ERR: (ThinkException) 无法加载模块images
[ 2014-06-10T13:08:39+08:00 ] ERR: (ThinkException) 无法加载模块images
[ 2014-06-10T13:08:39+08:00 ] ERR: (ThinkException) 无法加载模块images
[ 2014-06-10T13:10:49+08:00 ] ERR: (ThinkException) 无法加载模块css
[ 2014-06-10T13:10:49+08:00 ] ERR: (ThinkException) 无法加载模块css
[ 2014-06-10T13:10:49+08:00 ] ERR: (ThinkException) 无法加载模块Publiccss
[ 2014-06-10T13:10:49+08:00 ] ERR: (ThinkException) 无法加载模块images
[ 2014-06-10T13:10:49+08:00 ] ERR: (ThinkException) 无法加载模块images
[ 2014-06-10T13:11:28+08:00 ] ERR: (ThinkException) 无法加载模块css
[ 2014-06-10T13:11:28+08:00 ] ERR: (ThinkException) 无法加载模块css
[ 2014-06-10T13:11:28+08:00 ] ERR: (ThinkException) 无法加载模块images
[ 2014-06-10T13:11:28+08:00 ] ERR: (ThinkException) 无法加载模块images
[ 2014-06-10T13:11:37+08:00 ] ERR: (ThinkException) 无法加载模块css
[ 2014-06-10T13:11:38+08:00 ] ERR: (ThinkException) 无法加载模块css
[ 2014-06-10T13:11:38+08:00 ] ERR: (ThinkException) 无法加载模块images
[ 2014-06-10T13:11:38+08:00 ] ERR: (ThinkException) 无法加载模块images
[ 2014-06-10T13:11:40+08:00 ] ERR: (ThinkException) 无法加载模块css
[ 2014-06-10T13:11:40+08:00 ] ERR: (ThinkException) 无法加载模块css
[ 2014-06-10T13:11:40+08:00 ] ERR: (ThinkException) 无法加载模块images
[ 2014-06-10T13:11:40+08:00 ] ERR: (ThinkException) 无法加载模块images
[ 2014-06-10T13:12:19+08:00 ] ERR: (ThinkException) 无法加载模块css
[ 2014-06-10T13:12:19+08:00 ] ERR: (ThinkException) 无法加载模块css
[ 2014-06-10T13:12:19+08:00 ] ERR: (ThinkException) 无法加载模块images
[ 2014-06-10T13:12:19+08:00 ] ERR: (ThinkException) 无法加载模块images
[ 2014-06-10T13:12:19+08:00 ] ERR: (ThinkException) 无法加载模块images
[ 2014-06-10T13:12:19+08:00 ] ERR: (ThinkException) 无法加载模块images
[ 2014-06-10T13:12:35+08:00 ] ERR: (ThinkException) 无法加载模块css
[ 2014-06-10T13:12:35+08:00 ] ERR: (ThinkException) 无法加载模块css
[ 2014-06-10T13:12:35+08:00 ] ERR: (ThinkException) 无法加载模块images
[ 2014-06-10T13:12:35+08:00 ] ERR: (ThinkException) 无法加载模块images
[ 2014-06-10T13:12:35+08:00 ] ERR: (ThinkException) 无法加载模块images
[ 2014-06-10T13:12:35+08:00 ] ERR: (ThinkException) 无法加载模块images
[ 2014-06-10T13:13:14+08:00 ] ERR: (ThinkException) 无法加载模块css
[ 2014-06-10T13:13:14+08:00 ] ERR: (ThinkException) 无法加载模块css
[ 2014-06-10T13:13:15+08:00 ] ERR: (ThinkException) 无法加载模块images
[ 2014-06-10T13:13:15+08:00 ] ERR: (ThinkException) 无法加载模块images
[ 2014-06-10T13:13:40+08:00 ] ERR: (ThinkException) 无法加载模块css
[ 2014-06-10T13:13:41+08:00 ] ERR: (ThinkException) 无法加载模块css
[ 2014-06-10T13:13:41+08:00 ] ERR: (ThinkException) 无法加载模块images
[ 2014-06-10T13:13:41+08:00 ] ERR: (ThinkException) 无法加载模块images
[ 2014-06-10T13:14:16+08:00 ] ERR: (ThinkException) 无法加载模块css
[ 2014-06-10T13:14:17+08:00 ] ERR: (ThinkException) 无法加载模块css
[ 2014-06-10T13:16:55+08:00 ] ERR: (ThinkException) 无法加载模块css
[ 2014-06-10T13:16:56+08:00 ] ERR: (ThinkException) 无法加载模块css
[ 2014-06-10T13:17:57+08:00 ] ERR: (ThinkException) 无法加载模块css
[ 2014-06-10T13:17:58+08:00 ] ERR: (ThinkException) 无法加载模块css
[ 2014-06-10T13:20:08+08:00 ] ERR: (ThinkException) 无法加载模块css
[ 2014-06-10T13:20:08+08:00 ] ERR: (ThinkException) 无法加载模块css
[ 2014-06-10T13:21:25+08:00 ] ERR: (ThinkException) 无法加载模块css
[ 2014-06-10T13:21:25+08:00 ] ERR: (ThinkException) 无法加载模块css
[ 2014-06-10T13:21:35+08:00 ] ERR: (ThinkException) 无法加载模块css
[ 2014-06-10T13:21:36+08:00 ] ERR: (ThinkException) 无法加载模块css
[ 2014-06-10T13:21:46+08:00 ] ERR: (ThinkException) 无法加载模块css
[ 2014-06-10T13:21:46+08:00 ] ERR: (ThinkException) 无法加载模块css
[ 2014-06-10T13:25:28+08:00 ] ERR: (ThinkException) 无法加载模块css
[ 2014-06-10T13:25:29+08:00 ] ERR: (ThinkException) 无法加载模块css
[ 2014-06-10T13:27:10+08:00 ] ERR: (ThinkException) 无法加载模块css
[ 2014-06-10T13:27:11+08:00 ] ERR: (ThinkException) 无法加载模块css
[ 2014-06-10T13:31:40+08:00 ] ERR: (ThinkException) 无法加载模块css
[ 2014-06-10T13:31:40+08:00 ] ERR: (ThinkException) 无法加载模块css
[ 2014-06-10T13:32:13+08:00 ] ERR: (ThinkException) 无法加载模块css
[ 2014-06-10T13:32:14+08:00 ] ERR: (ThinkException) 无法加载模块css
[ 2014-06-10T13:39:57+08:00 ] ERR: (ThinkException) 无法加载模块css
[ 2014-06-10T13:39:57+08:00 ] ERR: (ThinkException) 无法加载模块css
[ 2014-06-10T13:40:52+08:00 ] ERR: (ThinkException) 无法加载模块css
[ 2014-06-10T13:40:53+08:00 ] ERR: (ThinkException) 无法加载模块css
[ 2014-06-10T13:41:21+08:00 ] ERR: (ThinkException) 无法加载模块css
[ 2014-06-10T13:41:21+08:00 ] ERR: (ThinkException) 无法加载模块css
[ 2014-06-10T13:43:35+08:00 ] ERR: (ThinkException) 无法加载模块css
[ 2014-06-10T13:43:35+08:00 ] ERR: (ThinkException) 无法加载模块css
[ 2014-06-10T13:43:50+08:00 ] ERR: (ThinkException) 无法加载模块css
[ 2014-06-10T13:43:50+08:00 ] ERR: (ThinkException) 无法加载模块css
[ 2014-06-10T13:44:24+08:00 ] ERR: (ThinkException) 无法加载模块css
[ 2014-06-10T13:44:25+08:00 ] ERR: (ThinkException) 无法加载模块css
[ 2014-06-10T13:44:37+08:00 ] ERR: (ThinkException) 无法加载模块css
[ 2014-06-10T13:44:38+08:00 ] ERR: (ThinkException) 无法加载模块css
[ 2014-06-10T13:52:33+08:00 ] ERR: (ThinkException) 无法加载模块css
[ 2014-06-10T13:52:33+08:00 ] ERR: (ThinkException) 无法加载模块css
[ 2014-06-10T13:52:59+08:00 ] ERR: (ThinkException) 无法加载模块css
[ 2014-06-10T13:53:00+08:00 ] ERR: (ThinkException) 无法加载模块css
[ 2014-06-10T13:53:23+08:00 ] ERR: (ThinkException) 无法加载模块css
[ 2014-06-10T13:53:24+08:00 ] ERR: (ThinkException) 无法加载模块css
[ 2014-06-10T13:54:09+08:00 ] ERR: (ThinkException) 无法加载模块css
[ 2014-06-10T13:54:09+08:00 ] ERR: (ThinkException) 无法加载模块css
[ 2014-06-10T13:54:55+08:00 ] ERR: (ThinkException) 无法加载模块css
[ 2014-06-10T13:54:56+08:00 ] ERR: (ThinkException) 无法加载模块css
[ 2014-06-10T13:55:13+08:00 ] ERR: (ThinkException) 无法加载模块css
[ 2014-06-10T13:55:14+08:00 ] ERR: (ThinkException) 无法加载模块css
[ 2014-06-10T13:55:55+08:00 ] ERR: (ThinkException) 无法加载模块css
[ 2014-06-10T13:55:55+08:00 ] ERR: (ThinkException) 无法加载模块css
[ 2014-06-10T13:57:34+08:00 ] ERR: (ThinkException) 无法加载模块css
[ 2014-06-10T13:57:34+08:00 ] ERR: (ThinkException) 无法加载模块css
[ 2014-06-10T13:58:18+08:00 ] ERR: (ThinkException) 无法加载模块css
[ 2014-06-10T13:58:19+08:00 ] ERR: (ThinkException) 无法加载模块css
[ 2014-06-10T13:58:36+08:00 ] ERR: (ThinkException) 无法加载模块css
[ 2014-06-10T13:58:36+08:00 ] ERR: (ThinkException) 无法加载模块css
[ 2014-06-10T13:59:27+08:00 ] ERR: (ThinkException) 无法加载模块css
[ 2014-06-10T13:59:28+08:00 ] ERR: (ThinkException) 无法加载模块css
[ 2014-06-10T13:59:42+08:00 ] ERR: (ThinkException) 无法加载模块css
[ 2014-06-10T13:59:43+08:00 ] ERR: (ThinkException) 无法加载模块css
[ 2014-06-10T14:01:12+08:00 ] ERR: (ThinkException) 无法加载模块css
[ 2014-06-10T14:01:13+08:00 ] ERR: (ThinkException) 无法加载模块css
[ 2014-06-10T14:02:25+08:00 ] ERR: (ThinkException) 无法加载模块css
[ 2014-06-10T14:02:26+08:00 ] ERR: (ThinkException) 无法加载模块css
[ 2014-06-10T14:04:06+08:00 ] ERR: (ThinkException) 无法加载模块css
[ 2014-06-10T14:04:06+08:00 ] ERR: (ThinkException) 无法加载模块css
[ 2014-06-10T14:11:53+08:00 ] ERR: (ThinkException) 无法加载模块css
[ 2014-06-10T14:11:54+08:00 ] ERR: (ThinkException) 无法加载模块css
[ 2014-06-10T14:15:15+08:00 ] ERR: (ThinkException) 无法加载模块css
[ 2014-06-10T14:15:15+08:00 ] ERR: (ThinkException) 无法加载模块css
[ 2014-06-10T14:15:37+08:00 ] ERR: (ThinkException) 无法加载模块css
[ 2014-06-10T14:15:38+08:00 ] ERR: (ThinkException) 无法加载模块css
[ 2014-06-10T14:16:18+08:00 ] ERR: (ThinkException) 无法加载模块css
[ 2014-06-10T14:16:18+08:00 ] ERR: (ThinkException) 无法加载模块css
[ 2014-06-10T14:16:22+08:00 ] ERR: (ThinkException) 无法加载模块css
[ 2014-06-10T14:16:22+08:00 ] ERR: (ThinkException) 无法加载模块css
[ 2014-06-10T14:16:52+08:00 ] ERR: (ThinkException) 无法加载模块css
[ 2014-06-10T14:16:53+08:00 ] ERR: (ThinkException) 无法加载模块css
[ 2014-06-10T14:17:32+08:00 ] ERR: (ThinkException) 无法加载模块css
[ 2014-06-10T14:17:32+08:00 ] ERR: (ThinkException) 无法加载模块css
[ 2014-06-10T14:18:33+08:00 ] ERR: (ThinkException) 无法加载模块css
[ 2014-06-10T14:18:33+08:00 ] ERR: (ThinkException) 无法加载模块css
[ 2014-06-10T14:18:47+08:00 ] ERR: (ThinkException) 无法加载模块css
[ 2014-06-10T14:18:47+08:00 ] ERR: (ThinkException) 无法加载模块css
[ 2014-06-10T14:19:03+08:00 ] ERR: (ThinkException) 无法加载模块css
[ 2014-06-10T14:19:03+08:00 ] ERR: (ThinkException) 无法加载模块css
[ 2014-06-10T14:21:22+08:00 ] ERR: (ThinkException) 无法加载模块css
[ 2014-06-10T14:21:23+08:00 ] ERR: (ThinkException) 无法加载模块css
[ 2014-06-10T14:22:18+08:00 ] ERR: (ThinkException) 无法加载模块css
[ 2014-06-10T14:22:18+08:00 ] ERR: (ThinkException) 无法加载模块css
[ 2014-06-10T14:22:19+08:00 ] ERR: (ThinkException) 无法加载模块css
[ 2014-06-10T14:22:20+08:00 ] ERR: (ThinkException) 无法加载模块css
[ 2014-06-10T14:22:20+08:00 ] ERR: (ThinkException) 无法加载模块css
[ 2014-06-10T14:22:49+08:00 ] ERR: (ThinkException) 无法加载模块css
[ 2014-06-10T14:22:49+08:00 ] ERR: (ThinkException) 无法加载模块css
[ 2014-06-10T14:22:56+08:00 ] ERR: (ThinkException) 无法加载模块css
[ 2014-06-10T14:22:56+08:00 ] ERR: (ThinkException) 无法加载模块css
[ 2014-06-10T14:25:27+08:00 ] ERR: (ThinkException) 无法加载模块css
[ 2014-06-10T14:25:28+08:00 ] ERR: (ThinkException) 无法加载模块css
[ 2014-06-10T14:26:07+08:00 ] ERR: (ThinkException) 无法加载模块css
[ 2014-06-10T14:26:07+08:00 ] ERR: (ThinkException) 无法加载模块css
[ 2014-06-10T14:29:52+08:00 ] ERR: (ThinkException) 无法加载模块css
[ 2014-06-10T14:29:52+08:00 ] ERR: (ThinkException) 无法加载模块css
[ 2014-06-10T14:32:16+08:00 ] ERR: (ThinkException) 无法加载模块css
[ 2014-06-10T14:32:17+08:00 ] ERR: (ThinkException) 无法加载模块css
[ 2014-06-10T14:33:20+08:00 ] ERR: (ThinkException) 无法加载模块css
[ 2014-06-10T14:33:20+08:00 ] ERR: (ThinkException) 无法加载模块css
[ 2014-06-10T14:34:35+08:00 ] ERR: (ThinkException) 无法加载模块css
[ 2014-06-10T14:34:35+08:00 ] ERR: (ThinkException) 无法加载模块css
[ 2014-06-10T14:34:56+08:00 ] ERR: (ThinkException) 无法加载模块css
[ 2014-06-10T14:34:57+08:00 ] ERR: (ThinkException) 无法加载模块css
[ 2014-06-10T14:44:04+08:00 ] ERR: (ThinkException) 无法加载模块css
[ 2014-06-10T14:44:04+08:00 ] ERR: (ThinkException) 无法加载模块css
[ 2014-06-10T14:44:39+08:00 ] ERR: (ThinkException) 无法加载模块css
[ 2014-06-10T14:44:39+08:00 ] ERR: (ThinkException) 无法加载模块css
[ 2014-06-10T14:45:08+08:00 ] ERR: (ThinkException) 无法加载模块css
[ 2014-06-10T14:45:08+08:00 ] ERR: (ThinkException) 无法加载模块css
[ 2014-06-10T14:45:49+08:00 ] ERR: (ThinkException) 无法加载模块css
[ 2014-06-10T14:45:50+08:00 ] ERR: (ThinkException) 无法加载模块css
[ 2014-06-10T14:47:21+08:00 ] ERR: (ThinkException) 无法加载模块css
[ 2014-06-10T14:47:21+08:00 ] ERR: (ThinkException) 无法加载模块css
[ 2014-06-10T14:47:34+08:00 ] ERR: (ThinkException) 无法加载模块css
[ 2014-06-10T14:47:34+08:00 ] ERR: (ThinkException) 无法加载模块css
[ 2014-06-10T14:54:30+08:00 ] ERR: (ThinkException) 无法加载模块css
[ 2014-06-10T14:54:30+08:00 ] ERR: (ThinkException) 无法加载模块css
[ 2014-06-10T14:57:58+08:00 ] ERR: (ThinkException) 无法加载模块css
[ 2014-06-10T14:57:58+08:00 ] ERR: (ThinkException) 无法加载模块css
[ 2014-06-10T15:03:24+08:00 ] ERR: (ThinkException) 无法加载模块css
[ 2014-06-10T15:03:25+08:00 ] ERR: (ThinkException) 无法加载模块css
[ 2014-06-10T15:06:23+08:00 ] ERR: (ThinkException) 无法加载模块css
[ 2014-06-10T15:06:23+08:00 ] ERR: (ThinkException) 无法加载模块css
[ 2014-06-10T15:06:25+08:00 ] ERR: (ThinkException) 无法加载模块css
[ 2014-06-10T15:06:26+08:00 ] ERR: (ThinkException) 无法加载模块css
[ 2014-06-10T15:06:49+08:00 ] ERR: (ThinkException) 无法加载模块css
[ 2014-06-10T15:06:50+08:00 ] ERR: (ThinkException) 无法加载模块css
[ 2014-06-10T15:07:49+08:00 ] ERR: (ThinkException) 无法加载模块css
[ 2014-06-10T15:07:49+08:00 ] ERR: (ThinkException) 无法加载模块css
[ 2014-06-10T15:12:04+08:00 ] ERR: (ThinkException) 无法加载模块css
[ 2014-06-10T15:12:05+08:00 ] ERR: (ThinkException) 无法加载模块css
[ 2014-06-10T15:12:42+08:00 ] ERR: (ThinkException) 无法加载模块css
[ 2014-06-10T15:12:42+08:00 ] ERR: (ThinkException) 无法加载模块css
[ 2014-06-10T15:14:08+08:00 ] ERR: (ThinkException) 无法加载模块css
[ 2014-06-10T15:14:09+08:00 ] ERR: (ThinkException) 无法加载模块css
[ 2014-06-10T15:14:58+08:00 ] ERR: (ThinkException) 无法加载模块css
[ 2014-06-10T15:14:58+08:00 ] ERR: (ThinkException) 无法加载模块css
[ 2014-06-10T15:17:16+08:00 ] ERR: (ThinkException) 无法加载模块Public
[ 2014-06-10T15:19:04+08:00 ] ERR: (ThinkException) 无法加载模块Public
[ 2014-06-10T15:19:04+08:00 ] ERR: (ThinkException) 无法加载模块Public
[ 2014-06-10T15:19:08+08:00 ] ERR: (ThinkException) 无法加载模块css
[ 2014-06-10T15:19:08+08:00 ] ERR: (ThinkException) 无法加载模块css
[ 2014-06-10T15:19:11+08:00 ] ERR: (ThinkException) 无法加载模块Public
[ 2014-06-10T15:19:11+08:00 ] ERR: (ThinkException) 无法加载模块Public
[ 2014-06-10T15:19:59+08:00 ] ERR: (ThinkException) 无法加载模块Public
[ 2014-06-10T15:19:59+08:00 ] ERR: (ThinkException) 无法加载模块Public
[ 2014-06-10T15:21:24+08:00 ] ERR: (ThinkException) 无法加载模块Public
[ 2014-06-10T15:22:20+08:00 ] ERR: (ThinkException) 无法加载模块Public
[ 2014-06-10T15:22:22+08:00 ] ERR: (ThinkException) 无法加载模块Public
[ 2014-06-10T15:22:22+08:00 ] ERR: (ThinkException) 无法加载模块Public
[ 2014-06-10T15:22:30+08:00 ] ERR: (ThinkException) 无法加载模块Public
[ 2014-06-10T15:22:34+08:00 ] ERR: (ThinkException) 无法加载模块Public
[ 2014-06-10T15:22:35+08:00 ] ERR: (ThinkException) 无法加载模块Public
[ 2014-06-10T15:22:35+08:00 ] ERR: (ThinkException) 无法加载模块Public
[ 2014-06-10T15:22:58+08:00 ] ERR: (ThinkException) 无法加载模块Public
[ 2014-06-10T15:22:58+08:00 ] ERR: (ThinkException) 无法加载模块Public
[ 2014-06-10T15:25:01+08:00 ] ERR: (ThinkException) 无法加载模块Public
[ 2014-06-10T15:25:03+08:00 ] ERR: (ThinkException) 无法加载模块Public
[ 2014-06-10T15:25:03+08:00 ] ERR: (ThinkException) 无法加载模块Public
[ 2014-06-10T15:25:04+08:00 ] ERR: (ThinkException) 无法加载模块Public
[ 2014-06-10T15:25:04+08:00 ] ERR: (ThinkException) 无法加载模块Public
[ 2014-06-10T15:25:05+08:00 ] ERR: (ThinkException) 无法加载模块Public
[ 2014-06-10T15:25:06+08:00 ] ERR: (ThinkException) 无法加载模块Public
[ 2014-06-10T15:25:08+08:00 ] ERR: (ThinkException) 无法加载模块Public
[ 2014-06-10T15:25:08+08:00 ] ERR: (ThinkException) 无法加载模块Public
[ 2014-06-10T15:25:21+08:00 ] ERR: (ThinkException) 无法加载模块Public
[ 2014-06-10T15:25:21+08:00 ] ERR: (ThinkException) 无法加载模块Public
[ 2014-06-10T15:25:28+08:00 ] ERR: (ThinkException) 无法加载模块Public
[ 2014-06-10T15:25:29+08:00 ] ERR: (ThinkException) 无法加载模块Public
[ 2014-06-10T15:25:41+08:00 ] ERR: (ThinkException) 无法加载模块Public
[ 2014-06-10T15:25:41+08:00 ] ERR: (ThinkException) 无法加载模块Public
[ 2014-06-10T15:25:43+08:00 ] ERR: (ThinkException) 无法加载模块Public
[ 2014-06-10T15:25:43+08:00 ] ERR: (ThinkException) 无法加载模块Public
[ 2014-06-10T15:25:46+08:00 ] ERR: (ThinkException) 无法加载模块Public
[ 2014-06-10T15:25:46+08:00 ] ERR: (ThinkException) 无法加载模块Public
[ 2014-06-10T15:25:52+08:00 ] ERR: (ThinkException) 无法加载模块Public
[ 2014-06-10T15:25:52+08:00 ] ERR: (ThinkException) 无法加载模块Public
[ 2014-06-10T15:27:31+08:00 ] ERR: (ThinkException) 无法加载模块css
[ 2014-06-10T15:27:31+08:00 ] ERR: (ThinkException) 无法加载模块css
[ 2014-06-10T15:27:44+08:00 ] ERR: (ThinkException) 无法加载模块Public
[ 2014-06-10T15:28:40+08:00 ] ERR: (ThinkException) 无法加载模块Public
[ 2014-06-10T15:29:02+08:00 ] ERR: (ThinkException) 无法加载模块Public
[ 2014-06-10T15:29:02+08:00 ] ERR: (ThinkException) 无法加载模块Public
[ 2014-06-10T15:29:11+08:00 ] ERR: (ThinkException) 无法加载模块Public
[ 2014-06-10T15:29:11+08:00 ] ERR: (ThinkException) 无法加载模块Public
[ 2014-06-10T15:29:14+08:00 ] ERR: (ThinkException) 无法加载模块Public
[ 2014-06-10T15:29:16+08:00 ] ERR: (ThinkException) 无法加载模块Public
[ 2014-06-10T15:29:20+08:00 ] ERR: (ThinkException) 无法加载模块Public
[ 2014-06-10T15:29:47+08:00 ] ERR: (ThinkException) 无法加载模块Public
[ 2014-06-10T15:31:46+08:00 ] ERR: (ThinkException) 无法加载模块Public
[ 2014-06-10T15:32:02+08:00 ] ERR: (ThinkException) 无法加载模块Public
[ 2014-06-10T15:35:51+08:00 ] ERR: (ThinkException) 无法加载模块Public
[ 2014-06-10T15:36:01+08:00 ] ERR: (ThinkException) 无法加载模块Public
[ 2014-06-10T15:36:02+08:00 ] ERR: (ThinkException) 无法加载模块Public
[ 2014-06-10T15:36:24+08:00 ] ERR: (ThinkException) 无法加载模块Public
[ 2014-06-10T15:36:24+08:00 ] ERR: (ThinkException) 无法加载模块Public
[ 2014-06-10T15:36:33+08:00 ] ERR: (ThinkException) 无法加载模块Public
[ 2014-06-10T15:36:34+08:00 ] ERR: (ThinkException) 无法加载模块Public
[ 2014-06-10T15:37:17+08:00 ] ERR: (ThinkException) 无法加载模块Public
[ 2014-06-10T15:37:18+08:00 ] ERR: (ThinkException) 无法加载模块Public
[ 2014-06-10T15:37:18+08:00 ] ERR: (ThinkException) 无法加载模块Public
[ 2014-06-10T15:37:20+08:00 ] ERR: (ThinkException) 无法加载模块Public
[ 2014-06-10T15:37:20+08:00 ] ERR: (ThinkException) 无法加载模块Public
[ 2014-06-10T15:37:24+08:00 ] ERR: (ThinkException) 无法加载模块Public
[ 2014-06-10T15:37:27+08:00 ] ERR: (ThinkException) 无法加载模块Public
[ 2014-06-10T15:37:28+08:00 ] ERR: (ThinkException) 无法加载模块Public
[ 2014-06-10T15:37:50+08:00 ] ERR: (ThinkException) 无法加载模块Public
[ 2014-06-10T15:37:50+08:00 ] ERR: (ThinkException) 无法加载模块Public
[ 2014-06-10T15:40:43+08:00 ] ERR: (ThinkException) 无法加载模块Public
[ 2014-06-10T15:40:43+08:00 ] ERR: (ThinkException) 无法加载模块Public
[ 2014-06-10T15:40:45+08:00 ] ERR: (ThinkException) 无法加载模块Public
[ 2014-06-10T15:40:45+08:00 ] ERR: (ThinkException) 无法加载模块Public
[ 2014-06-10T15:40:53+08:00 ] ERR: (ThinkException) 无法加载模块Public
[ 2014-06-10T15:40:53+08:00 ] ERR: (ThinkException) 无法加载模块Public
[ 2014-06-10T15:40:57+08:00 ] ERR: (ThinkException) 无法加载模块Public
[ 2014-06-10T15:40:59+08:00 ] ERR: (ThinkException) 无法加载模块Public
[ 2014-06-10T15:42:15+08:00 ] ERR: (ThinkException) 无法加载模块Public
[ 2014-06-10T15:42:15+08:00 ] ERR: (ThinkException) 无法加载模块Public
[ 2014-06-10T18:58:41+08:00 ] ERR: (ThinkException) 无法加载模块Public
[ 2014-06-10T18:58:44+08:00 ] ERR: (ThinkException) 无法加载模块Public
[ 2014-06-10T19:17:09+08:00 ] ERR: (ThinkException) 无法加载模块Public
[ 2014-06-10T19:17:11+08:00 ] ERR: (ThinkException) 无法加载模块Public
[ 2014-06-10T19:17:14+08:00 ] ERR: (ThinkException) 无法加载模块css
[ 2014-06-10T19:17:14+08:00 ] ERR: (ThinkException) 无法加载模块css
[ 2014-06-10T19:17:18+08:00 ] ERR: (ThinkException) 无法加载模块Public
[ 2014-06-10T19:17:21+08:00 ] ERR: (ThinkException) 无法加载模块Public
[ 2014-06-10T19:17:24+08:00 ] ERR: (ThinkException) 无法加载模块Public
[ 2014-06-10T19:17:29+08:00 ] ERR: (ThinkException) 无法加载模块Public
[ 2014-06-10T19:17:29+08:00 ] ERR: (ThinkException) 无法加载模块js
[ 2014-06-10T19:17:29+08:00 ] ERR: (ThinkException) 无法加载模块js
[ 2014-06-10T19:17:32+08:00 ] ERR: (ThinkException) 无法加载模块Public
[ 2014-06-10T19:17:35+08:00 ] ERR: (ThinkException) 无法加载模块Public
[ 2014-06-10T19:17:37+08:00 ] ERR: (ThinkException) 无法加载模块Public
[ 2014-06-10T19:43:43+08:00 ] ERR: (ThinkException) 无法加载模块Public
[ 2014-06-10T19:43:45+08:00 ] ERR: (ThinkException) 无法加载模块Public
