[ 2014-05-14T09:31:59+08:00 ] ERR: (ThinkException) 无法加载模块favicon.ico
[ 2014-05-14T09:31:59+08:00 ] ERR: (ThinkException) 无法加载模块favicon.ico
[ 2014-05-14T09:31:59+08:00 ] ERR: (ThinkException) 无法加载模块favicon.ico
[ 2014-05-14T09:48:43+08:00 ] ERR: (ThinkException) 无法加载模块Public
[ 2014-05-14T09:48:57+08:00 ] ERR: (ThinkException) 无法加载模块Public
[ 2014-05-14T09:48:58+08:00 ] ERR: (ThinkException) 无法加载模块Public
[ 2014-05-14T09:48:59+08:00 ] ERR: (ThinkException) 无法加载模块Publicckeditor
[ 2014-05-14T02:05:23+08:00 ] ERR: (ThinkException) 无法加载模块favicon.ico
[ 2014-05-14T02:05:23+08:00 ] ERR: (ThinkException) 无法加载模块favicon.ico
[ 2014-05-14T02:05:44+08:00 ] ERR: (ThinkException) 无法加载模块Public
[ 2014-05-14T02:06:06+08:00 ] ERR: (ThinkException) 无法加载模块Public
[ 2014-05-14T02:06:08+08:00 ] ERR: (ThinkException) 无法加载模块Public
[ 2014-05-14T02:06:08+08:00 ] ERR: (ThinkException) 无法加载模块Public
[ 2014-05-14T02:06:34+08:00 ] ERR: (ThinkException) 无法加载模块css
[ 2014-05-14T02:06:35+08:00 ] ERR: (ThinkException) 无法加载模块tab_resturant_businesshours
[ 2014-05-14T02:06:35+08:00 ] ERR: (ThinkException) 无法加载模块images
[ 2014-05-14T03:37:20+08:00 ] ERR: (ThinkException) 无法加载模块Public
[ 2014-05-14T03:37:20+08:00 ] ERR: (ThinkException) 无法加载模块js
[ 2014-05-14T03:37:20+08:00 ] ERR: (ThinkException) 无法加载模块js
[ 2014-05-14T03:37:26+08:00 ] ERR: (ThinkException) 无法加载模块Public
[ 2014-05-14T03:37:48+08:00 ] ERR: (ThinkException) 无法加载模块Public
[ 2014-05-14T04:57:21+08:00 ] ERR: (ThinkException) 无法加载模块Public
[ 2014-05-14T04:57:21+08:00 ] ERR: (ThinkException) 无法加载模块js
[ 2014-05-14T04:57:21+08:00 ] ERR: (ThinkException) 无法加载模块js
[ 2014-05-14T06:24:55+08:00 ] ERR: (ThinkException) 无法加载模块Public
[ 2014-05-14T06:27:43+08:00 ] ERR: (ThinkException) 无法加载模块Public
[ 2014-05-14T06:28:09+08:00 ] ERR: (ThinkException) 无法加载模块Public
[ 2014-05-14T07:28:55+08:00 ] ERR: (ThinkException) 无法加载模块Public
[ 2014-05-14T07:28:59+08:00 ] ERR: (ThinkException) 无法加载模块Public
[ 2014-05-14T07:28:59+08:00 ] ERR: (ThinkException) 无法加载模块js
[ 2014-05-14T07:28:59+08:00 ] ERR: (ThinkException) 无法加载模块js
[ 2014-05-14T07:29:02+08:00 ] ERR: (ThinkException) 无法加载模块Public
[ 2014-05-14T07:29:11+08:00 ] ERR: (ThinkException) 无法加载模块Public
[ 2014-05-14T07:32:13+08:00 ] ERR: (ThinkException) 无法加载模块Public
[ 2014-05-14T07:32:13+08:00 ] ERR: (ThinkException) 无法加载模块js
[ 2014-05-14T07:32:13+08:00 ] ERR: (ThinkException) 无法加载模块js
[ 2014-05-14T07:32:15+08:00 ] ERR: (ThinkException) 无法加载模块Public
[ 2014-05-14T07:32:31+08:00 ] ERR: (ThinkException) 无法加载模块Public
[ 2014-05-14T07:32:31+08:00 ] ERR: (ThinkException) 无法加载模块Public
[ 2014-05-14T07:35:19+08:00 ] ERR: (ThinkException) 无法加载模块Public
[ 2014-05-14T08:00:23+08:00 ] ERR: (ThinkException) 无法加载模块Public
[ 2014-05-14T08:00:52+08:00 ] ERR: (ThinkException) 无法加载模块Public
[ 2014-05-14T08:01:06+08:00 ] ERR: (ThinkException) 无法加载模块Public
