[ 2014-07-30T09:16:44+08:00 ] ERR: (ThinkException) Can't connect to MySQL server on '127.0.0.1' (111)
[ 2014-07-30T09:18:04+08:00 ] ERR: (ThinkException) Unknown MySQL server host 'http' (0)
[ 2014-07-30T09:18:22+08:00 ] ERR: (ThinkException) Access denied for user 'gomenuhub3'@'%' to database 'booking'
[ 2014-07-30T09:18:24+08:00 ] ERR: (ThinkException) Access denied for user 'gomenuhub3'@'%' to database 'booking'
[ 2014-07-30T09:19:37+08:00 ] SQL: SHOW COLUMNS FROM bk_restaurant_member [ RunTime:0.000693s ]
[ 2014-07-30T09:19:37+08:00 ] SQL: SHOW COLUMNS FROM bk_comment [ RunTime:0.000559s ]
[ 2014-07-30T09:19:37+08:00 ] SQL: SELECT * FROM `bk_restaurant_member` ORDER BY create_time desc LIMIT 4  [ RunTime:0.000454s ]
[ 2014-07-30T09:19:37+08:00 ] NOTIC: [2] Invalid argument supplied for foreach() IndexAction.class.php 第 17 行.
[ 2014-07-30T09:19:37+08:00 ] NOTIC: [2] Invalid argument supplied for foreach() IndexAction.class.php 第 20 行.
[ 2014-07-30T09:19:37+08:00 ] NOTIC: [8] Undefined variable: list1 IndexAction.class.php 第 33 行.
[ 2014-07-30T09:19:37+08:00 ] NOTIC: [8] Undefined variable: page IndexAction.class.php 第 34 行.
[ 2014-07-30T09:19:40+08:00 ] NOTIC: [8] Undefined variable: member_id 50a80d95ab48e6914519aae87b5b2faf.php 第 301 行.
[ 2014-07-30T09:20:01+08:00 ] SQL: SHOW COLUMNS FROM bk_restaurant_member [ RunTime:0.000540s ]
[ 2014-07-30T09:20:01+08:00 ] SQL: SHOW COLUMNS FROM bk_opentime [ RunTime:0.000531s ]
[ 2014-07-30T09:20:01+08:00 ] SQL: SHOW COLUMNS FROM bk_comment [ RunTime:0.000606s ]
[ 2014-07-30T09:20:01+08:00 ] NOTIC: [8] Undefined variable: list DishesAction.class.php 第 146 行.
[ 2014-07-30T09:20:01+08:00 ] NOTIC: [2] Invalid argument supplied for foreach() DishesAction.class.php 第 146 行.
[ 2014-07-30T09:20:01+08:00 ] NOTIC: [8] Undefined variable: list DishesAction.class.php 第 173 行.
[ 2014-07-30T09:20:01+08:00 ] NOTIC: [8] Undefined variable: times DishesAction.class.php 第 174 行.
[ 2014-07-30T09:20:01+08:00 ] NOTIC: [8] Undefined variable: list_count DishesAction.class.php 第 175 行.
[ 2014-07-30T09:20:03+08:00 ] NOTIC: [8] Undefined variable: member_id 50a80d95ab48e6914519aae87b5b2faf.php 第 301 行.
[ 2014-07-30T09:20:09+08:00 ] NOTIC: [8] Undefined variable: member_id 50a80d95ab48e6914519aae87b5b2faf.php 第 301 行.
[ 2014-07-30T09:20:15+08:00 ] NOTIC: [8] Undefined variable: member_id 50a80d95ab48e6914519aae87b5b2faf.php 第 301 行.
[ 2014-07-30T09:20:30+08:00 ] SQL: SHOW COLUMNS FROM bk_restaurant_member [ RunTime:0.000567s ]
[ 2014-07-30T09:20:30+08:00 ] SQL: SHOW COLUMNS FROM bk_opentime [ RunTime:0.000515s ]
[ 2014-07-30T09:20:30+08:00 ] SQL: SHOW COLUMNS FROM bk_comment [ RunTime:0.000603s ]
[ 2014-07-30T09:20:30+08:00 ] NOTIC: [8] Undefined variable: list DishesAction.class.php 第 146 行.
[ 2014-07-30T09:20:30+08:00 ] NOTIC: [2] Invalid argument supplied for foreach() DishesAction.class.php 第 146 行.
[ 2014-07-30T09:20:30+08:00 ] NOTIC: [8] Undefined variable: list DishesAction.class.php 第 173 行.
[ 2014-07-30T09:20:30+08:00 ] NOTIC: [8] Undefined variable: times DishesAction.class.php 第 174 行.
[ 2014-07-30T09:20:30+08:00 ] NOTIC: [8] Undefined variable: list_count DishesAction.class.php 第 175 行.
[ 2014-07-30T09:20:31+08:00 ] NOTIC: [8] Undefined variable: member_id 50a80d95ab48e6914519aae87b5b2faf.php 第 301 行.
