[ 2014-06-03T01:36:45+08:00 ] ERR: (ThinkException) 无法加载模块Public
[ 2014-06-03T02:24:16+08:00 ] ERR: (ThinkException) 无法加载模块Public
[ 2014-06-03T02:24:16+08:00 ] ERR: (ThinkException) 无法加载模块Public
[ 2014-06-03T02:25:20+08:00 ] ERR: (ThinkException) 无法加载模块Public
[ 2014-06-03T02:25:20+08:00 ] ERR: (ThinkException) 无法加载模块js
[ 2014-06-03T02:25:20+08:00 ] ERR: (ThinkException) 无法加载模块js
[ 2014-06-03T02:25:30+08:00 ] ERR: (ThinkException) 无法加载模块Public
[ 2014-06-03T02:25:30+08:00 ] ERR: (ThinkException) 无法加载模块js
[ 2014-06-03T02:25:30+08:00 ] ERR: (ThinkException) 无法加载模块js
[ 2014-06-03T02:25:33+08:00 ] ERR: (ThinkException) 无法加载模块Public
[ 2014-06-03T02:28:33+08:00 ] ERR: (ThinkException) 无法加载模块Public
[ 2014-06-03T02:28:46+08:00 ] ERR: (ThinkException) 无法加载模块Public
[ 2014-06-03T02:29:26+08:00 ] ERR: (ThinkException) 无法加载模块Public
[ 2014-06-03T02:32:00+08:00 ] ERR: (ThinkException) 无法加载模块Public
[ 2014-06-03T02:32:04+08:00 ] ERR: (ThinkException) 无法加载模块Public
[ 2014-06-03T02:32:04+08:00 ] ERR: (ThinkException) 无法加载模块js
[ 2014-06-03T02:32:04+08:00 ] ERR: (ThinkException) 无法加载模块js
[ 2014-06-03T02:33:49+08:00 ] ERR: (ThinkException) 无法加载模块Public
[ 2014-06-03T02:33:49+08:00 ] ERR: (ThinkException) 无法加载模块js
[ 2014-06-03T02:33:49+08:00 ] ERR: (ThinkException) 无法加载模块js
[ 2014-06-03T02:34:30+08:00 ] ERR: (ThinkException) 无法加载模块Public
[ 2014-06-03T02:34:30+08:00 ] ERR: (ThinkException) 无法加载模块js
[ 2014-06-03T02:34:30+08:00 ] ERR: (ThinkException) 无法加载模块js
[ 2014-06-03T02:35:23+08:00 ] ERR: (ThinkException) 无法加载模块Public
[ 2014-06-03T02:35:23+08:00 ] ERR: (ThinkException) 无法加载模块js
[ 2014-06-03T02:35:23+08:00 ] ERR: (ThinkException) 无法加载模块js
[ 2014-06-03T02:37:19+08:00 ] ERR: (ThinkException) 无法加载模块Public
[ 2014-06-03T02:37:19+08:00 ] ERR: (ThinkException) 无法加载模块js
[ 2014-06-03T02:37:19+08:00 ] ERR: (ThinkException) 无法加载模块js
[ 2014-06-03T02:37:26+08:00 ] ERR: (ThinkException) 无法加载模块Public
[ 2014-06-03T02:37:26+08:00 ] ERR: (ThinkException) 无法加载模块js
[ 2014-06-03T02:37:26+08:00 ] ERR: (ThinkException) 无法加载模块js
[ 2014-06-03T02:37:50+08:00 ] ERR: (ThinkException) 无法加载模块Public
[ 2014-06-03T02:37:50+08:00 ] ERR: (ThinkException) 无法加载模块js
[ 2014-06-03T02:37:50+08:00 ] ERR: (ThinkException) 无法加载模块js
[ 2014-06-03T02:38:11+08:00 ] ERR: (ThinkException) 无法加载模块Public
[ 2014-06-03T02:38:11+08:00 ] ERR: (ThinkException) 无法加载模块js
[ 2014-06-03T02:38:11+08:00 ] ERR: (ThinkException) 无法加载模块js
[ 2014-06-03T02:39:46+08:00 ] ERR: (ThinkException) 无法加载模块Public
[ 2014-06-03T02:39:46+08:00 ] ERR: (ThinkException) 无法加载模块js
[ 2014-06-03T02:39:46+08:00 ] ERR: (ThinkException) 无法加载模块js
[ 2014-06-03T02:40:08+08:00 ] ERR: (ThinkException) 无法加载模块Public
[ 2014-06-03T02:40:29+08:00 ] ERR: (ThinkException) 无法加载模块Public
[ 2014-06-03T02:40:29+08:00 ] ERR: (ThinkException) 无法加载模块js
[ 2014-06-03T02:40:29+08:00 ] ERR: (ThinkException) 无法加载模块js
[ 2014-06-03T02:40:36+08:00 ] ERR: (ThinkException) 无法加载模块Public
[ 2014-06-03T02:41:46+08:00 ] ERR: (ThinkException) 无法加载模块Public
[ 2014-06-03T02:41:46+08:00 ] ERR: (ThinkException) 无法加载模块js
[ 2014-06-03T02:41:46+08:00 ] ERR: (ThinkException) 无法加载模块js
[ 2014-06-03T02:42:05+08:00 ] ERR: (ThinkException) 无法加载模块Public
[ 2014-06-03T02:43:37+08:00 ] ERR: (ThinkException) 无法加载模块Public
[ 2014-06-03T02:44:11+08:00 ] ERR: (ThinkException) 无法加载模块Public
[ 2014-06-03T02:45:11+08:00 ] ERR: (ThinkException) 无法加载模块Public
[ 2014-06-03T02:46:23+08:00 ] ERR: (ThinkException) 无法加载模块Public
[ 2014-06-03T02:46:45+08:00 ] ERR: (ThinkException) 无法加载模块Public
[ 2014-06-03T02:47:21+08:00 ] ERR: (ThinkException) 无法加载模块Public
[ 2014-06-03T02:47:25+08:00 ] ERR: (ThinkException) 无法加载模块Public
[ 2014-06-03T02:47:28+08:00 ] ERR: (ThinkException) 无法加载模块css
[ 2014-06-03T02:47:28+08:00 ] ERR: (ThinkException) 无法加载模块images
[ 2014-06-03T02:47:28+08:00 ] ERR: (ThinkException) 无法加载模块tab_resturant_businesshours
[ 2014-06-03T02:47:31+08:00 ] ERR: (ThinkException) 无法加载模块Public
[ 2014-06-03T02:47:31+08:00 ] ERR: (ThinkException) 无法加载模块js
[ 2014-06-03T02:47:31+08:00 ] ERR: (ThinkException) 无法加载模块js
[ 2014-06-03T02:47:36+08:00 ] ERR: (ThinkException) 无法加载模块Public
[ 2014-06-03T02:47:36+08:00 ] ERR: (ThinkException) 无法加载模块js
[ 2014-06-03T02:47:36+08:00 ] ERR: (ThinkException) 无法加载模块js
[ 2014-06-03T02:47:39+08:00 ] ERR: (ThinkException) 无法加载模块Public
[ 2014-06-03T02:47:39+08:00 ] ERR: (ThinkException) 无法加载模块js
[ 2014-06-03T02:47:39+08:00 ] ERR: (ThinkException) 无法加载模块js
[ 2014-06-03T02:52:21+08:00 ] ERR: (ThinkException) 无法加载模块Public
[ 2014-06-03T02:52:35+08:00 ] ERR: (ThinkException) 无法加载模块Public
[ 2014-06-03T02:52:35+08:00 ] ERR: (ThinkException) 无法加载模块Public
[ 2014-06-03T02:53:41+08:00 ] ERR: (ThinkException) 无法加载模块Public
[ 2014-06-03T02:55:03+08:00 ] ERR: (ThinkException) 无法加载模块Public
[ 2014-06-03T02:56:09+08:00 ] ERR: (ThinkException) 无法加载模块Public
[ 2014-06-03T02:56:09+08:00 ] ERR: (ThinkException) 无法加载模块js
[ 2014-06-03T02:56:09+08:00 ] ERR: (ThinkException) 无法加载模块js
[ 2014-06-03T02:56:14+08:00 ] ERR: (ThinkException) 无法加载模块Public
[ 2014-06-03T02:56:36+08:00 ] ERR: (ThinkException) 无法加载模块Public
[ 2014-06-03T02:56:37+08:00 ] ERR: (ThinkException) 无法加载模块Public
[ 2014-06-03T02:58:05+08:00 ] ERR: (ThinkException) 无法加载模块Public
[ 2014-06-03T02:58:05+08:00 ] ERR: (ThinkException) 无法加载模块js
[ 2014-06-03T02:58:06+08:00 ] ERR: (ThinkException) 无法加载模块js
[ 2014-06-03T02:58:07+08:00 ] ERR: (ThinkException) 无法加载模块Public
[ 2014-06-03T02:58:17+08:00 ] ERR: (ThinkException) 无法加载模块Public
[ 2014-06-03T03:13:39+08:00 ] ERR: (ThinkException) 无法加载模块Public
[ 2014-06-03T03:15:28+08:00 ] ERR: (ThinkException) 无法加载模块Public
[ 2014-06-03T03:17:59+08:00 ] ERR: (ThinkException) 无法加载模块Public
[ 2014-06-03T03:18:42+08:00 ] ERR: (ThinkException) 无法加载模块Public
[ 2014-06-03T03:20:13+08:00 ] ERR: (ThinkException) 无法加载模块Public
[ 2014-06-03T03:24:09+08:00 ] ERR: (ThinkException) 无法加载模块Public
[ 2014-06-03T03:26:18+08:00 ] ERR: (ThinkException) 无法加载模块Public
[ 2014-06-03T03:26:18+08:00 ] ERR: (ThinkException) 无法加载模块Public
[ 2014-06-03T03:26:36+08:00 ] ERR: (ThinkException) 无法加载模块Public
[ 2014-06-03T03:26:45+08:00 ] ERR: (ThinkException) 无法加载模块Public
[ 2014-06-03T03:26:45+08:00 ] ERR: (ThinkException) 无法加载模块Public
[ 2014-06-03T03:26:48+08:00 ] ERR: (ThinkException) 无法加载模块Public
[ 2014-06-03T03:26:48+08:00 ] ERR: (ThinkException) 无法加载模块js
[ 2014-06-03T03:26:48+08:00 ] ERR: (ThinkException) 无法加载模块js
[ 2014-06-03T03:28:28+08:00 ] ERR: (ThinkException) 无法加载模块Public
[ 2014-06-03T03:28:28+08:00 ] ERR: (ThinkException) 无法加载模块js
[ 2014-06-03T03:28:28+08:00 ] ERR: (ThinkException) 无法加载模块js
[ 2014-06-03T03:28:40+08:00 ] ERR: (ThinkException) 无法加载模块Public
[ 2014-06-03T03:29:33+08:00 ] ERR: (ThinkException) 无法加载模块Public
[ 2014-06-03T03:29:33+08:00 ] ERR: (ThinkException) 无法加载模块js
[ 2014-06-03T03:29:33+08:00 ] ERR: (ThinkException) 无法加载模块js
[ 2014-06-03T03:29:39+08:00 ] ERR: (ThinkException) 无法加载模块Public
[ 2014-06-03T03:30:17+08:00 ] ERR: (ThinkException) 无法加载模块Public
[ 2014-06-03T03:30:17+08:00 ] ERR: (ThinkException) 无法加载模块Public
[ 2014-06-03T03:30:56+08:00 ] ERR: (ThinkException) 无法加载模块Public
[ 2014-06-03T03:31:48+08:00 ] ERR: (ThinkException) 无法加载模块Public
[ 2014-06-03T03:32:40+08:00 ] ERR: (ThinkException) 无法加载模块Public
[ 2014-06-03T03:32:40+08:00 ] ERR: (ThinkException) 无法加载模块js
[ 2014-06-03T03:32:40+08:00 ] ERR: (ThinkException) 无法加载模块js
[ 2014-06-03T03:32:49+08:00 ] ERR: (ThinkException) 无法加载模块Public
[ 2014-06-03T03:33:31+08:00 ] ERR: (ThinkException) 无法加载模块Public
[ 2014-06-03T03:33:31+08:00 ] ERR: (ThinkException) 无法加载模块js
[ 2014-06-03T03:33:31+08:00 ] ERR: (ThinkException) 无法加载模块js
[ 2014-06-03T03:36:28+08:00 ] ERR: (ThinkException) 无法加载模块Public
[ 2014-06-03T03:37:10+08:00 ] ERR: (ThinkException) 无法加载模块Public
[ 2014-06-03T03:37:59+08:00 ] ERR: (ThinkException) 无法加载模块Public
[ 2014-06-03T03:38:38+08:00 ] ERR: (ThinkException) 无法加载模块Public
[ 2014-06-03T03:38:43+08:00 ] ERR: (ThinkException) 无法加载模块Public
[ 2014-06-03T03:38:43+08:00 ] ERR: (ThinkException) 无法加载模块js
[ 2014-06-03T03:38:43+08:00 ] ERR: (ThinkException) 无法加载模块js
[ 2014-06-03T03:38:48+08:00 ] ERR: (ThinkException) 无法加载模块Public
[ 2014-06-03T03:38:51+08:00 ] ERR: (ThinkException) 无法加载模块Public
[ 2014-06-03T03:38:51+08:00 ] ERR: (ThinkException) 无法加载模块js
[ 2014-06-03T03:38:51+08:00 ] ERR: (ThinkException) 无法加载模块js
[ 2014-06-03T03:38:53+08:00 ] ERR: (ThinkException) 无法加载模块Public
[ 2014-06-03T03:39:14+08:00 ] ERR: (ThinkException) 无法加载模块Public
[ 2014-06-03T03:39:14+08:00 ] ERR: (ThinkException) 无法加载模块js
[ 2014-06-03T03:39:14+08:00 ] ERR: (ThinkException) 无法加载模块js
[ 2014-06-03T03:39:23+08:00 ] ERR: (ThinkException) 无法加载模块Public
[ 2014-06-03T03:40:28+08:00 ] ERR: (ThinkException) 无法加载模块Public
[ 2014-06-03T03:40:58+08:00 ] ERR: (ThinkException) 无法加载模块Public
[ 2014-06-03T03:41:28+08:00 ] ERR: (ThinkException) 无法加载模块Public
[ 2014-06-03T03:41:28+08:00 ] ERR: (ThinkException) 无法加载模块js
[ 2014-06-03T03:41:28+08:00 ] ERR: (ThinkException) 无法加载模块js
[ 2014-06-03T03:57:30+08:00 ] ERR: (ThinkException) 无法加载模块Public
[ 2014-06-03T03:57:30+08:00 ] ERR: (ThinkException) 无法加载模块js
[ 2014-06-03T03:57:30+08:00 ] ERR: (ThinkException) 无法加载模块js
[ 2014-06-03T03:57:45+08:00 ] ERR: (ThinkException) 无法加载模块Public
[ 2014-06-03T03:57:45+08:00 ] ERR: (ThinkException) 无法加载模块js
[ 2014-06-03T03:57:45+08:00 ] ERR: (ThinkException) 无法加载模块js
[ 2014-06-03T03:57:58+08:00 ] ERR: (ThinkException) 无法加载模块Public
[ 2014-06-03T04:04:13+08:00 ] ERR: (ThinkException) 无法加载模块Public
[ 2014-06-03T04:04:13+08:00 ] ERR: (ThinkException) 无法加载模块js
[ 2014-06-03T04:04:13+08:00 ] ERR: (ThinkException) 无法加载模块js
[ 2014-06-03T04:05:29+08:00 ] ERR: (ThinkException) 无法加载模块Public
[ 2014-06-03T04:05:30+08:00 ] ERR: (ThinkException) 无法加载模块js
[ 2014-06-03T04:05:30+08:00 ] ERR: (ThinkException) 无法加载模块js
[ 2014-06-03T04:11:38+08:00 ] ERR: (ThinkException) 无法加载模块Public
[ 2014-06-03T04:13:20+08:00 ] ERR: (ThinkException) 无法加载模块Public
[ 2014-06-03T04:20:20+08:00 ] ERR: (ThinkException) 无法加载模块css
[ 2014-06-03T04:20:20+08:00 ] ERR: (ThinkException) 无法加载模块images
[ 2014-06-03T04:20:20+08:00 ] ERR: (ThinkException) 无法加载模块tab_resturant_businesshours
[ 2014-06-03T04:21:39+08:00 ] ERR: (ThinkException) 无法加载模块Public
[ 2014-06-03T04:21:39+08:00 ] ERR: (ThinkException) 无法加载模块js
[ 2014-06-03T04:21:39+08:00 ] ERR: (ThinkException) 无法加载模块js
[ 2014-06-03T21:05:03+08:00 ] ERR: (ThinkException) 无法加载模块favicon.ico
[ 2014-06-03T21:05:03+08:00 ] ERR: (ThinkException) 无法加载模块favicon.ico
[ 2014-06-03T21:05:17+08:00 ] ERR: (ThinkException) 无法加载模块Public
[ 2014-06-03T21:05:19+08:00 ] ERR: (ThinkException) 无法加载模块Public
[ 2014-06-03T21:05:24+08:00 ] ERR: (ThinkException) 无法加载模块css
[ 2014-06-03T21:05:24+08:00 ] ERR: (ThinkException) 无法加载模块images
[ 2014-06-03T21:05:24+08:00 ] ERR: (ThinkException) 无法加载模块css
[ 2014-06-03T21:05:24+08:00 ] ERR: (ThinkException) 无法加载模块tab_resturant_businesshours
[ 2014-06-03T21:05:29+08:00 ] ERR: (ThinkException) 无法加载模块Public
[ 2014-06-03T21:05:29+08:00 ] ERR: (ThinkException) 无法加载模块js
[ 2014-06-03T21:05:29+08:00 ] ERR: (ThinkException) 无法加载模块js
[ 2014-06-03T21:40:01+08:00 ] ERR: (ThinkException) 无法加载模块Public
[ 2014-06-03T21:40:01+08:00 ] ERR: (ThinkException) 无法加载模块js
[ 2014-06-03T21:40:01+08:00 ] ERR: (ThinkException) 无法加载模块js
[ 2014-06-03T21:40:20+08:00 ] ERR: (ThinkException) 无法加载模块Public
[ 2014-06-03T21:40:32+08:00 ] ERR: (ThinkException) 无法加载模块Public
[ 2014-06-03T21:40:40+08:00 ] ERR: (ThinkException) 无法加载模块Public
[ 2014-06-03T21:45:45+08:00 ] ERR: (ThinkException) 无法加载模块Public
[ 2014-06-03T21:45:45+08:00 ] ERR: (ThinkException) 无法加载模块images
[ 2014-06-03T21:46:34+08:00 ] ERR: (ThinkException) 无法加载模块Public
[ 2014-06-03T21:48:56+08:00 ] ERR: (ThinkException) 无法加载模块Public
[ 2014-06-03T21:48:59+08:00 ] ERR: (ThinkException) 无法加载模块css
[ 2014-06-03T21:48:59+08:00 ] ERR: (ThinkException) 无法加载模块tab_resturant_businesshours
[ 2014-06-03T21:48:59+08:00 ] ERR: (ThinkException) 无法加载模块images
[ 2014-06-03T21:49:13+08:00 ] ERR: (ThinkException) 无法加载模块Public
[ 2014-06-03T21:49:13+08:00 ] ERR: (ThinkException) 无法加载模块js
[ 2014-06-03T21:49:13+08:00 ] ERR: (ThinkException) 无法加载模块js
[ 2014-06-03T21:49:35+08:00 ] ERR: (ThinkException) 无法加载模块Public
[ 2014-06-03T21:49:59+08:00 ] ERR: (ThinkException) 无法加载模块Public
[ 2014-06-03T21:53:45+08:00 ] ERR: (ThinkException) 无法加载模块Public
[ 2014-06-03T21:55:17+08:00 ] ERR: (ThinkException) 无法加载模块Public
[ 2014-06-03T21:55:18+08:00 ] ERR: (ThinkException) 无法加载模块Public
[ 2014-06-03T21:55:21+08:00 ] ERR: (ThinkException) 无法加载模块Public
[ 2014-06-03T21:55:37+08:00 ] ERR: (ThinkException) 无法加载模块Public
[ 2014-06-03T21:56:58+08:00 ] ERR: (ThinkException) 无法加载模块Public
[ 2014-06-03T21:57:06+08:00 ] ERR: (ThinkException) 无法加载模块Public
[ 2014-06-03T23:24:13+08:00 ] ERR: (ThinkException) 无法加载模块Public
[ 2014-06-03T23:24:42+08:00 ] ERR: (ThinkException) 无法加载模块Public
[ 2014-06-03T23:24:46+08:00 ] ERR: (ThinkException) 无法加载模块Public
[ 2014-06-03T23:25:45+08:00 ] ERR: (ThinkException) 无法加载模块Public
[ 2014-06-03T23:26:21+08:00 ] ERR: (ThinkException) 无法加载模块Public
