[ 2014-07-01T10:46:02+08:00 ] ERR: (ThinkException) 无法加载模块css
[ 2014-07-01T10:46:02+08:00 ] ERR: (ThinkException) 无法加载模块Public
[ 2014-07-01T10:46:02+08:00 ] ERR: (ThinkException) 无法加载模块css
[ 2014-07-01T10:46:02+08:00 ] ERR: (ThinkException) 无法加载模块js
[ 2014-07-01T10:46:02+08:00 ] ERR: (ThinkException) 无法加载模块js
[ 2014-07-01T10:46:02+08:00 ] ERR: (ThinkException) 无法加载模块js
[ 2014-07-01T10:46:02+08:00 ] ERR: (ThinkException) 无法加载模块images
[ 2014-07-01T10:46:02+08:00 ] ERR: (ThinkException) 无法加载模块images
[ 2014-07-01T10:46:03+08:00 ] ERR: (ThinkException) 无法加载模块Public
[ 2014-07-01T10:46:03+08:00 ] ERR: (ThinkException) 无法加载模块css
[ 2014-07-01T10:46:03+08:00 ] ERR: (ThinkException) 无法加载模块css
[ 2014-07-01T10:46:03+08:00 ] ERR: (ThinkException) 无法加载模块images
[ 2014-07-01T10:46:03+08:00 ] ERR: (ThinkException) 无法加载模块js
[ 2014-07-01T10:46:03+08:00 ] ERR: (ThinkException) 无法加载模块js
[ 2014-07-01T10:46:03+08:00 ] ERR: (ThinkException) 无法加载模块js
[ 2014-07-01T10:46:04+08:00 ] ERR: (ThinkException) 无法加载模块images
[ 2014-07-01T10:56:58+08:00 ] ERR: (ThinkException) 无法加载模块css
[ 2014-07-01T10:56:58+08:00 ] ERR: (ThinkException) 无法加载模块Public
[ 2014-07-01T10:56:58+08:00 ] ERR: (ThinkException) 无法加载模块js
[ 2014-07-01T10:56:58+08:00 ] ERR: (ThinkException) 无法加载模块js
[ 2014-07-01T10:56:58+08:00 ] ERR: (ThinkException) 无法加载模块css
[ 2014-07-01T10:56:58+08:00 ] ERR: (ThinkException) 无法加载模块js
[ 2014-07-01T10:56:58+08:00 ] ERR: (ThinkException) 无法加载模块images
[ 2014-07-01T10:56:58+08:00 ] ERR: (ThinkException) 无法加载模块js
[ 2014-07-01T10:56:58+08:00 ] ERR: (ThinkException) 无法加载模块favicon.ico
[ 2014-07-01T10:56:58+08:00 ] ERR: (ThinkException) 无法加载模块js
[ 2014-07-01T10:56:58+08:00 ] ERR: (ThinkException) 无法加载模块js
[ 2014-07-01T10:56:58+08:00 ] ERR: (ThinkException) 无法加载模块Publiccss
[ 2014-07-01T10:56:58+08:00 ] ERR: (ThinkException) 无法加载模块css
[ 2014-07-01T10:56:58+08:00 ] ERR: (ThinkException) 无法加载模块css
[ 2014-07-01T10:56:58+08:00 ] ERR: (ThinkException) 无法加载模块images
[ 2014-07-01T11:00:44+08:00 ] ERR: (ThinkException) 无法加载模块Public
[ 2014-07-01T11:00:44+08:00 ] ERR: (ThinkException) 无法加载模块css
[ 2014-07-01T11:00:44+08:00 ] ERR: (ThinkException) 无法加载模块css
[ 2014-07-01T11:00:44+08:00 ] ERR: (ThinkException) 无法加载模块js
[ 2014-07-01T11:00:44+08:00 ] ERR: (ThinkException) 无法加载模块js
[ 2014-07-01T11:00:44+08:00 ] ERR: (ThinkException) 无法加载模块images
[ 2014-07-01T11:00:44+08:00 ] ERR: (ThinkException) 无法加载模块js
[ 2014-07-01T11:00:45+08:00 ] ERR: (ThinkException) 无法加载模块images
[ 2014-07-01T11:00:45+08:00 ] ERR: (ThinkException) 无法加载模块images
[ 2014-07-01T11:00:46+08:00 ] ERR: (ThinkException) 无法加载模块favicon.ico
[ 2014-07-01T11:00:46+08:00 ] ERR: (ThinkException) 无法加载模块images
[ 2014-07-01T11:01:17+08:00 ] ERR: (ThinkException) 无法加载模块css
[ 2014-07-01T11:01:17+08:00 ] ERR: (ThinkException) 无法加载模块Public
[ 2014-07-01T11:01:17+08:00 ] ERR: (ThinkException) 无法加载模块css
[ 2014-07-01T11:01:17+08:00 ] ERR: (ThinkException) 无法加载模块js
[ 2014-07-01T11:01:17+08:00 ] ERR: (ThinkException) 无法加载模块js
[ 2014-07-01T11:01:17+08:00 ] ERR: (ThinkException) 无法加载模块js
[ 2014-07-01T11:01:17+08:00 ] ERR: (ThinkException) 无法加载模块images
[ 2014-07-01T11:01:18+08:00 ] ERR: (ThinkException) 无法加载模块images
[ 2014-07-01T11:01:18+08:00 ] ERR: (ThinkException) 无法加载模块images
[ 2014-07-01T11:01:18+08:00 ] ERR: (ThinkException) 无法加载模块favicon.ico
[ 2014-07-01T11:01:18+08:00 ] ERR: (ThinkException) 无法加载模块images
[ 2014-07-01T14:30:11+08:00 ] ERR: (ThinkException) 无法加载模块favicon.ico
[ 2014-07-01T14:30:23+08:00 ] ERR: (ThinkException) 无法加载模块Public
[ 2014-07-01T14:30:24+08:00 ] ERR: (ThinkException) 无法加载模块favicon.ico
[ 2014-07-01T14:30:28+08:00 ] ERR: (ThinkException) 无法加载模块Public
[ 2014-07-01T14:30:28+08:00 ] ERR: (ThinkException) 无法加载模块css
[ 2014-07-01T14:30:28+08:00 ] ERR: (ThinkException) 无法加载模块css
[ 2014-07-01T14:30:28+08:00 ] ERR: (ThinkException) 无法加载模块images
[ 2014-07-01T14:30:28+08:00 ] ERR: (ThinkException) 无法加载模块js
[ 2014-07-01T14:30:28+08:00 ] ERR: (ThinkException) 无法加载模块js
[ 2014-07-01T14:30:28+08:00 ] ERR: (ThinkException) 无法加载模块js
[ 2014-07-01T14:30:29+08:00 ] ERR: (ThinkException) 无法加载模块images
[ 2014-07-01T14:30:30+08:00 ] ERR: (ThinkException) 无法加载模块images
[ 2014-07-01T14:30:30+08:00 ] ERR: (ThinkException) 无法加载模块favicon.ico
[ 2014-07-01T14:30:30+08:00 ] ERR: (ThinkException) 无法加载模块images
[ 2014-07-01T14:31:24+08:00 ] ERR: (ThinkException) 无法加载模块Public
[ 2014-07-01T14:39:57+08:00 ] ERR: (ThinkException) 无法加载模块favicon.ico
[ 2014-07-01T14:39:58+08:00 ] SQL: SHOW COLUMNS FROM on_restaurant_member [ RunTime:0.034007s ]
[ 2014-07-01T14:39:58+08:00 ] SQL: SHOW COLUMNS FROM on_comment [ RunTime:0.008474s ]
[ 2014-07-01T14:39:58+08:00 ] SQL: select a.id,a.logo,a.nickname,a.remark,b.delivery,b.minimum,b.parking from on_restaurant_member as a left join on_restaurant_details as b on a.id = b.restaurant_id where a.status = 1 order by create_time desc limit 16 [ RunTime:0.017121s ]
[ 2014-07-01T14:39:58+08:00 ] NOTIC: [2] Invalid argument supplied for foreach() IndexAction.class.php 第 16 行.
[ 2014-07-01T14:39:58+08:00 ] NOTIC: [2] Invalid argument supplied for foreach() IndexAction.class.php 第 19 行.
[ 2014-07-01T14:39:58+08:00 ] NOTIC: [8] Undefined variable: list1 IndexAction.class.php 第 31 行.
[ 2014-07-01T14:39:58+08:00 ] NOTIC: [8] Undefined variable: page IndexAction.class.php 第 32 行.
[ 2014-07-01T14:41:41+08:00 ] ERR: (ThinkException) 无法加载模块Public
[ 2014-07-01T14:41:42+08:00 ] ERR: (ThinkException) 无法加载模块favicon.ico
[ 2014-07-01T14:42:52+08:00 ] ERR: (ThinkException) 无法加载模块Public
[ 2014-07-01T14:42:53+08:00 ] ERR: (ThinkException) 无法加载模块favicon.ico
[ 2014-07-01T14:43:29+08:00 ] ERR: (ThinkException) 无法加载模块Public
[ 2014-07-01T14:43:30+08:00 ] ERR: (ThinkException) 无法加载模块favicon.ico
[ 2014-07-01T14:43:49+08:00 ] ERR: (ThinkException) 无法加载模块Public
[ 2014-07-01T14:43:49+08:00 ] ERR: (ThinkException) 无法加载模块favicon.ico
