[ 2014-07-07T17:40:34+08:00 ] SQL: SHOW COLUMNS FROM on_restaurant_member [ RunTime:0.008350s ]
[ 2014-07-07T17:40:34+08:00 ] SQL: SHOW COLUMNS FROM on_comment [ RunTime:0.005770s ]
[ 2014-07-07T17:40:34+08:00 ] SQL: select a.id,a.logo,a.nickname,a.remark,b.delivery,b.minimum,b.parking from on_restaurant_member as a left join on_restaurant_details as b on a.id = b.restaurant_id where a.status = 1 order by create_time desc limit 16 [ RunTime:0.033911s ]
[ 2014-07-07T17:40:34+08:00 ] NOTIC: [2] Invalid argument supplied for foreach() IndexAction.class.php 第 16 行.
[ 2014-07-07T17:40:34+08:00 ] NOTIC: [2] Invalid argument supplied for foreach() IndexAction.class.php 第 19 行.
[ 2014-07-07T17:40:34+08:00 ] NOTIC: [8] Undefined variable: list1 IndexAction.class.php 第 31 行.
[ 2014-07-07T17:40:34+08:00 ] NOTIC: [8] Undefined variable: page IndexAction.class.php 第 32 行.
[ 2014-07-07T17:40:35+08:00 ] NOTIC: [8] Undefined variable: member_id 50a80d95ab48e6914519aae87b5b2faf.php 第 303 行.
[ 2014-07-07T17:40:35+08:00 ] ERR: (ThinkException) 无法加载模块favicon.ico
[ 2014-07-07T17:40:36+08:00 ] ERR: (ThinkException) 无法加载模块favicon.ico
[ 2014-07-07T17:40:42+08:00 ] SQL: SHOW COLUMNS FROM on_restaurant_member [ RunTime:0.005307s ]
[ 2014-07-07T17:40:42+08:00 ] SQL: SHOW COLUMNS FROM on_comment [ RunTime:0.006211s ]
[ 2014-07-07T17:40:42+08:00 ] NOTIC: [8] Undefined variable: list DishesAction.class.php 第 109 行.
[ 2014-07-07T17:40:42+08:00 ] NOTIC: [2] Invalid argument supplied for foreach() DishesAction.class.php 第 109 行.
[ 2014-07-07T17:40:42+08:00 ] NOTIC: [8] Undefined variable: list DishesAction.class.php 第 119 行.
[ 2014-07-07T17:40:42+08:00 ] NOTIC: [8] Undefined variable: list_count DishesAction.class.php 第 120 行.
[ 2014-07-07T17:40:42+08:00 ] NOTIC: [8] Undefined variable: member_id 50a80d95ab48e6914519aae87b5b2faf.php 第 303 行.
[ 2014-07-07T17:40:50+08:00 ] SQL: SHOW COLUMNS FROM on_restaurant_member [ RunTime:0.005554s ]
[ 2014-07-07T17:40:50+08:00 ] SQL: SHOW COLUMNS FROM on_comment [ RunTime:0.006326s ]
[ 2014-07-07T17:40:50+08:00 ] NOTIC: [8] Undefined variable: list DishesAction.class.php 第 109 行.
[ 2014-07-07T17:40:50+08:00 ] NOTIC: [2] Invalid argument supplied for foreach() DishesAction.class.php 第 109 行.
[ 2014-07-07T17:40:50+08:00 ] NOTIC: [8] Undefined variable: list DishesAction.class.php 第 119 行.
[ 2014-07-07T17:40:50+08:00 ] NOTIC: [8] Undefined variable: list_count DishesAction.class.php 第 120 行.
[ 2014-07-07T17:40:51+08:00 ] NOTIC: [8] Undefined variable: member_id 50a80d95ab48e6914519aae87b5b2faf.php 第 303 行.
[ 2014-07-07T17:40:59+08:00 ] SQL: SHOW COLUMNS FROM on_restaurant_member [ RunTime:0.005583s ]
[ 2014-07-07T17:40:59+08:00 ] SQL: SHOW COLUMNS FROM on_comment [ RunTime:0.004748s ]
[ 2014-07-07T17:40:59+08:00 ] NOTIC: [8] Undefined variable: list DishesAction.class.php 第 109 行.
[ 2014-07-07T17:40:59+08:00 ] NOTIC: [2] Invalid argument supplied for foreach() DishesAction.class.php 第 109 行.
[ 2014-07-07T17:40:59+08:00 ] NOTIC: [8] Undefined variable: list DishesAction.class.php 第 119 行.
[ 2014-07-07T17:40:59+08:00 ] NOTIC: [8] Undefined variable: list_count DishesAction.class.php 第 120 行.
[ 2014-07-07T17:41:00+08:00 ] NOTIC: [8] Undefined variable: member_id 50a80d95ab48e6914519aae87b5b2faf.php 第 303 行.
[ 2014-07-07T17:41:14+08:00 ] SQL: SHOW COLUMNS FROM on_restaurant_member [ RunTime:0.004997s ]
[ 2014-07-07T17:41:14+08:00 ] SQL: SHOW COLUMNS FROM on_comment [ RunTime:0.004664s ]
[ 2014-07-07T17:41:14+08:00 ] NOTIC: [8] Undefined variable: list DishesAction.class.php 第 109 行.
[ 2014-07-07T17:41:14+08:00 ] NOTIC: [2] Invalid argument supplied for foreach() DishesAction.class.php 第 109 行.
[ 2014-07-07T17:41:14+08:00 ] NOTIC: [8] Undefined variable: list DishesAction.class.php 第 119 行.
[ 2014-07-07T17:41:14+08:00 ] NOTIC: [8] Undefined variable: list_count DishesAction.class.php 第 120 行.
[ 2014-07-07T17:41:15+08:00 ] NOTIC: [8] Undefined variable: member_id 50a80d95ab48e6914519aae87b5b2faf.php 第 303 行.
