[ 2014-06-09T00:29:13+08:00 ] ERR: (ThinkException) цЧац│ХхКаш╜╜цибхЭЧfavicon.ico
[ 2014-06-09T00:29:13+08:00 ] ERR: (ThinkException) цЧац│ХхКаш╜╜цибхЭЧfavicon.ico
[ 2014-06-09T00:32:13+08:00 ] ERR: (ThinkException) цЧац│ХхКаш╜╜цибхЭЧPublic
[ 2014-06-09T00:32:13+08:00 ] ERR: (ThinkException) цЧац│ХхКаш╜╜цибхЭЧjs
[ 2014-06-09T00:32:14+08:00 ] ERR: (ThinkException) цЧац│ХхКаш╜╜цибхЭЧjs
[ 2014-06-09T00:32:18+08:00 ] ERR: (ThinkException) цЧац│ХхКаш╜╜цибхЭЧPublic
[ 2014-06-09T00:33:36+08:00 ] ERR: (ThinkException) цЧац│ХхКаш╜╜цибхЭЧPublic
[ 2014-06-09T00:33:41+08:00 ] ERR: (ThinkException) цЧац│ХхКаш╜╜цибхЭЧPublic
[ 2014-06-09T00:33:41+08:00 ] ERR: (ThinkException) цЧац│ХхКаш╜╜цибхЭЧjs
[ 2014-06-09T00:33:41+08:00 ] ERR: (ThinkException) цЧац│ХхКаш╜╜цибхЭЧjs
[ 2014-06-09T00:37:13+08:00 ] ERR: (ThinkException) цЧац│ХхКаш╜╜цибхЭЧPublic
[ 2014-06-09T00:37:13+08:00 ] ERR: (ThinkException) цЧац│ХхКаш╜╜цибхЭЧjs
[ 2014-06-09T00:37:13+08:00 ] ERR: (ThinkException) цЧац│ХхКаш╜╜цибхЭЧjs
[ 2014-06-09T00:37:17+08:00 ] ERR: (ThinkException) цЧац│ХхКаш╜╜цибхЭЧPublic
[ 2014-06-09T00:39:42+08:00 ] ERR: (ThinkException) ╙╔╙┌┴м╜╙╖╜╘┌╥╗╢╬╩▒╝ф║є├╗╙╨╒¤╚╖┤Ё╕┤╗Є┴м╜╙╡─╓ў╗·├╗╙╨╖┤╙жгм┴м╜╙│в╩╘╩з░▄бг

[ 2014-06-09T00:40:36+08:00 ] ERR: (ThinkException) ╙╔╙┌┴м╜╙╖╜╘┌╥╗╢╬╩▒╝ф║є├╗╙╨╒¤╚╖┤Ё╕┤╗Є┴м╜╙╡─╓ў╗·├╗╙╨╖┤╙жгм┴м╜╙│в╩╘╩з░▄бг

[ 2014-06-09T00:53:07+08:00 ] ERR: (ThinkException) цЧац│ХхКаш╜╜цибхЭЧPublic
[ 2014-06-09T00:54:12+08:00 ] ERR: (ThinkException) цЧац│ХхКаш╜╜цибхЭЧPublic
[ 2014-06-09T00:59:57+08:00 ] ERR: (ThinkException) цЧац│ХхКаш╜╜цибхЭЧPublic
[ 2014-06-09T00:59:57+08:00 ] ERR: (ThinkException) цЧац│ХхКаш╜╜цибхЭЧPublic
[ 2014-06-09T01:07:24+08:00 ] ERR: (ThinkException) цЧац│ХхКаш╜╜цибхЭЧcss
[ 2014-06-09T01:07:24+08:00 ] ERR: (ThinkException) цЧац│ХхКаш╜╜цибхЭЧimages
[ 2014-06-09T01:07:24+08:00 ] ERR: (ThinkException) цЧац│ХхКаш╜╜цибхЭЧtab_resturant_businesshours
[ 2014-06-09T01:07:24+08:00 ] ERR: (ThinkException) цЧац│ХхКаш╜╜цибхЭЧcss
[ 2014-06-09T01:07:43+08:00 ] ERR: (ThinkException) цЧац│ХхКаш╜╜цибхЭЧPublic
[ 2014-06-09T01:07:43+08:00 ] ERR: (ThinkException) цЧац│ХхКаш╜╜цибхЭЧjs
[ 2014-06-09T01:07:43+08:00 ] ERR: (ThinkException) цЧац│ХхКаш╜╜цибхЭЧjs
[ 2014-06-09T01:07:58+08:00 ] ERR: (ThinkException) цЧац│ХхКаш╜╜цибхЭЧPublic
[ 2014-06-09T01:08:13+08:00 ] ERR: (ThinkException) цЧац│ХхКаш╜╜цибхЭЧPublic
[ 2014-06-09T01:13:47+08:00 ] ERR: (ThinkException) цЧац│ХхКаш╜╜цибхЭЧPublic
[ 2014-06-09T01:14:02+08:00 ] ERR: (ThinkException) цЧац│ХхКаш╜╜цибхЭЧPublic
[ 2014-06-09T01:14:31+08:00 ] ERR: (ThinkException) цЧац│ХхКаш╜╜цибхЭЧPublic
[ 2014-06-09T01:14:47+08:00 ] ERR: (ThinkException) цЧац│ХхКаш╜╜цибхЭЧPublic
[ 2014-06-09T01:14:49+08:00 ] ERR: (ThinkException) цЧац│ХхКаш╜╜цибхЭЧcss
[ 2014-06-09T01:14:49+08:00 ] ERR: (ThinkException) цЧац│ХхКаш╜╜цибхЭЧimages
[ 2014-06-09T01:14:49+08:00 ] ERR: (ThinkException) цЧац│ХхКаш╜╜цибхЭЧcss
[ 2014-06-09T01:14:49+08:00 ] ERR: (ThinkException) цЧац│ХхКаш╜╜цибхЭЧtab_resturant_businesshours
[ 2014-06-09T01:14:58+08:00 ] ERR: (ThinkException) цЧац│ХхКаш╜╜цибхЭЧPublic
[ 2014-06-09T01:14:58+08:00 ] ERR: (ThinkException) цЧац│ХхКаш╜╜цибхЭЧjs
[ 2014-06-09T01:14:58+08:00 ] ERR: (ThinkException) цЧац│ХхКаш╜╜цибхЭЧjs
[ 2014-06-09T01:21:46+08:00 ] ERR: (ThinkException) цЧац│ХхКаш╜╜цибхЭЧphpmyadmini
[ 2014-06-09T01:26:30+08:00 ] ERR: (ThinkException) цЧац│ХхКаш╜╜цибхЭЧPublic
[ 2014-06-09T01:26:30+08:00 ] ERR: (ThinkException) цЧац│ХхКаш╜╜цибхЭЧjs
[ 2014-06-09T01:26:30+08:00 ] ERR: (ThinkException) цЧац│ХхКаш╜╜цибхЭЧjs
[ 2014-06-09T01:26:33+08:00 ] ERR: (ThinkException) цЧац│ХхКаш╜╜цибхЭЧPublic
[ 2014-06-09T01:26:35+08:00 ] ERR: (ThinkException) цЧац│ХхКаш╜╜цибхЭЧPublic
[ 2014-06-09T01:26:46+08:00 ] ERR: (ThinkException) цЧац│ХхКаш╜╜цибхЭЧPublic
[ 2014-06-09T01:26:48+08:00 ] ERR: (ThinkException) цЧац│ХхКаш╜╜цибхЭЧcss
[ 2014-06-09T01:26:48+08:00 ] ERR: (ThinkException) цЧац│ХхКаш╜╜цибхЭЧimages
[ 2014-06-09T01:26:48+08:00 ] ERR: (ThinkException) цЧац│ХхКаш╜╜цибхЭЧtab_resturant_businesshours
[ 2014-06-09T01:26:55+08:00 ] ERR: (ThinkException) цЧац│ХхКаш╜╜цибхЭЧPublic
[ 2014-06-09T01:26:55+08:00 ] ERR: (ThinkException) цЧац│ХхКаш╜╜цибхЭЧjs
[ 2014-06-09T01:26:55+08:00 ] ERR: (ThinkException) цЧац│ХхКаш╜╜цибхЭЧjs
[ 2014-06-09T01:26:58+08:00 ] ERR: (ThinkException) цЧац│ХхКаш╜╜цибхЭЧPublic
[ 2014-06-09T01:42:05+08:00 ] ERR: (ThinkException) цЧац│ХхКаш╜╜цибхЭЧcss
[ 2014-06-09T01:42:05+08:00 ] ERR: (ThinkException) цЧац│ХхКаш╜╜цибхЭЧimages
[ 2014-06-09T01:42:06+08:00 ] ERR: (ThinkException) цЧац│ХхКаш╜╜цибхЭЧcss
[ 2014-06-09T01:42:06+08:00 ] ERR: (ThinkException) цЧац│ХхКаш╜╜цибхЭЧtab_resturant_businesshours
[ 2014-06-09T01:47:20+08:00 ] ERR: (ThinkException) цЧац│ХхКаш╜╜цибхЭЧcss
[ 2014-06-09T01:47:20+08:00 ] ERR: (ThinkException) цЧац│ХхКаш╜╜цибхЭЧimages
[ 2014-06-09T01:47:20+08:00 ] ERR: (ThinkException) цЧац│ХхКаш╜╜цибхЭЧcss
[ 2014-06-09T01:47:20+08:00 ] ERR: (ThinkException) цЧац│ХхКаш╜╜цибхЭЧimages
[ 2014-06-09T01:47:20+08:00 ] ERR: (ThinkException) цЧац│ХхКаш╜╜цибхЭЧtab_resturant_businesshours
[ 2014-06-09T01:48:08+08:00 ] ERR: (ThinkException) цЧац│ХхКаш╜╜цибхЭЧPublic
[ 2014-06-09T01:48:10+08:00 ] ERR: (ThinkException) цЧац│ХхКаш╜╜цибхЭЧcss
[ 2014-06-09T01:48:10+08:00 ] ERR: (ThinkException) цЧац│ХхКаш╜╜цибхЭЧimages
[ 2014-06-09T01:48:10+08:00 ] ERR: (ThinkException) цЧац│ХхКаш╜╜цибхЭЧtab_resturant_businesshours
[ 2014-06-09T01:48:10+08:00 ] ERR: (ThinkException) цЧац│ХхКаш╜╜цибхЭЧcss
[ 2014-06-09T01:49:00+08:00 ] ERR: (ThinkException) цЧац│ХхКаш╜╜цибхЭЧcss
[ 2014-06-09T01:49:00+08:00 ] ERR: (ThinkException) цЧац│ХхКаш╜╜цибхЭЧimages
[ 2014-06-09T01:49:01+08:00 ] ERR: (ThinkException) цЧац│ХхКаш╜╜цибхЭЧcss
[ 2014-06-09T01:49:01+08:00 ] ERR: (ThinkException) цЧац│ХхКаш╜╜цибхЭЧtab_resturant_businesshours
[ 2014-06-09T01:49:02+08:00 ] ERR: (ThinkException) цЧац│ХхКаш╜╜цибхЭЧcss
[ 2014-06-09T01:49:02+08:00 ] ERR: (ThinkException) цЧац│ХхКаш╜╜цибхЭЧimages
[ 2014-06-09T01:49:02+08:00 ] ERR: (ThinkException) цЧац│ХхКаш╜╜цибхЭЧcss
[ 2014-06-09T01:49:02+08:00 ] ERR: (ThinkException) цЧац│ХхКаш╜╜цибхЭЧimages
[ 2014-06-09T01:49:02+08:00 ] ERR: (ThinkException) цЧац│ХхКаш╜╜цибхЭЧtab_resturant_businesshours
[ 2014-06-09T01:49:15+08:00 ] ERR: (ThinkException) цЧац│ХхКаш╜╜цибхЭЧcss
[ 2014-06-09T01:49:15+08:00 ] ERR: (ThinkException) цЧац│ХхКаш╜╜цибхЭЧimages
[ 2014-06-09T01:49:15+08:00 ] ERR: (ThinkException) цЧац│ХхКаш╜╜цибхЭЧtab_resturant_businesshours
[ 2014-06-09T01:49:54+08:00 ] ERR: (ThinkException) цЧац│ХхКаш╜╜цибхЭЧPublic
[ 2014-06-09T01:49:54+08:00 ] ERR: (ThinkException) цЧац│ХхКаш╜╜цибхЭЧjs
[ 2014-06-09T01:49:54+08:00 ] ERR: (ThinkException) цЧац│ХхКаш╜╜цибхЭЧjs
[ 2014-06-09T01:49:56+08:00 ] ERR: (ThinkException) цЧац│ХхКаш╜╜цибхЭЧcss
[ 2014-06-09T01:49:56+08:00 ] ERR: (ThinkException) цЧац│ХхКаш╜╜цибхЭЧimages
[ 2014-06-09T01:49:57+08:00 ] ERR: (ThinkException) цЧац│ХхКаш╜╜цибхЭЧtab_resturant_businesshours
[ 2014-06-09T01:51:04+08:00 ] ERR: (ThinkException) цЧац│ХхКаш╜╜цибхЭЧcss
[ 2014-06-09T01:51:04+08:00 ] ERR: (ThinkException) цЧац│ХхКаш╜╜цибхЭЧimages
[ 2014-06-09T01:51:04+08:00 ] ERR: (ThinkException) цЧац│ХхКаш╜╜цибхЭЧtab_resturant_businesshours
[ 2014-06-09T01:53:32+08:00 ] ERR: (ThinkException) цЧац│ХхКаш╜╜цибхЭЧcss
[ 2014-06-09T01:53:32+08:00 ] ERR: (ThinkException) цЧац│ХхКаш╜╜цибхЭЧimages
[ 2014-06-09T01:53:32+08:00 ] ERR: (ThinkException) цЧац│ХхКаш╜╜цибхЭЧimages
[ 2014-06-09T01:53:32+08:00 ] ERR: (ThinkException) цЧац│ХхКаш╜╜цибхЭЧtab_resturant_businesshours
[ 2014-06-09T02:01:03+08:00 ] ERR: (ThinkException) цЧац│ХхКаш╜╜цибхЭЧcss
[ 2014-06-09T02:01:03+08:00 ] ERR: (ThinkException) цЧац│ХхКаш╜╜цибхЭЧimages
[ 2014-06-09T02:01:03+08:00 ] ERR: (ThinkException) цЧац│ХхКаш╜╜цибхЭЧtab_resturant_businesshours
[ 2014-06-09T02:03:04+08:00 ] ERR: (ThinkException) цЧац│ХхКаш╜╜цибхЭЧcss
[ 2014-06-09T02:03:04+08:00 ] ERR: (ThinkException) цЧац│ХхКаш╜╜цибхЭЧimages
[ 2014-06-09T02:03:04+08:00 ] ERR: (ThinkException) цЧац│ХхКаш╜╜цибхЭЧtab_resturant_businesshours
[ 2014-06-09T02:06:00+08:00 ] ERR: (ThinkException) цЧац│ХхКаш╜╜цибхЭЧcss
[ 2014-06-09T02:06:00+08:00 ] ERR: (ThinkException) цЧац│ХхКаш╜╜цибхЭЧimages
[ 2014-06-09T02:06:00+08:00 ] ERR: (ThinkException) цЧац│ХхКаш╜╜цибхЭЧcss
[ 2014-06-09T02:06:00+08:00 ] ERR: (ThinkException) цЧац│ХхКаш╜╜цибхЭЧtab_resturant_businesshours
[ 2014-06-09T02:06:00+08:00 ] ERR: (ThinkException) цЧац│ХхКаш╜╜цибхЭЧimages
[ 2014-06-09T02:06:03+08:00 ] ERR: (ThinkException) цЧац│ХхКаш╜╜цибхЭЧimages
[ 2014-06-09T02:06:03+08:00 ] ERR: (ThinkException) цЧац│ХхКаш╜╜цибхЭЧcss
[ 2014-06-09T02:06:04+08:00 ] ERR: (ThinkException) цЧац│ХхКаш╜╜цибхЭЧfavicon.ico
[ 2014-06-09T02:06:04+08:00 ] ERR: (ThinkException) цЧац│ХхКаш╜╜цибхЭЧtab_resturant_businesshours
[ 2014-06-09T02:06:04+08:00 ] ERR: (ThinkException) цЧац│ХхКаш╜╜цибхЭЧimages
[ 2014-06-09T02:14:56+08:00 ] ERR: (ThinkException) цЧац│ХхКаш╜╜цибхЭЧfavicon.ico
[ 2014-06-09T02:27:00+08:00 ] ERR: (ThinkException) цЧац│ХхКаш╜╜цибхЭЧPublic
[ 2014-06-09T02:27:00+08:00 ] ERR: (ThinkException) цЧац│ХхКаш╜╜цибхЭЧjs
[ 2014-06-09T02:27:00+08:00 ] ERR: (ThinkException) цЧац│ХхКаш╜╜цибхЭЧjs
[ 2014-06-09T02:27:01+08:00 ] ERR: (ThinkException) цЧац│ХхКаш╜╜цибхЭЧfavicon.ico
[ 2014-06-09T02:27:03+08:00 ] ERR: (ThinkException) цЧац│ХхКаш╜╜цибхЭЧPublic
[ 2014-06-09T02:27:04+08:00 ] ERR: (ThinkException) цЧац│ХхКаш╜╜цибхЭЧfavicon.ico
[ 2014-06-09T02:29:54+08:00 ] ERR: (ThinkException) цЧац│ХхКаш╜╜цибхЭЧfavicon.ico
[ 2014-06-09T02:29:57+08:00 ] ERR: (ThinkException) цЧац│ХхКаш╜╜цибхЭЧPublic
[ 2014-06-09T02:29:57+08:00 ] ERR: (ThinkException) цЧац│ХхКаш╜╜цибхЭЧfavicon.ico
[ 2014-06-09T02:29:58+08:00 ] ERR: (ThinkException) цЧац│ХхКаш╜╜цибхЭЧPublic
[ 2014-06-09T02:29:58+08:00 ] ERR: (ThinkException) цЧац│ХхКаш╜╜цибхЭЧjs
[ 2014-06-09T02:29:58+08:00 ] ERR: (ThinkException) цЧац│ХхКаш╜╜цибхЭЧjs
[ 2014-06-09T02:29:58+08:00 ] ERR: (ThinkException) цЧац│ХхКаш╜╜цибхЭЧfavicon.ico
[ 2014-06-09T02:29:59+08:00 ] ERR: (ThinkException) цЧац│ХхКаш╜╜цибхЭЧcss
[ 2014-06-09T02:29:59+08:00 ] ERR: (ThinkException) цЧац│ХхКаш╜╜цибхЭЧimages
[ 2014-06-09T02:29:59+08:00 ] ERR: (ThinkException) цЧац│ХхКаш╜╜цибхЭЧcss
[ 2014-06-09T02:29:59+08:00 ] ERR: (ThinkException) цЧац│ХхКаш╜╜цибхЭЧtab_resturant_businesshours
[ 2014-06-09T02:30:00+08:00 ] ERR: (ThinkException) цЧац│ХхКаш╜╜цибхЭЧfavicon.ico
[ 2014-06-09T02:30:00+08:00 ] ERR: (ThinkException) цЧац│ХхКаш╜╜цибхЭЧimages
[ 2014-06-09T02:34:59+08:00 ] ERR: (ThinkException) цЧац│ХхКаш╜╜цибхЭЧfavicon.ico
[ 2014-06-09T02:35:20+08:00 ] ERR: (ThinkException) цЧац│ХхКаш╜╜цибхЭЧcss
[ 2014-06-09T02:35:20+08:00 ] ERR: (ThinkException) цЧац│ХхКаш╜╜цибхЭЧimages
[ 2014-06-09T02:35:20+08:00 ] ERR: (ThinkException) цЧац│ХхКаш╜╜цибхЭЧtab_resturant_businesshours
[ 2014-06-09T02:35:20+08:00 ] ERR: (ThinkException) цЧац│ХхКаш╜╜цибхЭЧcss
[ 2014-06-09T02:35:20+08:00 ] ERR: (ThinkException) цЧац│ХхКаш╜╜цибхЭЧimages
[ 2014-06-09T02:35:21+08:00 ] ERR: (ThinkException) цЧац│ХхКаш╜╜цибхЭЧimages
[ 2014-06-09T02:35:21+08:00 ] ERR: (ThinkException) цЧац│ХхКаш╜╜цибхЭЧfavicon.ico
[ 2014-06-09T02:35:21+08:00 ] ERR: (ThinkException) цЧац│ХхКаш╜╜цибхЭЧimages
[ 2014-06-09T03:29:30+08:00 ] ERR: (ThinkException) цЧац│ХхКаш╜╜цибхЭЧcss
[ 2014-06-09T03:29:30+08:00 ] ERR: (ThinkException) цЧац│ХхКаш╜╜цибхЭЧimages
[ 2014-06-09T03:29:31+08:00 ] ERR: (ThinkException) цЧац│ХхКаш╜╜цибхЭЧtab_resturant_businesshours
[ 2014-06-09T03:29:31+08:00 ] ERR: (ThinkException) цЧац│ХхКаш╜╜цибхЭЧcss
[ 2014-06-09T03:29:31+08:00 ] ERR: (ThinkException) цЧац│ХхКаш╜╜цибхЭЧimages
[ 2014-06-09T03:29:31+08:00 ] ERR: (ThinkException) цЧац│ХхКаш╜╜цибхЭЧimages
[ 2014-06-09T03:29:31+08:00 ] ERR: (ThinkException) цЧац│ХхКаш╜╜цибхЭЧfavicon.ico
[ 2014-06-09T03:29:31+08:00 ] ERR: (ThinkException) цЧац│ХхКаш╜╜цибхЭЧimages
[ 2014-06-09T03:29:53+08:00 ] ERR: (ThinkException) цЧац│ХхКаш╜╜цибхЭЧcss
[ 2014-06-09T03:29:53+08:00 ] ERR: (ThinkException) цЧац│ХхКаш╜╜цибхЭЧimages
[ 2014-06-09T03:29:54+08:00 ] ERR: (ThinkException) цЧац│ХхКаш╜╜цибхЭЧcss
[ 2014-06-09T03:29:54+08:00 ] ERR: (ThinkException) цЧац│ХхКаш╜╜цибхЭЧtab_resturant_businesshours
[ 2014-06-09T03:29:54+08:00 ] ERR: (ThinkException) цЧац│ХхКаш╜╜цибхЭЧimages
[ 2014-06-09T03:29:54+08:00 ] ERR: (ThinkException) цЧац│ХхКаш╜╜цибхЭЧfavicon.ico
[ 2014-06-09T03:29:54+08:00 ] ERR: (ThinkException) цЧац│ХхКаш╜╜цибхЭЧimages
[ 2014-06-09T03:29:54+08:00 ] ERR: (ThinkException) цЧац│ХхКаш╜╜цибхЭЧimages
[ 2014-06-09T03:33:45+08:00 ] ERR: (ThinkException) цЧац│ХхКаш╜╜цибхЭЧcss
[ 2014-06-09T03:33:45+08:00 ] ERR: (ThinkException) цЧац│ХхКаш╜╜цибхЭЧimages
[ 2014-06-09T03:33:46+08:00 ] ERR: (ThinkException) цЧац│ХхКаш╜╜цибхЭЧcss
[ 2014-06-09T03:33:46+08:00 ] ERR: (ThinkException) цЧац│ХхКаш╜╜цибхЭЧtab_resturant_businesshours
[ 2014-06-09T03:33:46+08:00 ] ERR: (ThinkException) цЧац│ХхКаш╜╜цибхЭЧimages
[ 2014-06-09T03:33:46+08:00 ] ERR: (ThinkException) цЧац│ХхКаш╜╜цибхЭЧimages
[ 2014-06-09T03:33:46+08:00 ] ERR: (ThinkException) цЧац│ХхКаш╜╜цибхЭЧfavicon.ico
[ 2014-06-09T03:33:46+08:00 ] ERR: (ThinkException) цЧац│ХхКаш╜╜цибхЭЧimages
[ 2014-06-09T03:33:48+08:00 ] ERR: (ThinkException) цЧац│ХхКаш╜╜цибхЭЧcss
[ 2014-06-09T03:33:48+08:00 ] ERR: (ThinkException) цЧац│ХхКаш╜╜цибхЭЧimages
[ 2014-06-09T03:33:48+08:00 ] ERR: (ThinkException) цЧац│ХхКаш╜╜цибхЭЧcss
[ 2014-06-09T03:33:48+08:00 ] ERR: (ThinkException) цЧац│ХхКаш╜╜цибхЭЧimages
[ 2014-06-09T03:33:48+08:00 ] ERR: (ThinkException) цЧац│ХхКаш╜╜цибхЭЧtab_resturant_businesshours
[ 2014-06-09T03:33:48+08:00 ] ERR: (ThinkException) цЧац│ХхКаш╜╜цибхЭЧfavicon.ico
[ 2014-06-09T03:33:48+08:00 ] ERR: (ThinkException) цЧац│ХхКаш╜╜цибхЭЧimages
[ 2014-06-09T03:33:49+08:00 ] ERR: (ThinkException) цЧац│ХхКаш╜╜цибхЭЧimages
[ 2014-06-09T03:35:28+08:00 ] ERR: (ThinkException) цЧац│ХхКаш╜╜цибхЭЧcss
[ 2014-06-09T03:35:28+08:00 ] ERR: (ThinkException) цЧац│ХхКаш╜╜цибхЭЧcss
[ 2014-06-09T03:35:28+08:00 ] ERR: (ThinkException) цЧац│ХхКаш╜╜цибхЭЧtab_resturant_businesshours
[ 2014-06-09T03:35:29+08:00 ] ERR: (ThinkException) цЧац│ХхКаш╜╜цибхЭЧfavicon.ico
[ 2014-06-09T03:38:45+08:00 ] ERR: (ThinkException) цЧац│ХхКаш╜╜цибхЭЧcss
[ 2014-06-09T03:38:45+08:00 ] ERR: (ThinkException) цЧац│ХхКаш╜╜цибхЭЧcss
[ 2014-06-09T03:38:45+08:00 ] ERR: (ThinkException) цЧац│ХхКаш╜╜цибхЭЧtab_resturant_businesshours
[ 2014-06-09T03:38:46+08:00 ] ERR: (ThinkException) цЧац│ХхКаш╜╜цибхЭЧfavicon.ico
[ 2014-06-09T03:52:28+08:00 ] ERR: (ThinkException) цЧац│ХхКаш╜╜цибхЭЧPublic
[ 2014-06-09T03:52:28+08:00 ] ERR: (ThinkException) цЧац│ХхКаш╜╜цибхЭЧjs
[ 2014-06-09T03:52:28+08:00 ] ERR: (ThinkException) цЧац│ХхКаш╜╜цибхЭЧjs
[ 2014-06-09T03:52:28+08:00 ] ERR: (ThinkException) цЧац│ХхКаш╜╜цибхЭЧfavicon.ico
[ 2014-06-09T03:52:31+08:00 ] ERR: (ThinkException) цЧац│ХхКаш╜╜цибхЭЧcss
[ 2014-06-09T03:52:31+08:00 ] ERR: (ThinkException) цЧац│ХхКаш╜╜цибхЭЧtab_resturant_businesshours
[ 2014-06-09T03:52:32+08:00 ] ERR: (ThinkException) цЧац│ХхКаш╜╜цибхЭЧfavicon.ico
[ 2014-06-09T03:52:38+08:00 ] ERR: (ThinkException) цЧац│ХхКаш╜╜цибхЭЧPublic
[ 2014-06-09T03:52:38+08:00 ] ERR: (ThinkException) цЧац│ХхКаш╜╜цибхЭЧjs
[ 2014-06-09T03:52:38+08:00 ] ERR: (ThinkException) цЧац│ХхКаш╜╜цибхЭЧjs
[ 2014-06-09T03:52:39+08:00 ] ERR: (ThinkException) цЧац│ХхКаш╜╜цибхЭЧfavicon.ico
[ 2014-06-09T03:52:40+08:00 ] ERR: (ThinkException) цЧац│ХхКаш╜╜цибхЭЧcss
[ 2014-06-09T03:52:40+08:00 ] ERR: (ThinkException) цЧац│ХхКаш╜╜цибхЭЧcss
[ 2014-06-09T03:52:40+08:00 ] ERR: (ThinkException) цЧац│ХхКаш╜╜цибхЭЧtab_resturant_businesshours
[ 2014-06-09T03:52:40+08:00 ] ERR: (ThinkException) цЧац│ХхКаш╜╜цибхЭЧfavicon.ico
[ 2014-06-09T03:52:42+08:00 ] ERR: (ThinkException) цЧац│ХхКаш╜╜цибхЭЧPublic
[ 2014-06-09T03:52:43+08:00 ] ERR: (ThinkException) цЧац│ХхКаш╜╜цибхЭЧfavicon.ico
[ 2014-06-09T03:52:45+08:00 ] ERR: (ThinkException) цЧац│ХхКаш╜╜цибхЭЧcss
[ 2014-06-09T03:52:45+08:00 ] ERR: (ThinkException) цЧац│ХхКаш╜╜цибхЭЧcss
[ 2014-06-09T03:52:45+08:00 ] ERR: (ThinkException) цЧац│ХхКаш╜╜цибхЭЧtab_resturant_businesshours
[ 2014-06-09T03:52:45+08:00 ] ERR: (ThinkException) цЧац│ХхКаш╜╜цибхЭЧfavicon.ico
[ 2014-06-09T03:53:28+08:00 ] ERR: (ThinkException) цЧац│ХхКаш╜╜цибхЭЧcss
[ 2014-06-09T03:53:29+08:00 ] ERR: (ThinkException) цЧац│ХхКаш╜╜цибхЭЧcss
[ 2014-06-09T03:53:29+08:00 ] ERR: (ThinkException) цЧац│ХхКаш╜╜цибхЭЧtab_resturant_businesshours
[ 2014-06-09T03:53:29+08:00 ] ERR: (ThinkException) цЧац│ХхКаш╜╜цибхЭЧfavicon.ico
[ 2014-06-09T03:54:06+08:00 ] ERR: (ThinkException) цЧац│ХхКаш╜╜цибхЭЧPublic
[ 2014-06-09T03:54:06+08:00 ] ERR: (ThinkException) цЧац│ХхКаш╜╜цибхЭЧjs
[ 2014-06-09T03:54:06+08:00 ] ERR: (ThinkException) цЧац│ХхКаш╜╜цибхЭЧjs
[ 2014-06-09T03:54:06+08:00 ] ERR: (ThinkException) цЧац│ХхКаш╜╜цибхЭЧfavicon.ico
[ 2014-06-09T03:56:08+08:00 ] ERR: (ThinkException) цЧац│ХхКаш╜╜цибхЭЧPublic
[ 2014-06-09T03:56:08+08:00 ] ERR: (ThinkException) цЧац│ХхКаш╜╜цибхЭЧjs
[ 2014-06-09T03:56:08+08:00 ] ERR: (ThinkException) цЧац│ХхКаш╜╜цибхЭЧjs
[ 2014-06-09T03:56:09+08:00 ] ERR: (ThinkException) цЧац│ХхКаш╜╜цибхЭЧfavicon.ico
[ 2014-06-09T03:56:13+08:00 ] ERR: (ThinkException) цЧац│ХхКаш╜╜цибхЭЧcss
[ 2014-06-09T03:56:14+08:00 ] ERR: (ThinkException) цЧац│ХхКаш╜╜цибхЭЧtab_resturant_businesshours
[ 2014-06-09T03:56:14+08:00 ] ERR: (ThinkException) цЧац│ХхКаш╜╜цибхЭЧcss
[ 2014-06-09T03:56:14+08:00 ] ERR: (ThinkException) цЧац│ХхКаш╜╜цибхЭЧfavicon.ico
[ 2014-06-09T03:56:16+08:00 ] ERR: (ThinkException) цЧац│ХхКаш╜╜цибхЭЧcss
[ 2014-06-09T03:56:16+08:00 ] ERR: (ThinkException) цЧац│ХхКаш╜╜цибхЭЧcss
[ 2014-06-09T03:56:16+08:00 ] ERR: (ThinkException) цЧац│ХхКаш╜╜цибхЭЧtab_resturant_businesshours
[ 2014-06-09T03:56:17+08:00 ] ERR: (ThinkException) цЧац│ХхКаш╜╜цибхЭЧfavicon.ico
[ 2014-06-09T04:00:44+08:00 ] ERR: (ThinkException) цЧац│ХхКаш╜╜цибхЭЧPublic
[ 2014-06-09T04:00:44+08:00 ] ERR: (ThinkException) цЧац│ХхКаш╜╜цибхЭЧjs
[ 2014-06-09T04:00:44+08:00 ] ERR: (ThinkException) цЧац│ХхКаш╜╜цибхЭЧjs
[ 2014-06-09T04:00:45+08:00 ] ERR: (ThinkException) цЧац│ХхКаш╜╜цибхЭЧfavicon.ico
[ 2014-06-09T04:00:49+08:00 ] ERR: (ThinkException) цЧац│ХхКаш╜╜цибхЭЧPublic
[ 2014-06-09T04:00:49+08:00 ] ERR: (ThinkException) цЧац│ХхКаш╜╜цибхЭЧjs
[ 2014-06-09T04:00:49+08:00 ] ERR: (ThinkException) цЧац│ХхКаш╜╜цибхЭЧjs
[ 2014-06-09T04:00:50+08:00 ] ERR: (ThinkException) цЧац│ХхКаш╜╜цибхЭЧfavicon.ico
[ 2014-06-09T04:00:53+08:00 ] ERR: (ThinkException) цЧац│ХхКаш╜╜цибхЭЧcss
[ 2014-06-09T04:00:53+08:00 ] ERR: (ThinkException) цЧац│ХхКаш╜╜цибхЭЧcss
[ 2014-06-09T04:00:53+08:00 ] ERR: (ThinkException) цЧац│ХхКаш╜╜цибхЭЧtab_resturant_businesshours
[ 2014-06-09T04:00:54+08:00 ] ERR: (ThinkException) цЧац│ХхКаш╜╜цибхЭЧfavicon.ico
[ 2014-06-09T04:02:42+08:00 ] ERR: (ThinkException) цЧац│ХхКаш╜╜цибхЭЧcss
[ 2014-06-09T04:02:43+08:00 ] ERR: (ThinkException) цЧац│ХхКаш╜╜цибхЭЧcss
[ 2014-06-09T04:02:43+08:00 ] ERR: (ThinkException) цЧац│ХхКаш╜╜цибхЭЧtab_resturant_businesshours
[ 2014-06-09T04:02:43+08:00 ] ERR: (ThinkException) цЧац│ХхКаш╜╜цибхЭЧfavicon.ico
[ 2014-06-09T04:02:45+08:00 ] ERR: (ThinkException) цЧац│ХхКаш╜╜цибхЭЧPublic
[ 2014-06-09T04:02:45+08:00 ] ERR: (ThinkException) цЧац│ХхКаш╜╜цибхЭЧjs
[ 2014-06-09T04:02:45+08:00 ] ERR: (ThinkException) цЧац│ХхКаш╜╜цибхЭЧjs
[ 2014-06-09T04:02:45+08:00 ] ERR: (ThinkException) цЧац│ХхКаш╜╜цибхЭЧfavicon.ico
[ 2014-06-09T04:02:53+08:00 ] ERR: (ThinkException) цЧац│ХхКаш╜╜цибхЭЧPublic
[ 2014-06-09T04:02:53+08:00 ] ERR: (ThinkException) цЧац│ХхКаш╜╜цибхЭЧjs
[ 2014-06-09T04:02:53+08:00 ] ERR: (ThinkException) цЧац│ХхКаш╜╜цибхЭЧjs
[ 2014-06-09T04:02:54+08:00 ] ERR: (ThinkException) цЧац│ХхКаш╜╜цибхЭЧfavicon.ico
[ 2014-06-09T04:03:22+08:00 ] ERR: (ThinkException) цЧац│ХхКаш╜╜цибхЭЧPublic
[ 2014-06-09T04:03:22+08:00 ] ERR: (ThinkException) цЧац│ХхКаш╜╜цибхЭЧjs
[ 2014-06-09T04:03:22+08:00 ] ERR: (ThinkException) цЧац│ХхКаш╜╜цибхЭЧjs
[ 2014-06-09T04:03:23+08:00 ] ERR: (ThinkException) цЧац│ХхКаш╜╜цибхЭЧfavicon.ico
[ 2014-06-09T04:03:31+08:00 ] ERR: (ThinkException) цЧац│ХхКаш╜╜цибхЭЧPublic
[ 2014-06-09T04:03:31+08:00 ] ERR: (ThinkException) цЧац│ХхКаш╜╜цибхЭЧjs
[ 2014-06-09T04:03:31+08:00 ] ERR: (ThinkException) цЧац│ХхКаш╜╜цибхЭЧjs
[ 2014-06-09T04:03:32+08:00 ] ERR: (ThinkException) цЧац│ХхКаш╜╜цибхЭЧfavicon.ico
[ 2014-06-09T04:03:39+08:00 ] ERR: (ThinkException) цЧац│ХхКаш╜╜цибхЭЧcss
[ 2014-06-09T04:03:40+08:00 ] ERR: (ThinkException) цЧац│ХхКаш╜╜цибхЭЧcss
[ 2014-06-09T04:03:40+08:00 ] ERR: (ThinkException) цЧац│ХхКаш╜╜цибхЭЧtab_resturant_businesshours
[ 2014-06-09T04:03:40+08:00 ] ERR: (ThinkException) цЧац│ХхКаш╜╜цибхЭЧfavicon.ico
[ 2014-06-09T04:03:45+08:00 ] ERR: (ThinkException) щЭЮц│ХцУНф╜Ьindex
[ 2014-06-09T04:03:45+08:00 ] ERR: (ThinkException) цЧац│ХхКаш╜╜цибхЭЧfavicon.ico
[ 2014-06-09T04:03:48+08:00 ] ERR: (ThinkException) цЧац│ХхКаш╜╜цибхЭЧcss
[ 2014-06-09T04:03:49+08:00 ] ERR: (ThinkException) цЧац│ХхКаш╜╜цибхЭЧcss
[ 2014-06-09T04:03:49+08:00 ] ERR: (ThinkException) цЧац│ХхКаш╜╜цибхЭЧtab_resturant_businesshours
[ 2014-06-09T04:03:49+08:00 ] ERR: (ThinkException) цЧац│ХхКаш╜╜цибхЭЧfavicon.ico
[ 2014-06-09T04:16:47+08:00 ] ERR: (ThinkException) щЭЮц│ХцУНф╜Ьindex
[ 2014-06-09T04:16:47+08:00 ] ERR: (ThinkException) цЧац│ХхКаш╜╜цибхЭЧfavicon.ico
[ 2014-06-09T04:17:36+08:00 ] ERR: (ThinkException) щЭЮц│ХцУНф╜Ьindex
[ 2014-06-09T04:17:36+08:00 ] ERR: (ThinkException) цЧац│ХхКаш╜╜цибхЭЧfavicon.ico
[ 2014-06-09T04:17:38+08:00 ] ERR: (ThinkException) щЭЮц│ХцУНф╜Ьindex
[ 2014-06-09T04:17:38+08:00 ] ERR: (ThinkException) цЧац│ХхКаш╜╜цибхЭЧfavicon.ico
[ 2014-06-09T04:17:39+08:00 ] ERR: (ThinkException) цЧац│ХхКаш╜╜цибхЭЧcss
[ 2014-06-09T04:17:40+08:00 ] ERR: (ThinkException) цЧац│ХхКаш╜╜цибхЭЧcss
[ 2014-06-09T04:17:40+08:00 ] ERR: (ThinkException) цЧац│ХхКаш╜╜цибхЭЧtab_resturant_businesshours
[ 2014-06-09T04:17:40+08:00 ] ERR: (ThinkException) цЧац│ХхКаш╜╜цибхЭЧfavicon.ico
[ 2014-06-09T04:18:04+08:00 ] ERR: (ThinkException) цЧац│ХхКаш╜╜цибхЭЧcss
[ 2014-06-09T04:18:04+08:00 ] ERR: (ThinkException) цЧац│ХхКаш╜╜цибхЭЧcss
[ 2014-06-09T04:18:04+08:00 ] ERR: (ThinkException) цЧац│ХхКаш╜╜цибхЭЧtab_resturant_businesshours
[ 2014-06-09T04:18:05+08:00 ] ERR: (ThinkException) цЧац│ХхКаш╜╜цибхЭЧfavicon.ico
[ 2014-06-09T04:18:06+08:00 ] ERR: (ThinkException) цЧац│ХхКаш╜╜цибхЭЧjs
[ 2014-06-09T04:18:06+08:00 ] ERR: (ThinkException) цЧац│ХхКаш╜╜цибхЭЧcss
[ 2014-06-09T04:18:06+08:00 ] ERR: (ThinkException) цЧац│ХхКаш╜╜цибхЭЧjs
[ 2014-06-09T04:18:06+08:00 ] ERR: (ThinkException) цЧац│ХхКаш╜╜цибхЭЧjs
[ 2014-06-09T04:18:06+08:00 ] ERR: (ThinkException) цЧац│ХхКаш╜╜цибхЭЧcss
[ 2014-06-09T04:18:06+08:00 ] ERR: (ThinkException) цЧац│ХхКаш╜╜цибхЭЧcss
[ 2014-06-09T04:18:06+08:00 ] ERR: (ThinkException) цЧац│ХхКаш╜╜цибхЭЧcss
[ 2014-06-09T04:18:06+08:00 ] ERR: (ThinkException) цЧац│ХхКаш╜╜цибхЭЧimages
[ 2014-06-09T04:18:06+08:00 ] ERR: (ThinkException) цЧац│ХхКаш╜╜цибхЭЧimages
[ 2014-06-09T04:18:07+08:00 ] ERR: (ThinkException) цЧац│ХхКаш╜╜цибхЭЧimages
[ 2014-06-09T04:18:07+08:00 ] ERR: (ThinkException) цЧац│ХхКаш╜╜цибхЭЧimages
[ 2014-06-09T04:18:07+08:00 ] ERR: (ThinkException) цЧац│ХхКаш╜╜цибхЭЧfavicon.ico
[ 2014-06-09T04:18:07+08:00 ] ERR: (ThinkException) цЧац│ХхКаш╜╜цибхЭЧimages
[ 2014-06-09T04:18:07+08:00 ] ERR: (ThinkException) цЧац│ХхКаш╜╜цибхЭЧimages
[ 2014-06-09T04:18:07+08:00 ] ERR: (ThinkException) цЧац│ХхКаш╜╜цибхЭЧimages
[ 2014-06-09T04:18:07+08:00 ] ERR: (ThinkException) цЧац│ХхКаш╜╜цибхЭЧimages
[ 2014-06-09T04:19:26+08:00 ] ERR: (ThinkException) цЧац│ХхКаш╜╜цибхЭЧjs
[ 2014-06-09T04:19:26+08:00 ] ERR: (ThinkException) цЧац│ХхКаш╜╜цибхЭЧcss
[ 2014-06-09T04:19:26+08:00 ] ERR: (ThinkException) цЧац│ХхКаш╜╜цибхЭЧjs
[ 2014-06-09T04:19:26+08:00 ] ERR: (ThinkException) цЧац│ХхКаш╜╜цибхЭЧjs
[ 2014-06-09T04:19:26+08:00 ] ERR: (ThinkException) цЧац│ХхКаш╜╜цибхЭЧcss
[ 2014-06-09T04:19:26+08:00 ] ERR: (ThinkException) цЧац│ХхКаш╜╜цибхЭЧimages
[ 2014-06-09T04:19:26+08:00 ] ERR: (ThinkException) цЧац│ХхКаш╜╜цибхЭЧimages
[ 2014-06-09T04:19:26+08:00 ] ERR: (ThinkException) цЧац│ХхКаш╜╜цибхЭЧcss
[ 2014-06-09T04:19:26+08:00 ] ERR: (ThinkException) цЧац│ХхКаш╜╜цибхЭЧcss
[ 2014-06-09T04:19:27+08:00 ] ERR: (ThinkException) цЧац│ХхКаш╜╜цибхЭЧimages
[ 2014-06-09T04:19:27+08:00 ] ERR: (ThinkException) цЧац│ХхКаш╜╜цибхЭЧimages
[ 2014-06-09T04:19:27+08:00 ] ERR: (ThinkException) цЧац│ХхКаш╜╜цибхЭЧimages
[ 2014-06-09T04:19:27+08:00 ] ERR: (ThinkException) цЧац│ХхКаш╜╜цибхЭЧfavicon.ico
[ 2014-06-09T04:19:27+08:00 ] ERR: (ThinkException) цЧац│ХхКаш╜╜цибхЭЧimages
[ 2014-06-09T04:19:27+08:00 ] ERR: (ThinkException) цЧац│ХхКаш╜╜цибхЭЧimages
[ 2014-06-09T04:19:27+08:00 ] ERR: (ThinkException) цЧац│ХхКаш╜╜цибхЭЧimages
[ 2014-06-09T04:19:29+08:00 ] ERR: (ThinkException) цЧац│ХхКаш╜╜цибхЭЧjs
[ 2014-06-09T04:19:29+08:00 ] ERR: (ThinkException) цЧац│ХхКаш╜╜цибхЭЧcss
[ 2014-06-09T04:19:29+08:00 ] ERR: (ThinkException) цЧац│ХхКаш╜╜цибхЭЧcss
[ 2014-06-09T04:19:29+08:00 ] ERR: (ThinkException) цЧац│ХхКаш╜╜цибхЭЧjs
[ 2014-06-09T04:19:29+08:00 ] ERR: (ThinkException) цЧац│ХхКаш╜╜цибхЭЧjs
[ 2014-06-09T04:19:29+08:00 ] ERR: (ThinkException) цЧац│ХхКаш╜╜цибхЭЧimages
[ 2014-06-09T04:19:29+08:00 ] ERR: (ThinkException) цЧац│ХхКаш╜╜цибхЭЧimages
[ 2014-06-09T04:19:30+08:00 ] ERR: (ThinkException) цЧац│ХхКаш╜╜цибхЭЧcss
[ 2014-06-09T04:19:30+08:00 ] ERR: (ThinkException) цЧац│ХхКаш╜╜цибхЭЧcss
[ 2014-06-09T04:19:30+08:00 ] ERR: (ThinkException) цЧац│ХхКаш╜╜цибхЭЧimages
[ 2014-06-09T04:19:30+08:00 ] ERR: (ThinkException) цЧац│ХхКаш╜╜цибхЭЧimages
[ 2014-06-09T04:19:30+08:00 ] ERR: (ThinkException) цЧац│ХхКаш╜╜цибхЭЧimages
[ 2014-06-09T04:19:30+08:00 ] ERR: (ThinkException) цЧац│ХхКаш╜╜цибхЭЧimages
[ 2014-06-09T04:19:30+08:00 ] ERR: (ThinkException) цЧац│ХхКаш╜╜цибхЭЧfavicon.ico
[ 2014-06-09T04:19:30+08:00 ] ERR: (ThinkException) цЧац│ХхКаш╜╜цибхЭЧimages
[ 2014-06-09T04:19:30+08:00 ] ERR: (ThinkException) цЧац│ХхКаш╜╜цибхЭЧimages
[ 2014-06-09T04:20:17+08:00 ] ERR: (ThinkException) цЧац│ХхКаш╜╜цибхЭЧjs
[ 2014-06-09T04:20:17+08:00 ] ERR: (ThinkException) цЧац│ХхКаш╜╜цибхЭЧjs
[ 2014-06-09T04:20:17+08:00 ] ERR: (ThinkException) цЧац│ХхКаш╜╜цибхЭЧjs
[ 2014-06-09T04:20:17+08:00 ] ERR: (ThinkException) цЧац│ХхКаш╜╜цибхЭЧcss
[ 2014-06-09T04:20:17+08:00 ] ERR: (ThinkException) цЧац│ХхКаш╜╜цибхЭЧcss
[ 2014-06-09T04:20:17+08:00 ] ERR: (ThinkException) цЧац│ХхКаш╜╜цибхЭЧimages
[ 2014-06-09T04:20:17+08:00 ] ERR: (ThinkException) цЧац│ХхКаш╜╜цибхЭЧimages
[ 2014-06-09T04:20:18+08:00 ] ERR: (ThinkException) цЧац│ХхКаш╜╜цибхЭЧimages
[ 2014-06-09T04:20:18+08:00 ] ERR: (ThinkException) цЧац│ХхКаш╜╜цибхЭЧimages
[ 2014-06-09T04:20:18+08:00 ] ERR: (ThinkException) цЧац│ХхКаш╜╜цибхЭЧimages
[ 2014-06-09T04:20:18+08:00 ] ERR: (ThinkException) цЧац│ХхКаш╜╜цибхЭЧfavicon.ico
[ 2014-06-09T04:20:18+08:00 ] ERR: (ThinkException) цЧац│ХхКаш╜╜цибхЭЧimages
[ 2014-06-09T04:20:18+08:00 ] ERR: (ThinkException) цЧац│ХхКаш╜╜цибхЭЧimages
[ 2014-06-09T04:20:18+08:00 ] ERR: (ThinkException) цЧац│ХхКаш╜╜цибхЭЧimages
[ 2014-06-09T04:21:23+08:00 ] ERR: (ThinkException) цЧац│ХхКаш╜╜цибхЭЧjs
[ 2014-06-09T04:21:23+08:00 ] ERR: (ThinkException) цЧац│ХхКаш╜╜цибхЭЧjs
[ 2014-06-09T04:21:23+08:00 ] ERR: (ThinkException) цЧац│ХхКаш╜╜цибхЭЧcss
[ 2014-06-09T04:21:23+08:00 ] ERR: (ThinkException) цЧац│ХхКаш╜╜цибхЭЧcss
[ 2014-06-09T04:21:23+08:00 ] ERR: (ThinkException) цЧац│ХхКаш╜╜цибхЭЧjs
[ 2014-06-09T04:21:23+08:00 ] ERR: (ThinkException) цЧац│ХхКаш╜╜цибхЭЧimages
[ 2014-06-09T04:21:23+08:00 ] ERR: (ThinkException) цЧац│ХхКаш╜╜цибхЭЧimages
[ 2014-06-09T04:21:23+08:00 ] ERR: (ThinkException) цЧац│ХхКаш╜╜цибхЭЧcss
[ 2014-06-09T04:21:23+08:00 ] ERR: (ThinkException) цЧац│ХхКаш╜╜цибхЭЧcss
[ 2014-06-09T04:21:23+08:00 ] ERR: (ThinkException) цЧац│ХхКаш╜╜цибхЭЧimages
[ 2014-06-09T04:21:23+08:00 ] ERR: (ThinkException) цЧац│ХхКаш╜╜цибхЭЧimages
[ 2014-06-09T04:21:23+08:00 ] ERR: (ThinkException) цЧац│ХхКаш╜╜цибхЭЧfavicon.ico
[ 2014-06-09T04:21:23+08:00 ] ERR: (ThinkException) цЧац│ХхКаш╜╜цибхЭЧimages
[ 2014-06-09T04:21:23+08:00 ] ERR: (ThinkException) цЧац│ХхКаш╜╜цибхЭЧimages
[ 2014-06-09T04:21:23+08:00 ] ERR: (ThinkException) цЧац│ХхКаш╜╜цибхЭЧimages
[ 2014-06-09T04:21:23+08:00 ] ERR: (ThinkException) цЧац│ХхКаш╜╜цибхЭЧimages
[ 2014-06-09T04:21:25+08:00 ] ERR: (ThinkException) цЧац│ХхКаш╜╜цибхЭЧcss
[ 2014-06-09T04:21:26+08:00 ] ERR: (ThinkException) цЧац│ХхКаш╜╜цибхЭЧcss
[ 2014-06-09T04:21:26+08:00 ] ERR: (ThinkException) цЧац│ХхКаш╜╜цибхЭЧtab_resturant_businesshours
[ 2014-06-09T04:21:26+08:00 ] ERR: (ThinkException) цЧац│ХхКаш╜╜цибхЭЧfavicon.ico
[ 2014-06-09T04:21:27+08:00 ] ERR: (ThinkException) цЧац│ХхКаш╜╜цибхЭЧjs
[ 2014-06-09T04:21:27+08:00 ] ERR: (ThinkException) цЧац│ХхКаш╜╜цибхЭЧcss
[ 2014-06-09T04:21:27+08:00 ] ERR: (ThinkException) цЧац│ХхКаш╜╜цибхЭЧjs
[ 2014-06-09T04:21:27+08:00 ] ERR: (ThinkException) цЧац│ХхКаш╜╜цибхЭЧcss
[ 2014-06-09T04:21:27+08:00 ] ERR: (ThinkException) цЧац│ХхКаш╜╜цибхЭЧjs
[ 2014-06-09T04:21:27+08:00 ] ERR: (ThinkException) цЧац│ХхКаш╜╜цибхЭЧimages
[ 2014-06-09T04:21:27+08:00 ] ERR: (ThinkException) цЧац│ХхКаш╜╜цибхЭЧimages
[ 2014-06-09T04:21:27+08:00 ] ERR: (ThinkException) цЧац│ХхКаш╜╜цибхЭЧcss
[ 2014-06-09T04:21:27+08:00 ] ERR: (ThinkException) цЧац│ХхКаш╜╜цибхЭЧcss
[ 2014-06-09T04:21:28+08:00 ] ERR: (ThinkException) цЧац│ХхКаш╜╜цибхЭЧimages
[ 2014-06-09T04:21:28+08:00 ] ERR: (ThinkException) цЧац│ХхКаш╜╜цибхЭЧimages
[ 2014-06-09T04:21:28+08:00 ] ERR: (ThinkException) цЧац│ХхКаш╜╜цибхЭЧimages
[ 2014-06-09T04:21:28+08:00 ] ERR: (ThinkException) цЧац│ХхКаш╜╜цибхЭЧimages
[ 2014-06-09T04:21:28+08:00 ] ERR: (ThinkException) цЧац│ХхКаш╜╜цибхЭЧfavicon.ico
[ 2014-06-09T04:21:29+08:00 ] ERR: (ThinkException) цЧац│ХхКаш╜╜цибхЭЧPublic
[ 2014-06-09T04:21:29+08:00 ] ERR: (ThinkException) цЧац│ХхКаш╜╜цибхЭЧjs
[ 2014-06-09T04:21:29+08:00 ] ERR: (ThinkException) цЧац│ХхКаш╜╜цибхЭЧjs
[ 2014-06-09T04:21:30+08:00 ] ERR: (ThinkException) цЧац│ХхКаш╜╜цибхЭЧfavicon.ico
[ 2014-06-09T04:21:31+08:00 ] ERR: (ThinkException) цЧац│ХхКаш╜╜цибхЭЧcss
[ 2014-06-09T04:21:31+08:00 ] ERR: (ThinkException) цЧац│ХхКаш╜╜цибхЭЧcss
[ 2014-06-09T04:21:31+08:00 ] ERR: (ThinkException) цЧац│ХхКаш╜╜цибхЭЧjs
[ 2014-06-09T04:21:31+08:00 ] ERR: (ThinkException) цЧац│ХхКаш╜╜цибхЭЧjs
[ 2014-06-09T04:21:31+08:00 ] ERR: (ThinkException) цЧац│ХхКаш╜╜цибхЭЧjs
[ 2014-06-09T04:21:31+08:00 ] ERR: (ThinkException) цЧац│ХхКаш╜╜цибхЭЧimages
[ 2014-06-09T04:21:31+08:00 ] ERR: (ThinkException) цЧац│ХхКаш╜╜цибхЭЧimages
[ 2014-06-09T04:21:32+08:00 ] ERR: (ThinkException) цЧац│ХхКаш╜╜цибхЭЧcss
[ 2014-06-09T04:21:32+08:00 ] ERR: (ThinkException) цЧац│ХхКаш╜╜цибхЭЧcss
[ 2014-06-09T04:21:32+08:00 ] ERR: (ThinkException) цЧац│ХхКаш╜╜цибхЭЧimages
[ 2014-06-09T04:21:32+08:00 ] ERR: (ThinkException) цЧац│ХхКаш╜╜цибхЭЧimages
[ 2014-06-09T04:21:32+08:00 ] ERR: (ThinkException) цЧац│ХхКаш╜╜цибхЭЧimages
[ 2014-06-09T04:21:32+08:00 ] ERR: (ThinkException) цЧац│ХхКаш╜╜цибхЭЧimages
[ 2014-06-09T04:21:32+08:00 ] ERR: (ThinkException) цЧац│ХхКаш╜╜цибхЭЧfavicon.ico
[ 2014-06-09T04:22:10+08:00 ] ERR: (ThinkException) цЧац│ХхКаш╜╜цибхЭЧjs
[ 2014-06-09T04:22:10+08:00 ] ERR: (ThinkException) цЧац│ХхКаш╜╜цибхЭЧjs
[ 2014-06-09T04:22:10+08:00 ] ERR: (ThinkException) цЧац│ХхКаш╜╜цибхЭЧcss
[ 2014-06-09T04:22:10+08:00 ] ERR: (ThinkException) цЧац│ХхКаш╜╜цибхЭЧcss
[ 2014-06-09T04:22:10+08:00 ] ERR: (ThinkException) цЧац│ХхКаш╜╜цибхЭЧjs
[ 2014-06-09T04:22:10+08:00 ] ERR: (ThinkException) цЧац│ХхКаш╜╜цибхЭЧimages
[ 2014-06-09T04:22:10+08:00 ] ERR: (ThinkException) цЧац│ХхКаш╜╜цибхЭЧcss
[ 2014-06-09T04:22:10+08:00 ] ERR: (ThinkException) цЧац│ХхКаш╜╜цибхЭЧcss
[ 2014-06-09T04:22:10+08:00 ] ERR: (ThinkException) цЧац│ХхКаш╜╜цибхЭЧimages
[ 2014-06-09T04:22:11+08:00 ] ERR: (ThinkException) цЧац│ХхКаш╜╜цибхЭЧimages
[ 2014-06-09T04:22:11+08:00 ] ERR: (ThinkException) цЧац│ХхКаш╜╜цибхЭЧfavicon.ico
[ 2014-06-09T04:22:11+08:00 ] ERR: (ThinkException) цЧац│ХхКаш╜╜цибхЭЧimages
[ 2014-06-09T04:22:45+08:00 ] ERR: (ThinkException) цЧац│ХхКаш╜╜цибхЭЧPublic
[ 2014-06-09T04:22:45+08:00 ] ERR: (ThinkException) цЧац│ХхКаш╜╜цибхЭЧPublic
[ 2014-06-09T04:22:45+08:00 ] ERR: (ThinkException) цЧац│ХхКаш╜╜цибхЭЧimages
[ 2014-06-09T04:22:45+08:00 ] ERR: (ThinkException) цЧац│ХхКаш╜╜цибхЭЧimages
[ 2014-06-09T04:22:45+08:00 ] ERR: (ThinkException) цЧац│ХхКаш╜╜цибхЭЧimages
[ 2014-06-09T04:22:46+08:00 ] ERR: (ThinkException) цЧац│ХхКаш╜╜цибхЭЧfavicon.ico
[ 2014-06-09T04:22:46+08:00 ] ERR: (ThinkException) цЧац│ХхКаш╜╜цибхЭЧimages
[ 2014-06-09T04:23:14+08:00 ] ERR: (ThinkException) цЧац│ХхКаш╜╜цибхЭЧPublic
[ 2014-06-09T04:23:14+08:00 ] ERR: (ThinkException) цЧац│ХхКаш╜╜цибхЭЧPublic
[ 2014-06-09T04:23:15+08:00 ] ERR: (ThinkException) цЧац│ХхКаш╜╜цибхЭЧfavicon.ico
[ 2014-06-09T04:33:30+08:00 ] ERR: (ThinkException) цЧац│ХхКаш╜╜цибхЭЧPublic
[ 2014-06-09T04:33:30+08:00 ] ERR: (ThinkException) цЧац│ХхКаш╜╜цибхЭЧPublic
[ 2014-06-09T04:33:34+08:00 ] ERR: (ThinkException) цЧац│ХхКаш╜╜цибхЭЧfavicon.ico
[ 2014-06-09T04:36:09+08:00 ] ERR: (ThinkException) цЧац│ХхКаш╜╜цибхЭЧcss
[ 2014-06-09T04:36:10+08:00 ] ERR: (ThinkException) цЧац│ХхКаш╜╜цибхЭЧcss
[ 2014-06-09T04:36:10+08:00 ] ERR: (ThinkException) цЧац│ХхКаш╜╜цибхЭЧtab_resturant_businesshours
[ 2014-06-09T04:36:10+08:00 ] ERR: (ThinkException) цЧац│ХхКаш╜╜цибхЭЧfavicon.ico
[ 2014-06-09T04:36:16+08:00 ] ERR: (ThinkException) цЧац│ХхКаш╜╜цибхЭЧPublic
[ 2014-06-09T04:36:17+08:00 ] ERR: (ThinkException) цЧац│ХхКаш╜╜цибхЭЧfavicon.ico
[ 2014-06-09T04:37:25+08:00 ] ERR: (ThinkException) цЧац│ХхКаш╜╜цибхЭЧPublic
[ 2014-06-09T04:37:25+08:00 ] ERR: (ThinkException) цЧац│ХхКаш╜╜цибхЭЧPublic
[ 2014-06-09T04:37:29+08:00 ] ERR: (ThinkException) цЧац│ХхКаш╜╜цибхЭЧfavicon.ico
[ 2014-06-09T04:37:31+08:00 ] ERR: (ThinkException) цЧац│ХхКаш╜╜цибхЭЧcss
[ 2014-06-09T04:37:31+08:00 ] ERR: (ThinkException) цЧац│ХхКаш╜╜цибхЭЧtab_resturant_businesshours
[ 2014-06-09T04:37:31+08:00 ] ERR: (ThinkException) цЧац│ХхКаш╜╜цибхЭЧcss
[ 2014-06-09T04:37:31+08:00 ] ERR: (ThinkException) цЧац│ХхКаш╜╜цибхЭЧfavicon.ico
[ 2014-06-09T04:38:56+08:00 ] ERR: (ThinkException) цЧац│ХхКаш╜╜цибхЭЧPublic
[ 2014-06-09T04:38:57+08:00 ] ERR: (ThinkException) цЧац│ХхКаш╜╜цибхЭЧfavicon.ico
[ 2014-06-09T09:00:03+08:00 ] ERR: (ThinkException) цЧац│ХхКаш╜╜цибхЭЧPublic
[ 2014-06-09T09:00:03+08:00 ] ERR: (ThinkException) цЧац│ХхКаш╜╜цибхЭЧfavicon.ico
[ 2014-06-09T09:00:05+08:00 ] ERR: (ThinkException) цЧац│ХхКаш╜╜цибхЭЧcss
[ 2014-06-09T09:00:06+08:00 ] ERR: (ThinkException) цЧац│ХхКаш╜╜цибхЭЧcss
[ 2014-06-09T09:00:06+08:00 ] ERR: (ThinkException) цЧац│ХхКаш╜╜цибхЭЧtab_resturant_businesshours
[ 2014-06-09T09:00:06+08:00 ] ERR: (ThinkException) цЧац│ХхКаш╜╜цибхЭЧfavicon.ico
[ 2014-06-09T09:00:07+08:00 ] ERR: (ThinkException) цЧац│ХхКаш╜╜цибхЭЧPublic
[ 2014-06-09T09:00:36+08:00 ] ERR: (ThinkException) цЧац│ХхКаш╜╜цибхЭЧcss
[ 2014-06-09T09:00:36+08:00 ] ERR: (ThinkException) цЧац│ХхКаш╜╜цибхЭЧcss
[ 2014-06-09T09:00:36+08:00 ] ERR: (ThinkException) цЧац│ХхКаш╜╜цибхЭЧtab_resturant_businesshours
[ 2014-06-09T09:00:38+08:00 ] ERR: (ThinkException) цЧац│ХхКаш╜╜цибхЭЧPublic
[ 2014-06-09T09:00:38+08:00 ] ERR: (ThinkException) цЧац│ХхКаш╜╜цибхЭЧjs
[ 2014-06-09T09:00:38+08:00 ] ERR: (ThinkException) цЧац│ХхКаш╜╜цибхЭЧjs
[ 2014-06-09T09:00:39+08:00 ] ERR: (ThinkException) цЧац│ХхКаш╜╜цибхЭЧPublic
[ 2014-06-09T09:00:48+08:00 ] ERR: (ThinkException) цЧац│ХхКаш╜╜цибхЭЧPublic
[ 2014-06-09T09:00:48+08:00 ] ERR: (ThinkException) цЧац│ХхКаш╜╜цибхЭЧjs
[ 2014-06-09T09:00:48+08:00 ] ERR: (ThinkException) цЧац│ХхКаш╜╜цибхЭЧjs
[ 2014-06-09T09:00:57+08:00 ] ERR: (ThinkException) цЧац│ХхКаш╜╜цибхЭЧPublic
[ 2014-06-09T09:00:58+08:00 ] ERR: (ThinkException) цЧац│ХхКаш╜╜цибхЭЧjs
[ 2014-06-09T09:00:58+08:00 ] ERR: (ThinkException) цЧац│ХхКаш╜╜цибхЭЧjs
[ 2014-06-09T09:01:00+08:00 ] ERR: (ThinkException) цЧац│ХхКаш╜╜цибхЭЧPublic
[ 2014-06-09T09:01:07+08:00 ] ERR: (ThinkException) цЧац│ХхКаш╜╜цибхЭЧPublic
[ 2014-06-09T09:40:29+08:00 ] ERR: (ThinkException) цЧац│ХхКаш╜╜цибхЭЧPublic
[ 2014-06-09T11:19:05+08:00 ] ERR: (ThinkException) цЧац│ХхКаш╜╜цибхЭЧPublic
[ 2014-06-09T11:21:32+08:00 ] ERR: (ThinkException) цЧац│ХхКаш╜╜цибхЭЧPublic
[ 2014-06-09T11:21:32+08:00 ] ERR: (ThinkException) цЧац│ХхКаш╜╜цибхЭЧPublic
[ 2014-06-09T11:21:55+08:00 ] ERR: (ThinkException) цЧац│ХхКаш╜╜цибхЭЧPublic
[ 2014-06-09T11:21:55+08:00 ] ERR: (ThinkException) цЧац│ХхКаш╜╜цибхЭЧPublic
[ 2014-06-09T11:21:59+08:00 ] ERR: (ThinkException) цЧац│ХхКаш╜╜цибхЭЧPublic
[ 2014-06-09T11:22:00+08:00 ] ERR: (ThinkException) цЧац│ХхКаш╜╜цибхЭЧPublic
[ 2014-06-09T11:22:01+08:00 ] ERR: (ThinkException) цЧац│ХхКаш╜╜цибхЭЧPublic
[ 2014-06-09T11:22:01+08:00 ] ERR: (ThinkException) цЧац│ХхКаш╜╜цибхЭЧPublic
[ 2014-06-09T11:22:01+08:00 ] ERR: (ThinkException) цЧац│ХхКаш╜╜цибхЭЧPublic
[ 2014-06-09T11:22:02+08:00 ] ERR: (ThinkException) цЧац│ХхКаш╜╜цибхЭЧPublic
[ 2014-06-09T11:22:02+08:00 ] ERR: (ThinkException) цЧац│ХхКаш╜╜цибхЭЧPublic
[ 2014-06-09T11:23:06+08:00 ] ERR: (ThinkException) цЧац│ХхКаш╜╜цибхЭЧPublic
[ 2014-06-09T11:24:54+08:00 ] ERR: (ThinkException) цЧац│ХхКаш╜╜цибхЭЧcss
[ 2014-06-09T11:24:54+08:00 ] ERR: (ThinkException) цЧац│ХхКаш╜╜цибхЭЧcss
[ 2014-06-09T11:24:54+08:00 ] ERR: (ThinkException) цЧац│ХхКаш╜╜цибхЭЧtab_resturant_businesshours
[ 2014-06-09T11:25:38+08:00 ] ERR: (ThinkException) цЧац│ХхКаш╜╜цибхЭЧPublic
[ 2014-06-09T11:25:38+08:00 ] ERR: (ThinkException) цЧац│ХхКаш╜╜цибхЭЧjs
[ 2014-06-09T11:25:38+08:00 ] ERR: (ThinkException) цЧац│ХхКаш╜╜цибхЭЧjs
[ 2014-06-09T11:25:47+08:00 ] ERR: (ThinkException) цЧац│ХхКаш╜╜цибхЭЧPublic
[ 2014-06-09T11:28:53+08:00 ] ERR: (ThinkException) цЧац│ХхКаш╜╜цибхЭЧPublic
[ 2014-06-09T11:30:30+08:00 ] ERR: (ThinkException) цЧац│ХхКаш╜╜цибхЭЧPublic
[ 2014-06-09T11:30:30+08:00 ] ERR: (ThinkException) цЧац│ХхКаш╜╜цибхЭЧPublic
[ 2014-06-09T11:35:30+08:00 ] ERR: (ThinkException) цЧац│ХхКаш╜╜цибхЭЧPublic
[ 2014-06-09T11:59:42+08:00 ] ERR: (ThinkException) цЧац│ХхКаш╜╜цибхЭЧPublic
[ 2014-06-09T11:59:56+08:00 ] ERR: (ThinkException) цЧац│ХхКаш╜╜цибхЭЧPublic
[ 2014-06-09T11:59:56+08:00 ] ERR: (ThinkException) цЧац│ХхКаш╜╜цибхЭЧPublic
[ 2014-06-09T12:49:48+08:00 ] ERR: (ThinkException) цЧац│ХхКаш╜╜цибхЭЧPublic
[ 2014-06-09T12:50:07+08:00 ] ERR: (ThinkException) цЧац│ХхКаш╜╜цибхЭЧPublic
[ 2014-06-09T12:55:56+08:00 ] ERR: (ThinkException) цЧац│ХхКаш╜╜цибхЭЧ__PUBLIC__
[ 2014-06-09T12:55:56+08:00 ] ERR: (ThinkException) цЧац│ХхКаш╜╜цибхЭЧ__PUBLIC__
[ 2014-06-09T12:55:56+08:00 ] ERR: (ThinkException) цЧац│ХхКаш╜╜цибхЭЧ__PUBLIC__
[ 2014-06-09T12:55:57+08:00 ] ERR: (ThinkException) цЧац│ХхКаш╜╜цибхЭЧ__PUBLIC__
[ 2014-06-09T12:55:57+08:00 ] ERR: (ThinkException) цЧац│ХхКаш╜╜цибхЭЧ__PUBLIC__
[ 2014-06-09T12:55:57+08:00 ] ERR: (ThinkException) цЧац│ХхКаш╜╜цибхЭЧ__PUBLIC__
[ 2014-06-09T12:55:57+08:00 ] ERR: (ThinkException) цЧац│ХхКаш╜╜цибхЭЧ__PUBLIC__
[ 2014-06-09T12:55:57+08:00 ] ERR: (ThinkException) цЧац│ХхКаш╜╜цибхЭЧ__PUBLIC__
[ 2014-06-09T12:56:09+08:00 ] ERR: (ThinkException) цЧац│ХхКаш╜╜цибхЭЧ__PUBLIC__
[ 2014-06-09T12:56:09+08:00 ] ERR: (ThinkException) цЧац│ХхКаш╜╜цибхЭЧ__PUBLIC__
[ 2014-06-09T12:56:09+08:00 ] ERR: (ThinkException) цЧац│ХхКаш╜╜цибхЭЧPublic
[ 2014-06-09T13:03:17+08:00 ] ERR: (ThinkException) цЧац│ХхКаш╜╜цибхЭЧPublic
[ 2014-06-09T13:03:17+08:00 ] ERR: (ThinkException) цЧац│ХхКаш╜╜цибхЭЧPublic
[ 2014-06-09T13:09:13+08:00 ] ERR: (ThinkException) цЧац│ХхКаш╜╜цибхЭЧPublic
[ 2014-06-09T13:19:31+08:00 ] ERR: (ThinkException) цЧац│ХхКаш╜╜цибхЭЧPublic
[ 2014-06-09T13:19:31+08:00 ] ERR: (ThinkException) цЧац│ХхКаш╜╜цибхЭЧPublic
[ 2014-06-09T14:10:36+08:00 ] ERR: (ThinkException) цЧац│ХхКаш╜╜цибхЭЧPublic
[ 2014-06-09T14:10:38+08:00 ] ERR: (ThinkException) цЧац│ХхКаш╜╜цибхЭЧPublic
[ 2014-06-09T14:11:03+08:00 ] ERR: (ThinkException) цЧац│ХхКаш╜╜цибхЭЧcss
[ 2014-06-09T14:11:03+08:00 ] ERR: (ThinkException) цЧац│ХхКаш╜╜цибхЭЧtab_resturant_businesshours
[ 2014-06-09T14:11:10+08:00 ] ERR: (ThinkException) цЧац│ХхКаш╜╜цибхЭЧPublic
[ 2014-06-09T14:18:33+08:00 ] ERR: (ThinkException) цЧац│ХхКаш╜╜цибхЭЧPublic
[ 2014-06-09T14:19:17+08:00 ] ERR: (ThinkException) цЧац│ХхКаш╜╜цибхЭЧPublic
[ 2014-06-09T14:19:51+08:00 ] ERR: (ThinkException) цЧац│ХхКаш╜╜цибхЭЧPublic
[ 2014-06-09T14:19:51+08:00 ] ERR: (ThinkException) цЧац│ХхКаш╜╜цибхЭЧPublic
[ 2014-06-09T14:20:17+08:00 ] ERR: (ThinkException) цЧац│ХхКаш╜╜цибхЭЧPublic
[ 2014-06-09T14:20:17+08:00 ] ERR: (ThinkException) цЧац│ХхКаш╜╜цибхЭЧPublic
[ 2014-06-09T14:21:38+08:00 ] ERR: (ThinkException) цЧац│ХхКаш╜╜цибхЭЧPublic
[ 2014-06-09T14:21:38+08:00 ] ERR: (ThinkException) цЧац│ХхКаш╜╜цибхЭЧPublic
[ 2014-06-09T14:24:53+08:00 ] ERR: (ThinkException) цЧац│ХхКаш╜╜цибхЭЧPublic
[ 2014-06-09T14:24:53+08:00 ] ERR: (ThinkException) цЧац│ХхКаш╜╜цибхЭЧPublic
[ 2014-06-09T14:27:26+08:00 ] ERR: (ThinkException) цЧац│ХхКаш╜╜цибхЭЧPublic
[ 2014-06-09T14:29:51+08:00 ] ERR: (ThinkException) цЧац│ХхКаш╜╜цибхЭЧPublic
[ 2014-06-09T14:29:57+08:00 ] ERR: (ThinkException) цЧац│ХхКаш╜╜цибхЭЧPublic
[ 2014-06-09T14:30:08+08:00 ] ERR: (ThinkException) цЧац│ХхКаш╜╜цибхЭЧcss
[ 2014-06-09T14:30:08+08:00 ] ERR: (ThinkException) цЧац│ХхКаш╜╜цибхЭЧtab_resturant_businesshours
[ 2014-06-09T14:30:09+08:00 ] ERR: (ThinkException) цЧац│ХхКаш╜╜цибхЭЧPublic
[ 2014-06-09T14:30:12+08:00 ] ERR: (ThinkException) цЧац│ХхКаш╜╜цибхЭЧPublic
[ 2014-06-09T14:32:22+08:00 ] ERR: (ThinkException) цЧац│ХхКаш╜╜цибхЭЧPublic
[ 2014-06-09T14:33:23+08:00 ] ERR: (ThinkException) цЧац│ХхКаш╜╜цибхЭЧPublic
[ 2014-06-09T14:33:23+08:00 ] ERR: (ThinkException) цЧац│ХхКаш╜╜цибхЭЧPublic
[ 2014-06-09T14:33:31+08:00 ] ERR: (ThinkException) цЧац│ХхКаш╜╜цибхЭЧPublic
[ 2014-06-09T14:33:34+08:00 ] ERR: (ThinkException) цЧац│ХхКаш╜╜цибхЭЧPublic
[ 2014-06-09T14:34:45+08:00 ] ERR: (ThinkException) цЧац│ХхКаш╜╜цибхЭЧPublic
[ 2014-06-09T14:34:49+08:00 ] ERR: (ThinkException) цЧац│ХхКаш╜╜цибхЭЧPublic
[ 2014-06-09T14:35:20+08:00 ] ERR: (ThinkException) цЧац│ХхКаш╜╜цибхЭЧPublic
[ 2014-06-09T14:35:22+08:00 ] ERR: (ThinkException) цЧац│ХхКаш╜╜цибхЭЧPublic
[ 2014-06-09T14:35:23+08:00 ] ERR: (ThinkException) цЧац│ХхКаш╜╜цибхЭЧPublic
[ 2014-06-09T14:35:23+08:00 ] ERR: (ThinkException) цЧац│ХхКаш╜╜цибхЭЧPublic
[ 2014-06-09T14:35:25+08:00 ] ERR: (ThinkException) цЧац│ХхКаш╜╜цибхЭЧPublic
[ 2014-06-09T14:35:36+08:00 ] ERR: (ThinkException) цЧац│ХхКаш╜╜цибхЭЧPublic
[ 2014-06-09T14:35:37+08:00 ] ERR: (ThinkException) цЧац│ХхКаш╜╜цибхЭЧPublic
[ 2014-06-09T14:39:34+08:00 ] ERR: (ThinkException) цЧац│ХхКаш╜╜цибхЭЧPublic
[ 2014-06-09T14:39:35+08:00 ] ERR: (ThinkException) цЧац│ХхКаш╜╜цибхЭЧPublic
[ 2014-06-09T14:39:37+08:00 ] ERR: (ThinkException) цЧац│ХхКаш╜╜цибхЭЧPublic
[ 2014-06-09T14:39:55+08:00 ] ERR: (ThinkException) цЧац│ХхКаш╜╜цибхЭЧPublic
[ 2014-06-09T14:45:40+08:00 ] ERR: (ThinkException) цЧац│ХхКаш╜╜цибхЭЧPublic
[ 2014-06-09T14:45:43+08:00 ] ERR: (ThinkException) цЧац│ХхКаш╜╜цибхЭЧPublic
[ 2014-06-09T14:45:43+08:00 ] ERR: (ThinkException) цЧац│ХхКаш╜╜цибхЭЧimages
[ 2014-06-09T14:45:44+08:00 ] ERR: (ThinkException) цЧац│ХхКаш╜╜цибхЭЧimages
[ 2014-06-09T14:46:45+08:00 ] ERR: (ThinkException) цЧац│ХхКаш╜╜цибхЭЧPublic
[ 2014-06-09T14:46:45+08:00 ] ERR: (ThinkException) цЧац│ХхКаш╜╜цибхЭЧimages
[ 2014-06-09T14:46:45+08:00 ] ERR: (ThinkException) цЧац│ХхКаш╜╜цибхЭЧimages
[ 2014-06-09T14:47:11+08:00 ] ERR: (ThinkException) цЧац│ХхКаш╜╜цибхЭЧPublic
[ 2014-06-09T14:47:12+08:00 ] ERR: (ThinkException) цЧац│ХхКаш╜╜цибхЭЧPublic
[ 2014-06-09T14:47:12+08:00 ] ERR: (ThinkException) цЧац│ХхКаш╜╜цибхЭЧimages
[ 2014-06-09T14:47:12+08:00 ] ERR: (ThinkException) цЧац│ХхКаш╜╜цибхЭЧPublic
[ 2014-06-09T14:47:12+08:00 ] ERR: (ThinkException) цЧац│ХхКаш╜╜цибхЭЧimages
[ 2014-06-09T14:47:17+08:00 ] ERR: (ThinkException) цЧац│ХхКаш╜╜цибхЭЧPublic
[ 2014-06-09T14:48:49+08:00 ] ERR: (ThinkException) цЧац│ХхКаш╜╜цибхЭЧPublic
[ 2014-06-09T14:48:49+08:00 ] ERR: (ThinkException) цЧац│ХхКаш╜╜цибхЭЧPublic
[ 2014-06-09T14:48:52+08:00 ] ERR: (ThinkException) цЧац│ХхКаш╜╜цибхЭЧPublic
[ 2014-06-09T14:48:52+08:00 ] ERR: (ThinkException) цЧац│ХхКаш╜╜цибхЭЧPublic
[ 2014-06-09T14:49:09+08:00 ] ERR: (ThinkException) цЧац│ХхКаш╜╜цибхЭЧPublic
[ 2014-06-09T14:49:10+08:00 ] ERR: (ThinkException) цЧац│ХхКаш╜╜цибхЭЧPublic
[ 2014-06-09T14:50:30+08:00 ] ERR: (ThinkException) цЧац│ХхКаш╜╜цибхЭЧPublic
[ 2014-06-09T14:51:56+08:00 ] ERR: (ThinkException) цЧац│ХхКаш╜╜цибхЭЧPublic
[ 2014-06-09T14:52:14+08:00 ] ERR: (ThinkException) цЧац│ХхКаш╜╜цибхЭЧPublic
[ 2014-06-09T14:52:14+08:00 ] ERR: (ThinkException) цЧац│ХхКаш╜╜цибхЭЧPublic
[ 2014-06-09T14:52:16+08:00 ] ERR: (ThinkException) цЧац│ХхКаш╜╜цибхЭЧPublic
[ 2014-06-09T14:52:19+08:00 ] ERR: (ThinkException) цЧац│ХхКаш╜╜цибхЭЧPublic
[ 2014-06-09T14:52:22+08:00 ] ERR: (ThinkException) цЧац│ХхКаш╜╜цибхЭЧPublic
[ 2014-06-09T14:57:37+08:00 ] ERR: (ThinkException) цЧац│ХхКаш╜╜цибхЭЧPublic
