[ 2014-06-05T00:49:04+08:00 ] ERR: (ThinkException) 无法加载模块Public
[ 2014-06-05T00:49:45+08:00 ] ERR: (ThinkException) 无法加载模块Public
[ 2014-06-05T00:49:55+08:00 ] ERR: (ThinkException) 无法加载模块Public
[ 2014-06-05T00:51:28+08:00 ] ERR: (ThinkException) 无法加载模块Public
[ 2014-06-05T00:51:47+08:00 ] ERR: (ThinkException) 无法加载模块Public
[ 2014-06-05T00:51:59+08:00 ] ERR: (ThinkException) 无法加载模块Public
[ 2014-06-05T00:52:43+08:00 ] ERR: (ThinkException) 无法加载模块Public
[ 2014-06-05T00:53:57+08:00 ] ERR: (ThinkException) 无法加载模块Public
[ 2014-06-05T00:54:53+08:00 ] ERR: (ThinkException) 无法加载模块Public
[ 2014-06-05T00:55:57+08:00 ] ERR: (ThinkException) 无法加载模块Public
[ 2014-06-05T00:57:43+08:00 ] ERR: (ThinkException) 无法加载模块Public
[ 2014-06-05T00:58:42+08:00 ] ERR: (ThinkException) 无法加载模块Public
[ 2014-06-05T01:00:04+08:00 ] ERR: (ThinkException) 无法加载模块Public
[ 2014-06-05T01:00:23+08:00 ] ERR: (ThinkException) 无法加载模块Public
[ 2014-06-05T01:01:09+08:00 ] ERR: (ThinkException) 无法加载模块Public
[ 2014-06-05T01:03:48+08:00 ] ERR: (ThinkException) 无法加载模块Public
[ 2014-06-05T01:21:41+08:00 ] ERR: (ThinkException) 无法加载模块Public
[ 2014-06-05T01:22:07+08:00 ] ERR: (ThinkException) 无法加载模块Public
[ 2014-06-05T01:22:11+08:00 ] ERR: (ThinkException) 无法加载模块Public
[ 2014-06-05T01:22:42+08:00 ] ERR: (ThinkException) 无法加载模块Public
[ 2014-06-05T01:23:48+08:00 ] ERR: (ThinkException) 无法加载模块Public
[ 2014-06-05T01:29:12+08:00 ] ERR: (ThinkException) 无法加载模块Public
[ 2014-06-05T01:39:06+08:00 ] ERR: (ThinkException) 无法加载模块Public
[ 2014-06-05T01:39:17+08:00 ] ERR: (ThinkException) 无法加载模块Public
[ 2014-06-05T01:48:27+08:00 ] ERR: (ThinkException) 无法加载模块Public
[ 2014-06-05T01:48:48+08:00 ] ERR: (ThinkException) 无法加载模块Public
[ 2014-06-05T01:48:53+08:00 ] ERR: (ThinkException) 无法加载模块Public
[ 2014-06-05T01:49:14+08:00 ] ERR: (ThinkException) 无法加载模块Public
[ 2014-06-05T01:57:43+08:00 ] ERR: (ThinkException) 无法加载模块Public
[ 2014-06-05T01:59:32+08:00 ] ERR: (ThinkException) 无法加载模块Public
[ 2014-06-05T02:33:34+08:00 ] ERR: (ThinkException) 无法加载模块Public
[ 2014-06-05T02:33:37+08:00 ] ERR: (ThinkException) 无法加载模块Public
[ 2014-06-05T02:34:47+08:00 ] ERR: (ThinkException) 无法加载模块Public
[ 2014-06-05T02:37:04+08:00 ] ERR: (ThinkException) 无法加载模块Public
[ 2014-06-05T02:37:05+08:00 ] ERR: (ThinkException) 无法加载模块favicon.ico
[ 2014-06-05T02:39:12+08:00 ] ERR: (ThinkException) 无法加载模块Public
[ 2014-06-05T02:39:12+08:00 ] ERR: (ThinkException) 无法加载模块favicon.ico
[ 2014-06-05T02:42:19+08:00 ] ERR: (ThinkException) 无法加载模块favicon.ico
[ 2014-06-05T02:42:45+08:00 ] ERR: (ThinkException) 无法加载模块Public
[ 2014-06-05T02:42:46+08:00 ] ERR: (ThinkException) 无法加载模块favicon.ico
[ 2014-06-05T02:46:20+08:00 ] ERR: (ThinkException) 无法加载模块Public
[ 2014-06-05T02:46:21+08:00 ] ERR: (ThinkException) 无法加载模块favicon.ico
[ 2014-06-05T02:47:08+08:00 ] ERR: (ThinkException) 无法加载模块Public
[ 2014-06-05T02:47:08+08:00 ] ERR: (ThinkException) 无法加载模块favicon.ico
[ 2014-06-05T02:48:18+08:00 ] ERR: (ThinkException) 无法加载模块Public
[ 2014-06-05T02:48:19+08:00 ] ERR: (ThinkException) 无法加载模块favicon.ico
[ 2014-06-05T02:49:39+08:00 ] ERR: (ThinkException) 无法加载模块Public
[ 2014-06-05T02:49:40+08:00 ] ERR: (ThinkException) 无法加载模块favicon.ico
[ 2014-06-05T02:52:41+08:00 ] ERR: (ThinkException) 无法加载模块Public
[ 2014-06-05T02:52:42+08:00 ] ERR: (ThinkException) 无法加载模块favicon.ico
[ 2014-06-05T02:59:01+08:00 ] ERR: (ThinkException) 无法加载模块Public
[ 2014-06-05T02:59:01+08:00 ] ERR: (ThinkException) 无法加载模块favicon.ico
[ 2014-06-05T02:59:54+08:00 ] ERR: (ThinkException) 无法加载模块Public
[ 2014-06-05T02:59:54+08:00 ] ERR: (ThinkException) 无法加载模块favicon.ico
[ 2014-06-05T03:01:16+08:00 ] ERR: (ThinkException) 无法加载模块Public
[ 2014-06-05T03:01:16+08:00 ] ERR: (ThinkException) 无法加载模块favicon.ico
[ 2014-06-05T03:03:27+08:00 ] ERR: (ThinkException) 无法加载模块Public
[ 2014-06-05T03:03:28+08:00 ] ERR: (ThinkException) 无法加载模块favicon.ico
[ 2014-06-05T03:04:55+08:00 ] ERR: (ThinkException) 无法加载模块Public
[ 2014-06-05T03:04:55+08:00 ] ERR: (ThinkException) 无法加载模块favicon.ico
[ 2014-06-05T03:06:29+08:00 ] ERR: (ThinkException) 无法加载模块Public
[ 2014-06-05T03:06:30+08:00 ] ERR: (ThinkException) 无法加载模块favicon.ico
[ 2014-06-05T03:06:46+08:00 ] ERR: (ThinkException) 无法加载模块Public
[ 2014-06-05T03:06:46+08:00 ] ERR: (ThinkException) 无法加载模块favicon.ico
[ 2014-06-05T03:21:28+08:00 ] ERR: (ThinkException) 无法加载模块Public
[ 2014-06-05T03:21:28+08:00 ] ERR: (ThinkException) 无法加载模块favicon.ico
[ 2014-06-05T03:21:37+08:00 ] ERR: (ThinkException) 无法加载模块Public
[ 2014-06-05T03:21:37+08:00 ] ERR: (ThinkException) 无法加载模块favicon.ico
[ 2014-06-05T03:21:46+08:00 ] ERR: (ThinkException) 无法加载模块Public
[ 2014-06-05T03:21:47+08:00 ] ERR: (ThinkException) 无法加载模块favicon.ico
[ 2014-06-05T03:29:47+08:00 ] ERR: (ThinkException) 无法加载模块Public
[ 2014-06-05T03:29:48+08:00 ] ERR: (ThinkException) 无法加载模块favicon.ico
[ 2014-06-05T03:30:18+08:00 ] ERR: (ThinkException) 无法加载模块Public
[ 2014-06-05T03:30:18+08:00 ] ERR: (ThinkException) 无法加载模块favicon.ico
[ 2014-06-05T03:30:47+08:00 ] ERR: (ThinkException) 无法加载模块Public
[ 2014-06-05T03:30:48+08:00 ] ERR: (ThinkException) 无法加载模块favicon.ico
[ 2014-06-05T03:30:51+08:00 ] ERR: (ThinkException) 无法加载模块Public
[ 2014-06-05T03:30:51+08:00 ] ERR: (ThinkException) 无法加载模块favicon.ico
[ 2014-06-05T03:31:09+08:00 ] ERR: (ThinkException) 无法加载模块Public
[ 2014-06-05T03:31:10+08:00 ] ERR: (ThinkException) 无法加载模块favicon.ico
[ 2014-06-05T03:31:22+08:00 ] ERR: (ThinkException) 无法加载模块Public
[ 2014-06-05T03:31:22+08:00 ] ERR: (ThinkException) 无法加载模块favicon.ico
[ 2014-06-05T04:14:20+08:00 ] ERR: (ThinkException) 无法加载模块Public
[ 2014-06-05T04:14:21+08:00 ] ERR: (ThinkException) 无法加载模块favicon.ico
[ 2014-06-05T04:16:07+08:00 ] ERR: (ThinkException) 无法加载模块restocordoba
[ 2014-06-05T04:16:07+08:00 ] ERR: (ThinkException) 无法加载模块favicon.ico
[ 2014-06-05T04:16:10+08:00 ] ERR: (ThinkException) 无法加载模块Public
[ 2014-06-05T04:16:11+08:00 ] ERR: (ThinkException) 无法加载模块favicon.ico
[ 2014-06-05T05:22:53+08:00 ] ERR: (ThinkException) 无法加载模块Public
[ 2014-06-05T05:23:14+08:00 ] ERR: (ThinkException) 无法加载模块favicon.ico
[ 2014-06-05T05:23:35+08:00 ] ERR: (ThinkException) 无法加载模块css
[ 2014-06-05T05:23:35+08:00 ] ERR: (ThinkException) 无法加载模块images
[ 2014-06-05T05:23:35+08:00 ] ERR: (ThinkException) 无法加载模块css
[ 2014-06-05T05:23:35+08:00 ] ERR: (ThinkException) 无法加载模块images
[ 2014-06-05T05:23:35+08:00 ] ERR: (ThinkException) 无法加载模块tab_resturant_businesshours
[ 2014-06-05T05:23:36+08:00 ] ERR: (ThinkException) 无法加载模块images
[ 2014-06-05T05:23:36+08:00 ] ERR: (ThinkException) 无法加载模块favicon.ico
[ 2014-06-05T05:23:36+08:00 ] ERR: (ThinkException) 无法加载模块images
[ 2014-06-05T05:23:36+08:00 ] ERR: (ThinkException) 无法加载模块favicon.ico
[ 2014-06-05T05:23:44+08:00 ] ERR: (ThinkException) 无法加载模块Public
[ 2014-06-05T05:23:44+08:00 ] ERR: (ThinkException) 无法加载模块js
[ 2014-06-05T05:23:44+08:00 ] ERR: (ThinkException) 无法加载模块js
[ 2014-06-05T05:23:53+08:00 ] ERR: (ThinkException) 无法加载模块Public
[ 2014-06-05T05:24:47+08:00 ] ERR: (ThinkException) 无法加载模块Public
[ 2014-06-05T20:49:34+08:00 ] ERR: (ThinkException) 无法加载模块Public
[ 2014-06-05T20:49:35+08:00 ] ERR: (ThinkException) 无法加载模块favicon.ico
[ 2014-06-05T20:49:35+08:00 ] ERR: (ThinkException) 无法加载模块favicon.ico
[ 2014-06-05T20:51:39+08:00 ] ERR: (ThinkException) 无法加载模块Public
[ 2014-06-05T20:51:46+08:00 ] ERR: (ThinkException) 无法加载模块Public
[ 2014-06-05T20:52:21+08:00 ] ERR: (ThinkException) 无法加载模块Public
[ 2014-06-05T20:53:57+08:00 ] ERR: (ThinkException) 无法加载模块Public
[ 2014-06-05T20:54:47+08:00 ] ERR: (ThinkException) 无法加载模块Public
[ 2014-06-05T20:54:56+08:00 ] ERR: (ThinkException) 无法加载模块Public
[ 2014-06-05T20:55:09+08:00 ] ERR: (ThinkException) 无法加载模块Public
[ 2014-06-05T20:55:34+08:00 ] ERR: (ThinkException) 无法加载模块Public
[ 2014-06-05T20:55:38+08:00 ] ERR: (ThinkException) 无法加载模块Public
[ 2014-06-05T20:58:20+08:00 ] ERR: (ThinkException) 无法加载模块Public
[ 2014-06-05T20:59:32+08:00 ] ERR: (ThinkException) 无法加载模块Public
[ 2014-06-05T20:59:33+08:00 ] ERR: (ThinkException) 无法加载模块favicon.ico
[ 2014-06-05T21:00:10+08:00 ] ERR: (ThinkException) 无法加载模块Public
[ 2014-06-05T21:00:11+08:00 ] ERR: (ThinkException) 无法加载模块favicon.ico
[ 2014-06-05T21:07:41+08:00 ] ERR: (ThinkException) 无法加载模块Public
[ 2014-06-05T21:07:47+08:00 ] ERR: (ThinkException) 无法加载模块Public
[ 2014-06-05T21:21:16+08:00 ] ERR: (ThinkException) 无法加载模块Public
[ 2014-06-05T21:21:26+08:00 ] ERR: (ThinkException) 无法加载模块Public
[ 2014-06-05T21:21:46+08:00 ] ERR: (ThinkException) 无法加载模块Public
[ 2014-06-05T21:21:46+08:00 ] ERR: (ThinkException) 无法加载模块favicon.ico
[ 2014-06-05T21:22:05+08:00 ] ERR: (ThinkException) 无法加载模块Public
[ 2014-06-05T21:22:06+08:00 ] ERR: (ThinkException) 无法加载模块favicon.ico
[ 2014-06-05T21:24:09+08:00 ] ERR: (ThinkException) 无法加载模块Public
[ 2014-06-05T21:24:10+08:00 ] ERR: (ThinkException) 无法加载模块favicon.ico
[ 2014-06-05T21:24:18+08:00 ] ERR: (ThinkException) 无法加载模块Menus
[ 2014-06-05T21:24:19+08:00 ] ERR: (ThinkException) 无法加载模块favicon.ico
[ 2014-06-05T21:24:32+08:00 ] ERR: (ThinkException) 无法加载模块Menus
[ 2014-06-05T21:24:33+08:00 ] ERR: (ThinkException) 无法加载模块favicon.ico
[ 2014-06-05T21:24:36+08:00 ] ERR: (ThinkException) 无法加载模块Menus
[ 2014-06-05T21:24:36+08:00 ] ERR: (ThinkException) 无法加载模块favicon.ico
[ 2014-06-05T21:24:51+08:00 ] ERR: (ThinkException) 无法加载模块Public
[ 2014-06-05T21:24:52+08:00 ] ERR: (ThinkException) 无法加载模块favicon.ico
[ 2014-06-05T21:24:55+08:00 ] ERR: (ThinkException) 无法加载模块Public
[ 2014-06-05T21:24:55+08:00 ] ERR: (ThinkException) 无法加载模块favicon.ico
[ 2014-06-05T21:25:10+08:00 ] ERR: (ThinkException) 无法加载模块Public
[ 2014-06-05T21:25:10+08:00 ] ERR: (ThinkException) 无法加载模块favicon.ico
[ 2014-06-05T21:35:38+08:00 ] ERR: (ThinkException) 无法加载模块Public
[ 2014-06-05T21:35:39+08:00 ] ERR: (ThinkException) 无法加载模块favicon.ico
[ 2014-06-05T21:35:43+08:00 ] ERR: (ThinkException) 无法加载模块Public
[ 2014-06-05T21:35:43+08:00 ] ERR: (ThinkException) 无法加载模块favicon.ico
[ 2014-06-05T21:37:13+08:00 ] ERR: (ThinkException) 无法加载模块Public
[ 2014-06-05T21:37:13+08:00 ] ERR: (ThinkException) 无法加载模块favicon.ico
[ 2014-06-05T21:41:57+08:00 ] ERR: (ThinkException) 无法加载模块Public
[ 2014-06-05T21:41:57+08:00 ] ERR: (ThinkException) 无法加载模块favicon.ico
[ 2014-06-05T21:42:13+08:00 ] ERR: (ThinkException) 无法加载模块Public
[ 2014-06-05T21:42:13+08:00 ] ERR: (ThinkException) 无法加载模块favicon.ico
[ 2014-06-05T21:48:41+08:00 ] ERR: (ThinkException) 无法加载模块Public
[ 2014-06-05T21:48:42+08:00 ] ERR: (ThinkException) 无法加载模块favicon.ico
[ 2014-06-05T22:00:14+08:00 ] ERR: (ThinkException) 无法加载模块Public
[ 2014-06-05T22:00:14+08:00 ] ERR: (ThinkException) 无法加载模块favicon.ico
[ 2014-06-05T22:01:23+08:00 ] ERR: (ThinkException) 无法加载模块Public
[ 2014-06-05T22:01:23+08:00 ] ERR: (ThinkException) 无法加载模块favicon.ico
[ 2014-06-05T22:04:42+08:00 ] ERR: (ThinkException) 无法加载模块favicon.ico
[ 2014-06-05T22:04:49+08:00 ] ERR: (ThinkException) 无法加载模块favicon.ico
[ 2014-06-05T22:05:04+08:00 ] ERR: (ThinkException) 无法加载模块favicon.ico
[ 2014-06-05T22:05:18+08:00 ] ERR: (ThinkException) 无法加载模块Public
[ 2014-06-05T22:05:19+08:00 ] ERR: (ThinkException) 无法加载模块favicon.ico
[ 2014-06-05T22:06:24+08:00 ] ERR: (ThinkException) 无法加载模块Public
[ 2014-06-05T22:06:25+08:00 ] ERR: (ThinkException) 无法加载模块favicon.ico
[ 2014-06-05T22:07:35+08:00 ] ERR: (ThinkException) 无法加载模块Public
[ 2014-06-05T22:07:36+08:00 ] ERR: (ThinkException) 无法加载模块favicon.ico
[ 2014-06-05T22:08:08+08:00 ] ERR: (ThinkException) 无法加载模块Public
[ 2014-06-05T22:08:08+08:00 ] ERR: (ThinkException) 无法加载模块favicon.ico
[ 2014-06-05T22:08:55+08:00 ] ERR: (ThinkException) 无法加载模块Public
[ 2014-06-05T22:08:55+08:00 ] ERR: (ThinkException) 无法加载模块favicon.ico
[ 2014-06-05T22:11:11+08:00 ] ERR: (ThinkException) 无法加载模块Public
[ 2014-06-05T22:11:12+08:00 ] ERR: (ThinkException) 无法加载模块favicon.ico
[ 2014-06-05T22:11:38+08:00 ] ERR: (ThinkException) 无法加载模块Public
[ 2014-06-05T22:11:39+08:00 ] ERR: (ThinkException) 无法加载模块favicon.ico
[ 2014-06-05T22:22:41+08:00 ] ERR: (ThinkException) 无法加载模块Public
[ 2014-06-05T22:22:41+08:00 ] ERR: (ThinkException) 无法加载模块favicon.ico
[ 2014-06-05T22:23:15+08:00 ] ERR: (ThinkException) 无法加载模块Public
[ 2014-06-05T22:23:16+08:00 ] ERR: (ThinkException) 无法加载模块favicon.ico
[ 2014-06-05T22:24:16+08:00 ] ERR: (ThinkException) 无法加载模块Public
[ 2014-06-05T22:24:16+08:00 ] ERR: (ThinkException) 无法加载模块favicon.ico
[ 2014-06-05T22:28:10+08:00 ] ERR: (ThinkException) 无法加载模块Public
[ 2014-06-05T22:28:10+08:00 ] ERR: (ThinkException) 无法加载模块favicon.ico
[ 2014-06-05T22:28:54+08:00 ] ERR: (ThinkException) 无法加载模块Public
[ 2014-06-05T22:28:54+08:00 ] ERR: (ThinkException) 无法加载模块favicon.ico
[ 2014-06-05T22:29:31+08:00 ] ERR: (ThinkException) 无法加载模块Public
[ 2014-06-05T22:29:31+08:00 ] ERR: (ThinkException) 无法加载模块favicon.ico
[ 2014-06-05T22:30:43+08:00 ] ERR: (ThinkException) 无法加载模块Public
[ 2014-06-05T22:30:43+08:00 ] ERR: (ThinkException) 无法加载模块favicon.ico
[ 2014-06-05T22:32:29+08:00 ] ERR: (ThinkException) 无法加载模块Public
[ 2014-06-05T22:32:29+08:00 ] ERR: (ThinkException) 无法加载模块favicon.ico
[ 2014-06-05T22:34:09+08:00 ] ERR: (ThinkException) 无法加载模块Public
[ 2014-06-05T22:34:09+08:00 ] ERR: (ThinkException) 无法加载模块favicon.ico
[ 2014-06-05T22:37:24+08:00 ] ERR: (ThinkException) 无法加载模块Public
[ 2014-06-05T22:37:25+08:00 ] ERR: (ThinkException) 无法加载模块favicon.ico
[ 2014-06-05T22:38:37+08:00 ] ERR: (ThinkException) 无法加载模块Public
[ 2014-06-05T22:38:38+08:00 ] ERR: (ThinkException) 无法加载模块favicon.ico
[ 2014-06-05T22:39:44+08:00 ] ERR: (ThinkException) 无法加载模块Public
[ 2014-06-05T22:39:45+08:00 ] ERR: (ThinkException) 无法加载模块favicon.ico
[ 2014-06-05T22:42:19+08:00 ] ERR: (ThinkException) 无法加载模块Public
[ 2014-06-05T22:42:20+08:00 ] ERR: (ThinkException) 无法加载模块favicon.ico
[ 2014-06-05T22:42:55+08:00 ] ERR: (ThinkException) 无法加载模块Public
[ 2014-06-05T22:42:56+08:00 ] ERR: (ThinkException) 无法加载模块favicon.ico
[ 2014-06-05T22:43:38+08:00 ] ERR: (ThinkException) 无法加载模块Public
[ 2014-06-05T22:43:39+08:00 ] ERR: (ThinkException) 无法加载模块favicon.ico
[ 2014-06-05T22:44:31+08:00 ] ERR: (ThinkException) 无法加载模块Public
[ 2014-06-05T22:44:31+08:00 ] ERR: (ThinkException) 无法加载模块favicon.ico
