[ 2014-06-04T01:00:47+08:00 ] ERR: (ThinkException) 无法加载模块css
[ 2014-06-04T01:00:47+08:00 ] ERR: (ThinkException) 无法加载模块css
[ 2014-06-04T01:00:47+08:00 ] ERR: (ThinkException) 无法加载模块images
[ 2014-06-04T01:00:47+08:00 ] ERR: (ThinkException) 无法加载模块images
[ 2014-06-04T01:02:51+08:00 ] ERR: (ThinkException) 无法加载模块Public
[ 2014-06-04T01:02:51+08:00 ] ERR: (ThinkException) 无法加载模块images
[ 2014-06-04T01:02:53+08:00 ] ERR: (ThinkException) 无法加载模块Public
[ 2014-06-04T01:02:53+08:00 ] ERR: (ThinkException) 无法加载模块images
[ 2014-06-04T01:03:04+08:00 ] ERR: (ThinkException) 无法加载模块Public
[ 2014-06-04T01:03:04+08:00 ] ERR: (ThinkException) 无法加载模块images
[ 2014-06-04T01:03:10+08:00 ] ERR: (ThinkException) 无法加载模块images
[ 2014-06-04T01:03:10+08:00 ] ERR: (ThinkException) 无法加载模块Public
[ 2014-06-04T01:03:10+08:00 ] ERR: (ThinkException) 无法加载模块favicon.ico
[ 2014-06-04T01:03:10+08:00 ] ERR: (ThinkException) 无法加载模块images
[ 2014-06-04T01:04:08+08:00 ] ERR: (ThinkException) 无法加载模块Public
[ 2014-06-04T01:04:08+08:00 ] ERR: (ThinkException) 无法加载模块images
[ 2014-06-04T01:04:09+08:00 ] ERR: (ThinkException) 无法加载模块images
[ 2014-06-04T01:04:09+08:00 ] ERR: (ThinkException) 无法加载模块favicon.ico
[ 2014-06-04T01:04:09+08:00 ] ERR: (ThinkException) 无法加载模块images
[ 2014-06-04T01:04:29+08:00 ] ERR: (ThinkException) 无法加载模块Public
[ 2014-06-04T01:04:29+08:00 ] ERR: (ThinkException) 无法加载模块favicon.ico
[ 2014-06-04T01:16:40+08:00 ] ERR: (ThinkException) 无法加载模块Public
[ 2014-06-04T01:16:40+08:00 ] ERR: (ThinkException) 无法加载模块favicon.ico
[ 2014-06-04T01:16:46+08:00 ] ERR: (ThinkException) 无法加载模块Public
[ 2014-06-04T01:16:46+08:00 ] ERR: (ThinkException) 无法加载模块favicon.ico
[ 2014-06-04T01:16:59+08:00 ] ERR: (ThinkException) 无法加载模块Public
[ 2014-06-04T01:17:00+08:00 ] ERR: (ThinkException) 无法加载模块favicon.ico
[ 2014-06-04T01:17:49+08:00 ] ERR: (ThinkException) 无法加载模块Public
[ 2014-06-04T01:17:50+08:00 ] ERR: (ThinkException) 无法加载模块favicon.ico
[ 2014-06-04T01:18:07+08:00 ] ERR: (ThinkException) 无法加载模块Public
[ 2014-06-04T01:18:08+08:00 ] ERR: (ThinkException) 无法加载模块favicon.ico
[ 2014-06-04T01:19:10+08:00 ] ERR: (ThinkException) 无法加载模块Public
[ 2014-06-04T01:19:10+08:00 ] ERR: (ThinkException) 无法加载模块favicon.ico
[ 2014-06-04T01:20:37+08:00 ] ERR: (ThinkException) 无法加载模块Public
[ 2014-06-04T01:20:37+08:00 ] ERR: (ThinkException) 无法加载模块favicon.ico
[ 2014-06-04T01:20:45+08:00 ] ERR: (ThinkException) 无法加载模块Public
[ 2014-06-04T01:20:45+08:00 ] ERR: (ThinkException) 无法加载模块favicon.ico
[ 2014-06-04T01:21:18+08:00 ] ERR: (ThinkException) 无法加载模块Public
[ 2014-06-04T01:21:18+08:00 ] ERR: (ThinkException) 无法加载模块js
[ 2014-06-04T01:21:18+08:00 ] ERR: (ThinkException) 无法加载模块js
[ 2014-06-04T01:21:18+08:00 ] ERR: (ThinkException) 无法加载模块favicon.ico
[ 2014-06-04T01:21:21+08:00 ] ERR: (ThinkException) 无法加载模块Public
[ 2014-06-04T01:21:22+08:00 ] ERR: (ThinkException) 无法加载模块favicon.ico
[ 2014-06-04T01:22:11+08:00 ] ERR: (ThinkException) 无法加载模块Public
[ 2014-06-04T01:22:12+08:00 ] ERR: (ThinkException) 无法加载模块favicon.ico
[ 2014-06-04T01:22:14+08:00 ] ERR: (ThinkException) 无法加载模块Public
[ 2014-06-04T01:22:15+08:00 ] ERR: (ThinkException) 无法加载模块favicon.ico
[ 2014-06-04T01:22:39+08:00 ] ERR: (ThinkException) 无法加载模块Public
[ 2014-06-04T01:22:40+08:00 ] ERR: (ThinkException) 无法加载模块favicon.ico
[ 2014-06-04T01:22:50+08:00 ] ERR: (ThinkException) 无法加载模块Public
[ 2014-06-04T01:22:51+08:00 ] ERR: (ThinkException) 无法加载模块favicon.ico
[ 2014-06-04T01:23:03+08:00 ] ERR: (ThinkException) 无法加载模块Public
[ 2014-06-04T01:23:03+08:00 ] ERR: (ThinkException) 无法加载模块favicon.ico
[ 2014-06-04T01:23:14+08:00 ] ERR: (ThinkException) 无法加载模块Public
[ 2014-06-04T01:23:15+08:00 ] ERR: (ThinkException) 无法加载模块favicon.ico
[ 2014-06-04T01:37:55+08:00 ] ERR: (ThinkException) 无法加载模块Public
[ 2014-06-04T01:37:57+08:00 ] ERR: (ThinkException) 无法加载模块Public
[ 2014-06-04T01:37:57+08:00 ] ERR: (ThinkException) 无法加载模块js
[ 2014-06-04T01:37:57+08:00 ] ERR: (ThinkException) 无法加载模块js
[ 2014-06-04T01:37:58+08:00 ] ERR: (ThinkException) 无法加载模块css
[ 2014-06-04T01:37:58+08:00 ] ERR: (ThinkException) 无法加载模块images
[ 2014-06-04T01:37:58+08:00 ] ERR: (ThinkException) 无法加载模块tab_resturant_businesshours
[ 2014-06-04T01:37:59+08:00 ] ERR: (ThinkException) 无法加载模块Public
[ 2014-06-04T01:38:01+08:00 ] ERR: (ThinkException) 无法加载模块Public
[ 2014-06-04T01:38:04+08:00 ] ERR: (ThinkException) 无法加载模块Public
[ 2014-06-04T01:38:04+08:00 ] ERR: (ThinkException) 无法加载模块js
[ 2014-06-04T01:38:04+08:00 ] ERR: (ThinkException) 无法加载模块js
[ 2014-06-04T01:38:07+08:00 ] ERR: (ThinkException) 无法加载模块Public
[ 2014-06-04T02:47:40+08:00 ] ERR: (ThinkException) 无法加载模块Public
[ 2014-06-04T02:47:40+08:00 ] ERR: (ThinkException) 无法加载模块js
[ 2014-06-04T02:47:40+08:00 ] ERR: (ThinkException) 无法加载模块js
[ 2014-06-04T02:47:41+08:00 ] ERR: (ThinkException) 无法加载模块css
[ 2014-06-04T02:47:41+08:00 ] ERR: (ThinkException) 无法加载模块images
[ 2014-06-04T02:47:41+08:00 ] ERR: (ThinkException) 无法加载模块tab_resturant_businesshours
[ 2014-06-04T02:47:45+08:00 ] ERR: (ThinkException) 无法加载模块Public
[ 2014-06-04T02:47:45+08:00 ] ERR: (ThinkException) 无法加载模块js
[ 2014-06-04T02:47:45+08:00 ] ERR: (ThinkException) 无法加载模块js
[ 2014-06-04T02:47:48+08:00 ] ERR: (ThinkException) 无法加载模块Public
[ 2014-06-04T02:48:12+08:00 ] ERR: (ThinkException) 无法加载模块Public
[ 2014-06-04T02:53:26+08:00 ] ERR: (ThinkException) 无法加载模块Public
[ 2014-06-04T05:41:19+08:00 ] ERR: (ThinkException) 无法加载模块Public
[ 2014-06-04T05:41:20+08:00 ] ERR: (ThinkException) 无法加载模块favicon.ico
[ 2014-06-04T05:49:25+08:00 ] ERR: (ThinkException) 无法加载模块Public
[ 2014-06-04T05:50:21+08:00 ] ERR: (ThinkException) 无法加载模块Public
[ 2014-06-04T05:50:21+08:00 ] ERR: (ThinkException) 无法加载模块favicon.ico
[ 2014-06-04T05:56:43+08:00 ] ERR: (ThinkException) 无法加载模块Public
[ 2014-06-04T05:56:44+08:00 ] ERR: (ThinkException) 无法加载模块favicon.ico
[ 2014-06-04T05:56:50+08:00 ] ERR: (ThinkException) 无法加载模块demo_test_post.asp
[ 2014-06-04T05:56:58+08:00 ] ERR: (ThinkException) 无法加载模块demo_test_post.asp
[ 2014-06-04T05:57:01+08:00 ] ERR: (ThinkException) 无法加载模块Public
[ 2014-06-04T05:57:01+08:00 ] ERR: (ThinkException) 无法加载模块favicon.ico
[ 2014-06-04T05:58:53+08:00 ] ERR: (ThinkException) 无法加载模块Public
[ 2014-06-04T05:58:53+08:00 ] ERR: (ThinkException) 无法加载模块favicon.ico
[ 2014-06-04T05:59:37+08:00 ] ERR: (ThinkException) 无法加载模块Public
[ 2014-06-04T05:59:38+08:00 ] ERR: (ThinkException) 无法加载模块favicon.ico
[ 2014-06-04T06:01:49+08:00 ] ERR: (ThinkException) 无法加载模块Public
[ 2014-06-04T06:01:50+08:00 ] ERR: (ThinkException) 无法加载模块favicon.ico
[ 2014-06-04T06:07:39+08:00 ] ERR: (ThinkException) 无法加载模块Public
[ 2014-06-04T06:07:39+08:00 ] ERR: (ThinkException) 无法加载模块js
[ 2014-06-04T06:07:39+08:00 ] ERR: (ThinkException) 无法加载模块js
[ 2014-06-04T06:07:40+08:00 ] ERR: (ThinkException) 无法加载模块favicon.ico
[ 2014-06-04T20:46:21+08:00 ] ERR: (ThinkException) 无法加载模块Public
[ 2014-06-04T20:46:43+08:00 ] ERR: (ThinkException) 无法加载模块Public
[ 2014-06-04T20:46:43+08:00 ] ERR: (ThinkException) 无法加载模块Public
[ 2014-06-04T20:47:04+08:00 ] ERR: (ThinkException) 无法加载模块Public
[ 2014-06-04T20:47:04+08:00 ] ERR: (ThinkException) 无法加载模块js
[ 2014-06-04T20:47:04+08:00 ] ERR: (ThinkException) 无法加载模块js
[ 2014-06-04T20:47:40+08:00 ] ERR: (ThinkException) 无法加载模块Public
[ 2014-06-04T20:51:14+08:00 ] ERR: (ThinkException) 无法加载模块Public
[ 2014-06-04T21:06:32+08:00 ] ERR: (ThinkException) 无法加载模块Public
[ 2014-06-04T21:07:16+08:00 ] ERR: (ThinkException) 无法加载模块Public
[ 2014-06-04T21:11:05+08:00 ] ERR: (ThinkException) 无法加载模块Public
[ 2014-06-04T21:11:12+08:00 ] ERR: (ThinkException) 无法加载模块favicon.ico
[ 2014-06-04T21:11:12+08:00 ] ERR: (ThinkException) 无法加载模块Public
[ 2014-06-04T21:20:41+08:00 ] ERR: (ThinkException) 无法加载模块Public
[ 2014-06-04T21:20:42+08:00 ] ERR: (ThinkException) 无法加载模块favicon.ico
[ 2014-06-04T21:21:25+08:00 ] ERR: (ThinkException) 无法加载模块Public
[ 2014-06-04T21:21:26+08:00 ] ERR: (ThinkException) 无法加载模块favicon.ico
[ 2014-06-04T21:21:27+08:00 ] ERR: (ThinkException) 无法加载模块Public
[ 2014-06-04T21:21:29+08:00 ] ERR: (ThinkException) 无法加载模块Public
[ 2014-06-04T21:21:29+08:00 ] ERR: (ThinkException) 无法加载模块favicon.ico
[ 2014-06-04T21:21:36+08:00 ] ERR: (ThinkException) 无法加载模块Public
[ 2014-06-04T21:21:45+08:00 ] ERR: (ThinkException) 无法加载模块Public
[ 2014-06-04T21:21:45+08:00 ] ERR: (ThinkException) 无法加载模块js
[ 2014-06-04T21:21:45+08:00 ] ERR: (ThinkException) 无法加载模块js
[ 2014-06-04T21:21:52+08:00 ] ERR: (ThinkException) 无法加载模块js
[ 2014-06-04T21:21:52+08:00 ] ERR: (ThinkException) 无法加载模块js
[ 2014-06-04T21:21:53+08:00 ] ERR: (ThinkException) 无法加载模块Public
[ 2014-06-04T21:21:53+08:00 ] ERR: (ThinkException) 无法加载模块favicon.ico
[ 2014-06-04T21:22:15+08:00 ] ERR: (ThinkException) 无法加载模块Public
[ 2014-06-04T21:22:16+08:00 ] ERR: (ThinkException) 无法加载模块js
[ 2014-06-04T21:22:16+08:00 ] ERR: (ThinkException) 无法加载模块js
[ 2014-06-04T21:22:16+08:00 ] ERR: (ThinkException) 无法加载模块favicon.ico
[ 2014-06-04T21:22:41+08:00 ] ERR: (ThinkException) 无法加载模块Public
[ 2014-06-04T21:22:41+08:00 ] ERR: (ThinkException) 无法加载模块js
[ 2014-06-04T21:22:41+08:00 ] ERR: (ThinkException) 无法加载模块js
[ 2014-06-04T21:22:42+08:00 ] ERR: (ThinkException) 无法加载模块favicon.ico
[ 2014-06-04T21:23:05+08:00 ] ERR: (ThinkException) 无法加载模块Public
[ 2014-06-04T21:23:05+08:00 ] ERR: (ThinkException) 无法加载模块js
[ 2014-06-04T21:23:05+08:00 ] ERR: (ThinkException) 无法加载模块js
[ 2014-06-04T21:23:06+08:00 ] ERR: (ThinkException) 无法加载模块favicon.ico
[ 2014-06-04T21:23:39+08:00 ] ERR: (ThinkException) 无法加载模块Public
[ 2014-06-04T21:23:39+08:00 ] ERR: (ThinkException) 无法加载模块js
[ 2014-06-04T21:23:39+08:00 ] ERR: (ThinkException) 无法加载模块js
[ 2014-06-04T21:23:39+08:00 ] ERR: (ThinkException) 无法加载模块favicon.ico
[ 2014-06-04T21:26:11+08:00 ] ERR: (ThinkException) 无法加载模块Public
[ 2014-06-04T21:26:11+08:00 ] ERR: (ThinkException) 无法加载模块js
[ 2014-06-04T21:26:11+08:00 ] ERR: (ThinkException) 无法加载模块js
[ 2014-06-04T21:26:11+08:00 ] ERR: (ThinkException) 无法加载模块favicon.ico
[ 2014-06-04T21:27:03+08:00 ] ERR: (ThinkException) 无法加载模块Public
[ 2014-06-04T21:27:03+08:00 ] ERR: (ThinkException) 无法加载模块js
[ 2014-06-04T21:27:03+08:00 ] ERR: (ThinkException) 无法加载模块js
[ 2014-06-04T21:27:04+08:00 ] ERR: (ThinkException) 无法加载模块favicon.ico
[ 2014-06-04T21:27:22+08:00 ] ERR: (ThinkException) 无法加载模块Public
[ 2014-06-04T21:27:22+08:00 ] ERR: (ThinkException) 无法加载模块js
[ 2014-06-04T21:27:22+08:00 ] ERR: (ThinkException) 无法加载模块js
[ 2014-06-04T21:27:23+08:00 ] ERR: (ThinkException) 无法加载模块favicon.ico
[ 2014-06-04T21:28:06+08:00 ] ERR: (ThinkException) 无法加载模块Public
[ 2014-06-04T21:28:07+08:00 ] ERR: (ThinkException) 无法加载模块js
[ 2014-06-04T21:28:07+08:00 ] ERR: (ThinkException) 无法加载模块js
[ 2014-06-04T21:28:07+08:00 ] ERR: (ThinkException) 无法加载模块favicon.ico
[ 2014-06-04T21:28:45+08:00 ] ERR: (ThinkException) 无法加载模块Public
[ 2014-06-04T21:28:45+08:00 ] ERR: (ThinkException) 无法加载模块js
[ 2014-06-04T21:28:45+08:00 ] ERR: (ThinkException) 无法加载模块js
[ 2014-06-04T21:28:45+08:00 ] ERR: (ThinkException) 无法加载模块favicon.ico
[ 2014-06-04T21:30:15+08:00 ] ERR: (ThinkException) 无法加载模块Public
[ 2014-06-04T21:30:15+08:00 ] ERR: (ThinkException) 无法加载模块js
[ 2014-06-04T21:30:15+08:00 ] ERR: (ThinkException) 无法加载模块js
[ 2014-06-04T21:30:15+08:00 ] ERR: (ThinkException) 无法加载模块favicon.ico
[ 2014-06-04T21:30:32+08:00 ] ERR: (ThinkException) 无法加载模块Public
[ 2014-06-04T21:30:32+08:00 ] ERR: (ThinkException) 无法加载模块js
[ 2014-06-04T21:30:32+08:00 ] ERR: (ThinkException) 无法加载模块js
[ 2014-06-04T21:30:33+08:00 ] ERR: (ThinkException) 无法加载模块favicon.ico
[ 2014-06-04T21:31:03+08:00 ] ERR: (ThinkException) 无法加载模块Public
[ 2014-06-04T21:31:03+08:00 ] ERR: (ThinkException) 无法加载模块js
[ 2014-06-04T21:31:03+08:00 ] ERR: (ThinkException) 无法加载模块js
[ 2014-06-04T21:31:04+08:00 ] ERR: (ThinkException) 无法加载模块favicon.ico
[ 2014-06-04T21:31:29+08:00 ] ERR: (ThinkException) 无法加载模块Public
[ 2014-06-04T21:31:29+08:00 ] ERR: (ThinkException) 无法加载模块js
[ 2014-06-04T21:31:29+08:00 ] ERR: (ThinkException) 无法加载模块js
[ 2014-06-04T21:31:30+08:00 ] ERR: (ThinkException) 无法加载模块favicon.ico
[ 2014-06-04T21:32:00+08:00 ] ERR: (ThinkException) 无法加载模块Public
[ 2014-06-04T21:32:00+08:00 ] ERR: (ThinkException) 无法加载模块js
[ 2014-06-04T21:32:00+08:00 ] ERR: (ThinkException) 无法加载模块js
[ 2014-06-04T21:32:01+08:00 ] ERR: (ThinkException) 无法加载模块favicon.ico
[ 2014-06-04T21:32:28+08:00 ] ERR: (ThinkException) 无法加载模块Public
[ 2014-06-04T21:32:28+08:00 ] ERR: (ThinkException) 无法加载模块js
[ 2014-06-04T21:32:28+08:00 ] ERR: (ThinkException) 无法加载模块js
[ 2014-06-04T21:32:29+08:00 ] ERR: (ThinkException) 无法加载模块favicon.ico
[ 2014-06-04T21:33:07+08:00 ] ERR: (ThinkException) 无法加载模块Public
[ 2014-06-04T21:33:07+08:00 ] ERR: (ThinkException) 无法加载模块js
[ 2014-06-04T21:33:07+08:00 ] ERR: (ThinkException) 无法加载模块js
[ 2014-06-04T21:33:08+08:00 ] ERR: (ThinkException) 无法加载模块favicon.ico
[ 2014-06-04T21:33:21+08:00 ] ERR: (ThinkException) 无法加载模块Public
[ 2014-06-04T21:33:21+08:00 ] ERR: (ThinkException) 无法加载模块js
[ 2014-06-04T21:33:21+08:00 ] ERR: (ThinkException) 无法加载模块js
[ 2014-06-04T21:33:22+08:00 ] ERR: (ThinkException) 无法加载模块favicon.ico
[ 2014-06-04T21:34:41+08:00 ] ERR: (ThinkException) 无法加载模块Public
[ 2014-06-04T21:34:41+08:00 ] ERR: (ThinkException) 无法加载模块js
[ 2014-06-04T21:34:41+08:00 ] ERR: (ThinkException) 无法加载模块js
[ 2014-06-04T21:34:42+08:00 ] ERR: (ThinkException) 无法加载模块favicon.ico
[ 2014-06-04T21:34:49+08:00 ] ERR: (ThinkException) 无法加载模块Public
[ 2014-06-04T21:34:49+08:00 ] ERR: (ThinkException) 无法加载模块js
[ 2014-06-04T21:34:49+08:00 ] ERR: (ThinkException) 无法加载模块js
[ 2014-06-04T21:34:50+08:00 ] ERR: (ThinkException) 无法加载模块favicon.ico
[ 2014-06-04T21:34:57+08:00 ] ERR: (ThinkException) 无法加载模块Public
[ 2014-06-04T21:34:57+08:00 ] ERR: (ThinkException) 无法加载模块js
[ 2014-06-04T21:34:57+08:00 ] ERR: (ThinkException) 无法加载模块js
[ 2014-06-04T21:34:58+08:00 ] ERR: (ThinkException) 无法加载模块favicon.ico
[ 2014-06-04T21:35:19+08:00 ] ERR: (ThinkException) 无法加载模块Public
[ 2014-06-04T21:35:19+08:00 ] ERR: (ThinkException) 无法加载模块js
[ 2014-06-04T21:35:19+08:00 ] ERR: (ThinkException) 无法加载模块js
[ 2014-06-04T21:35:20+08:00 ] ERR: (ThinkException) 无法加载模块favicon.ico
[ 2014-06-04T21:35:53+08:00 ] ERR: (ThinkException) 无法加载模块Public
[ 2014-06-04T21:35:53+08:00 ] ERR: (ThinkException) 无法加载模块js
[ 2014-06-04T21:35:53+08:00 ] ERR: (ThinkException) 无法加载模块js
[ 2014-06-04T21:35:54+08:00 ] ERR: (ThinkException) 无法加载模块favicon.ico
[ 2014-06-04T21:36:02+08:00 ] ERR: (ThinkException) 无法加载模块Public
[ 2014-06-04T21:36:02+08:00 ] ERR: (ThinkException) 无法加载模块js
[ 2014-06-04T21:36:02+08:00 ] ERR: (ThinkException) 无法加载模块js
[ 2014-06-04T21:36:03+08:00 ] ERR: (ThinkException) 无法加载模块favicon.ico
[ 2014-06-04T21:40:06+08:00 ] ERR: (ThinkException) 无法加载模块Public
[ 2014-06-04T21:40:06+08:00 ] ERR: (ThinkException) 无法加载模块js
[ 2014-06-04T21:40:06+08:00 ] ERR: (ThinkException) 无法加载模块js
[ 2014-06-04T21:40:07+08:00 ] ERR: (ThinkException) 无法加载模块favicon.ico
[ 2014-06-04T21:40:53+08:00 ] ERR: (ThinkException) 无法加载模块Public
[ 2014-06-04T21:40:53+08:00 ] ERR: (ThinkException) 无法加载模块js
[ 2014-06-04T21:40:54+08:00 ] ERR: (ThinkException) 无法加载模块js
[ 2014-06-04T21:40:54+08:00 ] ERR: (ThinkException) 无法加载模块favicon.ico
[ 2014-06-04T21:42:58+08:00 ] ERR: (ThinkException) 无法加载模块Public
[ 2014-06-04T21:42:58+08:00 ] ERR: (ThinkException) 无法加载模块js
[ 2014-06-04T21:42:58+08:00 ] ERR: (ThinkException) 无法加载模块js
[ 2014-06-04T21:42:58+08:00 ] ERR: (ThinkException) 无法加载模块favicon.ico
[ 2014-06-04T21:46:51+08:00 ] ERR: (ThinkException) 无法加载模块Public
[ 2014-06-04T21:47:33+08:00 ] ERR: (ThinkException) 无法加载模块Public
[ 2014-06-04T21:47:38+08:00 ] ERR: (ThinkException) 无法加载模块demo_test_post.asp
[ 2014-06-04T21:47:43+08:00 ] ERR: (ThinkException) 无法加载模块Public
[ 2014-06-04T21:47:45+08:00 ] ERR: (ThinkException) 无法加载模块demo_test_post.asp
[ 2014-06-04T21:48:47+08:00 ] ERR: (ThinkException) 无法加载模块demo_test_post.asp
[ 2014-06-04T21:48:55+08:00 ] ERR: (ThinkException) 无法加载模块Public
[ 2014-06-04T21:51:01+08:00 ] ERR: (ThinkException) 无法加载模块Public
[ 2014-06-04T21:51:26+08:00 ] ERR: (ThinkException) 无法加载模块Public
[ 2014-06-04T21:51:36+08:00 ] ERR: (ThinkException) 无法加载模块Public
[ 2014-06-04T21:51:38+08:00 ] ERR: (ThinkException) 无法加载模块Public
[ 2014-06-04T21:52:48+08:00 ] ERR: (ThinkException) 无法加载模块Public
[ 2014-06-04T21:59:39+08:00 ] ERR: (ThinkException) 无法加载模块Public
[ 2014-06-04T22:00:55+08:00 ] ERR: (ThinkException) 无法加载模块Public
[ 2014-06-04T22:00:58+08:00 ] ERR: (ThinkException) 无法加载模块Public
[ 2014-06-04T22:01:33+08:00 ] ERR: (ThinkException) 无法加载模块Public
[ 2014-06-04T22:01:36+08:00 ] ERR: (ThinkException) 无法加载模块Public
[ 2014-06-04T22:01:39+08:00 ] ERR: (ThinkException) 无法加载模块Public
[ 2014-06-04T22:42:53+08:00 ] ERR: (ThinkException) 无法加载模块Public
[ 2014-06-04T22:42:53+08:00 ] ERR: (ThinkException) 无法加载模块js
[ 2014-06-04T22:42:53+08:00 ] ERR: (ThinkException) 无法加载模块js
[ 2014-06-04T22:44:54+08:00 ] ERR: (ThinkException) 无法加载模块Public
[ 2014-06-04T22:44:59+08:00 ] ERR: (ThinkException) 无法加载模块Public
[ 2014-06-04T22:45:00+08:00 ] ERR: (ThinkException) 无法加载模块Public
[ 2014-06-04T22:45:00+08:00 ] ERR: (ThinkException) 无法加载模块js
[ 2014-06-04T22:45:00+08:00 ] ERR: (ThinkException) 无法加载模块js
[ 2014-06-04T22:45:03+08:00 ] ERR: (ThinkException) 无法加载模块Public
[ 2014-06-04T22:46:10+08:00 ] ERR: (ThinkException) 无法加载模块Public
[ 2014-06-04T22:46:20+08:00 ] ERR: (ThinkException) 无法加载模块Public
[ 2014-06-04T22:46:53+08:00 ] ERR: (ThinkException) 无法加载模块Public
[ 2014-06-04T22:49:08+08:00 ] ERR: (ThinkException) 无法加载模块Public
[ 2014-06-04T22:49:10+08:00 ] ERR: (ThinkException) 无法加载模块Public
[ 2014-06-04T22:52:25+08:00 ] ERR: (ThinkException) 无法加载模块Public
[ 2014-06-04T22:52:35+08:00 ] ERR: (ThinkException) 无法加载模块Public
[ 2014-06-04T22:52:35+08:00 ] ERR: (ThinkException) 无法加载模块favicon.ico
[ 2014-06-04T22:53:12+08:00 ] ERR: (ThinkException) 无法加载模块Public
[ 2014-06-04T22:53:13+08:00 ] ERR: (ThinkException) 无法加载模块favicon.ico
[ 2014-06-04T22:53:33+08:00 ] ERR: (ThinkException) 无法加载模块Public
[ 2014-06-04T22:53:33+08:00 ] ERR: (ThinkException) 无法加载模块favicon.ico
[ 2014-06-04T22:55:21+08:00 ] ERR: (ThinkException) 无法加载模块Public
[ 2014-06-04T22:55:22+08:00 ] ERR: (ThinkException) 无法加载模块favicon.ico
[ 2014-06-04T22:55:37+08:00 ] ERR: (ThinkException) 无法加载模块Public
[ 2014-06-04T22:55:37+08:00 ] ERR: (ThinkException) 无法加载模块favicon.ico
[ 2014-06-04T22:56:41+08:00 ] ERR: (ThinkException) 无法加载模块Public
[ 2014-06-04T22:56:41+08:00 ] ERR: (ThinkException) 无法加载模块favicon.ico
[ 2014-06-04T22:57:46+08:00 ] ERR: (ThinkException) 无法加载模块Public
[ 2014-06-04T22:57:47+08:00 ] ERR: (ThinkException) 无法加载模块favicon.ico
[ 2014-06-04T22:58:08+08:00 ] ERR: (ThinkException) 无法加载模块Public
[ 2014-06-04T22:58:09+08:00 ] ERR: (ThinkException) 无法加载模块favicon.ico
[ 2014-06-04T22:58:30+08:00 ] ERR: (ThinkException) 无法加载模块Public
[ 2014-06-04T22:58:30+08:00 ] ERR: (ThinkException) 无法加载模块favicon.ico
[ 2014-06-04T23:06:49+08:00 ] ERR: (ThinkException) 无法加载模块Public
[ 2014-06-04T23:06:49+08:00 ] ERR: (ThinkException) 无法加载模块favicon.ico
[ 2014-06-04T23:07:22+08:00 ] ERR: (ThinkException) 无法加载模块Public
[ 2014-06-04T23:07:23+08:00 ] ERR: (ThinkException) 无法加载模块favicon.ico
[ 2014-06-04T23:07:58+08:00 ] ERR: (ThinkException) 无法加载模块Public
[ 2014-06-04T23:07:59+08:00 ] ERR: (ThinkException) 无法加载模块favicon.ico
[ 2014-06-04T23:08:22+08:00 ] ERR: (ThinkException) 无法加载模块Public
[ 2014-06-04T23:08:23+08:00 ] ERR: (ThinkException) 无法加载模块favicon.ico
[ 2014-06-04T23:09:05+08:00 ] ERR: (ThinkException) 无法加载模块Public
[ 2014-06-04T23:09:06+08:00 ] ERR: (ThinkException) 无法加载模块favicon.ico
[ 2014-06-04T23:11:08+08:00 ] ERR: (ThinkException) 无法加载模块Public
[ 2014-06-04T23:11:08+08:00 ] ERR: (ThinkException) 无法加载模块favicon.ico
[ 2014-06-04T23:22:20+08:00 ] ERR: (ThinkException) 无法加载模块Public
[ 2014-06-04T23:22:21+08:00 ] ERR: (ThinkException) 无法加载模块favicon.ico
[ 2014-06-04T23:23:17+08:00 ] ERR: (ThinkException) 无法加载模块Public
[ 2014-06-04T23:23:17+08:00 ] ERR: (ThinkException) 无法加载模块favicon.ico
[ 2014-06-04T23:25:28+08:00 ] ERR: (ThinkException) 无法加载模块Public
[ 2014-06-04T23:25:42+08:00 ] ERR: (ThinkException) 无法加载模块Public
[ 2014-06-04T23:25:49+08:00 ] ERR: (ThinkException) 无法加载模块Public
[ 2014-06-04T23:26:03+08:00 ] ERR: (ThinkException) 无法加载模块Public
[ 2014-06-04T23:26:20+08:00 ] ERR: (ThinkException) 无法加载模块Public
[ 2014-06-04T23:26:45+08:00 ] ERR: (ThinkException) 无法加载模块Public
[ 2014-06-04T23:28:37+08:00 ] ERR: (ThinkException) 无法加载模块Public
