[ 2014-06-30T09:18:08+08:00 ] ERR: (ThinkException) 无法加载模块js
[ 2014-06-30T09:18:08+08:00 ] ERR: (ThinkException) 无法加载模块js
[ 2014-06-30T09:18:08+08:00 ] ERR: (ThinkException) 无法加载模块js
[ 2014-06-30T09:18:08+08:00 ] ERR: (ThinkException) 无法加载模块js
[ 2014-06-30T09:18:09+08:00 ] ERR: (ThinkException) 无法加载模块js
[ 2014-06-30T09:18:09+08:00 ] ERR: (ThinkException) 无法加载模块Publiccss
[ 2014-06-30T09:18:09+08:00 ] ERR: (ThinkException) 无法加载模块js
[ 2014-06-30T09:18:09+08:00 ] ERR: (ThinkException) 无法加载模块Publiccss
[ 2014-06-30T09:18:09+08:00 ] ERR: (ThinkException) 无法加载模块js
[ 2014-06-30T14:57:09+08:00 ] ERR: (ThinkException) 无法加载模块js
[ 2014-06-30T14:57:09+08:00 ] ERR: (ThinkException) 无法加载模块js
[ 2014-06-30T14:57:09+08:00 ] ERR: (ThinkException) 无法加载模块js
[ 2014-06-30T14:57:09+08:00 ] ERR: (ThinkException) 无法加载模块Publiccss
[ 2014-06-30T14:57:11+08:00 ] ERR: (ThinkException) 无法加载模块js
[ 2014-06-30T14:57:11+08:00 ] ERR: (ThinkException) 无法加载模块js
[ 2014-06-30T14:57:11+08:00 ] ERR: (ThinkException) 无法加载模块css
[ 2014-06-30T14:57:11+08:00 ] ERR: (ThinkException) 无法加载模块css
[ 2014-06-30T14:57:11+08:00 ] ERR: (ThinkException) 无法加载模块js
[ 2014-06-30T14:57:43+08:00 ] ERR: (ThinkException) 无法加载模块js
[ 2014-06-30T14:57:43+08:00 ] ERR: (ThinkException) 无法加载模块js
[ 2014-06-30T14:57:43+08:00 ] ERR: (ThinkException) 无法加载模块js
[ 2014-06-30T14:57:43+08:00 ] ERR: (ThinkException) 无法加载模块css
[ 2014-06-30T14:57:43+08:00 ] ERR: (ThinkException) 无法加载模块css
[ 2014-06-30T14:58:13+08:00 ] ERR: (ThinkException) 无法加载模块Public
[ 2014-06-30T14:58:17+08:00 ] ERR: (ThinkException) 无法加载模块Public
[ 2014-06-30T17:10:17+08:00 ] ERR: (ThinkException) 无法加载模块Public
[ 2014-06-30T17:10:20+08:00 ] ERR: (ThinkException) 无法加载模块css
[ 2014-06-30T17:10:20+08:00 ] ERR: (ThinkException) 无法加载模块Public
[ 2014-06-30T17:10:20+08:00 ] ERR: (ThinkException) 无法加载模块css
[ 2014-06-30T17:10:20+08:00 ] ERR: (ThinkException) 无法加载模块js
[ 2014-06-30T17:10:20+08:00 ] ERR: (ThinkException) 无法加载模块js
[ 2014-06-30T17:10:20+08:00 ] ERR: (ThinkException) 无法加载模块js
[ 2014-06-30T17:10:20+08:00 ] ERR: (ThinkException) 无法加载模块images
[ 2014-06-30T17:10:20+08:00 ] ERR: (ThinkException) 无法加载模块images
