[ 2014-06-16T08:51:14+08:00 ] ERR: (ThinkException) 无法加载模块Public
[ 2014-06-16T08:51:14+08:00 ] ERR: (ThinkException) 无法加载模块favicon.ico
[ 2014-06-16T08:51:14+08:00 ] ERR: (ThinkException) 无法加载模块favicon.ico
[ 2014-06-16T09:02:21+08:00 ] ERR: (ThinkException) 无法加载模块Public
[ 2014-06-16T09:02:21+08:00 ] ERR: (ThinkException) 无法加载模块favicon.ico
[ 2014-06-16T09:02:21+08:00 ] ERR: (ThinkException) 无法加载模块favicon.ico
[ 2014-06-16T09:03:58+08:00 ] ERR: (ThinkException) 无法加载模块Public
[ 2014-06-16T09:04:07+08:00 ] ERR: (ThinkException) 无法加载模块Public
[ 2014-06-16T09:04:21+08:00 ] ERR: (ThinkException) 无法加载模块Public
[ 2014-06-16T09:04:22+08:00 ] ERR: (ThinkException) 无法加载模块Public
[ 2014-06-16T09:04:24+08:00 ] ERR: (ThinkException) 无法加载模块css
[ 2014-06-16T09:04:24+08:00 ] ERR: (ThinkException) 无法加载模块css
[ 2014-06-16T09:21:49+08:00 ] ERR: (ThinkException) 无法加载模块css
[ 2014-06-16T09:21:54+08:00 ] ERR: (ThinkException) 无法加载模块css
[ 2014-06-16T09:22:32+08:00 ] ERR: (ThinkException) 无法加载模块css
[ 2014-06-16T09:22:32+08:00 ] ERR: (ThinkException) 无法加载模块css
[ 2014-06-16T09:22:34+08:00 ] ERR: (ThinkException) 无法加载模块Public
[ 2014-06-16T09:26:10+08:00 ] ERR: (ThinkException) 无法加载模块Public
[ 2014-06-16T09:32:27+08:00 ] ERR: (ThinkException) 无法加载模块Public
[ 2014-06-16T09:32:29+08:00 ] ERR: (ThinkException) 无法加载模块css
[ 2014-06-16T09:40:42+08:00 ] ERR: (ThinkException) 无法加载模块css
[ 2014-06-16T09:41:08+08:00 ] ERR: (ThinkException) 无法加载模块css
[ 2014-06-16T09:41:08+08:00 ] ERR: (ThinkException) 无法加载模块favicon.ico
[ 2014-06-16T09:43:09+08:00 ] ERR: (ThinkException) 无法加载模块Public
[ 2014-06-16T09:43:10+08:00 ] ERR: (ThinkException) 无法加载模块favicon.ico
[ 2014-06-16T10:11:16+08:00 ] ERR: (ThinkException) 无法加载模块css
[ 2014-06-16T10:11:17+08:00 ] ERR: (ThinkException) 无法加载模块css
[ 2014-06-16T10:11:18+08:00 ] ERR: (ThinkException) 无法加载模块favicon.ico
[ 2014-06-16T10:16:32+08:00 ] ERR: (ThinkException) 无法加载模块favicon.ico
[ 2014-06-16T10:16:43+08:00 ] ERR: (ThinkException) 无法加载模块css
[ 2014-06-16T10:16:43+08:00 ] ERR: (ThinkException) 无法加载模块css
[ 2014-06-16T10:16:44+08:00 ] ERR: (ThinkException) 无法加载模块favicon.ico
[ 2014-06-16T10:17:00+08:00 ] ERR: (ThinkException) 无法加载模块css
[ 2014-06-16T10:17:00+08:00 ] ERR: (ThinkException) 无法加载模块css
[ 2014-06-16T10:17:01+08:00 ] ERR: (ThinkException) 无法加载模块favicon.ico
[ 2014-06-16T10:19:52+08:00 ] ERR: (ThinkException) 无法加载模块css
[ 2014-06-16T10:19:53+08:00 ] ERR: (ThinkException) 无法加载模块css
[ 2014-06-16T10:19:54+08:00 ] ERR: (ThinkException) 无法加载模块favicon.ico
[ 2014-06-16T10:20:00+08:00 ] ERR: (ThinkException) 无法加载模块favicon.ico
[ 2014-06-16T10:20:11+08:00 ] ERR: (ThinkException) 无法加载模块css
[ 2014-06-16T10:20:12+08:00 ] ERR: (ThinkException) 无法加载模块css
[ 2014-06-16T10:20:13+08:00 ] ERR: (ThinkException) 无法加载模块favicon.ico
[ 2014-06-16T10:21:13+08:00 ] ERR: (ThinkException) 无法加载模块css
[ 2014-06-16T10:21:14+08:00 ] ERR: (ThinkException) 无法加载模块css
[ 2014-06-16T10:21:15+08:00 ] ERR: (ThinkException) 无法加载模块favicon.ico
[ 2014-06-16T10:21:28+08:00 ] ERR: (ThinkException) 无法加载模块favicon.ico
[ 2014-06-16T10:21:30+08:00 ] ERR: (ThinkException) 无法加载模块css
[ 2014-06-16T10:21:30+08:00 ] ERR: (ThinkException) 无法加载模块css
[ 2014-06-16T10:21:31+08:00 ] ERR: (ThinkException) 无法加载模块favicon.ico
[ 2014-06-16T10:21:39+08:00 ] ERR: (ThinkException) 无法加载模块css
[ 2014-06-16T10:21:39+08:00 ] ERR: (ThinkException) 无法加载模块css
[ 2014-06-16T10:21:40+08:00 ] ERR: (ThinkException) 无法加载模块favicon.ico
[ 2014-06-16T10:21:42+08:00 ] ERR: (ThinkException) 无法加载模块favicon.ico
[ 2014-06-16T10:21:45+08:00 ] ERR: (ThinkException) 无法加载模块css
[ 2014-06-16T10:21:45+08:00 ] ERR: (ThinkException) 无法加载模块css
[ 2014-06-16T10:21:46+08:00 ] ERR: (ThinkException) 无法加载模块favicon.ico
[ 2014-06-16T10:21:54+08:00 ] ERR: (ThinkException) 无法加载模块css
[ 2014-06-16T10:21:54+08:00 ] ERR: (ThinkException) 无法加载模块css
[ 2014-06-16T10:21:56+08:00 ] ERR: (ThinkException) 无法加载模块favicon.ico
[ 2014-06-16T10:21:56+08:00 ] ERR: (ThinkException) 无法加载模块css
[ 2014-06-16T10:21:57+08:00 ] ERR: (ThinkException) 无法加载模块css
[ 2014-06-16T10:21:58+08:00 ] ERR: (ThinkException) 无法加载模块favicon.ico
[ 2014-06-16T10:22:02+08:00 ] ERR: (ThinkException) 无法加载模块Public
[ 2014-06-16T10:22:02+08:00 ] ERR: (ThinkException) 无法加载模块favicon.ico
[ 2014-06-16T10:22:26+08:00 ] ERR: (ThinkException) 无法加载模块css
[ 2014-06-16T10:22:26+08:00 ] ERR: (ThinkException) 无法加载模块css
[ 2014-06-16T10:22:27+08:00 ] ERR: (ThinkException) 无法加载模块favicon.ico
[ 2014-06-16T10:22:40+08:00 ] ERR: (ThinkException) 无法加载模块Public
[ 2014-06-16T10:22:40+08:00 ] ERR: (ThinkException) 无法加载模块Public
[ 2014-06-16T10:22:41+08:00 ] ERR: (ThinkException) 无法加载模块favicon.ico
[ 2014-06-16T10:33:54+08:00 ] ERR: (ThinkException) 无法加载模块css
[ 2014-06-16T10:33:54+08:00 ] ERR: (ThinkException) 无法加载模块css
[ 2014-06-16T10:33:55+08:00 ] ERR: (ThinkException) 无法加载模块favicon.ico
[ 2014-06-16T10:34:21+08:00 ] ERR: (ThinkException) 无法加载模块css
[ 2014-06-16T10:34:21+08:00 ] ERR: (ThinkException) 无法加载模块css
[ 2014-06-16T10:34:22+08:00 ] ERR: (ThinkException) 无法加载模块favicon.ico
[ 2014-06-16T10:34:31+08:00 ] ERR: (ThinkException) 无法加载模块Public
[ 2014-06-16T10:34:31+08:00 ] ERR: (ThinkException) 无法加载模块favicon.ico
[ 2014-06-16T10:34:47+08:00 ] ERR: (ThinkException) 无法加载模块Public
[ 2014-06-16T10:34:47+08:00 ] ERR: (ThinkException) 无法加载模块Public
[ 2014-06-16T10:34:47+08:00 ] ERR: (ThinkException) 无法加载模块favicon.ico
[ 2014-06-16T10:34:48+08:00 ] ERR: (ThinkException) 无法加载模块css
[ 2014-06-16T10:34:49+08:00 ] ERR: (ThinkException) 无法加载模块css
[ 2014-06-16T10:34:50+08:00 ] ERR: (ThinkException) 无法加载模块favicon.ico
[ 2014-06-16T10:34:53+08:00 ] ERR: (ThinkException) 无法加载模块Public
[ 2014-06-16T10:34:54+08:00 ] ERR: (ThinkException) 无法加载模块favicon.ico
[ 2014-06-16T10:34:57+08:00 ] ERR: (ThinkException) 无法加载模块css
[ 2014-06-16T10:34:57+08:00 ] ERR: (ThinkException) 无法加载模块css
[ 2014-06-16T10:34:58+08:00 ] ERR: (ThinkException) 无法加载模块favicon.ico
[ 2014-06-16T10:35:06+08:00 ] ERR: (ThinkException) 无法加载模块Public
[ 2014-06-16T10:35:06+08:00 ] ERR: (ThinkException) 无法加载模块favicon.ico
[ 2014-06-16T10:35:07+08:00 ] ERR: (ThinkException) 无法加载模块css
[ 2014-06-16T10:35:08+08:00 ] ERR: (ThinkException) 无法加载模块css
[ 2014-06-16T10:35:09+08:00 ] ERR: (ThinkException) 无法加载模块favicon.ico
[ 2014-06-16T10:35:36+08:00 ] ERR: (ThinkException) 无法加载模块css
[ 2014-06-16T10:35:36+08:00 ] ERR: (ThinkException) 无法加载模块css
[ 2014-06-16T10:35:37+08:00 ] ERR: (ThinkException) 无法加载模块favicon.ico
[ 2014-06-16T11:02:22+08:00 ] ERR: (ThinkException) 无法加载模块Public
[ 2014-06-16T11:02:22+08:00 ] ERR: (ThinkException) 无法加载模块Public
[ 2014-06-16T11:02:23+08:00 ] ERR: (ThinkException) 无法加载模块favicon.ico
[ 2014-06-16T11:15:18+08:00 ] ERR: (ThinkException) 无法加载模块css
[ 2014-06-16T11:15:19+08:00 ] ERR: (ThinkException) 无法加载模块css
[ 2014-06-16T11:15:20+08:00 ] ERR: (ThinkException) 无法加载模块favicon.ico
[ 2014-06-16T12:57:27+08:00 ] ERR: (ThinkException) 无法加载模块css
[ 2014-06-16T12:57:27+08:00 ] ERR: (ThinkException) 无法加载模块css
[ 2014-06-16T12:57:28+08:00 ] ERR: (ThinkException) 无法加载模块favicon.ico
[ 2014-06-16T12:57:29+08:00 ] ERR: (ThinkException) 无法加载模块favicon.ico
[ 2014-06-16T12:58:18+08:00 ] ERR: (ThinkException) 无法加载模块js
[ 2014-06-16T12:58:18+08:00 ] ERR: (ThinkException) 无法加载模块js
[ 2014-06-16T12:58:18+08:00 ] ERR: (ThinkException) 无法加载模块css
[ 2014-06-16T12:58:18+08:00 ] ERR: (ThinkException) 无法加载模块css
[ 2014-06-16T12:58:18+08:00 ] ERR: (ThinkException) 无法加载模块js
[ 2014-06-16T12:58:18+08:00 ] ERR: (ThinkException) 无法加载模块images
[ 2014-06-16T12:58:18+08:00 ] ERR: (ThinkException) 无法加载模块images
[ 2014-06-16T12:58:19+08:00 ] ERR: (ThinkException) 无法加载模块images
[ 2014-06-16T12:58:19+08:00 ] ERR: (ThinkException) 无法加载模块images
[ 2014-06-16T12:58:19+08:00 ] ERR: (ThinkException) 无法加载模块images
[ 2014-06-16T12:58:19+08:00 ] ERR: (ThinkException) 无法加载模块favicon.ico
[ 2014-06-16T12:58:19+08:00 ] ERR: (ThinkException) 无法加载模块images
[ 2014-06-16T12:58:19+08:00 ] ERR: (ThinkException) 无法加载模块images
[ 2014-06-16T12:58:19+08:00 ] ERR: (ThinkException) 无法加载模块images
[ 2014-06-16T12:59:04+08:00 ] ERR: (ThinkException) 无法加载模块js
[ 2014-06-16T12:59:04+08:00 ] ERR: (ThinkException) 无法加载模块js
[ 2014-06-16T12:59:04+08:00 ] ERR: (ThinkException) 无法加载模块js
[ 2014-06-16T12:59:04+08:00 ] ERR: (ThinkException) 无法加载模块css
[ 2014-06-16T12:59:04+08:00 ] ERR: (ThinkException) 无法加载模块css
[ 2014-06-16T12:59:04+08:00 ] ERR: (ThinkException) 无法加载模块images
[ 2014-06-16T12:59:05+08:00 ] ERR: (ThinkException) 无法加载模块images
[ 2014-06-16T12:59:05+08:00 ] ERR: (ThinkException) 无法加载模块images
[ 2014-06-16T12:59:05+08:00 ] ERR: (ThinkException) 无法加载模块favicon.ico
[ 2014-06-16T12:59:05+08:00 ] ERR: (ThinkException) 无法加载模块images
[ 2014-06-16T12:59:36+08:00 ] ERR: (ThinkException) 无法加载模块js
[ 2014-06-16T12:59:36+08:00 ] ERR: (ThinkException) 无法加载模块js
[ 2014-06-16T12:59:36+08:00 ] ERR: (ThinkException) 无法加载模块css
[ 2014-06-16T12:59:36+08:00 ] ERR: (ThinkException) 无法加载模块css
[ 2014-06-16T12:59:36+08:00 ] ERR: (ThinkException) 无法加载模块js
[ 2014-06-16T12:59:36+08:00 ] ERR: (ThinkException) 无法加载模块images
[ 2014-06-16T12:59:36+08:00 ] ERR: (ThinkException) 无法加载模块images
[ 2014-06-16T12:59:36+08:00 ] ERR: (ThinkException) 无法加载模块favicon.ico
[ 2014-06-16T12:59:36+08:00 ] ERR: (ThinkException) 无法加载模块images
[ 2014-06-16T12:59:36+08:00 ] ERR: (ThinkException) 无法加载模块images
[ 2014-06-16T13:01:03+08:00 ] ERR: (ThinkException) 无法加载模块js
[ 2014-06-16T13:01:03+08:00 ] ERR: (ThinkException) 无法加载模块js
[ 2014-06-16T13:01:03+08:00 ] ERR: (ThinkException) 无法加载模块css
[ 2014-06-16T13:01:03+08:00 ] ERR: (ThinkException) 无法加载模块js
[ 2014-06-16T13:01:03+08:00 ] ERR: (ThinkException) 无法加载模块css
[ 2014-06-16T13:01:04+08:00 ] ERR: (ThinkException) 无法加载模块favicon.ico
[ 2014-06-16T13:01:21+08:00 ] ERR: (ThinkException) 无法加载模块js
[ 2014-06-16T13:01:21+08:00 ] ERR: (ThinkException) 无法加载模块js
[ 2014-06-16T13:01:21+08:00 ] ERR: (ThinkException) 无法加载模块css
[ 2014-06-16T13:01:21+08:00 ] ERR: (ThinkException) 无法加载模块js
[ 2014-06-16T13:01:22+08:00 ] ERR: (ThinkException) 无法加载模块favicon.ico
[ 2014-06-16T13:01:34+08:00 ] ERR: (ThinkException) 无法加载模块js
[ 2014-06-16T13:01:34+08:00 ] ERR: (ThinkException) 无法加载模块js
[ 2014-06-16T13:01:34+08:00 ] ERR: (ThinkException) 无法加载模块js
[ 2014-06-16T13:01:34+08:00 ] ERR: (ThinkException) 无法加载模块Publiccss
[ 2014-06-16T13:01:35+08:00 ] ERR: (ThinkException) 无法加载模块favicon.ico
[ 2014-06-16T13:42:08+08:00 ] ERR: (ThinkException) 无法加载模块favicon.ico
[ 2014-06-16T13:42:14+08:00 ] ERR: (ThinkException) 无法加载模块favicon.ico
[ 2014-06-16T13:43:24+08:00 ] ERR: (ThinkException) 无法加载模块favicon.ico
[ 2014-06-16T13:43:28+08:00 ] ERR: (ThinkException) 无法加载模块favicon.ico
[ 2014-06-16T13:44:12+08:00 ] ERR: (ThinkException) 无法加载模块favicon.ico
[ 2014-06-16T13:46:16+08:00 ] ERR: (ThinkException) 无法加载模块favicon.ico
[ 2014-06-16T13:49:05+08:00 ] ERR: (ThinkException) 无法加载模块favicon.ico
[ 2014-06-16T13:56:18+08:00 ] ERR: (ThinkException) 无法加载模块Public
[ 2014-06-16T13:56:19+08:00 ] ERR: (ThinkException) 无法加载模块favicon.ico
[ 2014-06-16T13:56:21+08:00 ] ERR: (ThinkException) 无法加载模块Public
[ 2014-06-16T13:56:21+08:00 ] ERR: (ThinkException) 无法加载模块favicon.ico
[ 2014-06-16T13:56:23+08:00 ] ERR: (ThinkException) 无法加载模块favicon.ico
[ 2014-06-16T13:56:27+08:00 ] ERR: (ThinkException) 无法加载模块favicon.ico
[ 2014-06-16T13:57:47+08:00 ] ERR: (ThinkException) 无法加载模块favicon.ico
[ 2014-06-16T13:57:50+08:00 ] ERR: (ThinkException) 无法加载模块favicon.ico
[ 2014-06-16T13:59:49+08:00 ] ERR: (ThinkException) 无法加载模块favicon.ico
[ 2014-06-16T13:59:54+08:00 ] ERR: (ThinkException) 无法加载模块favicon.ico
[ 2014-06-16T14:00:00+08:00 ] ERR: (ThinkException) 无法加载模块favicon.ico
[ 2014-06-16T14:00:07+08:00 ] ERR: (ThinkException) 无法加载模块favicon.ico
[ 2014-06-16T14:00:12+08:00 ] ERR: (ThinkException) 无法加载模块favicon.ico
[ 2014-06-16T14:01:00+08:00 ] ERR: (ThinkException) 无法加载模块favicon.ico
[ 2014-06-16T14:04:48+08:00 ] ERR: (ThinkException) 无法加载模块favicon.ico
[ 2014-06-16T14:04:50+08:00 ] ERR: (ThinkException) 无法加载模块favicon.ico
[ 2014-06-16T14:04:56+08:00 ] ERR: (ThinkException) 无法加载模块favicon.ico
[ 2014-06-16T14:05:05+08:00 ] ERR: (ThinkException) 无法加载模块favicon.ico
[ 2014-06-16T14:05:10+08:00 ] ERR: (ThinkException) 无法加载模块favicon.ico
[ 2014-06-16T14:05:16+08:00 ] ERR: (ThinkException) 无法加载模块favicon.ico
[ 2014-06-16T14:06:05+08:00 ] SQL: SHOW COLUMNS FROM on_restaurant_member [ RunTime:0.009593s ]
[ 2014-06-16T14:06:05+08:00 ] SQL: SELECT * FROM `on_restaurant_member` WHERE  id>1 ORDER BY create_time desc [ RunTime:0.001017s ]
[ 2014-06-16T14:06:05+08:00 ] NOTIC: [8] Undefined variable: member_id 50a80d95ab48e6914519aae87b5b2faf.php 第 247 行.
[ 2014-06-16T14:06:06+08:00 ] ERR: (ThinkException) 无法加载模块favicon.ico
[ 2014-06-16T14:06:06+08:00 ] NOTIC: [8] Undefined variable: member_id 50a80d95ab48e6914519aae87b5b2faf.php 第 247 行.
[ 2014-06-16T14:06:09+08:00 ] ERR: (ThinkException) 无法加载模块favicon.ico
[ 2014-06-16T14:06:10+08:00 ] SQL: SHOW COLUMNS FROM on_restaurant_member [ RunTime:0.005220s ]
[ 2014-06-16T14:06:10+08:00 ] SQL: SELECT * FROM `on_restaurant_member` WHERE  id>1 ORDER BY create_time desc [ RunTime:0.000488s ]
[ 2014-06-16T14:06:10+08:00 ] NOTIC: [8] Undefined variable: member_id 50a80d95ab48e6914519aae87b5b2faf.php 第 247 行.
[ 2014-06-16T14:06:11+08:00 ] ERR: (ThinkException) 无法加载模块favicon.ico
[ 2014-06-16T14:06:17+08:00 ] ERR: (ThinkException) 无法加载模块favicon.ico
[ 2014-06-16T14:06:18+08:00 ] SQL: SHOW COLUMNS FROM on_restaurant_member [ RunTime:0.004652s ]
[ 2014-06-16T14:06:18+08:00 ] SQL: SELECT * FROM `on_restaurant_member` WHERE  id>0 ORDER BY create_time desc [ RunTime:0.000517s ]
[ 2014-06-16T14:06:18+08:00 ] NOTIC: [8] Undefined variable: member_id 50a80d95ab48e6914519aae87b5b2faf.php 第 247 行.
[ 2014-06-16T14:06:19+08:00 ] ERR: (ThinkException) 无法加载模块favicon.ico
[ 2014-06-16T14:06:19+08:00 ] NOTIC: [8] Undefined variable: member_id 50a80d95ab48e6914519aae87b5b2faf.php 第 247 行.
[ 2014-06-16T14:06:27+08:00 ] ERR: (ThinkException) 无法加载模块favicon.ico
[ 2014-06-16T14:06:31+08:00 ] SQL: SHOW COLUMNS FROM on_restaurant_member [ RunTime:0.004810s ]
[ 2014-06-16T14:06:31+08:00 ] SQL: SELECT * FROM `on_restaurant_member` WHERE  address like '%china%' ORDER BY create_time desc [ RunTime:0.000687s ]
[ 2014-06-16T14:06:32+08:00 ] NOTIC: [8] Undefined variable: member_id 50a80d95ab48e6914519aae87b5b2faf.php 第 247 行.
[ 2014-06-16T14:06:32+08:00 ] ERR: (ThinkException) 无法加载模块favicon.ico
[ 2014-06-16T14:06:32+08:00 ] NOTIC: [8] Undefined variable: member_id 50a80d95ab48e6914519aae87b5b2faf.php 第 247 行.
[ 2014-06-16T14:06:35+08:00 ] ERR: (ThinkException) 无法加载模块favicon.ico
[ 2014-06-16T14:06:48+08:00 ] SQL: SHOW COLUMNS FROM on_restaurant_member [ RunTime:0.006038s ]
[ 2014-06-16T14:06:48+08:00 ] SQL: SELECT * FROM `on_restaurant_member` WHERE  id>0 ORDER BY create_time desc [ RunTime:0.003024s ]
[ 2014-06-16T14:06:49+08:00 ] NOTIC: [8] Undefined variable: member_id 50a80d95ab48e6914519aae87b5b2faf.php 第 247 行.
[ 2014-06-16T14:06:50+08:00 ] ERR: (ThinkException) 无法加载模块favicon.ico
[ 2014-06-16T14:06:50+08:00 ] NOTIC: [8] Undefined variable: member_id 50a80d95ab48e6914519aae87b5b2faf.php 第 247 行.
[ 2014-06-16T14:07:47+08:00 ] SQL: SHOW COLUMNS FROM on_restaurant_member [ RunTime:0.005491s ]
[ 2014-06-16T14:07:47+08:00 ] SQL: SELECT * FROM `on_restaurant_member` WHERE  id>0 ORDER BY create_time desc [ RunTime:0.001044s ]
[ 2014-06-16T14:07:47+08:00 ] NOTIC: [8] Undefined variable: member_id 50a80d95ab48e6914519aae87b5b2faf.php 第 247 行.
[ 2014-06-16T14:07:48+08:00 ] ERR: (ThinkException) 无法加载模块favicon.ico
[ 2014-06-16T14:08:13+08:00 ] SQL: SHOW COLUMNS FROM on_restaurant_member [ RunTime:0.007791s ]
[ 2014-06-16T14:08:13+08:00 ] SQL: SELECT * FROM `on_restaurant_member` WHERE  id>0 ORDER BY create_time desc [ RunTime:0.000542s ]
[ 2014-06-16T14:08:14+08:00 ] NOTIC: [8] Undefined variable: member_id 50a80d95ab48e6914519aae87b5b2faf.php 第 247 行.
[ 2014-06-16T14:08:15+08:00 ] ERR: (ThinkException) 无法加载模块favicon.ico
[ 2014-06-16T14:08:39+08:00 ] SQL: SHOW COLUMNS FROM on_restaurant_member [ RunTime:0.009830s ]
[ 2014-06-16T14:08:39+08:00 ] SQL: SELECT * FROM `on_restaurant_member` WHERE  id>0 ORDER BY create_time desc [ RunTime:0.000536s ]
[ 2014-06-16T14:08:39+08:00 ] NOTIC: [8] Undefined variable: member_id 50a80d95ab48e6914519aae87b5b2faf.php 第 247 行.
[ 2014-06-16T14:08:40+08:00 ] ERR: (ThinkException) 无法加载模块favicon.ico
[ 2014-06-16T14:09:02+08:00 ] SQL: SHOW COLUMNS FROM on_restaurant_member [ RunTime:0.012514s ]
[ 2014-06-16T14:09:02+08:00 ] SQL: SELECT * FROM `on_restaurant_member` WHERE  id>0 ORDER BY create_time desc [ RunTime:0.000780s ]
[ 2014-06-16T14:09:02+08:00 ] NOTIC: [8] Undefined variable: member_id 50a80d95ab48e6914519aae87b5b2faf.php 第 247 行.
[ 2014-06-16T14:09:03+08:00 ] ERR: (ThinkException) 无法加载模块favicon.ico
[ 2014-06-16T14:09:30+08:00 ] SQL: SHOW COLUMNS FROM on_restaurant_member [ RunTime:0.006180s ]
[ 2014-06-16T14:09:30+08:00 ] SQL: SELECT * FROM `on_restaurant_member` WHERE  id>0 ORDER BY create_time desc [ RunTime:0.000664s ]
[ 2014-06-16T14:09:31+08:00 ] NOTIC: [8] Undefined variable: member_id 50a80d95ab48e6914519aae87b5b2faf.php 第 247 行.
[ 2014-06-16T14:09:32+08:00 ] ERR: (ThinkException) 无法加载模块favicon.ico
[ 2014-06-16T14:14:01+08:00 ] ERR: (ThinkException) 无法加载模块favicon.ico
[ 2014-06-16T14:14:05+08:00 ] ERR: (ThinkException) 无法加载模块favicon.ico
[ 2014-06-16T14:14:34+08:00 ] ERR: (ThinkException) 无法加载模块favicon.ico
[ 2014-06-16T14:14:43+08:00 ] ERR: (ThinkException) 无法加载模块favicon.ico
[ 2014-06-16T14:14:56+08:00 ] ERR: (ThinkException) 无法加载模块favicon.ico
[ 2014-06-16T14:15:00+08:00 ] ERR: (ThinkException) 无法加载模块favicon.ico
[ 2014-06-16T14:15:10+08:00 ] ERR: (ThinkException) 无法加载模块favicon.ico
[ 2014-06-16T14:16:13+08:00 ] ERR: (ThinkException) 无法加载模块favicon.ico
[ 2014-06-16T14:16:27+08:00 ] ERR: (ThinkException) 无法加载模块favicon.ico
[ 2014-06-16T14:16:39+08:00 ] ERR: (ThinkException) 无法加载模块favicon.ico
[ 2014-06-16T14:17:28+08:00 ] ERR: (ThinkException) 无法加载模块favicon.ico
[ 2014-06-16T14:19:23+08:00 ] ERR: (ThinkException) 无法加载模块favicon.ico
[ 2014-06-16T14:19:25+08:00 ] SQL: SHOW COLUMNS FROM on_restaurant_member [ RunTime:0.004908s ]
[ 2014-06-16T14:19:25+08:00 ] SQL: SHOW COLUMNS FROM on_comment [ RunTime:0.003886s ]
[ 2014-06-16T14:19:25+08:00 ] SQL: SELECT * FROM `on_restaurant_member` WHERE  id>0 ORDER BY create_time desc [ RunTime:0.000524s ]
[ 2014-06-16T14:19:25+08:00 ] SQL: SELECT * FROM `on_comment` WHERE ( `restaurant_id` = '1' ) [ RunTime:0.000280s ]
[ 2014-06-16T14:19:25+08:00 ] NOTIC: [8] Undefined variable:  9d604225e4579e330611e197605d731f.php 第 91 行.
[ 2014-06-16T14:19:25+08:00 ] NOTIC: [8] Undefined variable: member_id 50a80d95ab48e6914519aae87b5b2faf.php 第 247 行.
[ 2014-06-16T14:19:26+08:00 ] ERR: (ThinkException) 无法加载模块favicon.ico
[ 2014-06-16T14:19:26+08:00 ] NOTIC: [8] Undefined variable: member_id 50a80d95ab48e6914519aae87b5b2faf.php 第 247 行.
[ 2014-06-16T14:24:00+08:00 ] SQL: SHOW COLUMNS FROM on_restaurant_member [ RunTime:0.010492s ]
[ 2014-06-16T14:24:00+08:00 ] SQL: SHOW COLUMNS FROM on_comment [ RunTime:0.005009s ]
[ 2014-06-16T14:24:00+08:00 ] SQL: SELECT * FROM `on_restaurant_member` WHERE  id>0 ORDER BY create_time desc [ RunTime:0.001798s ]
[ 2014-06-16T14:24:00+08:00 ] SQL: SELECT * FROM `on_comment` WHERE ( `restaurant_id` = '1' ) [ RunTime:0.003251s ]
[ 2014-06-16T14:24:00+08:00 ] NOTIC: [2] Invalid argument supplied for foreach() DishesAction.class.php 第 90 行.
[ 2014-06-16T14:24:00+08:00 ] NOTIC: [8] Undefined variable:  9d604225e4579e330611e197605d731f.php 第 91 行.
[ 2014-06-16T14:24:00+08:00 ] NOTIC: [8] Undefined variable: member_id 50a80d95ab48e6914519aae87b5b2faf.php 第 247 行.
[ 2014-06-16T14:24:01+08:00 ] ERR: (ThinkException) 无法加载模块favicon.ico
[ 2014-06-16T14:24:01+08:00 ] NOTIC: [8] Undefined variable: member_id 50a80d95ab48e6914519aae87b5b2faf.php 第 247 行.
[ 2014-06-16T14:24:34+08:00 ] NOTIC: [8] Undefined index: resid DishesAction.class.php 第 8 行.
[ 2014-06-16T14:24:34+08:00 ] SQL: SHOW COLUMNS FROM on_restaurant_member [ RunTime:0.006020s ]
[ 2014-06-16T14:24:34+08:00 ] SQL: SHOW COLUMNS FROM on_comment [ RunTime:0.004739s ]
[ 2014-06-16T14:24:34+08:00 ] SQL: SHOW COLUMNS FROM on_dishes [ RunTime:0.004298s ]
[ 2014-06-16T14:24:34+08:00 ] SQL: SHOW COLUMNS FROM on_dishes_group [ RunTime:0.006979s ]
[ 2014-06-16T14:24:34+08:00 ] SQL: SHOW COLUMNS FROM on_restaurant_details [ RunTime:0.007924s ]
[ 2014-06-16T14:24:34+08:00 ] SQL: SHOW COLUMNS FROM on_shopping_cart [ RunTime:0.005188s ]
[ 2014-06-16T14:24:34+08:00 ] SQL: SELECT * FROM `on_restaurant_member` WHERE ( `id` = '1' ) LIMIT 1  [ RunTime:0.000648s ]
[ 2014-06-16T14:24:34+08:00 ] SQL: SELECT * FROM `on_comment` WHERE ( `restaurant_id` = '1' ) ORDER BY create_time desc LIMIT 1  [ RunTime:0.000306s ]
[ 2014-06-16T14:24:34+08:00 ] SQL: SELECT COUNT(*) AS tp_count FROM `on_dishes` WHERE ( `restaurant_id` = '1' ) LIMIT 1  [ RunTime:0.000469s ]
[ 2014-06-16T14:24:34+08:00 ] SQL: SELECT * FROM `on_restaurant_details` WHERE ( `restaurant_id` = '1' ) LIMIT 1  [ RunTime:0.000584s ]
[ 2014-06-16T14:24:34+08:00 ] SQL: SELECT id,group_name FROM `on_dishes_group` WHERE ( `status` = '1' ) AND ( `restaurant_id` = '1' ) ORDER BY create_time desc [ RunTime:0.000369s ]
[ 2014-06-16T14:24:34+08:00 ] NOTIC: [2] Invalid argument supplied for foreach() DishesAction.class.php 第 34 行.
[ 2014-06-16T14:24:34+08:00 ] SQL: SELECT id,dishesname,items,price,quantity FROM `on_shopping_cart` WHERE ( `member_id` = '' ) AND ( `status` = '0' ) ORDER BY id desc [ RunTime:0.000411s ]
[ 2014-06-16T14:24:34+08:00 ] SQL: SELECT COUNT(*) AS tp_count FROM `on_shopping_cart` WHERE ( `member_id` = '' ) AND ( `status` = '0' ) LIMIT 1  [ RunTime:0.000417s ]
[ 2014-06-16T14:24:34+08:00 ] NOTIC: [2] Invalid argument supplied for foreach() DishesAction.class.php 第 41 行.
[ 2014-06-16T14:24:34+08:00 ] NOTIC: [8] Undefined variable: time DishesAction.class.php 第 57 行.
[ 2014-06-16T14:24:34+08:00 ] NOTIC: [8] Undefined variable: dhours DishesAction.class.php 第 58 行.
[ 2014-06-16T14:24:34+08:00 ] SQL: SELECT COUNT(*) AS tp_count FROM `on_comment` WHERE ( `restaurant_id` = '1' ) LIMIT 1  [ RunTime:0.000364s ]
[ 2014-06-16T14:24:34+08:00 ] SQL: SELECT `star` FROM `on_comment` WHERE ( `restaurant_id` = '1' ) [ RunTime:0.000212s ]
[ 2014-06-16T14:24:34+08:00 ] NOTIC: [2] Invalid argument supplied for foreach() ShowStarWidget.class.php 第 9 行.
[ 2014-06-16T14:24:34+08:00 ] NOTIC: [8] Undefined variable: starcount ShowStarWidget.class.php 第 12 行.
[ 2014-06-16T14:24:34+08:00 ] NOTIC: [2] Division by zero ShowStarWidget.class.php 第 12 行.
[ 2014-06-16T14:24:34+08:00 ] SQL: SHOW COLUMNS FROM on_member [ RunTime:0.007559s ]
[ 2014-06-16T14:24:34+08:00 ] SQL: SELECT `name` FROM `on_member` WHERE ( `id` = null ) LIMIT 1  [ RunTime:0.000252s ]
[ 2014-06-16T14:24:34+08:00 ] NOTIC: [8] Undefined variable: member_id 50a80d95ab48e6914519aae87b5b2faf.php 第 247 行.
[ 2014-06-16T14:24:35+08:00 ] ERR: (ThinkException) 无法加载模块favicon.ico
[ 2014-06-16T14:24:35+08:00 ] NOTIC: [8] Undefined variable: member_id 50a80d95ab48e6914519aae87b5b2faf.php 第 247 行.
[ 2014-06-16T14:24:37+08:00 ] SQL: SHOW COLUMNS FROM on_comment [ RunTime:0.006732s ]
[ 2014-06-16T14:24:37+08:00 ] SQL: SHOW COLUMNS FROM on_restaurant_member [ RunTime:0.008879s ]
[ 2014-06-16T14:24:37+08:00 ] SQL: SELECT * FROM `on_comment` WHERE ( `restaurant_id` = '1' ) AND ( `status` = 1 ) ORDER BY create_time desc LIMIT 2  [ RunTime:0.000461s ]
[ 2014-06-16T14:24:37+08:00 ] NOTIC: [2] Invalid argument supplied for foreach() RestaurantAction.class.php 第 87 行.
[ 2014-06-16T14:25:31+08:00 ] SQL: SHOW COLUMNS FROM on_restaurant_member [ RunTime:0.005155s ]
[ 2014-06-16T14:25:31+08:00 ] SQL: SHOW COLUMNS FROM on_comment [ RunTime:0.005174s ]
[ 2014-06-16T14:25:31+08:00 ] NOTIC: [8] Undefined index: address DishesAction.class.php 第 69 行.
[ 2014-06-16T14:25:31+08:00 ] NOTIC: [8] Undefined index: address DishesAction.class.php 第 69 行.
[ 2014-06-16T14:25:31+08:00 ] NOTIC: [8] Undefined index: taste DishesAction.class.php 第 70 行.
[ 2014-06-16T14:25:31+08:00 ] NOTIC: [8] Undefined index: taste DishesAction.class.php 第 70 行.
[ 2014-06-16T14:25:31+08:00 ] SQL: SELECT * FROM `on_restaurant_member` WHERE  id>0 ORDER BY create_time desc [ RunTime:0.000714s ]
[ 2014-06-16T14:25:31+08:00 ] SQL: SELECT * FROM `on_comment` WHERE ( `restaurant_id` = '1' ) [ RunTime:0.000359s ]
[ 2014-06-16T14:25:31+08:00 ] NOTIC: [2] Invalid argument supplied for foreach() DishesAction.class.php 第 90 行.
[ 2014-06-16T14:25:31+08:00 ] NOTIC: [8] Undefined variable:  9d604225e4579e330611e197605d731f.php 第 91 行.
[ 2014-06-16T14:25:32+08:00 ] NOTIC: [8] Undefined variable: member_id 50a80d95ab48e6914519aae87b5b2faf.php 第 247 行.
[ 2014-06-16T14:25:32+08:00 ] ERR: (ThinkException) 无法加载模块favicon.ico
[ 2014-06-16T14:25:32+08:00 ] NOTIC: [8] Undefined variable: member_id 50a80d95ab48e6914519aae87b5b2faf.php 第 247 行.
[ 2014-06-16T14:26:17+08:00 ] SQL: SHOW COLUMNS FROM on_restaurant_member [ RunTime:0.014006s ]
[ 2014-06-16T14:26:17+08:00 ] SQL: SHOW COLUMNS FROM on_comment [ RunTime:0.007651s ]
[ 2014-06-16T14:26:17+08:00 ] NOTIC: [8] Undefined index: address DishesAction.class.php 第 69 行.
[ 2014-06-16T14:26:17+08:00 ] NOTIC: [8] Undefined index: address DishesAction.class.php 第 69 行.
[ 2014-06-16T14:26:17+08:00 ] NOTIC: [8] Undefined index: taste DishesAction.class.php 第 70 行.
[ 2014-06-16T14:26:17+08:00 ] NOTIC: [8] Undefined index: taste DishesAction.class.php 第 70 行.
[ 2014-06-16T14:26:17+08:00 ] SQL: SELECT * FROM `on_restaurant_member` WHERE  id>0 ORDER BY create_time desc [ RunTime:0.001006s ]
[ 2014-06-16T14:26:17+08:00 ] SQL: SELECT COUNT(*) AS tp_count FROM `on_restaurant_member` WHERE  id>0 ORDER BY create_time desc LIMIT 1  [ RunTime:0.000416s ]
[ 2014-06-16T14:26:17+08:00 ] SQL: SELECT * FROM `on_comment` WHERE ( `restaurant_id` = '1' ) [ RunTime:0.002952s ]
[ 2014-06-16T14:26:17+08:00 ] NOTIC: [2] Invalid argument supplied for foreach() DishesAction.class.php 第 91 行.
[ 2014-06-16T14:26:17+08:00 ] NOTIC: [8] Undefined variable:  9d604225e4579e330611e197605d731f.php 第 91 行.
[ 2014-06-16T14:26:18+08:00 ] NOTIC: [8] Undefined variable: member_id 50a80d95ab48e6914519aae87b5b2faf.php 第 247 行.
[ 2014-06-16T14:26:19+08:00 ] ERR: (ThinkException) 无法加载模块favicon.ico
[ 2014-06-16T14:26:38+08:00 ] SQL: SHOW COLUMNS FROM on_restaurant_member [ RunTime:0.005500s ]
[ 2014-06-16T14:26:38+08:00 ] SQL: SHOW COLUMNS FROM on_comment [ RunTime:0.006059s ]
[ 2014-06-16T14:26:38+08:00 ] NOTIC: [8] Undefined index: address DishesAction.class.php 第 69 行.
[ 2014-06-16T14:26:38+08:00 ] NOTIC: [8] Undefined index: address DishesAction.class.php 第 69 行.
[ 2014-06-16T14:26:38+08:00 ] NOTIC: [8] Undefined index: taste DishesAction.class.php 第 70 行.
[ 2014-06-16T14:26:38+08:00 ] NOTIC: [8] Undefined index: taste DishesAction.class.php 第 70 行.
[ 2014-06-16T14:26:38+08:00 ] SQL: SELECT * FROM `on_restaurant_member` WHERE  id>0 ORDER BY create_time desc [ RunTime:0.000621s ]
[ 2014-06-16T14:26:38+08:00 ] SQL: SELECT COUNT(*) AS tp_count FROM `on_restaurant_member` WHERE  id>0 ORDER BY create_time desc LIMIT 1  [ RunTime:0.000336s ]
[ 2014-06-16T14:26:38+08:00 ] SQL: SELECT * FROM `on_comment` WHERE ( `restaurant_id` = '1' ) [ RunTime:0.000284s ]
[ 2014-06-16T14:26:38+08:00 ] NOTIC: [2] Invalid argument supplied for foreach() DishesAction.class.php 第 91 行.
[ 2014-06-16T14:26:38+08:00 ] NOTIC: [8] Undefined variable:  9d604225e4579e330611e197605d731f.php 第 91 行.
[ 2014-06-16T14:26:39+08:00 ] NOTIC: [8] Undefined variable: member_id 50a80d95ab48e6914519aae87b5b2faf.php 第 247 行.
[ 2014-06-16T14:26:40+08:00 ] ERR: (ThinkException) 无法加载模块favicon.ico
[ 2014-06-16T14:26:47+08:00 ] SQL: SHOW COLUMNS FROM on_restaurant_member [ RunTime:0.013356s ]
[ 2014-06-16T14:26:47+08:00 ] SQL: SHOW COLUMNS FROM on_comment [ RunTime:0.010390s ]
[ 2014-06-16T14:26:47+08:00 ] NOTIC: [8] Undefined index: address DishesAction.class.php 第 69 行.
[ 2014-06-16T14:26:47+08:00 ] NOTIC: [8] Undefined index: address DishesAction.class.php 第 69 行.
[ 2014-06-16T14:26:47+08:00 ] NOTIC: [8] Undefined index: taste DishesAction.class.php 第 70 行.
[ 2014-06-16T14:26:47+08:00 ] NOTIC: [8] Undefined index: taste DishesAction.class.php 第 70 行.
[ 2014-06-16T14:26:47+08:00 ] SQL: SELECT * FROM `on_restaurant_member` WHERE  id>0 ORDER BY create_time desc [ RunTime:0.000983s ]
[ 2014-06-16T14:26:47+08:00 ] SQL: SELECT COUNT(*) AS tp_count FROM `on_restaurant_member` WHERE  id>0 ORDER BY create_time desc LIMIT 1  [ RunTime:0.000484s ]
[ 2014-06-16T14:26:47+08:00 ] SQL: SELECT * FROM `on_comment` WHERE ( `restaurant_id` = '1' ) [ RunTime:0.002084s ]
[ 2014-06-16T14:26:47+08:00 ] NOTIC: [2] Invalid argument supplied for foreach() DishesAction.class.php 第 91 行.
[ 2014-06-16T14:26:47+08:00 ] NOTIC: [8] Undefined variable:  9d604225e4579e330611e197605d731f.php 第 91 行.
[ 2014-06-16T14:26:47+08:00 ] NOTIC: [8] Undefined variable: member_id 50a80d95ab48e6914519aae87b5b2faf.php 第 247 行.
[ 2014-06-16T14:26:48+08:00 ] ERR: (ThinkException) 无法加载模块favicon.ico
[ 2014-06-16T14:26:49+08:00 ] SQL: SHOW COLUMNS FROM on_restaurant_member [ RunTime:0.006081s ]
[ 2014-06-16T14:26:49+08:00 ] SQL: SHOW COLUMNS FROM on_comment [ RunTime:0.004050s ]
[ 2014-06-16T14:26:49+08:00 ] NOTIC: [8] Undefined index: address DishesAction.class.php 第 69 行.
[ 2014-06-16T14:26:49+08:00 ] NOTIC: [8] Undefined index: address DishesAction.class.php 第 69 行.
[ 2014-06-16T14:26:49+08:00 ] NOTIC: [8] Undefined index: taste DishesAction.class.php 第 70 行.
[ 2014-06-16T14:26:49+08:00 ] NOTIC: [8] Undefined index: taste DishesAction.class.php 第 70 行.
[ 2014-06-16T14:26:49+08:00 ] SQL: SELECT * FROM `on_restaurant_member` WHERE  id>0 ORDER BY create_time desc [ RunTime:0.000636s ]
[ 2014-06-16T14:26:49+08:00 ] SQL: SELECT COUNT(*) AS tp_count FROM `on_restaurant_member` WHERE  id>0 ORDER BY create_time desc LIMIT 1  [ RunTime:0.000344s ]
[ 2014-06-16T14:26:49+08:00 ] SQL: SELECT * FROM `on_comment` WHERE ( `restaurant_id` = '1' ) [ RunTime:0.000286s ]
[ 2014-06-16T14:26:49+08:00 ] NOTIC: [2] Invalid argument supplied for foreach() DishesAction.class.php 第 91 行.
[ 2014-06-16T14:26:49+08:00 ] NOTIC: [8] Undefined variable:  9d604225e4579e330611e197605d731f.php 第 91 行.
[ 2014-06-16T14:26:49+08:00 ] NOTIC: [8] Undefined variable: member_id 50a80d95ab48e6914519aae87b5b2faf.php 第 247 行.
[ 2014-06-16T14:26:50+08:00 ] ERR: (ThinkException) 无法加载模块favicon.ico
[ 2014-06-16T14:27:29+08:00 ] SQL: SHOW COLUMNS FROM on_restaurant_member [ RunTime:0.007744s ]
[ 2014-06-16T14:27:29+08:00 ] SQL: SHOW COLUMNS FROM on_comment [ RunTime:0.004565s ]
[ 2014-06-16T14:27:29+08:00 ] NOTIC: [8] Undefined index: address DishesAction.class.php 第 69 行.
[ 2014-06-16T14:27:29+08:00 ] NOTIC: [8] Undefined index: address DishesAction.class.php 第 69 行.
[ 2014-06-16T14:27:29+08:00 ] NOTIC: [8] Undefined index: taste DishesAction.class.php 第 70 行.
[ 2014-06-16T14:27:29+08:00 ] NOTIC: [8] Undefined index: taste DishesAction.class.php 第 70 行.
[ 2014-06-16T14:27:29+08:00 ] SQL: SELECT * FROM `on_restaurant_member` WHERE  id>0 ORDER BY create_time desc [ RunTime:0.000521s ]
[ 2014-06-16T14:27:29+08:00 ] SQL: SELECT COUNT(*) AS tp_count FROM `on_restaurant_member` WHERE  id>0 ORDER BY create_time desc LIMIT 1  [ RunTime:0.000253s ]
[ 2014-06-16T14:27:29+08:00 ] SQL: SELECT * FROM `on_comment` WHERE ( `restaurant_id` = '1' ) [ RunTime:0.000198s ]
[ 2014-06-16T14:27:29+08:00 ] NOTIC: [2] Invalid argument supplied for foreach() DishesAction.class.php 第 91 行.
[ 2014-06-16T14:27:29+08:00 ] NOTIC: [8] Undefined variable:  9d604225e4579e330611e197605d731f.php 第 91 行.
[ 2014-06-16T14:27:29+08:00 ] NOTIC: [8] Undefined variable: member_id 50a80d95ab48e6914519aae87b5b2faf.php 第 247 行.
[ 2014-06-16T14:27:30+08:00 ] ERR: (ThinkException) 无法加载模块favicon.ico
[ 2014-06-16T14:27:31+08:00 ] SQL: SHOW COLUMNS FROM on_restaurant_member [ RunTime:0.006675s ]
[ 2014-06-16T14:27:31+08:00 ] SQL: SHOW COLUMNS FROM on_comment [ RunTime:0.004446s ]
[ 2014-06-16T14:27:31+08:00 ] NOTIC: [8] Undefined index: address DishesAction.class.php 第 69 行.
[ 2014-06-16T14:27:31+08:00 ] NOTIC: [8] Undefined index: address DishesAction.class.php 第 69 行.
[ 2014-06-16T14:27:31+08:00 ] NOTIC: [8] Undefined index: taste DishesAction.class.php 第 70 行.
[ 2014-06-16T14:27:31+08:00 ] NOTIC: [8] Undefined index: taste DishesAction.class.php 第 70 行.
[ 2014-06-16T14:27:31+08:00 ] SQL: SELECT * FROM `on_restaurant_member` WHERE  id>0 ORDER BY create_time desc [ RunTime:0.001147s ]
[ 2014-06-16T14:27:31+08:00 ] SQL: SELECT COUNT(*) AS tp_count FROM `on_restaurant_member` WHERE  id>0 ORDER BY create_time desc LIMIT 1  [ RunTime:0.001212s ]
[ 2014-06-16T14:27:31+08:00 ] SQL: SELECT * FROM `on_comment` WHERE ( `restaurant_id` = '1' ) [ RunTime:0.000403s ]
[ 2014-06-16T14:27:31+08:00 ] NOTIC: [2] Invalid argument supplied for foreach() DishesAction.class.php 第 91 行.
[ 2014-06-16T14:27:31+08:00 ] NOTIC: [8] Undefined variable:  9d604225e4579e330611e197605d731f.php 第 91 行.
[ 2014-06-16T14:27:31+08:00 ] NOTIC: [8] Undefined variable: member_id 50a80d95ab48e6914519aae87b5b2faf.php 第 247 行.
[ 2014-06-16T14:27:32+08:00 ] ERR: (ThinkException) 无法加载模块favicon.ico
[ 2014-06-16T14:27:48+08:00 ] SQL: SHOW COLUMNS FROM on_restaurant_member [ RunTime:0.008299s ]
[ 2014-06-16T14:27:48+08:00 ] SQL: SHOW COLUMNS FROM on_comment [ RunTime:0.005504s ]
[ 2014-06-16T14:27:48+08:00 ] NOTIC: [8] Undefined index: address DishesAction.class.php 第 69 行.
[ 2014-06-16T14:27:48+08:00 ] NOTIC: [8] Undefined index: address DishesAction.class.php 第 69 行.
[ 2014-06-16T14:27:48+08:00 ] NOTIC: [8] Undefined index: taste DishesAction.class.php 第 70 行.
[ 2014-06-16T14:27:48+08:00 ] NOTIC: [8] Undefined index: taste DishesAction.class.php 第 70 行.
[ 2014-06-16T14:27:48+08:00 ] SQL: SELECT * FROM `on_restaurant_member` WHERE  id>0 ORDER BY create_time desc [ RunTime:0.000586s ]
[ 2014-06-16T14:27:48+08:00 ] SQL: SELECT COUNT(*) AS tp_count FROM `on_restaurant_member` WHERE  id>0 ORDER BY create_time desc LIMIT 1  [ RunTime:0.000410s ]
[ 2014-06-16T14:27:48+08:00 ] SQL: SELECT * FROM `on_comment` WHERE ( `restaurant_id` = '1' ) [ RunTime:0.000316s ]
[ 2014-06-16T14:27:48+08:00 ] NOTIC: [2] Invalid argument supplied for foreach() DishesAction.class.php 第 91 行.
[ 2014-06-16T14:27:48+08:00 ] NOTIC: [8] Undefined variable:  9d604225e4579e330611e197605d731f.php 第 91 行.
[ 2014-06-16T14:27:49+08:00 ] NOTIC: [8] Undefined variable: member_id 50a80d95ab48e6914519aae87b5b2faf.php 第 247 行.
[ 2014-06-16T14:27:49+08:00 ] ERR: (ThinkException) 无法加载模块favicon.ico
[ 2014-06-16T14:27:50+08:00 ] NOTIC: [8] Undefined variable: member_id 50a80d95ab48e6914519aae87b5b2faf.php 第 247 行.
[ 2014-06-16T14:27:56+08:00 ] SQL: SHOW COLUMNS FROM on_restaurant_member [ RunTime:0.006341s ]
[ 2014-06-16T14:27:56+08:00 ] SQL: SHOW COLUMNS FROM on_comment [ RunTime:0.004543s ]
[ 2014-06-16T14:27:56+08:00 ] NOTIC: [8] Undefined index: address DishesAction.class.php 第 69 行.
[ 2014-06-16T14:27:56+08:00 ] NOTIC: [8] Undefined index: address DishesAction.class.php 第 69 行.
[ 2014-06-16T14:27:56+08:00 ] NOTIC: [8] Undefined index: taste DishesAction.class.php 第 70 行.
[ 2014-06-16T14:27:56+08:00 ] NOTIC: [8] Undefined index: taste DishesAction.class.php 第 70 行.
[ 2014-06-16T14:27:56+08:00 ] SQL: SELECT * FROM `on_restaurant_member` WHERE  id>0 ORDER BY create_time desc [ RunTime:0.000592s ]
[ 2014-06-16T14:27:56+08:00 ] SQL: SELECT COUNT(*) AS tp_count FROM `on_restaurant_member` WHERE  id>0 ORDER BY create_time desc LIMIT 1  [ RunTime:0.000310s ]
[ 2014-06-16T14:27:56+08:00 ] SQL: SELECT * FROM `on_comment` WHERE ( `restaurant_id` = '1' ) [ RunTime:0.000279s ]
[ 2014-06-16T14:27:56+08:00 ] NOTIC: [2] Invalid argument supplied for foreach() DishesAction.class.php 第 91 行.
[ 2014-06-16T14:27:56+08:00 ] NOTIC: [8] Undefined variable:  9d604225e4579e330611e197605d731f.php 第 91 行.
[ 2014-06-16T14:27:56+08:00 ] NOTIC: [8] Undefined variable: member_id 50a80d95ab48e6914519aae87b5b2faf.php 第 247 行.
[ 2014-06-16T14:27:57+08:00 ] ERR: (ThinkException) 无法加载模块favicon.ico
[ 2014-06-16T14:28:25+08:00 ] SQL: SHOW COLUMNS FROM on_restaurant_member [ RunTime:0.007362s ]
[ 2014-06-16T14:28:25+08:00 ] SQL: SHOW COLUMNS FROM on_comment [ RunTime:0.007492s ]
[ 2014-06-16T14:28:25+08:00 ] NOTIC: [8] Undefined index: address DishesAction.class.php 第 69 行.
[ 2014-06-16T14:28:25+08:00 ] NOTIC: [8] Undefined index: address DishesAction.class.php 第 69 行.
[ 2014-06-16T14:28:25+08:00 ] NOTIC: [8] Undefined index: taste DishesAction.class.php 第 70 行.
[ 2014-06-16T14:28:25+08:00 ] NOTIC: [8] Undefined index: taste DishesAction.class.php 第 70 行.
[ 2014-06-16T14:28:25+08:00 ] SQL: SELECT * FROM `on_restaurant_member` WHERE  id>0 ORDER BY create_time desc [ RunTime:0.000913s ]
[ 2014-06-16T14:28:25+08:00 ] SQL: SELECT COUNT(*) AS tp_count FROM `on_restaurant_member` WHERE  id>0 ORDER BY create_time desc LIMIT 1  [ RunTime:0.000362s ]
[ 2014-06-16T14:28:25+08:00 ] SQL: SELECT * FROM `on_comment` WHERE ( `restaurant_id` = '1' ) [ RunTime:0.000282s ]
[ 2014-06-16T14:28:25+08:00 ] NOTIC: [2] Invalid argument supplied for foreach() DishesAction.class.php 第 91 行.
[ 2014-06-16T14:28:25+08:00 ] NOTIC: [8] Undefined variable:  9d604225e4579e330611e197605d731f.php 第 91 行.
[ 2014-06-16T14:28:25+08:00 ] NOTIC: [8] Undefined variable: member_id 50a80d95ab48e6914519aae87b5b2faf.php 第 247 行.
[ 2014-06-16T14:28:26+08:00 ] ERR: (ThinkException) 无法加载模块favicon.ico
[ 2014-06-16T14:28:36+08:00 ] SQL: SHOW COLUMNS FROM on_restaurant_member [ RunTime:0.005720s ]
[ 2014-06-16T14:28:36+08:00 ] SQL: SHOW COLUMNS FROM on_comment [ RunTime:0.004325s ]
[ 2014-06-16T14:28:36+08:00 ] NOTIC: [8] Undefined index: address DishesAction.class.php 第 69 行.
[ 2014-06-16T14:28:36+08:00 ] NOTIC: [8] Undefined index: address DishesAction.class.php 第 69 行.
[ 2014-06-16T14:28:36+08:00 ] NOTIC: [8] Undefined index: taste DishesAction.class.php 第 70 行.
[ 2014-06-16T14:28:36+08:00 ] NOTIC: [8] Undefined index: taste DishesAction.class.php 第 70 行.
[ 2014-06-16T14:28:36+08:00 ] SQL: SELECT * FROM `on_restaurant_member` WHERE  id>0 ORDER BY create_time desc [ RunTime:0.000621s ]
[ 2014-06-16T14:28:36+08:00 ] SQL: SELECT COUNT(*) AS tp_count FROM `on_restaurant_member` WHERE  id>0 ORDER BY create_time desc LIMIT 1  [ RunTime:0.000305s ]
[ 2014-06-16T14:28:36+08:00 ] SQL: SELECT * FROM `on_comment` WHERE ( `restaurant_id` = '1' ) [ RunTime:0.000264s ]
[ 2014-06-16T14:28:36+08:00 ] NOTIC: [2] Invalid argument supplied for foreach() DishesAction.class.php 第 91 行.
[ 2014-06-16T14:28:36+08:00 ] NOTIC: [8] Undefined variable:  9d604225e4579e330611e197605d731f.php 第 91 行.
[ 2014-06-16T14:28:37+08:00 ] NOTIC: [8] Undefined variable: member_id 50a80d95ab48e6914519aae87b5b2faf.php 第 247 行.
[ 2014-06-16T14:28:38+08:00 ] ERR: (ThinkException) 无法加载模块favicon.ico
[ 2014-06-16T14:28:47+08:00 ] SQL: SHOW COLUMNS FROM on_restaurant_member [ RunTime:0.005848s ]
[ 2014-06-16T14:28:47+08:00 ] SQL: SHOW COLUMNS FROM on_comment [ RunTime:0.009236s ]
[ 2014-06-16T14:28:47+08:00 ] NOTIC: [8] Undefined index: address DishesAction.class.php 第 69 行.
[ 2014-06-16T14:28:47+08:00 ] NOTIC: [8] Undefined index: address DishesAction.class.php 第 69 行.
[ 2014-06-16T14:28:47+08:00 ] NOTIC: [8] Undefined index: taste DishesAction.class.php 第 70 行.
[ 2014-06-16T14:28:47+08:00 ] NOTIC: [8] Undefined index: taste DishesAction.class.php 第 70 行.
[ 2014-06-16T14:28:47+08:00 ] SQL: SELECT * FROM `on_restaurant_member` WHERE  id>0 ORDER BY create_time desc [ RunTime:0.000714s ]
[ 2014-06-16T14:28:47+08:00 ] SQL: SELECT COUNT(*) AS tp_count FROM `on_restaurant_member` WHERE  id>0 ORDER BY create_time desc LIMIT 1  [ RunTime:0.000399s ]
[ 2014-06-16T14:28:47+08:00 ] SQL: SELECT * FROM `on_comment` WHERE ( `restaurant_id` = '1' ) [ RunTime:0.000339s ]
[ 2014-06-16T14:28:47+08:00 ] NOTIC: [2] Invalid argument supplied for foreach() DishesAction.class.php 第 91 行.
[ 2014-06-16T14:28:47+08:00 ] NOTIC: [8] Undefined variable:  9d604225e4579e330611e197605d731f.php 第 91 行.
[ 2014-06-16T14:28:47+08:00 ] NOTIC: [8] Undefined variable: member_id 50a80d95ab48e6914519aae87b5b2faf.php 第 247 行.
[ 2014-06-16T14:28:48+08:00 ] ERR: (ThinkException) 无法加载模块favicon.ico
[ 2014-06-16T14:29:29+08:00 ] NOTIC: [8] Undefined index: resid DishesAction.class.php 第 8 行.
[ 2014-06-16T14:29:29+08:00 ] SQL: SHOW COLUMNS FROM on_restaurant_member [ RunTime:0.006792s ]
[ 2014-06-16T14:29:29+08:00 ] SQL: SHOW COLUMNS FROM on_comment [ RunTime:0.004848s ]
[ 2014-06-16T14:29:29+08:00 ] SQL: SHOW COLUMNS FROM on_dishes [ RunTime:0.005132s ]
[ 2014-06-16T14:29:29+08:00 ] SQL: SHOW COLUMNS FROM on_dishes_group [ RunTime:0.006748s ]
[ 2014-06-16T14:29:29+08:00 ] SQL: SHOW COLUMNS FROM on_restaurant_details [ RunTime:0.004741s ]
[ 2014-06-16T14:29:29+08:00 ] SQL: SHOW COLUMNS FROM on_shopping_cart [ RunTime:0.004600s ]
[ 2014-06-16T14:29:29+08:00 ] SQL: SELECT * FROM `on_restaurant_member` WHERE ( `id` = '1' ) LIMIT 1  [ RunTime:0.000591s ]
[ 2014-06-16T14:29:29+08:00 ] SQL: SELECT * FROM `on_comment` WHERE ( `restaurant_id` = '1' ) ORDER BY create_time desc LIMIT 1  [ RunTime:0.000241s ]
[ 2014-06-16T14:29:29+08:00 ] SQL: SELECT COUNT(*) AS tp_count FROM `on_dishes` WHERE ( `restaurant_id` = '1' ) LIMIT 1  [ RunTime:0.000360s ]
[ 2014-06-16T14:29:29+08:00 ] SQL: SELECT * FROM `on_restaurant_details` WHERE ( `restaurant_id` = '1' ) LIMIT 1  [ RunTime:0.000321s ]
[ 2014-06-16T14:29:29+08:00 ] SQL: SELECT id,group_name FROM `on_dishes_group` WHERE ( `status` = '1' ) AND ( `restaurant_id` = '1' ) ORDER BY create_time desc [ RunTime:0.000293s ]
[ 2014-06-16T14:29:29+08:00 ] NOTIC: [2] Invalid argument supplied for foreach() DishesAction.class.php 第 34 行.
[ 2014-06-16T14:29:29+08:00 ] SQL: SELECT id,dishesname,items,price,quantity FROM `on_shopping_cart` WHERE ( `member_id` = '' ) AND ( `status` = '0' ) ORDER BY id desc [ RunTime:0.000319s ]
[ 2014-06-16T14:29:29+08:00 ] SQL: SELECT COUNT(*) AS tp_count FROM `on_shopping_cart` WHERE ( `member_id` = '' ) AND ( `status` = '0' ) LIMIT 1  [ RunTime:0.000365s ]
[ 2014-06-16T14:29:29+08:00 ] NOTIC: [2] Invalid argument supplied for foreach() DishesAction.class.php 第 41 行.
[ 2014-06-16T14:29:29+08:00 ] NOTIC: [8] Undefined variable: time DishesAction.class.php 第 57 行.
[ 2014-06-16T14:29:29+08:00 ] NOTIC: [8] Undefined variable: dhours DishesAction.class.php 第 58 行.
[ 2014-06-16T14:29:29+08:00 ] SQL: SELECT COUNT(*) AS tp_count FROM `on_comment` WHERE ( `restaurant_id` = '1' ) LIMIT 1  [ RunTime:0.000314s ]
[ 2014-06-16T14:29:29+08:00 ] SQL: SELECT `star` FROM `on_comment` WHERE ( `restaurant_id` = '1' ) [ RunTime:0.000196s ]
[ 2014-06-16T14:29:29+08:00 ] NOTIC: [2] Invalid argument supplied for foreach() ShowStarWidget.class.php 第 9 行.
[ 2014-06-16T14:29:29+08:00 ] NOTIC: [8] Undefined variable: starcount ShowStarWidget.class.php 第 12 行.
[ 2014-06-16T14:29:29+08:00 ] NOTIC: [2] Division by zero ShowStarWidget.class.php 第 12 行.
[ 2014-06-16T14:29:29+08:00 ] SQL: SHOW COLUMNS FROM on_member [ RunTime:0.005197s ]
[ 2014-06-16T14:29:29+08:00 ] SQL: SELECT `name` FROM `on_member` WHERE ( `id` = null ) LIMIT 1  [ RunTime:0.000746s ]
[ 2014-06-16T14:29:29+08:00 ] NOTIC: [8] Undefined variable: member_id 50a80d95ab48e6914519aae87b5b2faf.php 第 247 行.
[ 2014-06-16T14:29:29+08:00 ] ERR: (ThinkException) 无法加载模块favicon.ico
[ 2014-06-16T14:29:30+08:00 ] NOTIC: [8] Undefined variable: member_id 50a80d95ab48e6914519aae87b5b2faf.php 第 247 行.
[ 2014-06-16T14:30:04+08:00 ] NOTIC: [8] Undefined index: resid DishesAction.class.php 第 8 行.
[ 2014-06-16T14:30:04+08:00 ] SQL: SHOW COLUMNS FROM on_restaurant_member [ RunTime:0.004973s ]
[ 2014-06-16T14:30:04+08:00 ] SQL: SHOW COLUMNS FROM on_comment [ RunTime:0.011935s ]
[ 2014-06-16T14:30:04+08:00 ] SQL: SHOW COLUMNS FROM on_dishes [ RunTime:0.004310s ]
[ 2014-06-16T14:30:04+08:00 ] SQL: SHOW COLUMNS FROM on_dishes_group [ RunTime:0.004450s ]
[ 2014-06-16T14:30:04+08:00 ] SQL: SHOW COLUMNS FROM on_restaurant_details [ RunTime:0.009452s ]
[ 2014-06-16T14:30:04+08:00 ] SQL: SHOW COLUMNS FROM on_shopping_cart [ RunTime:0.003908s ]
[ 2014-06-16T14:30:04+08:00 ] SQL: SELECT * FROM `on_restaurant_member` WHERE ( `id` = '1' ) LIMIT 1  [ RunTime:0.000552s ]
[ 2014-06-16T14:30:04+08:00 ] SQL: SELECT * FROM `on_comment` WHERE ( `restaurant_id` = '1' ) ORDER BY create_time desc LIMIT 1  [ RunTime:0.000274s ]
[ 2014-06-16T14:30:04+08:00 ] SQL: SELECT COUNT(*) AS tp_count FROM `on_dishes` WHERE ( `restaurant_id` = '1' ) LIMIT 1  [ RunTime:0.000520s ]
[ 2014-06-16T14:30:04+08:00 ] SQL: SELECT * FROM `on_restaurant_details` WHERE ( `restaurant_id` = '1' ) LIMIT 1  [ RunTime:0.002266s ]
[ 2014-06-16T14:30:04+08:00 ] SQL: SELECT id,group_name FROM `on_dishes_group` WHERE ( `status` = '1' ) AND ( `restaurant_id` = '1' ) ORDER BY create_time desc [ RunTime:0.000449s ]
[ 2014-06-16T14:30:04+08:00 ] NOTIC: [2] Invalid argument supplied for foreach() DishesAction.class.php 第 34 行.
[ 2014-06-16T14:30:04+08:00 ] SQL: SELECT id,dishesname,items,price,quantity FROM `on_shopping_cart` WHERE ( `member_id` = '' ) AND ( `status` = '0' ) ORDER BY id desc [ RunTime:0.000485s ]
[ 2014-06-16T14:30:04+08:00 ] SQL: SELECT COUNT(*) AS tp_count FROM `on_shopping_cart` WHERE ( `member_id` = '' ) AND ( `status` = '0' ) LIMIT 1  [ RunTime:0.000542s ]
[ 2014-06-16T14:30:04+08:00 ] NOTIC: [2] Invalid argument supplied for foreach() DishesAction.class.php 第 41 行.
[ 2014-06-16T14:30:04+08:00 ] NOTIC: [8] Undefined variable: time DishesAction.class.php 第 57 行.
[ 2014-06-16T14:30:04+08:00 ] NOTIC: [8] Undefined variable: dhours DishesAction.class.php 第 58 行.
[ 2014-06-16T14:30:04+08:00 ] SQL: SELECT COUNT(*) AS tp_count FROM `on_comment` WHERE ( `restaurant_id` = '1' ) LIMIT 1  [ RunTime:0.000398s ]
[ 2014-06-16T14:30:04+08:00 ] SQL: SELECT `star` FROM `on_comment` WHERE ( `restaurant_id` = '1' ) [ RunTime:0.000334s ]
[ 2014-06-16T14:30:04+08:00 ] NOTIC: [2] Invalid argument supplied for foreach() ShowStarWidget.class.php 第 9 行.
[ 2014-06-16T14:30:04+08:00 ] NOTIC: [8] Undefined variable: starcount ShowStarWidget.class.php 第 12 行.
[ 2014-06-16T14:30:04+08:00 ] NOTIC: [2] Division by zero ShowStarWidget.class.php 第 12 行.
[ 2014-06-16T14:30:04+08:00 ] SQL: SHOW COLUMNS FROM on_member [ RunTime:0.004726s ]
[ 2014-06-16T14:30:04+08:00 ] SQL: SELECT `name` FROM `on_member` WHERE ( `id` = null ) LIMIT 1  [ RunTime:0.000256s ]
[ 2014-06-16T14:30:05+08:00 ] NOTIC: [8] Undefined variable: member_id 50a80d95ab48e6914519aae87b5b2faf.php 第 247 行.
[ 2014-06-16T14:30:06+08:00 ] ERR: (ThinkException) 无法加载模块favicon.ico
[ 2014-06-16T16:24:12+08:00 ] NOTIC: [8] Undefined index: resid DishesAction.class.php 第 8 行.
[ 2014-06-16T16:24:12+08:00 ] SQL: SHOW COLUMNS FROM on_restaurant_member [ RunTime:0.009429s ]
[ 2014-06-16T16:24:12+08:00 ] SQL: SHOW COLUMNS FROM on_comment [ RunTime:0.006320s ]
[ 2014-06-16T16:24:12+08:00 ] SQL: SHOW COLUMNS FROM on_dishes [ RunTime:0.004572s ]
[ 2014-06-16T16:24:12+08:00 ] SQL: SHOW COLUMNS FROM on_menugroup [ RunTime:0.006769s ]
[ 2014-06-16T16:24:12+08:00 ] SQL: SHOW COLUMNS FROM on_restaurant_details [ RunTime:0.004311s ]
[ 2014-06-16T16:24:12+08:00 ] SQL: SHOW COLUMNS FROM on_shopping_cart [ RunTime:0.006717s ]
[ 2014-06-16T16:24:12+08:00 ] SQL: SELECT * FROM `on_restaurant_member` WHERE ( `id` = '1' ) LIMIT 1  [ RunTime:0.001197s ]
[ 2014-06-16T16:24:12+08:00 ] SQL: SELECT * FROM `on_comment` WHERE ( `restaurant_id` = '1' ) ORDER BY create_time desc LIMIT 1  [ RunTime:0.000472s ]
[ 2014-06-16T16:24:12+08:00 ] SQL: SELECT COUNT(*) AS tp_count FROM `on_dishes` WHERE ( `restaurant_id` = '1' ) LIMIT 1  [ RunTime:0.000924s ]
[ 2014-06-16T16:24:12+08:00 ] SQL: SELECT * FROM `on_restaurant_details` WHERE ( `restaurant_id` = '1' ) LIMIT 1  [ RunTime:0.001016s ]
[ 2014-06-16T16:24:12+08:00 ] SQL: SELECT id,group_name FROM `on_menugroup` WHERE ( `status` = '1' ) AND ( `restaurant_id` = '1' ) ORDER BY create_time desc [ RunTime:0.000280s ]
[ 2014-06-16T16:24:12+08:00 ] NOTIC: [2] Invalid argument supplied for foreach() DishesAction.class.php 第 34 行.
[ 2014-06-16T16:24:12+08:00 ] SQL: SELECT id,dishesname,items,price,quantity FROM `on_shopping_cart` WHERE ( `member_id` = '' ) AND ( `status` = '0' ) ORDER BY id desc [ RunTime:0.000455s ]
[ 2014-06-16T16:24:12+08:00 ] SQL: SELECT COUNT(*) AS tp_count FROM `on_shopping_cart` WHERE ( `member_id` = '' ) AND ( `status` = '0' ) LIMIT 1  [ RunTime:0.000314s ]
[ 2014-06-16T16:24:12+08:00 ] NOTIC: [2] Invalid argument supplied for foreach() DishesAction.class.php 第 41 行.
[ 2014-06-16T16:24:12+08:00 ] NOTIC: [8] Undefined variable: time DishesAction.class.php 第 57 行.
[ 2014-06-16T16:24:12+08:00 ] NOTIC: [8] Undefined variable: dhours DishesAction.class.php 第 58 行.
[ 2014-06-16T16:24:12+08:00 ] SQL: SELECT COUNT(*) AS tp_count FROM `on_comment` WHERE ( `restaurant_id` = '1' ) LIMIT 1  [ RunTime:0.001297s ]
[ 2014-06-16T16:24:12+08:00 ] SQL: SELECT `star` FROM `on_comment` WHERE ( `restaurant_id` = '1' ) [ RunTime:0.000384s ]
[ 2014-06-16T16:24:12+08:00 ] NOTIC: [2] Invalid argument supplied for foreach() ShowStarWidget.class.php 第 9 行.
[ 2014-06-16T16:24:12+08:00 ] NOTIC: [8] Undefined variable: starcount ShowStarWidget.class.php 第 12 行.
[ 2014-06-16T16:24:12+08:00 ] NOTIC: [2] Division by zero ShowStarWidget.class.php 第 12 行.
[ 2014-06-16T16:24:12+08:00 ] SQL: SHOW COLUMNS FROM on_member [ RunTime:0.005414s ]
[ 2014-06-16T16:24:12+08:00 ] SQL: SELECT `name` FROM `on_member` WHERE ( `id` = null ) LIMIT 1  [ RunTime:0.000235s ]
[ 2014-06-16T16:24:12+08:00 ] NOTIC: [8] Undefined variable: member_id 50a80d95ab48e6914519aae87b5b2faf.php 第 247 行.
[ 2014-06-16T16:24:13+08:00 ] ERR: (ThinkException) 无法加载模块favicon.ico
[ 2014-06-16T16:24:26+08:00 ] NOTIC: [8] Undefined index: resid DishesAction.class.php 第 8 行.
[ 2014-06-16T16:24:26+08:00 ] SQL: SHOW COLUMNS FROM on_restaurant_member [ RunTime:0.006374s ]
[ 2014-06-16T16:24:26+08:00 ] SQL: SHOW COLUMNS FROM on_comment [ RunTime:0.009652s ]
[ 2014-06-16T16:24:26+08:00 ] SQL: SHOW COLUMNS FROM on_dishes [ RunTime:0.003465s ]
[ 2014-06-16T16:24:26+08:00 ] SQL: SHOW COLUMNS FROM on_menugroup [ RunTime:0.006346s ]
[ 2014-06-16T16:24:26+08:00 ] SQL: SHOW COLUMNS FROM on_restaurant_details [ RunTime:0.005451s ]
[ 2014-06-16T16:24:26+08:00 ] SQL: SHOW COLUMNS FROM on_shopping_cart [ RunTime:0.006840s ]
[ 2014-06-16T16:24:26+08:00 ] SQL: SELECT * FROM `on_restaurant_member` WHERE ( `id` = '1' ) LIMIT 1  [ RunTime:0.001210s ]
[ 2014-06-16T16:24:26+08:00 ] SQL: SELECT * FROM `on_comment` WHERE ( `restaurant_id` = '1' ) ORDER BY create_time desc LIMIT 1  [ RunTime:0.000367s ]
[ 2014-06-16T16:24:26+08:00 ] SQL: SELECT COUNT(*) AS tp_count FROM `on_dishes` WHERE ( `restaurant_id` = '1' ) LIMIT 1  [ RunTime:0.000457s ]
[ 2014-06-16T16:24:26+08:00 ] SQL: SELECT * FROM `on_restaurant_details` WHERE ( `restaurant_id` = '1' ) LIMIT 1  [ RunTime:0.000464s ]
[ 2014-06-16T16:24:26+08:00 ] SQL: SELECT id,group_name FROM `on_menugroup` WHERE ( `status` = '1' ) AND ( `restaurant_id` = '1' ) ORDER BY create_time desc [ RunTime:0.000191s ]
[ 2014-06-16T16:24:26+08:00 ] NOTIC: [2] Invalid argument supplied for foreach() DishesAction.class.php 第 34 行.
[ 2014-06-16T16:24:26+08:00 ] SQL: SELECT id,dishesname,items,price,quantity FROM `on_shopping_cart` WHERE ( `member_id` = '' ) AND ( `status` = '0' ) ORDER BY id desc [ RunTime:0.000334s ]
[ 2014-06-16T16:24:26+08:00 ] SQL: SELECT COUNT(*) AS tp_count FROM `on_shopping_cart` WHERE ( `member_id` = '' ) AND ( `status` = '0' ) LIMIT 1  [ RunTime:0.000328s ]
[ 2014-06-16T16:24:26+08:00 ] NOTIC: [2] Invalid argument supplied for foreach() DishesAction.class.php 第 41 行.
[ 2014-06-16T16:24:26+08:00 ] NOTIC: [8] Undefined variable: time DishesAction.class.php 第 57 行.
[ 2014-06-16T16:24:26+08:00 ] NOTIC: [8] Undefined variable: dhours DishesAction.class.php 第 58 行.
[ 2014-06-16T16:24:26+08:00 ] SQL: SELECT COUNT(*) AS tp_count FROM `on_comment` WHERE ( `restaurant_id` = '1' ) LIMIT 1  [ RunTime:0.000347s ]
[ 2014-06-16T16:24:26+08:00 ] SQL: SELECT `star` FROM `on_comment` WHERE ( `restaurant_id` = '1' ) [ RunTime:0.000201s ]
[ 2014-06-16T16:24:26+08:00 ] NOTIC: [2] Invalid argument supplied for foreach() ShowStarWidget.class.php 第 9 行.
[ 2014-06-16T16:24:26+08:00 ] NOTIC: [8] Undefined variable: starcount ShowStarWidget.class.php 第 12 行.
[ 2014-06-16T16:24:26+08:00 ] NOTIC: [2] Division by zero ShowStarWidget.class.php 第 12 行.
[ 2014-06-16T16:24:26+08:00 ] SQL: SHOW COLUMNS FROM on_member [ RunTime:0.004663s ]
[ 2014-06-16T16:24:26+08:00 ] SQL: SELECT `name` FROM `on_member` WHERE ( `id` = null ) LIMIT 1  [ RunTime:0.002989s ]
[ 2014-06-16T16:24:26+08:00 ] NOTIC: [8] Undefined variable: member_id 50a80d95ab48e6914519aae87b5b2faf.php 第 247 行.
[ 2014-06-16T16:24:27+08:00 ] ERR: (ThinkException) 无法加载模块favicon.ico
[ 2014-06-16T16:26:00+08:00 ] NOTIC: [8] Undefined index: resid DishesAction.class.php 第 8 行.
[ 2014-06-16T16:26:00+08:00 ] SQL: SHOW COLUMNS FROM on_restaurant_member [ RunTime:0.006858s ]
[ 2014-06-16T16:26:00+08:00 ] SQL: SHOW COLUMNS FROM on_comment [ RunTime:0.005877s ]
[ 2014-06-16T16:26:00+08:00 ] SQL: SHOW COLUMNS FROM on_dishes [ RunTime:0.004404s ]
[ 2014-06-16T16:26:00+08:00 ] SQL: SHOW COLUMNS FROM on_menugroup [ RunTime:0.004941s ]
[ 2014-06-16T16:26:00+08:00 ] SQL: SHOW COLUMNS FROM on_restaurant_details [ RunTime:0.004063s ]
[ 2014-06-16T16:26:00+08:00 ] SQL: SHOW COLUMNS FROM on_shopping_cart [ RunTime:0.004565s ]
[ 2014-06-16T16:26:00+08:00 ] SQL: SELECT * FROM `on_restaurant_member` WHERE ( `id` = '1' ) LIMIT 1  [ RunTime:0.001335s ]
[ 2014-06-16T16:26:00+08:00 ] SQL: SELECT * FROM `on_comment` WHERE ( `restaurant_id` = '1' ) ORDER BY create_time desc LIMIT 1  [ RunTime:0.000557s ]
[ 2014-06-16T16:26:00+08:00 ] SQL: SELECT COUNT(*) AS tp_count FROM `on_dishes` WHERE ( `restaurant_id` = '1' ) LIMIT 1  [ RunTime:0.000712s ]
[ 2014-06-16T16:26:00+08:00 ] SQL: SELECT * FROM `on_restaurant_details` WHERE ( `restaurant_id` = '1' ) LIMIT 1  [ RunTime:0.003264s ]
[ 2014-06-16T16:26:00+08:00 ] SQL: SELECT id,group_name FROM `on_menugroup` WHERE ( `restaurant_id` = '1' ) ORDER BY create_time desc [ RunTime:0.041167s ]
[ 2014-06-16T16:26:00+08:00 ] SQL: SELECT * FROM `on_dishes` WHERE ( `group_id` = '7' ) AND ( `status` = '1' ) [ RunTime:0.000545s ]
[ 2014-06-16T16:26:00+08:00 ] SQL: SELECT * FROM `on_dishes` WHERE ( `group_id` = '6' ) AND ( `status` = '1' ) [ RunTime:0.000345s ]
[ 2014-06-16T16:26:00+08:00 ] SQL: SELECT * FROM `on_dishes` WHERE ( `group_id` = '5' ) AND ( `status` = '1' ) [ RunTime:0.000308s ]
[ 2014-06-16T16:26:00+08:00 ] SQL: SELECT * FROM `on_dishes` WHERE ( `group_id` = '4' ) AND ( `status` = '1' ) [ RunTime:0.000292s ]
[ 2014-06-16T16:26:00+08:00 ] SQL: SELECT * FROM `on_dishes` WHERE ( `group_id` = '3' ) AND ( `status` = '1' ) [ RunTime:0.000287s ]
[ 2014-06-16T16:26:00+08:00 ] SQL: SELECT id,dishesname,items,price,quantity FROM `on_shopping_cart` WHERE ( `member_id` = '' ) AND ( `status` = '0' ) ORDER BY id desc [ RunTime:0.000546s ]
[ 2014-06-16T16:26:00+08:00 ] SQL: SELECT COUNT(*) AS tp_count FROM `on_shopping_cart` WHERE ( `member_id` = '' ) AND ( `status` = '0' ) LIMIT 1  [ RunTime:0.000397s ]
[ 2014-06-16T16:26:00+08:00 ] NOTIC: [2] Invalid argument supplied for foreach() DishesAction.class.php 第 41 行.
[ 2014-06-16T16:26:00+08:00 ] NOTIC: [8] Undefined variable: time DishesAction.class.php 第 57 行.
[ 2014-06-16T16:26:00+08:00 ] NOTIC: [8] Undefined variable: dhours DishesAction.class.php 第 58 行.
[ 2014-06-16T16:26:00+08:00 ] SQL: SELECT COUNT(*) AS tp_count FROM `on_comment` WHERE ( `restaurant_id` = '1' ) LIMIT 1  [ RunTime:0.000504s ]
[ 2014-06-16T16:26:00+08:00 ] SQL: SELECT `star` FROM `on_comment` WHERE ( `restaurant_id` = '1' ) [ RunTime:0.000254s ]
[ 2014-06-16T16:26:00+08:00 ] NOTIC: [2] Invalid argument supplied for foreach() ShowStarWidget.class.php 第 9 行.
[ 2014-06-16T16:26:00+08:00 ] NOTIC: [8] Undefined variable: starcount ShowStarWidget.class.php 第 12 行.
[ 2014-06-16T16:26:00+08:00 ] NOTIC: [2] Division by zero ShowStarWidget.class.php 第 12 行.
[ 2014-06-16T16:26:00+08:00 ] SQL: SHOW COLUMNS FROM on_member [ RunTime:0.004783s ]
[ 2014-06-16T16:26:00+08:00 ] SQL: SELECT `name` FROM `on_member` WHERE ( `id` = null ) LIMIT 1  [ RunTime:0.000239s ]
[ 2014-06-16T16:26:01+08:00 ] NOTIC: [8] Undefined variable: member_id 50a80d95ab48e6914519aae87b5b2faf.php 第 247 行.
[ 2014-06-16T16:26:01+08:00 ] ERR: (ThinkException) 无法加载模块favicon.ico
[ 2014-06-16T16:26:57+08:00 ] ERR: (ThinkException) 无法加载模块favicon.ico
[ 2014-06-16T16:27:01+08:00 ] ERR: (ThinkException) 无法加载模块Public
[ 2014-06-16T16:27:02+08:00 ] ERR: (ThinkException) 无法加载模块favicon.ico
[ 2014-06-16T16:27:03+08:00 ] ERR: (ThinkException) 无法加载模块Public
[ 2014-06-16T16:27:03+08:00 ] ERR: (ThinkException) 无法加载模块favicon.ico
[ 2014-06-16T16:30:11+08:00 ] ERR: (ThinkException) 无法加载模块css
[ 2014-06-16T16:30:11+08:00 ] ERR: (ThinkException) 无法加载模块css
[ 2014-06-16T16:30:12+08:00 ] ERR: (ThinkException) 无法加载模块favicon.ico
[ 2014-06-16T16:30:22+08:00 ] ERR: (ThinkException) 无法加载模块Public
[ 2014-06-16T16:30:22+08:00 ] ERR: (ThinkException) 无法加载模块js
[ 2014-06-16T16:30:22+08:00 ] ERR: (ThinkException) 无法加载模块js
[ 2014-06-16T16:30:23+08:00 ] ERR: (ThinkException) 无法加载模块favicon.ico
[ 2014-06-16T16:32:09+08:00 ] ERR: (ThinkException) 无法加载模块Public
[ 2014-06-16T16:32:09+08:00 ] ERR: (ThinkException) 无法加载模块js
[ 2014-06-16T16:32:09+08:00 ] ERR: (ThinkException) 无法加载模块js
[ 2014-06-16T16:32:10+08:00 ] ERR: (ThinkException) 无法加载模块favicon.ico
[ 2014-06-16T16:32:15+08:00 ] ERR: (ThinkException) 无法加载模块Public
[ 2014-06-16T16:32:15+08:00 ] ERR: (ThinkException) 无法加载模块favicon.ico
[ 2014-06-16T16:32:25+08:00 ] ERR: (ThinkException) 无法加载模块Public
[ 2014-06-16T16:32:25+08:00 ] ERR: (ThinkException) 无法加载模块js
[ 2014-06-16T16:32:25+08:00 ] ERR: (ThinkException) 无法加载模块js
[ 2014-06-16T16:32:25+08:00 ] ERR: (ThinkException) 无法加载模块favicon.ico
[ 2014-06-16T16:32:28+08:00 ] ERR: (ThinkException) 无法加载模块Public
[ 2014-06-16T16:32:29+08:00 ] ERR: (ThinkException) 无法加载模块favicon.ico
[ 2014-06-16T17:02:46+08:00 ] NOTIC: [8] Undefined index: resid DishesAction.class.php 第 8 行.
[ 2014-06-16T17:02:47+08:00 ] SQL: SHOW COLUMNS FROM on_restaurant_member [ RunTime:0.006894s ]
[ 2014-06-16T17:02:47+08:00 ] SQL: SHOW COLUMNS FROM on_comment [ RunTime:0.006057s ]
[ 2014-06-16T17:02:47+08:00 ] SQL: SHOW COLUMNS FROM on_dishes [ RunTime:0.003839s ]
[ 2014-06-16T17:02:47+08:00 ] SQL: SHOW COLUMNS FROM on_menugroup [ RunTime:0.007192s ]
[ 2014-06-16T17:02:47+08:00 ] SQL: SHOW COLUMNS FROM on_restaurant_details [ RunTime:0.003904s ]
[ 2014-06-16T17:02:47+08:00 ] SQL: SHOW COLUMNS FROM on_shopping_cart [ RunTime:0.003440s ]
[ 2014-06-16T17:02:47+08:00 ] SQL: SELECT * FROM `on_restaurant_member` WHERE ( `id` = '1' ) LIMIT 1  [ RunTime:0.000575s ]
[ 2014-06-16T17:02:47+08:00 ] SQL: SELECT * FROM `on_comment` WHERE ( `restaurant_id` = '1' ) ORDER BY create_time desc LIMIT 1  [ RunTime:0.000255s ]
[ 2014-06-16T17:02:47+08:00 ] SQL: SELECT COUNT(*) AS tp_count FROM `on_dishes` WHERE ( `restaurant_id` = '1' ) LIMIT 1  [ RunTime:0.000357s ]
[ 2014-06-16T17:02:47+08:00 ] SQL: SELECT * FROM `on_restaurant_details` WHERE ( `restaurant_id` = '1' ) LIMIT 1  [ RunTime:0.000332s ]
[ 2014-06-16T17:02:47+08:00 ] SQL: SELECT id,group_name FROM `on_menugroup` WHERE ( `restaurant_id` = '1' ) ORDER BY create_time desc [ RunTime:0.000314s ]
[ 2014-06-16T17:02:47+08:00 ] SQL: SELECT * FROM `on_dishes` WHERE ( `group_id` = '7' ) [ RunTime:0.000427s ]
[ 2014-06-16T17:02:47+08:00 ] SQL: SELECT * FROM `on_dishes` WHERE ( `group_id` = '6' ) [ RunTime:0.000386s ]
[ 2014-06-16T17:02:47+08:00 ] SQL: SELECT * FROM `on_dishes` WHERE ( `group_id` = '5' ) [ RunTime:0.000333s ]
[ 2014-06-16T17:02:47+08:00 ] SQL: SELECT * FROM `on_dishes` WHERE ( `group_id` = '4' ) [ RunTime:0.002440s ]
[ 2014-06-16T17:02:47+08:00 ] SQL: SELECT * FROM `on_dishes` WHERE ( `group_id` = '3' ) [ RunTime:0.000358s ]
[ 2014-06-16T17:02:47+08:00 ] SQL: SELECT id,dishesname,items,price,quantity FROM `on_shopping_cart` WHERE ( `member_id` = '' ) AND ( `status` = '0' ) ORDER BY id desc [ RunTime:0.000390s ]
[ 2014-06-16T17:02:47+08:00 ] SQL: SELECT COUNT(*) AS tp_count FROM `on_shopping_cart` WHERE ( `member_id` = '' ) AND ( `status` = '0' ) LIMIT 1  [ RunTime:0.000353s ]
[ 2014-06-16T17:02:47+08:00 ] NOTIC: [2] Invalid argument supplied for foreach() DishesAction.class.php 第 41 行.
[ 2014-06-16T17:02:47+08:00 ] NOTIC: [8] Undefined variable: time DishesAction.class.php 第 57 行.
[ 2014-06-16T17:02:47+08:00 ] NOTIC: [8] Undefined variable: dhours DishesAction.class.php 第 58 行.
[ 2014-06-16T17:02:47+08:00 ] SQL: SELECT COUNT(*) AS tp_count FROM `on_comment` WHERE ( `restaurant_id` = '1' ) LIMIT 1  [ RunTime:0.000311s ]
[ 2014-06-16T17:02:47+08:00 ] SQL: SELECT `star` FROM `on_comment` WHERE ( `restaurant_id` = '1' ) [ RunTime:0.000197s ]
[ 2014-06-16T17:02:47+08:00 ] NOTIC: [2] Invalid argument supplied for foreach() ShowStarWidget.class.php 第 9 行.
[ 2014-06-16T17:02:47+08:00 ] NOTIC: [8] Undefined variable: starcount ShowStarWidget.class.php 第 12 行.
[ 2014-06-16T17:02:47+08:00 ] NOTIC: [2] Division by zero ShowStarWidget.class.php 第 12 行.
[ 2014-06-16T17:02:47+08:00 ] SQL: SHOW COLUMNS FROM on_member [ RunTime:0.009124s ]
[ 2014-06-16T17:02:47+08:00 ] SQL: SELECT `name` FROM `on_member` WHERE ( `id` = null ) LIMIT 1  [ RunTime:0.000757s ]
[ 2014-06-16T17:02:47+08:00 ] NOTIC: [8] Undefined variable: member_id 50a80d95ab48e6914519aae87b5b2faf.php 第 247 行.
[ 2014-06-16T17:02:48+08:00 ] ERR: (ThinkException) 无法加载模块favicon.ico
[ 2014-06-16T17:02:48+08:00 ] NOTIC: [8] Undefined index: resid DishesAction.class.php 第 8 行.
[ 2014-06-16T17:02:48+08:00 ] SQL: SHOW COLUMNS FROM on_restaurant_member [ RunTime:0.005355s ]
[ 2014-06-16T17:02:48+08:00 ] SQL: SHOW COLUMNS FROM on_comment [ RunTime:0.004274s ]
[ 2014-06-16T17:02:48+08:00 ] SQL: SHOW COLUMNS FROM on_dishes [ RunTime:0.003556s ]
[ 2014-06-16T17:02:48+08:00 ] SQL: SHOW COLUMNS FROM on_menugroup [ RunTime:0.004291s ]
[ 2014-06-16T17:02:48+08:00 ] SQL: SHOW COLUMNS FROM on_restaurant_details [ RunTime:0.003397s ]
[ 2014-06-16T17:02:48+08:00 ] SQL: SHOW COLUMNS FROM on_shopping_cart [ RunTime:0.003836s ]
[ 2014-06-16T17:02:48+08:00 ] SQL: SELECT * FROM `on_restaurant_member` WHERE ( `id` = '1' ) LIMIT 1  [ RunTime:0.000745s ]
[ 2014-06-16T17:02:48+08:00 ] SQL: SELECT * FROM `on_comment` WHERE ( `restaurant_id` = '1' ) ORDER BY create_time desc LIMIT 1  [ RunTime:0.000754s ]
[ 2014-06-16T17:02:48+08:00 ] SQL: SELECT COUNT(*) AS tp_count FROM `on_dishes` WHERE ( `restaurant_id` = '1' ) LIMIT 1  [ RunTime:0.000853s ]
[ 2014-06-16T17:02:48+08:00 ] SQL: SELECT * FROM `on_restaurant_details` WHERE ( `restaurant_id` = '1' ) LIMIT 1  [ RunTime:0.000714s ]
[ 2014-06-16T17:02:48+08:00 ] SQL: SELECT id,group_name FROM `on_menugroup` WHERE ( `restaurant_id` = '1' ) ORDER BY create_time desc [ RunTime:0.000575s ]
[ 2014-06-16T17:02:48+08:00 ] SQL: SELECT * FROM `on_dishes` WHERE ( `group_id` = '7' ) [ RunTime:0.000655s ]
[ 2014-06-16T17:02:48+08:00 ] SQL: SELECT * FROM `on_dishes` WHERE ( `group_id` = '6' ) [ RunTime:0.000626s ]
[ 2014-06-16T17:02:48+08:00 ] SQL: SELECT * FROM `on_dishes` WHERE ( `group_id` = '5' ) [ RunTime:0.000453s ]
[ 2014-06-16T17:02:48+08:00 ] SQL: SELECT * FROM `on_dishes` WHERE ( `group_id` = '4' ) [ RunTime:0.000409s ]
[ 2014-06-16T17:02:48+08:00 ] SQL: SELECT * FROM `on_dishes` WHERE ( `group_id` = '3' ) [ RunTime:0.000306s ]
[ 2014-06-16T17:02:48+08:00 ] SQL: SELECT id,dishesname,items,price,quantity FROM `on_shopping_cart` WHERE ( `member_id` = '' ) AND ( `status` = '0' ) ORDER BY id desc [ RunTime:0.000327s ]
[ 2014-06-16T17:02:48+08:00 ] SQL: SELECT COUNT(*) AS tp_count FROM `on_shopping_cart` WHERE ( `member_id` = '' ) AND ( `status` = '0' ) LIMIT 1  [ RunTime:0.000311s ]
[ 2014-06-16T17:02:48+08:00 ] NOTIC: [2] Invalid argument supplied for foreach() DishesAction.class.php 第 41 行.
[ 2014-06-16T17:02:48+08:00 ] NOTIC: [8] Undefined variable: time DishesAction.class.php 第 57 行.
[ 2014-06-16T17:02:48+08:00 ] NOTIC: [8] Undefined variable: dhours DishesAction.class.php 第 58 行.
[ 2014-06-16T17:02:48+08:00 ] SQL: SELECT COUNT(*) AS tp_count FROM `on_comment` WHERE ( `restaurant_id` = '1' ) LIMIT 1  [ RunTime:0.000510s ]
[ 2014-06-16T17:02:48+08:00 ] SQL: SELECT `star` FROM `on_comment` WHERE ( `restaurant_id` = '1' ) [ RunTime:0.000512s ]
[ 2014-06-16T17:02:48+08:00 ] NOTIC: [2] Invalid argument supplied for foreach() ShowStarWidget.class.php 第 9 行.
[ 2014-06-16T17:02:48+08:00 ] NOTIC: [8] Undefined variable: starcount ShowStarWidget.class.php 第 12 行.
[ 2014-06-16T17:02:48+08:00 ] NOTIC: [2] Division by zero ShowStarWidget.class.php 第 12 行.
[ 2014-06-16T17:02:49+08:00 ] SQL: SHOW COLUMNS FROM on_member [ RunTime:0.004599s ]
[ 2014-06-16T17:02:49+08:00 ] SQL: SELECT `name` FROM `on_member` WHERE ( `id` = null ) LIMIT 1  [ RunTime:0.000265s ]
[ 2014-06-16T17:02:49+08:00 ] NOTIC: [8] Undefined variable: member_id 50a80d95ab48e6914519aae87b5b2faf.php 第 247 行.
[ 2014-06-16T17:02:50+08:00 ] ERR: (ThinkException) 无法加载模块favicon.ico
[ 2014-06-16T17:02:58+08:00 ] NOTIC: [8] Undefined index: resid DishesAction.class.php 第 8 行.
[ 2014-06-16T17:02:58+08:00 ] SQL: SHOW COLUMNS FROM on_restaurant_member [ RunTime:0.007782s ]
[ 2014-06-16T17:02:58+08:00 ] SQL: SHOW COLUMNS FROM on_comment [ RunTime:0.004678s ]
[ 2014-06-16T17:02:58+08:00 ] SQL: SHOW COLUMNS FROM on_item [ RunTime:0.008934s ]
[ 2014-06-16T17:02:58+08:00 ] SQL: SHOW COLUMNS FROM on_menugroup [ RunTime:0.004404s ]
[ 2014-06-16T17:02:58+08:00 ] SQL: SHOW COLUMNS FROM on_restaurant_details [ RunTime:0.003779s ]
[ 2014-06-16T17:02:58+08:00 ] SQL: SHOW COLUMNS FROM on_shopping_cart [ RunTime:0.003450s ]
[ 2014-06-16T17:02:58+08:00 ] SQL: SELECT * FROM `on_restaurant_member` WHERE ( `id` = '1' ) LIMIT 1  [ RunTime:0.000521s ]
[ 2014-06-16T17:02:58+08:00 ] SQL: SELECT * FROM `on_comment` WHERE ( `restaurant_id` = '1' ) ORDER BY create_time desc LIMIT 1  [ RunTime:0.000226s ]
[ 2014-06-16T17:02:58+08:00 ] SQL: SELECT COUNT(*) AS tp_count FROM `on_item` WHERE ( `restaurant_id` = '1' ) LIMIT 1  [ RunTime:0.000269s ]
[ 2014-06-16T17:02:58+08:00 ] SQL: SELECT * FROM `on_restaurant_details` WHERE ( `restaurant_id` = '1' ) LIMIT 1  [ RunTime:0.000414s ]
[ 2014-06-16T17:02:58+08:00 ] SQL: SELECT id,group_name FROM `on_menugroup` WHERE ( `restaurant_id` = '1' ) ORDER BY create_time desc [ RunTime:0.000668s ]
[ 2014-06-16T17:02:58+08:00 ] SQL: SELECT * FROM `on_item` WHERE ( `group_id` = '7' ) [ RunTime:0.000537s ]
[ 2014-06-16T17:02:58+08:00 ] SQL: SELECT * FROM `on_item` WHERE ( `group_id` = '6' ) [ RunTime:0.000785s ]
[ 2014-06-16T17:02:58+08:00 ] SQL: SELECT * FROM `on_item` WHERE ( `group_id` = '5' ) [ RunTime:0.000873s ]
[ 2014-06-16T17:02:58+08:00 ] SQL: SELECT * FROM `on_item` WHERE ( `group_id` = '4' ) [ RunTime:0.000585s ]
[ 2014-06-16T17:02:58+08:00 ] SQL: SELECT * FROM `on_item` WHERE ( `group_id` = '3' ) [ RunTime:0.000590s ]
[ 2014-06-16T17:02:58+08:00 ] SQL: SELECT id,dishesname,items,price,quantity FROM `on_shopping_cart` WHERE ( `member_id` = '' ) AND ( `status` = '0' ) ORDER BY id desc [ RunTime:0.000821s ]
[ 2014-06-16T17:02:58+08:00 ] SQL: SELECT COUNT(*) AS tp_count FROM `on_shopping_cart` WHERE ( `member_id` = '' ) AND ( `status` = '0' ) LIMIT 1  [ RunTime:0.000750s ]
[ 2014-06-16T17:02:58+08:00 ] NOTIC: [2] Invalid argument supplied for foreach() DishesAction.class.php 第 41 行.
[ 2014-06-16T17:02:58+08:00 ] NOTIC: [8] Undefined variable: time DishesAction.class.php 第 57 行.
[ 2014-06-16T17:02:58+08:00 ] NOTIC: [8] Undefined variable: dhours DishesAction.class.php 第 58 行.
[ 2014-06-16T17:02:58+08:00 ] NOTIC: [2] Cannot modify header information - headers already sent by (output started at G:\localhost\online_order\HOME\Lib\Action\DishesAction.class.php:52) ~runtime.php 第 2 行.
[ 2014-06-16T17:02:58+08:00 ] NOTIC: [2] Cannot modify header information - headers already sent by (output started at G:\localhost\online_order\HOME\Lib\Action\DishesAction.class.php:52) ~runtime.php 第 2 行.
[ 2014-06-16T17:02:58+08:00 ] NOTIC: [2] Cannot modify header information - headers already sent by (output started at G:\localhost\online_order\HOME\Lib\Action\DishesAction.class.php:52) ~runtime.php 第 2 行.
[ 2014-06-16T17:02:58+08:00 ] SQL: SELECT COUNT(*) AS tp_count FROM `on_comment` WHERE ( `restaurant_id` = '1' ) LIMIT 1  [ RunTime:0.000896s ]
[ 2014-06-16T17:02:58+08:00 ] SQL: SELECT `star` FROM `on_comment` WHERE ( `restaurant_id` = '1' ) [ RunTime:0.000424s ]
[ 2014-06-16T17:02:58+08:00 ] NOTIC: [2] Invalid argument supplied for foreach() ShowStarWidget.class.php 第 9 行.
[ 2014-06-16T17:02:58+08:00 ] NOTIC: [8] Undefined variable: starcount ShowStarWidget.class.php 第 12 行.
[ 2014-06-16T17:02:58+08:00 ] NOTIC: [2] Division by zero ShowStarWidget.class.php 第 12 行.
[ 2014-06-16T17:02:58+08:00 ] SQL: SHOW COLUMNS FROM on_member [ RunTime:0.005071s ]
[ 2014-06-16T17:02:58+08:00 ] SQL: SELECT `name` FROM `on_member` WHERE ( `id` = null ) LIMIT 1  [ RunTime:0.000279s ]
[ 2014-06-16T17:02:58+08:00 ] NOTIC: [8] Undefined index: is_commend 8f7d8f33f2ccc1607a3627df05efa4df.php 第 126 行.
[ 2014-06-16T17:02:58+08:00 ] NOTIC: [8] Undefined index: peanut 8f7d8f33f2ccc1607a3627df05efa4df.php 第 127 行.
[ 2014-06-16T17:02:58+08:00 ] NOTIC: [8] Undefined index: dishes_name 8f7d8f33f2ccc1607a3627df05efa4df.php 第 130 行.
[ 2014-06-16T17:02:58+08:00 ] NOTIC: [8] Undefined index: is_commend 8f7d8f33f2ccc1607a3627df05efa4df.php 第 126 行.
[ 2014-06-16T17:02:58+08:00 ] NOTIC: [8] Undefined index: peanut 8f7d8f33f2ccc1607a3627df05efa4df.php 第 127 行.
[ 2014-06-16T17:02:58+08:00 ] NOTIC: [8] Undefined index: dishes_name 8f7d8f33f2ccc1607a3627df05efa4df.php 第 130 行.
[ 2014-06-16T17:02:58+08:00 ] NOTIC: [8] Undefined index: is_commend 8f7d8f33f2ccc1607a3627df05efa4df.php 第 126 行.
[ 2014-06-16T17:02:58+08:00 ] NOTIC: [8] Undefined index: peanut 8f7d8f33f2ccc1607a3627df05efa4df.php 第 127 行.
[ 2014-06-16T17:02:58+08:00 ] NOTIC: [8] Undefined index: dishes_name 8f7d8f33f2ccc1607a3627df05efa4df.php 第 130 行.
[ 2014-06-16T17:02:58+08:00 ] NOTIC: [8] Undefined index: is_commend 8f7d8f33f2ccc1607a3627df05efa4df.php 第 126 行.
[ 2014-06-16T17:02:58+08:00 ] NOTIC: [8] Undefined index: peanut 8f7d8f33f2ccc1607a3627df05efa4df.php 第 127 行.
[ 2014-06-16T17:02:58+08:00 ] NOTIC: [8] Undefined index: dishes_name 8f7d8f33f2ccc1607a3627df05efa4df.php 第 130 行.
[ 2014-06-16T17:02:58+08:00 ] NOTIC: [8] Undefined index: is_commend 8f7d8f33f2ccc1607a3627df05efa4df.php 第 126 行.
[ 2014-06-16T17:02:58+08:00 ] NOTIC: [8] Undefined index: peanut 8f7d8f33f2ccc1607a3627df05efa4df.php 第 127 行.
[ 2014-06-16T17:02:58+08:00 ] NOTIC: [8] Undefined index: dishes_name 8f7d8f33f2ccc1607a3627df05efa4df.php 第 130 行.
[ 2014-06-16T17:02:58+08:00 ] NOTIC: [8] Undefined index: is_commend 8f7d8f33f2ccc1607a3627df05efa4df.php 第 126 行.
[ 2014-06-16T17:02:58+08:00 ] NOTIC: [8] Undefined index: peanut 8f7d8f33f2ccc1607a3627df05efa4df.php 第 127 行.
[ 2014-06-16T17:02:58+08:00 ] NOTIC: [8] Undefined index: dishes_name 8f7d8f33f2ccc1607a3627df05efa4df.php 第 130 行.
[ 2014-06-16T17:02:58+08:00 ] NOTIC: [8] Undefined index: is_commend 8f7d8f33f2ccc1607a3627df05efa4df.php 第 126 行.
[ 2014-06-16T17:02:58+08:00 ] NOTIC: [8] Undefined index: peanut 8f7d8f33f2ccc1607a3627df05efa4df.php 第 127 行.
[ 2014-06-16T17:02:58+08:00 ] NOTIC: [8] Undefined index: dishes_name 8f7d8f33f2ccc1607a3627df05efa4df.php 第 130 行.
[ 2014-06-16T17:02:58+08:00 ] NOTIC: [8] Undefined index: is_commend 8f7d8f33f2ccc1607a3627df05efa4df.php 第 126 行.
[ 2014-06-16T17:02:58+08:00 ] NOTIC: [8] Undefined index: peanut 8f7d8f33f2ccc1607a3627df05efa4df.php 第 127 行.
[ 2014-06-16T17:02:58+08:00 ] NOTIC: [8] Undefined index: dishes_name 8f7d8f33f2ccc1607a3627df05efa4df.php 第 130 行.
[ 2014-06-16T17:02:58+08:00 ] NOTIC: [8] Undefined index: is_commend 8f7d8f33f2ccc1607a3627df05efa4df.php 第 126 行.
[ 2014-06-16T17:02:58+08:00 ] NOTIC: [8] Undefined index: peanut 8f7d8f33f2ccc1607a3627df05efa4df.php 第 127 行.
[ 2014-06-16T17:02:58+08:00 ] NOTIC: [8] Undefined index: dishes_name 8f7d8f33f2ccc1607a3627df05efa4df.php 第 130 行.
[ 2014-06-16T17:02:58+08:00 ] NOTIC: [8] Undefined index: is_commend 8f7d8f33f2ccc1607a3627df05efa4df.php 第 126 行.
[ 2014-06-16T17:02:58+08:00 ] NOTIC: [8] Undefined index: peanut 8f7d8f33f2ccc1607a3627df05efa4df.php 第 127 行.
[ 2014-06-16T17:02:58+08:00 ] NOTIC: [8] Undefined index: dishes_name 8f7d8f33f2ccc1607a3627df05efa4df.php 第 130 行.
[ 2014-06-16T17:02:58+08:00 ] NOTIC: [8] Undefined index: is_commend 8f7d8f33f2ccc1607a3627df05efa4df.php 第 126 行.
[ 2014-06-16T17:02:58+08:00 ] NOTIC: [8] Undefined index: peanut 8f7d8f33f2ccc1607a3627df05efa4df.php 第 127 行.
[ 2014-06-16T17:02:58+08:00 ] NOTIC: [8] Undefined index: dishes_name 8f7d8f33f2ccc1607a3627df05efa4df.php 第 130 行.
[ 2014-06-16T17:02:58+08:00 ] NOTIC: [8] Undefined index: is_commend 8f7d8f33f2ccc1607a3627df05efa4df.php 第 126 行.
[ 2014-06-16T17:02:58+08:00 ] NOTIC: [8] Undefined index: peanut 8f7d8f33f2ccc1607a3627df05efa4df.php 第 127 行.
[ 2014-06-16T17:02:58+08:00 ] NOTIC: [8] Undefined index: dishes_name 8f7d8f33f2ccc1607a3627df05efa4df.php 第 130 行.
[ 2014-06-16T17:02:58+08:00 ] NOTIC: [8] Undefined index: is_commend 8f7d8f33f2ccc1607a3627df05efa4df.php 第 126 行.
[ 2014-06-16T17:02:58+08:00 ] NOTIC: [8] Undefined index: peanut 8f7d8f33f2ccc1607a3627df05efa4df.php 第 127 行.
[ 2014-06-16T17:02:58+08:00 ] NOTIC: [8] Undefined index: dishes_name 8f7d8f33f2ccc1607a3627df05efa4df.php 第 130 行.
[ 2014-06-16T17:02:58+08:00 ] NOTIC: [8] Undefined index: is_commend 8f7d8f33f2ccc1607a3627df05efa4df.php 第 126 行.
[ 2014-06-16T17:02:58+08:00 ] NOTIC: [8] Undefined index: peanut 8f7d8f33f2ccc1607a3627df05efa4df.php 第 127 行.
[ 2014-06-16T17:02:58+08:00 ] NOTIC: [8] Undefined index: dishes_name 8f7d8f33f2ccc1607a3627df05efa4df.php 第 130 行.
[ 2014-06-16T17:02:58+08:00 ] NOTIC: [8] Undefined index: is_commend 8f7d8f33f2ccc1607a3627df05efa4df.php 第 126 行.
[ 2014-06-16T17:02:58+08:00 ] NOTIC: [8] Undefined index: peanut 8f7d8f33f2ccc1607a3627df05efa4df.php 第 127 行.
[ 2014-06-16T17:02:58+08:00 ] NOTIC: [8] Undefined index: dishes_name 8f7d8f33f2ccc1607a3627df05efa4df.php 第 130 行.
[ 2014-06-16T17:02:58+08:00 ] NOTIC: [8] Undefined index: is_commend 8f7d8f33f2ccc1607a3627df05efa4df.php 第 126 行.
[ 2014-06-16T17:02:58+08:00 ] NOTIC: [8] Undefined index: peanut 8f7d8f33f2ccc1607a3627df05efa4df.php 第 127 行.
[ 2014-06-16T17:02:58+08:00 ] NOTIC: [8] Undefined index: dishes_name 8f7d8f33f2ccc1607a3627df05efa4df.php 第 130 行.
[ 2014-06-16T17:02:58+08:00 ] NOTIC: [8] Undefined variable: member_id 50a80d95ab48e6914519aae87b5b2faf.php 第 247 行.
[ 2014-06-16T17:02:59+08:00 ] ERR: (ThinkException) 无法加载模块favicon.ico
[ 2014-06-16T17:03:50+08:00 ] NOTIC: [8] Undefined index: resid DishesAction.class.php 第 8 行.
[ 2014-06-16T17:03:50+08:00 ] SQL: SHOW COLUMNS FROM on_restaurant_member [ RunTime:0.005727s ]
[ 2014-06-16T17:03:50+08:00 ] SQL: SHOW COLUMNS FROM on_comment [ RunTime:0.004021s ]
[ 2014-06-16T17:03:50+08:00 ] SQL: SHOW COLUMNS FROM on_item [ RunTime:0.005410s ]
[ 2014-06-16T17:03:50+08:00 ] SQL: SHOW COLUMNS FROM on_menugroup [ RunTime:0.006095s ]
[ 2014-06-16T17:03:50+08:00 ] SQL: SHOW COLUMNS FROM on_restaurant_details [ RunTime:0.003722s ]
[ 2014-06-16T17:03:50+08:00 ] SQL: SHOW COLUMNS FROM on_shopping_cart [ RunTime:0.006139s ]
[ 2014-06-16T17:03:50+08:00 ] SQL: SELECT * FROM `on_restaurant_member` WHERE ( `id` = '1' ) LIMIT 1  [ RunTime:0.000773s ]
[ 2014-06-16T17:03:50+08:00 ] SQL: SELECT * FROM `on_comment` WHERE ( `restaurant_id` = '1' ) ORDER BY create_time desc LIMIT 1  [ RunTime:0.000326s ]
[ 2014-06-16T17:03:50+08:00 ] SQL: SELECT COUNT(*) AS tp_count FROM `on_item` WHERE ( `restaurant_id` = '1' ) LIMIT 1  [ RunTime:0.000295s ]
[ 2014-06-16T17:03:50+08:00 ] SQL: SELECT * FROM `on_restaurant_details` WHERE ( `restaurant_id` = '1' ) LIMIT 1  [ RunTime:0.000565s ]
[ 2014-06-16T17:03:50+08:00 ] SQL: SELECT id,group_name FROM `on_menugroup` WHERE ( `restaurant_id` = '1' ) ORDER BY create_time desc [ RunTime:0.000367s ]
[ 2014-06-16T17:03:50+08:00 ] SQL: SELECT * FROM `on_item` WHERE ( `group_id` = '7' ) [ RunTime:0.000347s ]
[ 2014-06-16T17:03:50+08:00 ] SQL: SELECT * FROM `on_item` WHERE ( `group_id` = '6' ) [ RunTime:0.000331s ]
[ 2014-06-16T17:03:50+08:00 ] SQL: SELECT * FROM `on_item` WHERE ( `group_id` = '5' ) [ RunTime:0.000322s ]
[ 2014-06-16T17:03:50+08:00 ] SQL: SELECT * FROM `on_item` WHERE ( `group_id` = '4' ) [ RunTime:0.000301s ]
[ 2014-06-16T17:03:50+08:00 ] SQL: SELECT * FROM `on_item` WHERE ( `group_id` = '3' ) [ RunTime:0.000321s ]
[ 2014-06-16T17:03:50+08:00 ] SQL: SELECT id,dishesname,items,price,quantity FROM `on_shopping_cart` WHERE ( `member_id` = '' ) AND ( `status` = '0' ) ORDER BY id desc [ RunTime:0.000365s ]
[ 2014-06-16T17:03:50+08:00 ] SQL: SELECT COUNT(*) AS tp_count FROM `on_shopping_cart` WHERE ( `member_id` = '' ) AND ( `status` = '0' ) LIMIT 1  [ RunTime:0.000322s ]
[ 2014-06-16T17:03:50+08:00 ] NOTIC: [2] Invalid argument supplied for foreach() DishesAction.class.php 第 41 行.
[ 2014-06-16T17:03:50+08:00 ] NOTIC: [8] Undefined variable: time DishesAction.class.php 第 57 行.
[ 2014-06-16T17:03:50+08:00 ] NOTIC: [8] Undefined variable: dhours DishesAction.class.php 第 58 行.
[ 2014-06-16T17:03:50+08:00 ] NOTIC: [2] Cannot modify header information - headers already sent by (output started at G:\localhost\online_order\HOME\Lib\Action\DishesAction.class.php:52) ~runtime.php 第 2 行.
[ 2014-06-16T17:03:50+08:00 ] NOTIC: [2] Cannot modify header information - headers already sent by (output started at G:\localhost\online_order\HOME\Lib\Action\DishesAction.class.php:52) ~runtime.php 第 2 行.
[ 2014-06-16T17:03:50+08:00 ] NOTIC: [2] Cannot modify header information - headers already sent by (output started at G:\localhost\online_order\HOME\Lib\Action\DishesAction.class.php:52) ~runtime.php 第 2 行.
[ 2014-06-16T17:03:51+08:00 ] SQL: SELECT COUNT(*) AS tp_count FROM `on_comment` WHERE ( `restaurant_id` = '1' ) LIMIT 1  [ RunTime:0.000352s ]
[ 2014-06-16T17:03:51+08:00 ] SQL: SELECT `star` FROM `on_comment` WHERE ( `restaurant_id` = '1' ) [ RunTime:0.000239s ]
[ 2014-06-16T17:03:51+08:00 ] NOTIC: [2] Invalid argument supplied for foreach() ShowStarWidget.class.php 第 9 行.
[ 2014-06-16T17:03:51+08:00 ] NOTIC: [8] Undefined variable: starcount ShowStarWidget.class.php 第 12 行.
[ 2014-06-16T17:03:51+08:00 ] NOTIC: [2] Division by zero ShowStarWidget.class.php 第 12 行.
[ 2014-06-16T17:03:51+08:00 ] SQL: SHOW COLUMNS FROM on_member [ RunTime:0.004904s ]
[ 2014-06-16T17:03:51+08:00 ] SQL: SELECT `name` FROM `on_member` WHERE ( `id` = null ) LIMIT 1  [ RunTime:0.000243s ]
[ 2014-06-16T17:03:51+08:00 ] NOTIC: [8] Undefined index: is_commend 8f7d8f33f2ccc1607a3627df05efa4df.php 第 126 行.
[ 2014-06-16T17:03:51+08:00 ] NOTIC: [8] Undefined index: peanut 8f7d8f33f2ccc1607a3627df05efa4df.php 第 127 行.
[ 2014-06-16T17:03:51+08:00 ] NOTIC: [8] Undefined index: is_commend 8f7d8f33f2ccc1607a3627df05efa4df.php 第 126 行.
[ 2014-06-16T17:03:51+08:00 ] NOTIC: [8] Undefined index: peanut 8f7d8f33f2ccc1607a3627df05efa4df.php 第 127 行.
[ 2014-06-16T17:03:51+08:00 ] NOTIC: [8] Undefined index: is_commend 8f7d8f33f2ccc1607a3627df05efa4df.php 第 126 行.
[ 2014-06-16T17:03:51+08:00 ] NOTIC: [8] Undefined index: peanut 8f7d8f33f2ccc1607a3627df05efa4df.php 第 127 行.
[ 2014-06-16T17:03:51+08:00 ] NOTIC: [8] Undefined index: is_commend 8f7d8f33f2ccc1607a3627df05efa4df.php 第 126 行.
[ 2014-06-16T17:03:51+08:00 ] NOTIC: [8] Undefined index: peanut 8f7d8f33f2ccc1607a3627df05efa4df.php 第 127 行.
[ 2014-06-16T17:03:51+08:00 ] NOTIC: [8] Undefined index: is_commend 8f7d8f33f2ccc1607a3627df05efa4df.php 第 126 行.
[ 2014-06-16T17:03:51+08:00 ] NOTIC: [8] Undefined index: peanut 8f7d8f33f2ccc1607a3627df05efa4df.php 第 127 行.
[ 2014-06-16T17:03:51+08:00 ] NOTIC: [8] Undefined index: is_commend 8f7d8f33f2ccc1607a3627df05efa4df.php 第 126 行.
[ 2014-06-16T17:03:51+08:00 ] NOTIC: [8] Undefined index: peanut 8f7d8f33f2ccc1607a3627df05efa4df.php 第 127 行.
[ 2014-06-16T17:03:51+08:00 ] NOTIC: [8] Undefined index: is_commend 8f7d8f33f2ccc1607a3627df05efa4df.php 第 126 行.
[ 2014-06-16T17:03:51+08:00 ] NOTIC: [8] Undefined index: peanut 8f7d8f33f2ccc1607a3627df05efa4df.php 第 127 行.
[ 2014-06-16T17:03:51+08:00 ] NOTIC: [8] Undefined index: is_commend 8f7d8f33f2ccc1607a3627df05efa4df.php 第 126 行.
[ 2014-06-16T17:03:51+08:00 ] NOTIC: [8] Undefined index: peanut 8f7d8f33f2ccc1607a3627df05efa4df.php 第 127 行.
[ 2014-06-16T17:03:51+08:00 ] NOTIC: [8] Undefined index: is_commend 8f7d8f33f2ccc1607a3627df05efa4df.php 第 126 行.
[ 2014-06-16T17:03:51+08:00 ] NOTIC: [8] Undefined index: peanut 8f7d8f33f2ccc1607a3627df05efa4df.php 第 127 行.
[ 2014-06-16T17:03:51+08:00 ] NOTIC: [8] Undefined index: is_commend 8f7d8f33f2ccc1607a3627df05efa4df.php 第 126 行.
[ 2014-06-16T17:03:51+08:00 ] NOTIC: [8] Undefined index: peanut 8f7d8f33f2ccc1607a3627df05efa4df.php 第 127 行.
[ 2014-06-16T17:03:51+08:00 ] NOTIC: [8] Undefined index: is_commend 8f7d8f33f2ccc1607a3627df05efa4df.php 第 126 行.
[ 2014-06-16T17:03:51+08:00 ] NOTIC: [8] Undefined index: peanut 8f7d8f33f2ccc1607a3627df05efa4df.php 第 127 行.
[ 2014-06-16T17:03:51+08:00 ] NOTIC: [8] Undefined index: is_commend 8f7d8f33f2ccc1607a3627df05efa4df.php 第 126 行.
[ 2014-06-16T17:03:51+08:00 ] NOTIC: [8] Undefined index: peanut 8f7d8f33f2ccc1607a3627df05efa4df.php 第 127 行.
[ 2014-06-16T17:03:51+08:00 ] NOTIC: [8] Undefined index: is_commend 8f7d8f33f2ccc1607a3627df05efa4df.php 第 126 行.
[ 2014-06-16T17:03:51+08:00 ] NOTIC: [8] Undefined index: peanut 8f7d8f33f2ccc1607a3627df05efa4df.php 第 127 行.
[ 2014-06-16T17:03:51+08:00 ] NOTIC: [8] Undefined index: is_commend 8f7d8f33f2ccc1607a3627df05efa4df.php 第 126 行.
[ 2014-06-16T17:03:51+08:00 ] NOTIC: [8] Undefined index: peanut 8f7d8f33f2ccc1607a3627df05efa4df.php 第 127 行.
[ 2014-06-16T17:03:51+08:00 ] NOTIC: [8] Undefined index: is_commend 8f7d8f33f2ccc1607a3627df05efa4df.php 第 126 行.
[ 2014-06-16T17:03:51+08:00 ] NOTIC: [8] Undefined index: peanut 8f7d8f33f2ccc1607a3627df05efa4df.php 第 127 行.
[ 2014-06-16T17:03:51+08:00 ] NOTIC: [8] Undefined index: is_commend 8f7d8f33f2ccc1607a3627df05efa4df.php 第 126 行.
[ 2014-06-16T17:03:51+08:00 ] NOTIC: [8] Undefined index: peanut 8f7d8f33f2ccc1607a3627df05efa4df.php 第 127 行.
[ 2014-06-16T17:03:51+08:00 ] NOTIC: [8] Undefined variable: member_id 50a80d95ab48e6914519aae87b5b2faf.php 第 247 行.
[ 2014-06-16T17:03:52+08:00 ] ERR: (ThinkException) 无法加载模块favicon.ico
[ 2014-06-16T17:34:15+08:00 ] SQL: SHOW COLUMNS FROM on_dishes [ RunTime:0.003578s ]
[ 2014-06-16T17:34:15+08:00 ] SQL: SHOW COLUMNS FROM on_dishes_item [ RunTime:0.003857s ]
[ 2014-06-16T17:34:15+08:00 ] SQL: SELECT * FROM `on_dishes` WHERE ( `id` = '36' ) LIMIT 1  [ RunTime:0.000470s ]
[ 2014-06-16T17:34:15+08:00 ] SQL: SELECT id,item_name FROM `on_dishes_item` WHERE ( `dishes_id` = '36' ) AND ( `p_id` = '0' ) [ RunTime:0.000318s ]
[ 2014-06-16T17:34:15+08:00 ] NOTIC: [2] Invalid argument supplied for foreach() DishesAction.class.php 第 123 行.
[ 2014-06-16T17:34:57+08:00 ] SQL: SHOW COLUMNS FROM on_dishes [ RunTime:0.003962s ]
[ 2014-06-16T17:34:57+08:00 ] SQL: SHOW COLUMNS FROM on_dishes_item [ RunTime:0.003631s ]
[ 2014-06-16T17:34:57+08:00 ] SQL: SELECT * FROM `on_dishes` WHERE ( `id` = '36' ) LIMIT 1  [ RunTime:0.000390s ]
[ 2014-06-16T17:34:57+08:00 ] SQL: SELECT id,item_name FROM `on_dishes_item` WHERE ( `dishes_id` = '36' ) AND ( `p_id` = '0' ) [ RunTime:0.000304s ]
[ 2014-06-16T17:34:57+08:00 ] NOTIC: [2] Invalid argument supplied for foreach() DishesAction.class.php 第 123 行.
[ 2014-06-16T17:35:45+08:00 ] SQL: SHOW COLUMNS FROM on_dishes [ RunTime:0.003463s ]
[ 2014-06-16T17:35:45+08:00 ] SQL: SHOW COLUMNS FROM on_dishes_item [ RunTime:0.003945s ]
[ 2014-06-16T17:35:45+08:00 ] SQL: SELECT * FROM `on_dishes` WHERE ( `id` = '36' ) LIMIT 1  [ RunTime:0.000429s ]
[ 2014-06-16T17:35:45+08:00 ] SQL: SELECT id,item_name FROM `on_dishes_item` WHERE ( `dishes_id` = '36' ) AND ( `p_id` = '0' ) [ RunTime:0.000365s ]
[ 2014-06-16T17:35:45+08:00 ] NOTIC: [2] Invalid argument supplied for foreach() DishesAction.class.php 第 123 行.
[ 2014-06-16T23:45:00+08:00 ] ERR: (ThinkException) 无法加载模块favicon.ico
