[ 2014-05-08T12:52:24+08:00 ] ERR: (ThinkException) Unknown database 'booking'
[ 2014-05-08T12:52:24+08:00 ] ERR: (ThinkException) 无法加载模块favicon.ico
[ 2014-05-08T12:52:24+08:00 ] ERR: (ThinkException) 无法加载模块favicon.ico
[ 2014-05-08T12:52:24+08:00 ] ERR: (ThinkException) 无法加载模块favicon.ico
[ 2014-05-08T12:55:13+08:00 ] ERR: (ThinkException) 无法加载模块admin.php
[ 2014-05-08T12:55:24+08:00 ] ERR: (ThinkException) 无法加载模块bg
[ 2014-05-08T12:57:41+08:00 ] ERR: (ThinkException) 无法加载模块Public
[ 2014-05-08T13:02:09+08:00 ] ERR: (ThinkException) 无法加载模块Public
[ 2014-05-08T13:02:11+08:00 ] ERR: (ThinkException) 无法加载模块Public
[ 2014-05-08T13:02:11+08:00 ] ERR: (ThinkException) 无法加载模块Publicckeditor
[ 2014-05-08T13:38:08+08:00 ] ERR: (ThinkException) 无法加载模块favicon.ico
[ 2014-05-08T13:38:11+08:00 ] ERR: (ThinkException) 无法加载模块favicon.ico
[ 2014-05-08T13:38:46+08:00 ] ERR: (ThinkException) 无法加载模块favicon.ico
[ 2014-05-08T14:21:03+08:00 ] ERR: (ThinkException) 无法加载模块favicon.ico
[ 2014-05-08T16:17:55+08:00 ] ERR: (ThinkException) 无法加载模块images
[ 2014-05-08T16:18:00+08:00 ] ERR: (ThinkException) 无法加载模块images
[ 2014-05-08T16:18:03+08:00 ] ERR: (ThinkException) 无法加载模块images
[ 2014-05-08T16:18:04+08:00 ] ERR: (ThinkException) 无法加载模块images
[ 2014-05-08T16:18:06+08:00 ] ERR: (ThinkException) 无法加载模块images
[ 2014-05-08T16:18:08+08:00 ] ERR: (ThinkException) 无法加载模块images
[ 2014-05-08T16:18:10+08:00 ] ERR: (ThinkException) 无法加载模块images
[ 2014-05-08T16:18:11+08:00 ] ERR: (ThinkException) 无法加载模块images
[ 2014-05-08T16:18:12+08:00 ] ERR: (ThinkException) 无法加载模块images
[ 2014-05-08T16:18:17+08:00 ] ERR: (ThinkException) 无法加载模块images
[ 2014-05-08T16:18:23+08:00 ] ERR: (ThinkException) 无法加载模块images
[ 2014-05-08T16:18:25+08:00 ] ERR: (ThinkException) 无法加载模块images
[ 2014-05-08T16:18:26+08:00 ] ERR: (ThinkException) 无法加载模块images
[ 2014-05-08T16:18:27+08:00 ] ERR: (ThinkException) 无法加载模块images
[ 2014-05-08T16:18:28+08:00 ] ERR: (ThinkException) 无法加载模块images
[ 2014-05-08T16:18:30+08:00 ] ERR: (ThinkException) 无法加载模块images
[ 2014-05-08T16:18:31+08:00 ] ERR: (ThinkException) 无法加载模块images
[ 2014-05-08T16:18:33+08:00 ] ERR: (ThinkException) 无法加载模块images
[ 2014-05-08T16:18:34+08:00 ] ERR: (ThinkException) 无法加载模块images
[ 2014-05-08T16:18:34+08:00 ] ERR: (ThinkException) 无法加载模块images
[ 2014-05-08T16:18:36+08:00 ] ERR: (ThinkException) 无法加载模块images
