[ 2014-07-02T10:15:56+08:00 ] SQL: SHOW COLUMNS FROM on_restaurant_member [ RunTime:0.006025s ]
[ 2014-07-02T10:15:57+08:00 ] SQL: SHOW COLUMNS FROM on_comment [ RunTime:0.030896s ]
[ 2014-07-02T10:15:57+08:00 ] SQL: select a.id,a.logo,a.nickname,a.remark,b.delivery,b.minimum,b.parking from on_restaurant_member as a left join on_restaurant_details as b on a.id = b.restaurant_id where a.status = 1 order by create_time desc limit 16 [ RunTime:0.008888s ]
[ 2014-07-02T10:15:57+08:00 ] NOTIC: [2] Invalid argument supplied for foreach() IndexAction.class.php 第 16 行.
[ 2014-07-02T10:15:57+08:00 ] NOTIC: [2] Invalid argument supplied for foreach() IndexAction.class.php 第 19 行.
[ 2014-07-02T10:15:57+08:00 ] NOTIC: [8] Undefined variable: list1 IndexAction.class.php 第 31 行.
[ 2014-07-02T10:15:57+08:00 ] NOTIC: [8] Undefined variable: page IndexAction.class.php 第 32 行.
[ 2014-07-02T10:15:59+08:00 ] NOTIC: [8] Undefined variable: member_id 50a80d95ab48e6914519aae87b5b2faf.php 第 303 行.
[ 2014-07-02T10:15:59+08:00 ] ERR: (ThinkException) 无法加载模块favicon.ico
[ 2014-07-02T10:16:00+08:00 ] NOTIC: [8] Undefined variable: member_id 50a80d95ab48e6914519aae87b5b2faf.php 第 303 行.
[ 2014-07-02T10:16:00+08:00 ] SQL: SHOW COLUMNS FROM on_restaurant_member [ RunTime:0.024711s ]
[ 2014-07-02T10:16:00+08:00 ] SQL: SHOW COLUMNS FROM on_comment [ RunTime:0.004812s ]
[ 2014-07-02T10:16:00+08:00 ] NOTIC: [8] Undefined variable: where DishesAction.class.php 第 107 行.
[ 2014-07-02T10:16:00+08:00 ] SQL: SELECT * FROM `on_restaurant_member` ORDER BY create_time desc [ RunTime:0.001854s ]
[ 2014-07-02T10:16:00+08:00 ] NOTIC: [8] Undefined variable: where DishesAction.class.php 第 108 行.
[ 2014-07-02T10:16:00+08:00 ] SQL: SELECT COUNT(*) AS tp_count FROM `on_restaurant_member` ORDER BY create_time desc LIMIT 1  [ RunTime:0.000342s ]
[ 2014-07-02T10:16:00+08:00 ] SQL: SELECT * FROM `on_comment` WHERE ( `restaurant_id` = '1' ) [ RunTime:0.000267s ]
[ 2014-07-02T10:16:00+08:00 ] NOTIC: [2] Invalid argument supplied for foreach() DishesAction.class.php 第 112 行.
[ 2014-07-02T10:16:00+08:00 ] NOTIC: [8] Undefined index: distance 9d604225e4579e330611e197605d731f.php 第 85 行.
[ 2014-07-02T10:16:00+08:00 ] NOTIC: [8] Undefined variable:  9d604225e4579e330611e197605d731f.php 第 91 行.
[ 2014-07-02T10:16:01+08:00 ] NOTIC: [8] Undefined variable: member_id 50a80d95ab48e6914519aae87b5b2faf.php 第 303 行.
[ 2014-07-02T10:16:22+08:00 ] ERR: (ThinkException) 无法加载模块favicon.ico
[ 2014-07-02T14:01:14+08:00 ] SQL: SHOW COLUMNS FROM on_restaurant_member [ RunTime:0.011779s ]
[ 2014-07-02T14:01:14+08:00 ] SQL: SHOW COLUMNS FROM on_comment [ RunTime:0.004775s ]
[ 2014-07-02T14:01:14+08:00 ] NOTIC: [8] Undefined index: address DishesAction.class.php 第 75 行.
[ 2014-07-02T14:01:14+08:00 ] NOTIC: [8] Undefined index: address DishesAction.class.php 第 75 行.
[ 2014-07-02T14:01:14+08:00 ] NOTIC: [8] Undefined index: taste DishesAction.class.php 第 76 行.
[ 2014-07-02T14:01:14+08:00 ] NOTIC: [8] Undefined index: taste DishesAction.class.php 第 76 行.
[ 2014-07-02T14:01:14+08:00 ] NOTIC: [8] Undefined index: lat DishesAction.class.php 第 78 行.
[ 2014-07-02T14:01:14+08:00 ] NOTIC: [8] Undefined variable: list DishesAction.class.php 第 109 行.
[ 2014-07-02T14:01:14+08:00 ] NOTIC: [2] Invalid argument supplied for foreach() DishesAction.class.php 第 109 行.
[ 2014-07-02T14:01:14+08:00 ] NOTIC: [8] Undefined variable: list DishesAction.class.php 第 119 行.
[ 2014-07-02T14:01:14+08:00 ] NOTIC: [8] Undefined variable: list_count DishesAction.class.php 第 120 行.
[ 2014-07-02T14:01:14+08:00 ] NOTIC: [8] Undefined variable: member_id 50a80d95ab48e6914519aae87b5b2faf.php 第 303 行.
[ 2014-07-02T14:03:55+08:00 ] NOTIC: [8] Undefined variable: member_id 50a80d95ab48e6914519aae87b5b2faf.php 第 303 行.
