[ 2014-07-31T15:33:32+08:00 ] NOTIC: [2] session_start() [<a href='function.session-start'>function.session-start</a>]: Cannot send session cache limiter - headers already sent (output started at /home/content/22/10698022/html/gomenuhub/HOME/Conf/config.php:1) ~runtime.php 第 2 行.
[ 2014-07-31T15:33:32+08:00 ] SQL: SHOW COLUMNS FROM on_restaurant_member [ RunTime:0.001135s ]
[ 2014-07-31T15:33:32+08:00 ] SQL: SHOW COLUMNS FROM on_comment [ RunTime:0.000630s ]
[ 2014-07-31T15:33:32+08:00 ] SQL: SELECT * FROM `on_restaurant_member` ORDER BY create_time desc LIMIT 4  [ RunTime:0.000672s ]
[ 2014-07-31T15:33:32+08:00 ] SQL: SELECT member_id,create_time,title FROM `on_comment` WHERE ( `restaurant_id` = '4' ) LIMIT 4  [ RunTime:0.000466s ]
[ 2014-07-31T15:33:32+08:00 ] SQL: SELECT member_id,create_time,title FROM `on_comment` WHERE ( `restaurant_id` = '1' ) LIMIT 4  [ RunTime:0.000478s ]
[ 2014-07-31T15:33:32+08:00 ] NOTIC: [8] Undefined variable: page IndexAction.class.php 第 34 行.
[ 2014-07-31T15:33:32+08:00 ] NOTIC: [2] Cannot modify header information - headers already sent by (output started at /home/content/22/10698022/html/gomenuhub/HOME/Conf/config.php:1) ~runtime.php 第 2 行.
[ 2014-07-31T15:33:32+08:00 ] NOTIC: [2] Cannot modify header information - headers already sent by (output started at /home/content/22/10698022/html/gomenuhub/HOME/Conf/config.php:1) ~runtime.php 第 2 行.
[ 2014-07-31T15:33:32+08:00 ] NOTIC: [2] Cannot modify header information - headers already sent by (output started at /home/content/22/10698022/html/gomenuhub/HOME/Conf/config.php:1) ~runtime.php 第 2 行.
[ 2014-07-31T15:33:32+08:00 ] SQL: SELECT COUNT(*) AS tp_count FROM `on_comment` WHERE ( `restaurant_id` = '4' ) LIMIT 1  [ RunTime:0.000901s ]
[ 2014-07-31T15:33:32+08:00 ] SQL: SELECT `star` FROM `on_comment` WHERE ( `restaurant_id` = '4' ) [ RunTime:0.000480s ]
[ 2014-07-31T15:33:32+08:00 ] NOTIC: [2] Invalid argument supplied for foreach() ShowStarWidget.class.php 第 9 行.
[ 2014-07-31T15:33:32+08:00 ] NOTIC: [8] Undefined variable: starcount ShowStarWidget.class.php 第 12 行.
[ 2014-07-31T15:33:32+08:00 ] NOTIC: [2] Division by zero ShowStarWidget.class.php 第 12 行.
[ 2014-07-31T15:33:32+08:00 ] NOTIC: [8] Undefined index:  parking 408254910b3032f023442dc1fec0d8ac.php 第 131 行.
[ 2014-07-31T15:33:32+08:00 ] SQL: SELECT COUNT(*) AS tp_count FROM `on_comment` WHERE ( `restaurant_id` = '1' ) LIMIT 1  [ RunTime:0.000438s ]
[ 2014-07-31T15:33:32+08:00 ] SQL: SELECT `star` FROM `on_comment` WHERE ( `restaurant_id` = '1' ) [ RunTime:0.000850s ]
[ 2014-07-31T15:33:32+08:00 ] NOTIC: [8] Undefined variable: starcount ShowStarWidget.class.php 第 10 行.
[ 2014-07-31T15:33:32+08:00 ] NOTIC: [8] Undefined index:  parking 408254910b3032f023442dc1fec0d8ac.php 第 131 行.
[ 2014-07-31T15:33:32+08:00 ] SQL: SHOW COLUMNS FROM on_member [ RunTime:0.002118s ]
[ 2014-07-31T15:33:32+08:00 ] SQL: SELECT `name` FROM `on_member` WHERE ( `id` = '1' ) LIMIT 1  [ RunTime:0.000717s ]
[ 2014-07-31T15:33:34+08:00 ] NOTIC: [2] session_start() [<a href='function.session-start'>function.session-start</a>]: Cannot send session cache limiter - headers already sent (output started at /home/content/22/10698022/html/gomenuhub/HOME/Conf/config.php:1) ~runtime.php 第 2 行.
[ 2014-07-31T15:33:34+08:00 ] NOTIC: [2] Cannot modify header information - headers already sent by (output started at /home/content/22/10698022/html/gomenuhub/HOME/Conf/config.php:1) ~runtime.php 第 2 行.
[ 2014-07-31T15:33:34+08:00 ] NOTIC: [2] Cannot modify header information - headers already sent by (output started at /home/content/22/10698022/html/gomenuhub/HOME/Conf/config.php:1) ~runtime.php 第 2 行.
[ 2014-07-31T15:33:34+08:00 ] NOTIC: [2] Cannot modify header information - headers already sent by (output started at /home/content/22/10698022/html/gomenuhub/HOME/Conf/config.php:1) ~runtime.php 第 2 行.
[ 2014-07-31T15:33:34+08:00 ] NOTIC: [2] session_start() [<a href='function.session-start'>function.session-start</a>]: Cannot send session cache limiter - headers already sent (output started at /home/content/22/10698022/html/gomenuhub/HOME/Conf/config.php:1) ~runtime.php 第 2 行.
[ 2014-07-31T15:33:34+08:00 ] NOTIC: [2] Cannot modify header information - headers already sent by (output started at /home/content/22/10698022/html/gomenuhub/HOME/Conf/config.php:1) ~runtime.php 第 2 行.
[ 2014-07-31T15:33:34+08:00 ] NOTIC: [2] Cannot modify header information - headers already sent by (output started at /home/content/22/10698022/html/gomenuhub/HOME/Conf/config.php:1) ~runtime.php 第 2 行.
[ 2014-07-31T15:33:34+08:00 ] NOTIC: [2] Cannot modify header information - headers already sent by (output started at /home/content/22/10698022/html/gomenuhub/HOME/Conf/config.php:1) ~runtime.php 第 2 行.
[ 2014-07-31T15:33:34+08:00 ] NOTIC: [8] Undefined variable: member_id 50a80d95ab48e6914519aae87b5b2faf.php 第 301 行.
