[ 2014-06-02T09:52:47+08:00 ] ERR: (ThinkException) 无法加载模块favicon.ico
[ 2014-06-02T09:52:48+08:00 ] ERR: (ThinkException) 无法加载模块favicon.ico
[ 2014-06-02T09:52:48+08:00 ] ERR: (ThinkException) 无法加载模块favicon.ico
[ 2014-06-02T09:52:56+08:00 ] ERR: (ThinkException) 无法加载模块Public
[ 2014-06-02T09:52:59+08:00 ] ERR: (ThinkException) 无法加载模块Public
[ 2014-06-02T10:59:16+08:00 ] ERR: (ThinkException) 无法加载模块tab_resturant_businesshours
[ 2014-06-02T10:59:17+08:00 ] ERR: (ThinkException) 无法加载模块css
[ 2014-06-02T10:59:17+08:00 ] ERR: (ThinkException) 无法加载模块images
[ 2014-06-02T11:15:37+08:00 ] ERR: (ThinkException) 无法加载模块Public
[ 2014-06-02T11:15:37+08:00 ] ERR: (ThinkException) 无法加载模块js
[ 2014-06-02T11:15:37+08:00 ] ERR: (ThinkException) 无法加载模块js
[ 2014-06-02T11:15:46+08:00 ] ERR: (ThinkException) 无法加载模块Public
[ 2014-06-02T11:16:39+08:00 ] ERR: (ThinkException) 无法加载模块Public
[ 2014-06-02T11:17:23+08:00 ] ERR: (ThinkException) 无法加载模块Public
[ 2014-06-02T10:36:29+08:00 ] ERR: (ThinkException) 无法加载模块Public
[ 2014-06-02T10:37:14+08:00 ] ERR: (ThinkException) 无法加载模块Public
[ 2014-06-02T10:41:07+08:00 ] ERR: (ThinkException) 无法加载模块Public
[ 2014-06-02T10:41:07+08:00 ] ERR: (ThinkException) 无法加载模块Public
[ 2014-06-02T10:43:27+08:00 ] ERR: (ThinkException) 无法加载模块Public
[ 2014-06-02T10:47:54+08:00 ] ERR: (ThinkException) 无法加载模块Public
[ 2014-06-02T10:48:42+08:00 ] ERR: (ThinkException) 无法加载模块Public
[ 2014-06-02T10:48:55+08:00 ] ERR: (ThinkException) 无法加载模块Public
[ 2014-06-02T10:49:31+08:00 ] ERR: (ThinkException) 无法加载模块Public
[ 2014-06-02T10:49:37+08:00 ] ERR: (ThinkException) 无法加载模块Public
[ 2014-06-02T10:49:37+08:00 ] ERR: (ThinkException) 无法加载模块Public
[ 2014-06-02T10:49:40+08:00 ] ERR: (ThinkException) 无法加载模块Public
[ 2014-06-02T10:49:40+08:00 ] ERR: (ThinkException) 无法加载模块js
[ 2014-06-02T10:49:40+08:00 ] ERR: (ThinkException) 无法加载模块js
[ 2014-06-02T10:49:42+08:00 ] ERR: (ThinkException) 无法加载模块Public
[ 2014-06-02T10:50:27+08:00 ] ERR: (ThinkException) 无法加载模块Public
[ 2014-06-02T10:51:15+08:00 ] ERR: (ThinkException) 无法加载模块Public
[ 2014-06-02T10:51:29+08:00 ] ERR: (ThinkException) 无法加载模块Public
[ 2014-06-02T10:51:46+08:00 ] ERR: (ThinkException) 无法加载模块Public
[ 2014-06-02T10:52:13+08:00 ] ERR: (ThinkException) 无法加载模块Public
[ 2014-06-02T10:52:15+08:00 ] ERR: (ThinkException) 无法加载模块Public
[ 2014-06-02T10:54:39+08:00 ] ERR: (ThinkException) 无法加载模块Public
[ 2014-06-02T10:55:38+08:00 ] ERR: (ThinkException) 无法加载模块Public
[ 2014-06-02T10:55:48+08:00 ] ERR: (ThinkException) 无法加载模块Public
[ 2014-06-02T10:56:16+08:00 ] ERR: (ThinkException) 无法加载模块Public
[ 2014-06-02T10:56:16+08:00 ] ERR: (ThinkException) 无法加载模块js
[ 2014-06-02T10:56:16+08:00 ] ERR: (ThinkException) 无法加载模块js
[ 2014-06-02T11:04:04+08:00 ] ERR: (ThinkException) 无法加载模块Public
[ 2014-06-02T11:04:04+08:00 ] ERR: (ThinkException) 无法加载模块js
[ 2014-06-02T11:04:04+08:00 ] ERR: (ThinkException) 无法加载模块js
[ 2014-06-02T11:04:07+08:00 ] ERR: (ThinkException) 无法加载模块Public
[ 2014-06-02T11:04:07+08:00 ] ERR: (ThinkException) 无法加载模块js
[ 2014-06-02T11:04:07+08:00 ] ERR: (ThinkException) 无法加载模块js
[ 2014-06-02T11:04:41+08:00 ] ERR: (ThinkException) 无法加载模块Public
[ 2014-06-02T11:04:41+08:00 ] ERR: (ThinkException) 无法加载模块js
[ 2014-06-02T11:04:41+08:00 ] ERR: (ThinkException) 无法加载模块js
[ 2014-06-02T11:04:45+08:00 ] ERR: (ThinkException) 无法加载模块Public
[ 2014-06-02T11:04:45+08:00 ] ERR: (ThinkException) 无法加载模块js
[ 2014-06-02T11:04:45+08:00 ] ERR: (ThinkException) 无法加载模块js
[ 2014-06-02T11:05:16+08:00 ] ERR: (ThinkException) 无法加载模块Public
[ 2014-06-02T11:05:16+08:00 ] ERR: (ThinkException) 无法加载模块js
[ 2014-06-02T11:05:16+08:00 ] ERR: (ThinkException) 无法加载模块js
[ 2014-06-02T11:05:19+08:00 ] ERR: (ThinkException) 无法加载模块Public
[ 2014-06-02T11:05:19+08:00 ] ERR: (ThinkException) 无法加载模块js
[ 2014-06-02T11:05:19+08:00 ] ERR: (ThinkException) 无法加载模块js
[ 2014-06-02T11:05:23+08:00 ] ERR: (ThinkException) 无法加载模块Public
[ 2014-06-02T11:05:23+08:00 ] ERR: (ThinkException) 无法加载模块js
[ 2014-06-02T11:05:23+08:00 ] ERR: (ThinkException) 无法加载模块js
[ 2014-06-02T11:05:53+08:00 ] ERR: (ThinkException) 无法加载模块Public
[ 2014-06-02T11:05:53+08:00 ] ERR: (ThinkException) 无法加载模块js
[ 2014-06-02T11:05:53+08:00 ] ERR: (ThinkException) 无法加载模块js
[ 2014-06-02T11:06:28+08:00 ] ERR: (ThinkException) 无法加载模块Public
[ 2014-06-02T11:06:28+08:00 ] ERR: (ThinkException) 无法加载模块js
[ 2014-06-02T11:06:28+08:00 ] ERR: (ThinkException) 无法加载模块js
[ 2014-06-02T11:07:32+08:00 ] ERR: (ThinkException) 无法加载模块Public
[ 2014-06-02T11:07:32+08:00 ] ERR: (ThinkException) 无法加载模块js
[ 2014-06-02T11:07:32+08:00 ] ERR: (ThinkException) 无法加载模块js
[ 2014-06-02T11:09:17+08:00 ] ERR: (ThinkException) 无法加载模块Public
[ 2014-06-02T11:09:17+08:00 ] ERR: (ThinkException) 无法加载模块js
[ 2014-06-02T11:09:17+08:00 ] ERR: (ThinkException) 无法加载模块js
[ 2014-06-02T11:10:07+08:00 ] ERR: (ThinkException) 无法加载模块Public
[ 2014-06-02T11:10:07+08:00 ] ERR: (ThinkException) 无法加载模块js
[ 2014-06-02T11:10:07+08:00 ] ERR: (ThinkException) 无法加载模块js
[ 2014-06-02T11:10:50+08:00 ] ERR: (ThinkException) 无法加载模块Public
[ 2014-06-02T11:10:50+08:00 ] ERR: (ThinkException) 无法加载模块js
[ 2014-06-02T11:10:50+08:00 ] ERR: (ThinkException) 无法加载模块js
[ 2014-06-02T11:10:52+08:00 ] ERR: (ThinkException) 无法加载模块Public
[ 2014-06-02T11:10:52+08:00 ] ERR: (ThinkException) 无法加载模块js
[ 2014-06-02T11:10:52+08:00 ] ERR: (ThinkException) 无法加载模块js
[ 2014-06-02T11:11:01+08:00 ] ERR: (ThinkException) 无法加载模块Public
[ 2014-06-02T11:11:01+08:00 ] ERR: (ThinkException) 无法加载模块js
[ 2014-06-02T11:11:01+08:00 ] ERR: (ThinkException) 无法加载模块js
[ 2014-06-02T11:12:49+08:00 ] ERR: (ThinkException) 无法加载模块Public
[ 2014-06-02T11:12:49+08:00 ] ERR: (ThinkException) 无法加载模块js
[ 2014-06-02T11:12:49+08:00 ] ERR: (ThinkException) 无法加载模块js
[ 2014-06-02T11:13:29+08:00 ] ERR: (ThinkException) 无法加载模块Public
[ 2014-06-02T11:13:29+08:00 ] ERR: (ThinkException) 无法加载模块js
[ 2014-06-02T11:13:29+08:00 ] ERR: (ThinkException) 无法加载模块js
[ 2014-06-02T11:13:34+08:00 ] ERR: (ThinkException) 无法加载模块js
[ 2014-06-02T11:13:35+08:00 ] ERR: (ThinkException) 无法加载模块Public
[ 2014-06-02T11:13:35+08:00 ] ERR: (ThinkException) 无法加载模块js
[ 2014-06-02T11:13:35+08:00 ] ERR: (ThinkException) 无法加载模块favicon.ico
[ 2014-06-02T11:16:07+08:00 ] ERR: (ThinkException) 无法加载模块Public
[ 2014-06-02T11:16:08+08:00 ] ERR: (ThinkException) 无法加载模块js
[ 2014-06-02T11:16:08+08:00 ] ERR: (ThinkException) 无法加载模块js
[ 2014-06-02T11:16:08+08:00 ] ERR: (ThinkException) 无法加载模块favicon.ico
[ 2014-06-02T11:16:10+08:00 ] ERR: (ThinkException) 无法加载模块Public
[ 2014-06-02T11:16:10+08:00 ] ERR: (ThinkException) 无法加载模块js
[ 2014-06-02T11:16:10+08:00 ] ERR: (ThinkException) 无法加载模块js
[ 2014-06-02T11:16:11+08:00 ] ERR: (ThinkException) 无法加载模块favicon.ico
[ 2014-06-02T11:16:12+08:00 ] ERR: (ThinkException) 无法加载模块Public
[ 2014-06-02T11:16:12+08:00 ] ERR: (ThinkException) 无法加载模块js
[ 2014-06-02T11:16:12+08:00 ] ERR: (ThinkException) 无法加载模块js
[ 2014-06-02T11:16:12+08:00 ] ERR: (ThinkException) 无法加载模块favicon.ico
[ 2014-06-02T11:17:22+08:00 ] ERR: (ThinkException) 无法加载模块Public
[ 2014-06-02T11:17:22+08:00 ] ERR: (ThinkException) 无法加载模块js
[ 2014-06-02T11:17:22+08:00 ] ERR: (ThinkException) 无法加载模块js
[ 2014-06-02T11:17:22+08:00 ] ERR: (ThinkException) 无法加载模块favicon.ico
[ 2014-06-02T11:17:24+08:00 ] ERR: (ThinkException) 无法加载模块Public
[ 2014-06-02T11:17:24+08:00 ] ERR: (ThinkException) 无法加载模块js
[ 2014-06-02T11:17:24+08:00 ] ERR: (ThinkException) 无法加载模块js
[ 2014-06-02T11:17:25+08:00 ] ERR: (ThinkException) 无法加载模块favicon.ico
[ 2014-06-02T11:18:43+08:00 ] ERR: (ThinkException) 无法加载模块Public
[ 2014-06-02T11:18:43+08:00 ] ERR: (ThinkException) 无法加载模块js
[ 2014-06-02T11:18:43+08:00 ] ERR: (ThinkException) 无法加载模块js
[ 2014-06-02T11:18:44+08:00 ] ERR: (ThinkException) 无法加载模块favicon.ico
[ 2014-06-02T11:18:45+08:00 ] ERR: (ThinkException) 无法加载模块Public
[ 2014-06-02T11:18:45+08:00 ] ERR: (ThinkException) 无法加载模块js
[ 2014-06-02T11:18:45+08:00 ] ERR: (ThinkException) 无法加载模块js
[ 2014-06-02T11:18:45+08:00 ] ERR: (ThinkException) 无法加载模块favicon.ico
[ 2014-06-02T11:18:55+08:00 ] ERR: (ThinkException) 无法加载模块Public
[ 2014-06-02T11:18:55+08:00 ] ERR: (ThinkException) 无法加载模块js
[ 2014-06-02T11:18:55+08:00 ] ERR: (ThinkException) 无法加载模块js
[ 2014-06-02T11:18:56+08:00 ] ERR: (ThinkException) 无法加载模块favicon.ico
[ 2014-06-02T11:19:03+08:00 ] ERR: (ThinkException) 无法加载模块Public
[ 2014-06-02T11:19:03+08:00 ] ERR: (ThinkException) 无法加载模块js
[ 2014-06-02T11:19:03+08:00 ] ERR: (ThinkException) 无法加载模块js
[ 2014-06-02T11:19:03+08:00 ] ERR: (ThinkException) 无法加载模块favicon.ico
[ 2014-06-02T11:19:07+08:00 ] ERR: (ThinkException) 无法加载模块Public
[ 2014-06-02T11:19:07+08:00 ] ERR: (ThinkException) 无法加载模块js
[ 2014-06-02T11:19:07+08:00 ] ERR: (ThinkException) 无法加载模块js
[ 2014-06-02T11:19:07+08:00 ] ERR: (ThinkException) 无法加载模块favicon.ico
[ 2014-06-02T11:21:04+08:00 ] ERR: (ThinkException) 无法加载模块Public
[ 2014-06-02T11:21:04+08:00 ] ERR: (ThinkException) 无法加载模块js
[ 2014-06-02T11:21:04+08:00 ] ERR: (ThinkException) 无法加载模块js
[ 2014-06-02T11:21:05+08:00 ] ERR: (ThinkException) 无法加载模块favicon.ico
[ 2014-06-02T11:21:08+08:00 ] ERR: (ThinkException) 无法加载模块Public
[ 2014-06-02T11:21:08+08:00 ] ERR: (ThinkException) 无法加载模块js
[ 2014-06-02T11:21:08+08:00 ] ERR: (ThinkException) 无法加载模块js
[ 2014-06-02T11:21:08+08:00 ] ERR: (ThinkException) 无法加载模块favicon.ico
[ 2014-06-02T11:23:07+08:00 ] ERR: (ThinkException) 无法加载模块Public
[ 2014-06-02T11:23:07+08:00 ] ERR: (ThinkException) 无法加载模块js
[ 2014-06-02T11:23:07+08:00 ] ERR: (ThinkException) 无法加载模块js
[ 2014-06-02T11:23:08+08:00 ] ERR: (ThinkException) 无法加载模块favicon.ico
[ 2014-06-02T11:23:24+08:00 ] ERR: (ThinkException) 无法加载模块Public
[ 2014-06-02T11:23:24+08:00 ] ERR: (ThinkException) 无法加载模块js
[ 2014-06-02T11:23:24+08:00 ] ERR: (ThinkException) 无法加载模块js
[ 2014-06-02T11:23:25+08:00 ] ERR: (ThinkException) 无法加载模块favicon.ico
[ 2014-06-02T11:23:29+08:00 ] ERR: (ThinkException) 无法加载模块Public
[ 2014-06-02T11:23:29+08:00 ] ERR: (ThinkException) 无法加载模块js
[ 2014-06-02T11:23:29+08:00 ] ERR: (ThinkException) 无法加载模块js
[ 2014-06-02T11:23:30+08:00 ] ERR: (ThinkException) 无法加载模块favicon.ico
[ 2014-06-02T11:25:24+08:00 ] ERR: (ThinkException) 无法加载模块Public
[ 2014-06-02T11:25:24+08:00 ] ERR: (ThinkException) 无法加载模块js
[ 2014-06-02T11:25:24+08:00 ] ERR: (ThinkException) 无法加载模块js
[ 2014-06-02T11:25:25+08:00 ] ERR: (ThinkException) 无法加载模块favicon.ico
[ 2014-06-02T11:25:53+08:00 ] ERR: (ThinkException) 无法加载模块Public
[ 2014-06-02T11:25:53+08:00 ] ERR: (ThinkException) 无法加载模块js
[ 2014-06-02T11:25:53+08:00 ] ERR: (ThinkException) 无法加载模块js
[ 2014-06-02T11:25:53+08:00 ] ERR: (ThinkException) 无法加载模块favicon.ico
[ 2014-06-02T11:26:52+08:00 ] ERR: (ThinkException) 无法加载模块__PUBLIC__
[ 2014-06-02T11:26:52+08:00 ] ERR: (ThinkException) 无法加载模块__PUBLIC__
[ 2014-06-02T11:26:52+08:00 ] ERR: (ThinkException) 无法加载模块js
[ 2014-06-02T11:26:52+08:00 ] ERR: (ThinkException) 无法加载模块__PUBLIC__
[ 2014-06-02T11:26:52+08:00 ] ERR: (ThinkException) 无法加载模块__PUBLIC__
[ 2014-06-02T11:26:52+08:00 ] ERR: (ThinkException) 无法加载模块js
[ 2014-06-02T11:26:52+08:00 ] ERR: (ThinkException) 无法加载模块__PUBLIC__
[ 2014-06-02T11:26:52+08:00 ] ERR: (ThinkException) 无法加载模块__PUBLIC__
[ 2014-06-02T11:26:52+08:00 ] ERR: (ThinkException) 无法加载模块__PUBLIC__
[ 2014-06-02T11:26:52+08:00 ] ERR: (ThinkException) 无法加载模块__PUBLIC__
[ 2014-06-02T11:26:52+08:00 ] ERR: (ThinkException) 无法加载模块__PUBLIC__
[ 2014-06-02T11:26:52+08:00 ] ERR: (ThinkException) 无法加载模块__PUBLIC__
[ 2014-06-02T11:26:52+08:00 ] ERR: (ThinkException) 无法加载模块js
[ 2014-06-02T11:26:52+08:00 ] ERR: (ThinkException) 无法加载模块js
[ 2014-06-02T11:26:53+08:00 ] ERR: (ThinkException) 无法加载模块__PUBLIC__
[ 2014-06-02T11:26:53+08:00 ] ERR: (ThinkException) 无法加载模块__PUBLIC__
[ 2014-06-02T11:26:53+08:00 ] ERR: (ThinkException) 无法加载模块__PUBLIC__
[ 2014-06-02T11:26:53+08:00 ] ERR: (ThinkException) 无法加载模块__PUBLIC__
[ 2014-06-02T11:26:53+08:00 ] ERR: (ThinkException) 无法加载模块__PUBLIC__
[ 2014-06-02T11:26:53+08:00 ] ERR: (ThinkException) 无法加载模块js
[ 2014-06-02T11:26:53+08:00 ] ERR: (ThinkException) 无法加载模块js
[ 2014-06-02T11:26:53+08:00 ] ERR: (ThinkException) 无法加载模块__PUBLIC__
[ 2014-06-02T11:26:53+08:00 ] ERR: (ThinkException) 无法加载模块__PUBLIC__
[ 2014-06-02T11:26:53+08:00 ] ERR: (ThinkException) 无法加载模块__PUBLIC__
[ 2014-06-02T11:26:53+08:00 ] ERR: (ThinkException) 无法加载模块__PUBLIC__
[ 2014-06-02T11:26:53+08:00 ] ERR: (ThinkException) 无法加载模块js
[ 2014-06-02T11:26:53+08:00 ] ERR: (ThinkException) 无法加载模块__PUBLIC__
[ 2014-06-02T11:26:53+08:00 ] ERR: (ThinkException) 无法加载模块js
[ 2014-06-02T11:26:53+08:00 ] ERR: (ThinkException) 无法加载模块__PUBLIC__
[ 2014-06-02T11:26:53+08:00 ] ERR: (ThinkException) 无法加载模块__PUBLIC__
[ 2014-06-02T11:26:53+08:00 ] ERR: (ThinkException) 无法加载模块__PUBLIC__
[ 2014-06-02T11:26:53+08:00 ] ERR: (ThinkException) 无法加载模块favicon.ico
[ 2014-06-02T11:26:53+08:00 ] ERR: (ThinkException) 无法加载模块__PUBLIC__
[ 2014-06-02T11:26:53+08:00 ] ERR: (ThinkException) 无法加载模块__PUBLIC__
[ 2014-06-02T11:26:53+08:00 ] ERR: (ThinkException) 无法加载模块__PUBLIC__
[ 2014-06-02T11:26:53+08:00 ] ERR: (ThinkException) 无法加载模块__PUBLIC__
[ 2014-06-02T11:26:53+08:00 ] ERR: (ThinkException) 无法加载模块__PUBLIC__
[ 2014-06-02T11:27:29+08:00 ] ERR: (ThinkException) 无法加载模块Public
[ 2014-06-02T11:27:29+08:00 ] ERR: (ThinkException) 无法加载模块js
[ 2014-06-02T11:27:29+08:00 ] ERR: (ThinkException) 无法加载模块js
[ 2014-06-02T11:27:30+08:00 ] ERR: (ThinkException) 无法加载模块favicon.ico
[ 2014-06-02T11:29:39+08:00 ] ERR: (ThinkException) 无法加载模块favicon.ico
[ 2014-06-02T11:30:19+08:00 ] ERR: (ThinkException) 无法加载模块favicon.ico
[ 2014-06-02T11:30:30+08:00 ] ERR: (ThinkException) 无法加载模块Public
[ 2014-06-02T11:30:30+08:00 ] ERR: (ThinkException) 无法加载模块js
[ 2014-06-02T11:30:30+08:00 ] ERR: (ThinkException) 无法加载模块js
[ 2014-06-02T11:30:31+08:00 ] ERR: (ThinkException) 无法加载模块favicon.ico
[ 2014-06-02T11:31:07+08:00 ] ERR: (ThinkException) 无法加载模块favicon.ico
[ 2014-06-02T11:31:13+08:00 ] ERR: (ThinkException) 无法加载模块Public
[ 2014-06-02T11:31:13+08:00 ] ERR: (ThinkException) 无法加载模块js
[ 2014-06-02T11:31:13+08:00 ] ERR: (ThinkException) 无法加载模块js
[ 2014-06-02T11:31:14+08:00 ] ERR: (ThinkException) 无法加载模块favicon.ico
[ 2014-06-02T11:32:06+08:00 ] ERR: (ThinkException) 无法加载模块Public
[ 2014-06-02T11:32:06+08:00 ] ERR: (ThinkException) 无法加载模块js
[ 2014-06-02T11:32:06+08:00 ] ERR: (ThinkException) 无法加载模块js
[ 2014-06-02T11:32:07+08:00 ] ERR: (ThinkException) 无法加载模块favicon.ico
[ 2014-06-02T11:32:19+08:00 ] ERR: (ThinkException) 无法加载模块Public
[ 2014-06-02T11:32:19+08:00 ] ERR: (ThinkException) 无法加载模块js
[ 2014-06-02T11:32:19+08:00 ] ERR: (ThinkException) 无法加载模块js
[ 2014-06-02T11:32:20+08:00 ] ERR: (ThinkException) 无法加载模块favicon.ico
[ 2014-06-02T11:32:52+08:00 ] ERR: (ThinkException) 无法加载模块Public
[ 2014-06-02T11:32:52+08:00 ] ERR: (ThinkException) 无法加载模块js
[ 2014-06-02T11:32:52+08:00 ] ERR: (ThinkException) 无法加载模块js
[ 2014-06-02T11:32:53+08:00 ] ERR: (ThinkException) 无法加载模块favicon.ico
[ 2014-06-02T11:35:22+08:00 ] ERR: (ThinkException) 无法加载模块Public
[ 2014-06-02T11:35:22+08:00 ] ERR: (ThinkException) 无法加载模块js
[ 2014-06-02T11:35:22+08:00 ] ERR: (ThinkException) 无法加载模块js
[ 2014-06-02T11:35:22+08:00 ] ERR: (ThinkException) 无法加载模块favicon.ico
[ 2014-06-02T11:35:52+08:00 ] ERR: (ThinkException) 无法加载模块Public
[ 2014-06-02T11:35:52+08:00 ] ERR: (ThinkException) 无法加载模块js
[ 2014-06-02T11:35:52+08:00 ] ERR: (ThinkException) 无法加载模块js
[ 2014-06-02T11:35:53+08:00 ] ERR: (ThinkException) 无法加载模块favicon.ico
[ 2014-06-02T11:36:38+08:00 ] ERR: (ThinkException) 无法加载模块Public
[ 2014-06-02T11:36:39+08:00 ] ERR: (ThinkException) 无法加载模块js
[ 2014-06-02T11:36:39+08:00 ] ERR: (ThinkException) 无法加载模块js
[ 2014-06-02T11:36:39+08:00 ] ERR: (ThinkException) 无法加载模块favicon.ico
[ 2014-06-02T11:36:49+08:00 ] ERR: (ThinkException) 无法加载模块Public
[ 2014-06-02T11:37:10+08:00 ] ERR: (ThinkException) 无法加载模块favicon.ico
[ 2014-06-02T11:39:14+08:00 ] ERR: (ThinkException) 无法加载模块Public
[ 2014-06-02T11:39:14+08:00 ] ERR: (ThinkException) 无法加载模块Public
[ 2014-06-02T11:40:19+08:00 ] ERR: (ThinkException) 无法加载模块Public
[ 2014-06-02T11:40:19+08:00 ] ERR: (ThinkException) 无法加载模块js
[ 2014-06-02T11:40:19+08:00 ] ERR: (ThinkException) 无法加载模块js
[ 2014-06-02T11:40:20+08:00 ] ERR: (ThinkException) 无法加载模块favicon.ico
[ 2014-06-02T11:40:36+08:00 ] ERR: (ThinkException) 无法加载模块Public
[ 2014-06-02T11:40:36+08:00 ] ERR: (ThinkException) 无法加载模块js
[ 2014-06-02T11:40:36+08:00 ] ERR: (ThinkException) 无法加载模块js
[ 2014-06-02T11:40:36+08:00 ] ERR: (ThinkException) 无法加载模块favicon.ico
[ 2014-06-02T11:40:39+08:00 ] ERR: (ThinkException) 无法加载模块Public
[ 2014-06-02T11:40:39+08:00 ] ERR: (ThinkException) 无法加载模块js
[ 2014-06-02T11:40:39+08:00 ] ERR: (ThinkException) 无法加载模块js
[ 2014-06-02T11:40:40+08:00 ] ERR: (ThinkException) 无法加载模块favicon.ico
[ 2014-06-02T11:40:40+08:00 ] ERR: (ThinkException) 无法加载模块Public
[ 2014-06-02T11:40:40+08:00 ] ERR: (ThinkException) 无法加载模块js
[ 2014-06-02T11:40:40+08:00 ] ERR: (ThinkException) 无法加载模块js
[ 2014-06-02T11:40:41+08:00 ] ERR: (ThinkException) 无法加载模块favicon.ico
[ 2014-06-02T11:40:55+08:00 ] ERR: (ThinkException) 无法加载模块Public
[ 2014-06-02T11:40:55+08:00 ] ERR: (ThinkException) 无法加载模块js
[ 2014-06-02T11:40:55+08:00 ] ERR: (ThinkException) 无法加载模块js
[ 2014-06-02T11:40:55+08:00 ] ERR: (ThinkException) 无法加载模块favicon.ico
[ 2014-06-02T11:41:28+08:00 ] ERR: (ThinkException) 无法加载模块Public
[ 2014-06-02T11:41:28+08:00 ] ERR: (ThinkException) 无法加载模块js
[ 2014-06-02T11:41:28+08:00 ] ERR: (ThinkException) 无法加载模块js
[ 2014-06-02T11:41:28+08:00 ] ERR: (ThinkException) 无法加载模块favicon.ico
[ 2014-06-02T11:41:31+08:00 ] ERR: (ThinkException) 无法加载模块Public
[ 2014-06-02T11:41:31+08:00 ] ERR: (ThinkException) 无法加载模块js
[ 2014-06-02T11:41:31+08:00 ] ERR: (ThinkException) 无法加载模块js
[ 2014-06-02T11:41:32+08:00 ] ERR: (ThinkException) 无法加载模块favicon.ico
[ 2014-06-02T11:41:32+08:00 ] ERR: (ThinkException) 无法加载模块Public
[ 2014-06-02T11:41:32+08:00 ] ERR: (ThinkException) 无法加载模块js
[ 2014-06-02T11:41:32+08:00 ] ERR: (ThinkException) 无法加载模块js
[ 2014-06-02T11:41:33+08:00 ] ERR: (ThinkException) 无法加载模块favicon.ico
[ 2014-06-02T11:41:33+08:00 ] ERR: (ThinkException) 无法加载模块favicon.ico
[ 2014-06-02T11:41:34+08:00 ] ERR: (ThinkException) 无法加载模块Public
[ 2014-06-02T11:41:34+08:00 ] ERR: (ThinkException) 无法加载模块js
[ 2014-06-02T11:41:34+08:00 ] ERR: (ThinkException) 无法加载模块js
[ 2014-06-02T11:41:35+08:00 ] ERR: (ThinkException) 无法加载模块favicon.ico
[ 2014-06-02T11:41:39+08:00 ] ERR: (ThinkException) 无法加载模块Public
[ 2014-06-02T11:41:39+08:00 ] ERR: (ThinkException) 无法加载模块js
[ 2014-06-02T11:41:39+08:00 ] ERR: (ThinkException) 无法加载模块js
[ 2014-06-02T11:41:39+08:00 ] ERR: (ThinkException) 无法加载模块favicon.ico
[ 2014-06-02T11:41:45+08:00 ] ERR: (ThinkException) 无法加载模块Public
[ 2014-06-02T11:41:45+08:00 ] ERR: (ThinkException) 无法加载模块js
[ 2014-06-02T11:41:45+08:00 ] ERR: (ThinkException) 无法加载模块js
[ 2014-06-02T11:41:46+08:00 ] ERR: (ThinkException) 无法加载模块favicon.ico
[ 2014-06-02T11:42:51+08:00 ] ERR: (ThinkException) 无法加载模块Public
[ 2014-06-02T11:42:51+08:00 ] ERR: (ThinkException) 无法加载模块js
[ 2014-06-02T11:42:51+08:00 ] ERR: (ThinkException) 无法加载模块js
[ 2014-06-02T11:42:51+08:00 ] ERR: (ThinkException) 无法加载模块favicon.ico
[ 2014-06-02T11:42:57+08:00 ] ERR: (ThinkException) 无法加载模块Public
[ 2014-06-02T11:42:57+08:00 ] ERR: (ThinkException) 无法加载模块js
[ 2014-06-02T11:42:57+08:00 ] ERR: (ThinkException) 无法加载模块js
[ 2014-06-02T11:42:57+08:00 ] ERR: (ThinkException) 无法加载模块favicon.ico
[ 2014-06-02T11:43:23+08:00 ] ERR: (ThinkException) 无法加载模块Public
[ 2014-06-02T11:43:23+08:00 ] ERR: (ThinkException) 无法加载模块js
[ 2014-06-02T11:43:23+08:00 ] ERR: (ThinkException) 无法加载模块js
[ 2014-06-02T11:43:24+08:00 ] ERR: (ThinkException) 无法加载模块favicon.ico
[ 2014-06-02T11:43:28+08:00 ] ERR: (ThinkException) 无法加载模块Public
[ 2014-06-02T11:43:28+08:00 ] ERR: (ThinkException) 无法加载模块js
[ 2014-06-02T11:43:28+08:00 ] ERR: (ThinkException) 无法加载模块js
[ 2014-06-02T11:43:28+08:00 ] ERR: (ThinkException) 无法加载模块favicon.ico
[ 2014-06-02T11:43:49+08:00 ] ERR: (ThinkException) 无法加载模块Public
[ 2014-06-02T11:43:49+08:00 ] ERR: (ThinkException) 无法加载模块js
[ 2014-06-02T11:43:49+08:00 ] ERR: (ThinkException) 无法加载模块js
[ 2014-06-02T11:43:50+08:00 ] ERR: (ThinkException) 无法加载模块favicon.ico
[ 2014-06-02T11:44:35+08:00 ] ERR: (ThinkException) 无法加载模块Public
[ 2014-06-02T11:44:35+08:00 ] ERR: (ThinkException) 无法加载模块js
[ 2014-06-02T11:44:35+08:00 ] ERR: (ThinkException) 无法加载模块js
[ 2014-06-02T11:44:36+08:00 ] ERR: (ThinkException) 无法加载模块favicon.ico
[ 2014-06-02T11:46:38+08:00 ] ERR: (ThinkException) 无法加载模块Public
[ 2014-06-02T11:46:38+08:00 ] ERR: (ThinkException) 无法加载模块js
[ 2014-06-02T11:46:38+08:00 ] ERR: (ThinkException) 无法加载模块js
[ 2014-06-02T11:46:38+08:00 ] ERR: (ThinkException) 无法加载模块favicon.ico
[ 2014-06-02T11:49:52+08:00 ] ERR: (ThinkException) 无法加载模块Public
[ 2014-06-02T11:49:52+08:00 ] ERR: (ThinkException) 无法加载模块js
[ 2014-06-02T11:49:52+08:00 ] ERR: (ThinkException) 无法加载模块js
[ 2014-06-02T11:49:53+08:00 ] ERR: (ThinkException) 无法加载模块favicon.ico
[ 2014-06-02T11:50:09+08:00 ] ERR: (ThinkException) 无法加载模块Public
[ 2014-06-02T11:50:09+08:00 ] ERR: (ThinkException) 无法加载模块js
[ 2014-06-02T11:50:09+08:00 ] ERR: (ThinkException) 无法加载模块js
[ 2014-06-02T11:50:09+08:00 ] ERR: (ThinkException) 无法加载模块favicon.ico
[ 2014-06-02T11:51:39+08:00 ] ERR: (ThinkException) 无法加载模块Public
[ 2014-06-02T11:51:39+08:00 ] ERR: (ThinkException) 无法加载模块js
[ 2014-06-02T11:51:39+08:00 ] ERR: (ThinkException) 无法加载模块js
[ 2014-06-02T11:51:39+08:00 ] ERR: (ThinkException) 无法加载模块favicon.ico
[ 2014-06-02T11:52:18+08:00 ] ERR: (ThinkException) 无法加载模块Public
[ 2014-06-02T11:52:18+08:00 ] ERR: (ThinkException) 无法加载模块js
[ 2014-06-02T11:52:18+08:00 ] ERR: (ThinkException) 无法加载模块js
[ 2014-06-02T11:52:18+08:00 ] ERR: (ThinkException) 无法加载模块favicon.ico
[ 2014-06-02T11:53:59+08:00 ] ERR: (ThinkException) 无法加载模块Public
[ 2014-06-02T11:53:59+08:00 ] ERR: (ThinkException) 无法加载模块js
[ 2014-06-02T11:53:59+08:00 ] ERR: (ThinkException) 无法加载模块js
[ 2014-06-02T11:54:00+08:00 ] ERR: (ThinkException) 无法加载模块favicon.ico
[ 2014-06-02T11:54:36+08:00 ] ERR: (ThinkException) 无法加载模块Public
[ 2014-06-02T11:54:57+08:00 ] ERR: (ThinkException) 无法加载模块favicon.ico
[ 2014-06-02T11:56:33+08:00 ] ERR: (ThinkException) 无法加载模块Public
[ 2014-06-02T11:56:33+08:00 ] ERR: (ThinkException) 无法加载模块js
[ 2014-06-02T11:56:33+08:00 ] ERR: (ThinkException) 无法加载模块js
[ 2014-06-02T11:56:34+08:00 ] ERR: (ThinkException) 无法加载模块favicon.ico
[ 2014-06-02T11:56:49+08:00 ] ERR: (ThinkException) 无法加载模块Public
[ 2014-06-02T11:56:49+08:00 ] ERR: (ThinkException) 无法加载模块js
[ 2014-06-02T11:56:49+08:00 ] ERR: (ThinkException) 无法加载模块js
[ 2014-06-02T11:56:49+08:00 ] ERR: (ThinkException) 无法加载模块favicon.ico
[ 2014-06-02T11:58:38+08:00 ] ERR: (ThinkException) 无法加载模块Public
[ 2014-06-02T11:58:38+08:00 ] ERR: (ThinkException) 无法加载模块js
[ 2014-06-02T11:58:38+08:00 ] ERR: (ThinkException) 无法加载模块js
[ 2014-06-02T11:58:38+08:00 ] ERR: (ThinkException) 无法加载模块favicon.ico
[ 2014-06-02T12:00:10+08:00 ] ERR: (ThinkException) 无法加载模块Public
[ 2014-06-02T12:00:10+08:00 ] ERR: (ThinkException) 无法加载模块js
[ 2014-06-02T12:00:10+08:00 ] ERR: (ThinkException) 无法加载模块js
[ 2014-06-02T12:00:10+08:00 ] ERR: (ThinkException) 无法加载模块favicon.ico
[ 2014-06-02T12:01:33+08:00 ] ERR: (ThinkException) 无法加载模块Public
[ 2014-06-02T12:01:33+08:00 ] ERR: (ThinkException) 无法加载模块js
[ 2014-06-02T12:01:33+08:00 ] ERR: (ThinkException) 无法加载模块js
[ 2014-06-02T12:01:33+08:00 ] ERR: (ThinkException) 无法加载模块favicon.ico
[ 2014-06-02T12:03:36+08:00 ] ERR: (ThinkException) 无法加载模块Public
[ 2014-06-02T12:03:36+08:00 ] ERR: (ThinkException) 无法加载模块js
[ 2014-06-02T12:03:36+08:00 ] ERR: (ThinkException) 无法加载模块js
[ 2014-06-02T12:03:37+08:00 ] ERR: (ThinkException) 无法加载模块favicon.ico
[ 2014-06-02T12:08:51+08:00 ] ERR: (ThinkException) 无法加载模块Public
[ 2014-06-02T12:08:51+08:00 ] ERR: (ThinkException) 无法加载模块js
[ 2014-06-02T12:08:51+08:00 ] ERR: (ThinkException) 无法加载模块js
[ 2014-06-02T12:08:52+08:00 ] ERR: (ThinkException) 无法加载模块favicon.ico
[ 2014-06-02T12:13:03+08:00 ] ERR: (ThinkException) 无法加载模块Public
[ 2014-06-02T12:13:03+08:00 ] ERR: (ThinkException) 无法加载模块favicon.ico
[ 2014-06-02T12:20:46+08:00 ] ERR: (ThinkException) 无法加载模块Public
[ 2014-06-02T12:20:46+08:00 ] ERR: (ThinkException) 无法加载模块Public
[ 2014-06-02T12:22:26+08:00 ] ERR: (ThinkException) 无法加载模块Public
[ 2014-06-02T12:22:26+08:00 ] ERR: (ThinkException) 无法加载模块Public
[ 2014-06-02T12:23:41+08:00 ] ERR: (ThinkException) 无法加载模块Public
[ 2014-06-02T12:24:33+08:00 ] ERR: (ThinkException) 无法加载模块Public
[ 2014-06-02T12:24:37+08:00 ] ERR: (ThinkException) 无法加载模块Public
[ 2014-06-02T12:25:41+08:00 ] ERR: (ThinkException) 无法加载模块Public
[ 2014-06-02T12:25:41+08:00 ] ERR: (ThinkException) 无法加载模块js
[ 2014-06-02T12:25:41+08:00 ] ERR: (ThinkException) 无法加载模块js
[ 2014-06-02T12:25:41+08:00 ] ERR: (ThinkException) 无法加载模块favicon.ico
[ 2014-06-02T12:25:45+08:00 ] ERR: (ThinkException) 无法加载模块Public
[ 2014-06-02T12:25:45+08:00 ] ERR: (ThinkException) 无法加载模块Public
[ 2014-06-02T12:25:45+08:00 ] ERR: (ThinkException) 无法加载模块favicon.ico
[ 2014-06-02T12:26:34+08:00 ] ERR: (ThinkException) 无法加载模块favicon.ico
[ 2014-06-02T12:27:13+08:00 ] ERR: (ThinkException) 无法加载模块favicon.ico
[ 2014-06-02T12:27:15+08:00 ] ERR: (ThinkException) 无法加载模块Public
[ 2014-06-02T12:27:15+08:00 ] ERR: (ThinkException) 无法加载模块Public
[ 2014-06-02T12:27:16+08:00 ] ERR: (ThinkException) 无法加载模块favicon.ico
[ 2014-06-02T12:27:18+08:00 ] ERR: (ThinkException) 无法加载模块Public
[ 2014-06-02T12:27:18+08:00 ] ERR: (ThinkException) 无法加载模块js
[ 2014-06-02T12:27:18+08:00 ] ERR: (ThinkException) 无法加载模块js
[ 2014-06-02T12:27:18+08:00 ] ERR: (ThinkException) 无法加载模块favicon.ico
[ 2014-06-02T12:27:20+08:00 ] ERR: (ThinkException) 无法加载模块Public
[ 2014-06-02T12:27:20+08:00 ] ERR: (ThinkException) 无法加载模块favicon.ico
[ 2014-06-02T12:29:54+08:00 ] ERR: (ThinkException) 无法加载模块Public
[ 2014-06-02T12:29:54+08:00 ] ERR: (ThinkException) 无法加载模块js
[ 2014-06-02T12:29:54+08:00 ] ERR: (ThinkException) 无法加载模块js
[ 2014-06-02T12:29:55+08:00 ] ERR: (ThinkException) 无法加载模块favicon.ico
[ 2014-06-02T12:29:56+08:00 ] ERR: (ThinkException) 无法加载模块Public
[ 2014-06-02T12:29:57+08:00 ] ERR: (ThinkException) 无法加载模块favicon.ico
[ 2014-06-02T12:31:34+08:00 ] ERR: (ThinkException) 无法加载模块Public
[ 2014-06-02T12:31:34+08:00 ] ERR: (ThinkException) 无法加载模块js
[ 2014-06-02T12:31:34+08:00 ] ERR: (ThinkException) 无法加载模块js
[ 2014-06-02T12:31:35+08:00 ] ERR: (ThinkException) 无法加载模块favicon.ico
[ 2014-06-02T12:31:37+08:00 ] ERR: (ThinkException) 无法加载模块Public
[ 2014-06-02T12:31:37+08:00 ] ERR: (ThinkException) 无法加载模块Public
[ 2014-06-02T12:31:38+08:00 ] ERR: (ThinkException) 无法加载模块favicon.ico
[ 2014-06-02T12:31:48+08:00 ] ERR: (ThinkException) 无法加载模块favicon.ico
[ 2014-06-02T12:32:37+08:00 ] ERR: (ThinkException) 无法加载模块Public
[ 2014-06-02T12:32:37+08:00 ] ERR: (ThinkException) 无法加载模块Public
[ 2014-06-02T12:32:38+08:00 ] ERR: (ThinkException) 无法加载模块favicon.ico
[ 2014-06-02T12:32:40+08:00 ] ERR: (ThinkException) 无法加载模块favicon.ico
[ 2014-06-02T12:32:45+08:00 ] ERR: (ThinkException) 无法加载模块Public
[ 2014-06-02T12:32:45+08:00 ] ERR: (ThinkException) 无法加载模块Public
[ 2014-06-02T12:32:46+08:00 ] ERR: (ThinkException) 无法加载模块favicon.ico
[ 2014-06-02T12:32:51+08:00 ] ERR: (ThinkException) 无法加载模块favicon.ico
[ 2014-06-02T12:34:07+08:00 ] ERR: (ThinkException) 无法加载模块Public
[ 2014-06-02T12:34:08+08:00 ] ERR: (ThinkException) 无法加载模块favicon.ico
[ 2014-06-02T12:34:11+08:00 ] ERR: (ThinkException) 无法加载模块favicon.ico
[ 2014-06-02T12:35:11+08:00 ] ERR: (ThinkException) 无法加载模块Public
[ 2014-06-02T12:35:11+08:00 ] ERR: (ThinkException) 无法加载模块Public
[ 2014-06-02T12:35:12+08:00 ] ERR: (ThinkException) 无法加载模块favicon.ico
[ 2014-06-02T12:35:14+08:00 ] ERR: (ThinkException) 无法加载模块favicon.ico
[ 2014-06-02T12:35:16+08:00 ] ERR: (ThinkException) 无法加载模块Public
[ 2014-06-02T12:35:16+08:00 ] ERR: (ThinkException) 无法加载模块Public
[ 2014-06-02T12:35:16+08:00 ] ERR: (ThinkException) 无法加载模块favicon.ico
[ 2014-06-02T12:35:16+08:00 ] ERR: (ThinkException) 无法加载模块Public
[ 2014-06-02T12:35:16+08:00 ] ERR: (ThinkException) 无法加载模块js
[ 2014-06-02T12:35:16+08:00 ] ERR: (ThinkException) 无法加载模块js
[ 2014-06-02T12:35:17+08:00 ] ERR: (ThinkException) 无法加载模块favicon.ico
[ 2014-06-02T12:35:19+08:00 ] ERR: (ThinkException) 无法加载模块Public
[ 2014-06-02T12:35:19+08:00 ] ERR: (ThinkException) 无法加载模块favicon.ico
[ 2014-06-02T12:35:31+08:00 ] ERR: (ThinkException) 无法加载模块favicon.ico
[ 2014-06-02T12:36:39+08:00 ] ERR: (ThinkException) 无法加载模块Public
[ 2014-06-02T12:36:39+08:00 ] ERR: (ThinkException) 无法加载模块Public
[ 2014-06-02T12:36:40+08:00 ] ERR: (ThinkException) 无法加载模块favicon.ico
[ 2014-06-02T12:36:43+08:00 ] ERR: (ThinkException) 无法加载模块Public
[ 2014-06-02T12:36:43+08:00 ] ERR: (ThinkException) 无法加载模块js
[ 2014-06-02T12:36:43+08:00 ] ERR: (ThinkException) 无法加载模块js
[ 2014-06-02T12:36:44+08:00 ] ERR: (ThinkException) 无法加载模块favicon.ico
[ 2014-06-02T12:37:11+08:00 ] ERR: (ThinkException) 无法加载模块Public
[ 2014-06-02T12:37:12+08:00 ] ERR: (ThinkException) 无法加载模块favicon.ico
[ 2014-06-02T12:38:23+08:00 ] ERR: (ThinkException) 无法加载模块Public
[ 2014-06-02T12:38:23+08:00 ] ERR: (ThinkException) 无法加载模块js
[ 2014-06-02T12:38:23+08:00 ] ERR: (ThinkException) 无法加载模块js
[ 2014-06-02T12:38:24+08:00 ] ERR: (ThinkException) 无法加载模块favicon.ico
[ 2014-06-02T12:38:27+08:00 ] ERR: (ThinkException) 无法加载模块Public
[ 2014-06-02T12:38:28+08:00 ] ERR: (ThinkException) 无法加载模块favicon.ico
[ 2014-06-02T12:38:44+08:00 ] ERR: (ThinkException) 无法加载模块Public
[ 2014-06-02T12:38:44+08:00 ] ERR: (ThinkException) 无法加载模块Public
[ 2014-06-02T12:39:05+08:00 ] ERR: (ThinkException) 无法加载模块favicon.ico
[ 2014-06-02T12:40:40+08:00 ] ERR: (ThinkException) 无法加载模块Public
[ 2014-06-02T12:40:40+08:00 ] ERR: (ThinkException) 无法加载模块js
[ 2014-06-02T12:40:40+08:00 ] ERR: (ThinkException) 无法加载模块js
[ 2014-06-02T12:40:41+08:00 ] ERR: (ThinkException) 无法加载模块favicon.ico
[ 2014-06-02T12:40:44+08:00 ] ERR: (ThinkException) 无法加载模块Public
[ 2014-06-02T12:41:05+08:00 ] ERR: (ThinkException) 无法加载模块favicon.ico
[ 2014-06-02T12:42:55+08:00 ] ERR: (ThinkException) 无法加载模块Public
[ 2014-06-02T12:42:55+08:00 ] ERR: (ThinkException) 无法加载模块Public
[ 2014-06-02T12:44:19+08:00 ] ERR: (ThinkException) 无法加载模块Public
[ 2014-06-02T12:44:19+08:00 ] ERR: (ThinkException) 无法加载模块Public
[ 2014-06-02T12:45:41+08:00 ] ERR: (ThinkException) 无法加载模块favicon.ico
[ 2014-06-02T12:51:21+08:00 ] ERR: (ThinkException) 无法加载模块favicon.ico
[ 2014-06-02T12:51:31+08:00 ] ERR: (ThinkException) 无法加载模块Public
[ 2014-06-02T12:51:32+08:00 ] ERR: (ThinkException) 无法加载模块Public
[ 2014-06-02T12:51:32+08:00 ] ERR: (ThinkException) 无法加载模块favicon.ico
[ 2014-06-02T12:51:34+08:00 ] ERR: (ThinkException) 无法加载模块Public
[ 2014-06-02T12:51:34+08:00 ] ERR: (ThinkException) 无法加载模块js
[ 2014-06-02T12:51:34+08:00 ] ERR: (ThinkException) 无法加载模块js
[ 2014-06-02T12:51:34+08:00 ] ERR: (ThinkException) 无法加载模块favicon.ico
[ 2014-06-02T12:51:37+08:00 ] ERR: (ThinkException) 无法加载模块Public
[ 2014-06-02T12:51:37+08:00 ] ERR: (ThinkException) 无法加载模块favicon.ico
[ 2014-06-02T12:51:41+08:00 ] ERR: (ThinkException) 无法加载模块favicon.ico
[ 2014-06-02T12:52:02+08:00 ] ERR: (ThinkException) 无法加载模块favicon.ico
[ 2014-06-02T12:53:43+08:00 ] ERR: (ThinkException) 无法加载模块Public
[ 2014-06-02T12:53:43+08:00 ] ERR: (ThinkException) 无法加载模块favicon.ico
[ 2014-06-02T12:53:45+08:00 ] ERR: (ThinkException) 无法加载模块favicon.ico
[ 2014-06-02T12:54:05+08:00 ] ERR: (ThinkException) 无法加载模块Public
[ 2014-06-02T12:54:07+08:00 ] ERR: (ThinkException) 无法加载模块favicon.ico
[ 2014-06-02T12:54:24+08:00 ] ERR: (ThinkException) 无法加载模块favicon.ico
[ 2014-06-02T12:55:39+08:00 ] ERR: (ThinkException) 无法加载模块Public
[ 2014-06-02T12:55:39+08:00 ] ERR: (ThinkException) 无法加载模块js
[ 2014-06-02T12:55:39+08:00 ] ERR: (ThinkException) 无法加载模块js
[ 2014-06-02T12:55:40+08:00 ] ERR: (ThinkException) 无法加载模块favicon.ico
[ 2014-06-02T12:55:42+08:00 ] ERR: (ThinkException) 无法加载模块Public
[ 2014-06-02T12:55:43+08:00 ] ERR: (ThinkException) 无法加载模块favicon.ico
[ 2014-06-02T12:55:49+08:00 ] ERR: (ThinkException) 无法加载模块favicon.ico
[ 2014-06-02T12:55:56+08:00 ] ERR: (ThinkException) 无法加载模块Public
[ 2014-06-02T12:55:56+08:00 ] ERR: (ThinkException) 无法加载模块Public
[ 2014-06-02T12:55:56+08:00 ] ERR: (ThinkException) 无法加载模块favicon.ico
[ 2014-06-02T12:56:10+08:00 ] ERR: (ThinkException) 无法加载模块favicon.ico
[ 2014-06-02T12:56:17+08:00 ] ERR: (ThinkException) 无法加载模块Public
[ 2014-06-02T12:56:18+08:00 ] ERR: (ThinkException) 无法加载模块favicon.ico
[ 2014-06-02T12:56:20+08:00 ] ERR: (ThinkException) 无法加载模块favicon.ico
[ 2014-06-02T12:56:22+08:00 ] ERR: (ThinkException) 无法加载模块Public
[ 2014-06-02T12:56:22+08:00 ] ERR: (ThinkException) 无法加载模块Public
[ 2014-06-02T12:56:22+08:00 ] ERR: (ThinkException) 无法加载模块favicon.ico
[ 2014-06-02T12:56:29+08:00 ] ERR: (ThinkException) 无法加载模块Public
[ 2014-06-02T12:56:30+08:00 ] ERR: (ThinkException) 无法加载模块favicon.ico
[ 2014-06-02T12:56:57+08:00 ] ERR: (ThinkException) 无法加载模块Public
[ 2014-06-02T12:56:57+08:00 ] ERR: (ThinkException) 无法加载模块js
[ 2014-06-02T12:56:57+08:00 ] ERR: (ThinkException) 无法加载模块js
[ 2014-06-02T12:56:57+08:00 ] ERR: (ThinkException) 无法加载模块favicon.ico
[ 2014-06-02T12:57:00+08:00 ] ERR: (ThinkException) 无法加载模块Public
[ 2014-06-02T12:57:00+08:00 ] ERR: (ThinkException) 无法加载模块favicon.ico
[ 2014-06-02T12:57:04+08:00 ] ERR: (ThinkException) 无法加载模块favicon.ico
[ 2014-06-02T12:57:07+08:00 ] ERR: (ThinkException) 无法加载模块Public
[ 2014-06-02T12:57:07+08:00 ] ERR: (ThinkException) 无法加载模块Public
[ 2014-06-02T12:57:08+08:00 ] ERR: (ThinkException) 无法加载模块favicon.ico
[ 2014-06-02T12:58:31+08:00 ] ERR: (ThinkException) 无法加载模块Public
[ 2014-06-02T12:58:31+08:00 ] ERR: (ThinkException) 无法加载模块js
[ 2014-06-02T12:58:31+08:00 ] ERR: (ThinkException) 无法加载模块js
[ 2014-06-02T12:58:32+08:00 ] ERR: (ThinkException) 无法加载模块favicon.ico
[ 2014-06-02T12:58:34+08:00 ] ERR: (ThinkException) 无法加载模块Public
[ 2014-06-02T12:58:35+08:00 ] ERR: (ThinkException) 无法加载模块favicon.ico
[ 2014-06-02T12:58:42+08:00 ] ERR: (ThinkException) 无法加载模块favicon.ico
[ 2014-06-02T12:58:50+08:00 ] ERR: (ThinkException) 无法加载模块Public
[ 2014-06-02T12:58:50+08:00 ] ERR: (ThinkException) 无法加载模块Public
[ 2014-06-02T12:58:50+08:00 ] ERR: (ThinkException) 无法加载模块favicon.ico
[ 2014-06-02T12:58:51+08:00 ] ERR: (ThinkException) 无法加载模块Public
[ 2014-06-02T12:58:51+08:00 ] ERR: (ThinkException) 无法加载模块js
[ 2014-06-02T12:58:51+08:00 ] ERR: (ThinkException) 无法加载模块js
[ 2014-06-02T12:58:51+08:00 ] ERR: (ThinkException) 无法加载模块favicon.ico
[ 2014-06-02T12:58:56+08:00 ] ERR: (ThinkException) 无法加载模块Public
[ 2014-06-02T12:58:56+08:00 ] ERR: (ThinkException) 无法加载模块Public
[ 2014-06-02T12:58:57+08:00 ] ERR: (ThinkException) 无法加载模块favicon.ico
[ 2014-06-02T12:59:00+08:00 ] ERR: (ThinkException) 无法加载模块favicon.ico
[ 2014-06-02T13:00:04+08:00 ] ERR: (ThinkException) 无法加载模块Public
[ 2014-06-02T13:00:04+08:00 ] ERR: (ThinkException) 无法加载模块favicon.ico
[ 2014-06-02T13:00:09+08:00 ] ERR: (ThinkException) 无法加载模块Public
[ 2014-06-02T13:00:09+08:00 ] ERR: (ThinkException) 无法加载模块js
[ 2014-06-02T13:00:09+08:00 ] ERR: (ThinkException) 无法加载模块js
[ 2014-06-02T13:00:09+08:00 ] ERR: (ThinkException) 无法加载模块favicon.ico
[ 2014-06-02T13:00:12+08:00 ] ERR: (ThinkException) 无法加载模块Public
[ 2014-06-02T13:00:13+08:00 ] ERR: (ThinkException) 无法加载模块favicon.ico
[ 2014-06-02T13:00:48+08:00 ] ERR: (ThinkException) 无法加载模块Public
[ 2014-06-02T13:00:48+08:00 ] ERR: (ThinkException) 无法加载模块js
[ 2014-06-02T13:00:48+08:00 ] ERR: (ThinkException) 无法加载模块js
[ 2014-06-02T13:00:48+08:00 ] ERR: (ThinkException) 无法加载模块favicon.ico
[ 2014-06-02T13:01:51+08:00 ] ERR: (ThinkException) 无法加载模块Public
[ 2014-06-02T13:01:51+08:00 ] ERR: (ThinkException) 无法加载模块favicon.ico
[ 2014-06-02T13:01:55+08:00 ] ERR: (ThinkException) 无法加载模块favicon.ico
[ 2014-06-02T13:06:50+08:00 ] ERR: (ThinkException) 无法加载模块Public
[ 2014-06-02T13:06:51+08:00 ] ERR: (ThinkException) 无法加载模块favicon.ico
[ 2014-06-02T13:06:54+08:00 ] ERR: (ThinkException) 无法加载模块favicon.ico
[ 2014-06-02T13:07:02+08:00 ] ERR: (ThinkException) 无法加载模块Public
[ 2014-06-02T13:07:02+08:00 ] ERR: (ThinkException) 无法加载模块Public
[ 2014-06-02T13:07:02+08:00 ] ERR: (ThinkException) 无法加载模块favicon.ico
[ 2014-06-02T13:07:04+08:00 ] ERR: (ThinkException) 无法加载模块Public
[ 2014-06-02T13:07:04+08:00 ] ERR: (ThinkException) 无法加载模块Public
[ 2014-06-02T13:08:14+08:00 ] ERR: (ThinkException) 无法加载模块favicon.ico
[ 2014-06-02T13:08:28+08:00 ] ERR: (ThinkException) 无法加载模块favicon.ico
[ 2014-06-02T13:08:49+08:00 ] ERR: (ThinkException) 无法加载模块Public
[ 2014-06-02T13:08:49+08:00 ] ERR: (ThinkException) 无法加载模块Public
[ 2014-06-02T13:08:49+08:00 ] ERR: (ThinkException) 无法加载模块favicon.ico
[ 2014-06-02T13:09:00+08:00 ] ERR: (ThinkException) 无法加载模块Public
[ 2014-06-02T13:09:00+08:00 ] ERR: (ThinkException) 无法加载模块js
[ 2014-06-02T13:09:00+08:00 ] ERR: (ThinkException) 无法加载模块js
[ 2014-06-02T13:09:00+08:00 ] ERR: (ThinkException) 无法加载模块favicon.ico
[ 2014-06-02T13:09:03+08:00 ] ERR: (ThinkException) 无法加载模块Public
[ 2014-06-02T13:09:03+08:00 ] ERR: (ThinkException) 无法加载模块js
[ 2014-06-02T13:09:03+08:00 ] ERR: (ThinkException) 无法加载模块js
[ 2014-06-02T13:09:04+08:00 ] ERR: (ThinkException) 无法加载模块favicon.ico
[ 2014-06-02T13:09:06+08:00 ] ERR: (ThinkException) 无法加载模块Public
[ 2014-06-02T13:09:06+08:00 ] ERR: (ThinkException) 无法加载模块Public
[ 2014-06-02T13:09:06+08:00 ] ERR: (ThinkException) 无法加载模块favicon.ico
[ 2014-06-02T13:09:32+08:00 ] ERR: (ThinkException) 无法加载模块Public
[ 2014-06-02T13:09:32+08:00 ] ERR: (ThinkException) 无法加载模块js
[ 2014-06-02T13:09:32+08:00 ] ERR: (ThinkException) 无法加载模块js
[ 2014-06-02T13:09:33+08:00 ] ERR: (ThinkException) 无法加载模块favicon.ico
[ 2014-06-02T13:09:39+08:00 ] ERR: (ThinkException) 无法加载模块Public
[ 2014-06-02T13:09:40+08:00 ] ERR: (ThinkException) 无法加载模块favicon.ico
[ 2014-06-02T13:09:54+08:00 ] ERR: (ThinkException) 无法加载模块Public
[ 2014-06-02T13:09:54+08:00 ] ERR: (ThinkException) 无法加载模块js
[ 2014-06-02T13:09:54+08:00 ] ERR: (ThinkException) 无法加载模块js
[ 2014-06-02T13:09:54+08:00 ] ERR: (ThinkException) 无法加载模块favicon.ico
[ 2014-06-02T13:10:06+08:00 ] ERR: (ThinkException) 无法加载模块Public
[ 2014-06-02T13:10:07+08:00 ] ERR: (ThinkException) 无法加载模块favicon.ico
[ 2014-06-02T13:10:31+08:00 ] ERR: (ThinkException) 无法加载模块Public
[ 2014-06-02T13:10:31+08:00 ] ERR: (ThinkException) 无法加载模块js
[ 2014-06-02T13:10:31+08:00 ] ERR: (ThinkException) 无法加载模块js
[ 2014-06-02T13:10:32+08:00 ] ERR: (ThinkException) 无法加载模块favicon.ico
[ 2014-06-02T13:10:35+08:00 ] ERR: (ThinkException) 无法加载模块Public
[ 2014-06-02T13:10:35+08:00 ] ERR: (ThinkException) 无法加载模块favicon.ico
[ 2014-06-02T13:11:06+08:00 ] ERR: (ThinkException) 无法加载模块Public
[ 2014-06-02T13:11:06+08:00 ] ERR: (ThinkException) 无法加载模块js
[ 2014-06-02T13:11:06+08:00 ] ERR: (ThinkException) 无法加载模块js
[ 2014-06-02T13:11:07+08:00 ] ERR: (ThinkException) 无法加载模块favicon.ico
[ 2014-06-02T13:11:10+08:00 ] ERR: (ThinkException) 无法加载模块Public
[ 2014-06-02T13:11:10+08:00 ] ERR: (ThinkException) 无法加载模块favicon.ico
[ 2014-06-02T13:11:15+08:00 ] ERR: (ThinkException) 无法加载模块Public
[ 2014-06-02T13:11:15+08:00 ] ERR: (ThinkException) 无法加载模块js
[ 2014-06-02T13:11:15+08:00 ] ERR: (ThinkException) 无法加载模块js
[ 2014-06-02T13:11:15+08:00 ] ERR: (ThinkException) 无法加载模块favicon.ico
[ 2014-06-02T13:18:01+08:00 ] ERR: (ThinkException) 无法加载模块Public
[ 2014-06-02T13:18:01+08:00 ] ERR: (ThinkException) 无法加载模块js
[ 2014-06-02T13:18:01+08:00 ] ERR: (ThinkException) 无法加载模块js
[ 2014-06-02T13:18:02+08:00 ] ERR: (ThinkException) 无法加载模块favicon.ico
[ 2014-06-02T13:18:09+08:00 ] ERR: (ThinkException) 无法加载模块Public
[ 2014-06-02T13:18:09+08:00 ] ERR: (ThinkException) 无法加载模块js
[ 2014-06-02T13:18:09+08:00 ] ERR: (ThinkException) 无法加载模块js
[ 2014-06-02T13:18:09+08:00 ] ERR: (ThinkException) 无法加载模块favicon.ico
[ 2014-06-02T13:20:15+08:00 ] ERR: (ThinkException) 无法加载模块Public
[ 2014-06-02T13:20:15+08:00 ] ERR: (ThinkException) 无法加载模块js
[ 2014-06-02T13:20:15+08:00 ] ERR: (ThinkException) 无法加载模块js
[ 2014-06-02T13:20:16+08:00 ] ERR: (ThinkException) 无法加载模块favicon.ico
[ 2014-06-02T13:20:40+08:00 ] ERR: (ThinkException) 无法加载模块Public
[ 2014-06-02T13:20:40+08:00 ] ERR: (ThinkException) 无法加载模块js
[ 2014-06-02T13:20:40+08:00 ] ERR: (ThinkException) 无法加载模块js
[ 2014-06-02T13:20:40+08:00 ] ERR: (ThinkException) 无法加载模块favicon.ico
[ 2014-06-02T13:20:54+08:00 ] ERR: (ThinkException) 无法加载模块Public
[ 2014-06-02T13:20:54+08:00 ] ERR: (ThinkException) 无法加载模块js
[ 2014-06-02T13:20:54+08:00 ] ERR: (ThinkException) 无法加载模块js
[ 2014-06-02T13:20:54+08:00 ] ERR: (ThinkException) 无法加载模块favicon.ico
[ 2014-06-02T13:22:34+08:00 ] ERR: (ThinkException) 无法加载模块Public
[ 2014-06-02T13:22:34+08:00 ] ERR: (ThinkException) 无法加载模块js
[ 2014-06-02T13:22:34+08:00 ] ERR: (ThinkException) 无法加载模块js
[ 2014-06-02T13:22:34+08:00 ] ERR: (ThinkException) 无法加载模块favicon.ico
[ 2014-06-02T13:22:54+08:00 ] ERR: (ThinkException) 无法加载模块Public
[ 2014-06-02T13:22:54+08:00 ] ERR: (ThinkException) 无法加载模块favicon.ico
[ 2014-06-02T13:23:04+08:00 ] ERR: (ThinkException) 无法加载模块Public
[ 2014-06-02T13:23:04+08:00 ] ERR: (ThinkException) 无法加载模块js
[ 2014-06-02T13:23:04+08:00 ] ERR: (ThinkException) 无法加载模块js
[ 2014-06-02T13:23:05+08:00 ] ERR: (ThinkException) 无法加载模块favicon.ico
[ 2014-06-02T13:36:01+08:00 ] ERR: (ThinkException) 无法加载模块Public
[ 2014-06-02T13:36:01+08:00 ] ERR: (ThinkException) 无法加载模块js
[ 2014-06-02T13:36:01+08:00 ] ERR: (ThinkException) 无法加载模块js
[ 2014-06-02T13:36:02+08:00 ] ERR: (ThinkException) 无法加载模块favicon.ico
[ 2014-06-02T13:36:07+08:00 ] ERR: (ThinkException) 无法加载模块Public
[ 2014-06-02T13:36:07+08:00 ] ERR: (ThinkException) 无法加载模块js
[ 2014-06-02T13:36:07+08:00 ] ERR: (ThinkException) 无法加载模块js
[ 2014-06-02T13:36:08+08:00 ] ERR: (ThinkException) 无法加载模块favicon.ico
[ 2014-06-02T13:37:27+08:00 ] ERR: (ThinkException) 无法加载模块Public
[ 2014-06-02T13:37:27+08:00 ] ERR: (ThinkException) 无法加载模块js
[ 2014-06-02T13:37:27+08:00 ] ERR: (ThinkException) 无法加载模块js
[ 2014-06-02T13:37:28+08:00 ] ERR: (ThinkException) 无法加载模块favicon.ico
[ 2014-06-02T13:37:33+08:00 ] ERR: (ThinkException) 无法加载模块Public
[ 2014-06-02T13:37:33+08:00 ] ERR: (ThinkException) 无法加载模块js
[ 2014-06-02T13:37:33+08:00 ] ERR: (ThinkException) 无法加载模块js
[ 2014-06-02T13:37:33+08:00 ] ERR: (ThinkException) 无法加载模块favicon.ico
[ 2014-06-02T15:52:42+08:00 ] ERR: (ThinkException) 无法加载模块Public
[ 2014-06-02T15:52:42+08:00 ] ERR: (ThinkException) 无法加载模块js
[ 2014-06-02T15:52:42+08:00 ] ERR: (ThinkException) 无法加载模块js
[ 2014-06-02T15:52:42+08:00 ] ERR: (ThinkException) 无法加载模块favicon.ico
[ 2014-06-02T15:52:43+08:00 ] ERR: (ThinkException) 无法加载模块Public
[ 2014-06-02T15:52:43+08:00 ] ERR: (ThinkException) 无法加载模块Public
[ 2014-06-02T15:52:43+08:00 ] ERR: (ThinkException) 无法加载模块Public
[ 2014-06-02T15:52:43+08:00 ] ERR: (ThinkException) 无法加载模块Public
[ 2014-06-02T15:55:16+08:00 ] ERR: (ThinkException) 无法加载模块Public
[ 2014-06-02T15:55:16+08:00 ] ERR: (ThinkException) 无法加载模块Public
[ 2014-06-02T15:55:16+08:00 ] ERR: (ThinkException) 无法加载模块Public
[ 2014-06-02T15:55:16+08:00 ] ERR: (ThinkException) 无法加载模块Public
[ 2014-06-02T15:56:18+08:00 ] ERR: (ThinkException) 无法加载模块favicon.ico
[ 2014-06-02T16:15:44+08:00 ] ERR: (ThinkException) 无法加载模块Public
[ 2014-06-02T16:15:44+08:00 ] ERR: (ThinkException) 无法加载模块js
[ 2014-06-02T16:15:44+08:00 ] ERR: (ThinkException) 无法加载模块js
[ 2014-06-02T16:15:45+08:00 ] ERR: (ThinkException) 无法加载模块favicon.ico
[ 2014-06-02T16:16:01+08:00 ] ERR: (ThinkException) 无法加载模块Public
[ 2014-06-02T16:16:01+08:00 ] ERR: (ThinkException) 无法加载模块Public
[ 2014-06-02T16:16:01+08:00 ] ERR: (ThinkException) 无法加载模块Public
[ 2014-06-02T21:01:36+08:00 ] ERR: (ThinkException) 无法加载模块Public
[ 2014-06-02T21:01:36+08:00 ] ERR: (ThinkException) 无法加载模块js
[ 2014-06-02T21:01:36+08:00 ] ERR: (ThinkException) 无法加载模块js
[ 2014-06-02T21:02:06+08:00 ] ERR: (ThinkException) 无法加载模块Public
[ 2014-06-02T21:02:06+08:00 ] ERR: (ThinkException) 无法加载模块Public
[ 2014-06-02T21:02:06+08:00 ] ERR: (ThinkException) 无法加载模块Public
[ 2014-06-02T21:46:44+08:00 ] ERR: (ThinkException) 无法加载模块Public
[ 2014-06-02T21:46:44+08:00 ] ERR: (ThinkException) 无法加载模块js
[ 2014-06-02T21:46:44+08:00 ] ERR: (ThinkException) 无法加载模块js
[ 2014-06-02T21:47:03+08:00 ] ERR: (ThinkException) 无法加载模块Public
[ 2014-06-02T21:47:15+08:00 ] ERR: (ThinkException) 无法加载模块Public
[ 2014-06-02T21:47:15+08:00 ] ERR: (ThinkException) 无法加载模块js
[ 2014-06-02T21:47:15+08:00 ] ERR: (ThinkException) 无法加载模块js
[ 2014-06-02T21:47:38+08:00 ] ERR: (ThinkException) 无法加载模块Public
[ 2014-06-02T21:47:49+08:00 ] ERR: (ThinkException) 无法加载模块Public
[ 2014-06-02T21:47:49+08:00 ] ERR: (ThinkException) 无法加载模块js
[ 2014-06-02T21:47:49+08:00 ] ERR: (ThinkException) 无法加载模块js
[ 2014-06-02T21:49:08+08:00 ] ERR: (ThinkException) 无法加载模块Public
[ 2014-06-02T21:49:15+08:00 ] ERR: (ThinkException) 无法加载模块Public
[ 2014-06-02T21:49:15+08:00 ] ERR: (ThinkException) 无法加载模块js
[ 2014-06-02T21:49:15+08:00 ] ERR: (ThinkException) 无法加载模块js
[ 2014-06-02T21:49:35+08:00 ] ERR: (ThinkException) 无法加载模块Public
[ 2014-06-02T21:49:35+08:00 ] ERR: (ThinkException) 无法加载模块Public
[ 2014-06-02T21:49:35+08:00 ] ERR: (ThinkException) 无法加载模块Public
[ 2014-06-02T21:49:35+08:00 ] ERR: (ThinkException) 无法加载模块Public
[ 2014-06-02T22:00:06+08:00 ] ERR: (ThinkException) 无法加载模块Public
[ 2014-06-02T22:51:10+08:00 ] ERR: (ThinkException) 无法加载模块css
[ 2014-06-02T22:51:10+08:00 ] ERR: (ThinkException) 无法加载模块tab_resturant_businesshours
[ 2014-06-02T22:51:10+08:00 ] ERR: (ThinkException) 无法加载模块images
[ 2014-06-02T22:52:26+08:00 ] ERR: (ThinkException) 无法加载模块Public
[ 2014-06-02T22:52:26+08:00 ] ERR: (ThinkException) 无法加载模块js
[ 2014-06-02T22:52:26+08:00 ] ERR: (ThinkException) 无法加载模块js
