[ 2014-07-27T21:43:54+08:00 ] ERR: (ThinkException) Access denied for user 'root'@'localhost' (using password: YES)
[ 2014-07-27T21:43:54+08:00 ] ERR: (ThinkException) 无法加载模块favicon.ico
[ 2014-07-27T21:44:20+08:00 ] ERR: (ThinkException) 无法加载模块favicon.ico
[ 2014-07-27T21:44:26+08:00 ] ERR: (ThinkException) 无法加载模块manager
[ 2014-07-27T21:44:26+08:00 ] ERR: (ThinkException) 无法加载模块favicon.ico
[ 2014-07-27T21:44:42+08:00 ] ERR: (ThinkException) 无法加载模块favicon.ico
[ 2014-07-27T21:44:50+08:00 ] ERR: (ThinkException) 无法加载模块favicon.ico
[ 2014-07-27T21:44:52+08:00 ] ERR: (ThinkException) 无法加载模块favicon.ico
[ 2014-07-27T21:44:54+08:00 ] ERR: (ThinkException) 无法加载模块favicon.ico
[ 2014-07-27T21:45:01+08:00 ] ERR: (ThinkException) 无法加载模块favicon.ico
[ 2014-07-27T21:45:04+08:00 ] ERR: (ThinkException) 无法加载模块favicon.ico
[ 2014-07-27T21:45:11+08:00 ] ERR: (ThinkException) 无法加载模块favicon.ico
[ 2014-07-27T21:45:13+08:00 ] ERR: (ThinkException) 无法加载模块favicon.ico
[ 2014-07-27T21:45:14+08:00 ] ERR: (ThinkException) 无法加载模块favicon.ico
[ 2014-07-27T21:45:16+08:00 ] ERR: (ThinkException) 无法加载模块favicon.ico
[ 2014-07-27T21:45:17+08:00 ] ERR: (ThinkException) 无法加载模块favicon.ico
[ 2014-07-27T21:45:19+08:00 ] ERR: (ThinkException) 无法加载模块favicon.ico
[ 2014-07-27T21:45:20+08:00 ] ERR: (ThinkException) 无法加载模块favicon.ico
[ 2014-07-27T21:45:21+08:00 ] ERR: (ThinkException) 无法加载模块manager
[ 2014-07-27T21:45:21+08:00 ] ERR: (ThinkException) 无法加载模块favicon.ico
[ 2014-07-27T21:45:25+08:00 ] ERR: (ThinkException) 无法加载模块favicon.ico
[ 2014-07-27T21:45:30+08:00 ] ERR: (ThinkException) 无法加载模块favicon.ico
[ 2014-07-27T21:45:31+08:00 ] ERR: (ThinkException) 无法加载模块favicon.ico
[ 2014-07-27T21:45:58+08:00 ] ERR: (ThinkException) 无法加载模块favicon.ico
[ 2014-07-27T21:46:01+08:00 ] ERR: (ThinkException) 无法加载模块favicon.ico
[ 2014-07-27T21:46:03+08:00 ] ERR: (ThinkException) 无法加载模块favicon.ico
[ 2014-07-27T21:46:04+08:00 ] ERR: (ThinkException) 无法加载模块favicon.ico
[ 2014-07-27T21:46:05+08:00 ] ERR: (ThinkException) 无法加载模块Manage
[ 2014-07-27T21:46:05+08:00 ] ERR: (ThinkException) 无法加载模块Manage
[ 2014-07-27T21:46:05+08:00 ] ERR: (ThinkException) 无法加载模块Manage
[ 2014-07-27T21:46:05+08:00 ] ERR: (ThinkException) 无法加载模块Manage
[ 2014-07-27T21:46:05+08:00 ] ERR: (ThinkException) 无法加载模块Manage
[ 2014-07-27T21:46:05+08:00 ] ERR: (ThinkException) 无法加载模块Manage
[ 2014-07-27T21:46:05+08:00 ] ERR: (ThinkException) 无法加载模块Manage
[ 2014-07-27T21:46:05+08:00 ] ERR: (ThinkException) 无法加载模块Manage
[ 2014-07-27T21:46:05+08:00 ] ERR: (ThinkException) 无法加载模块Manage
[ 2014-07-27T21:46:05+08:00 ] ERR: (ThinkException) 无法加载模块Manage
[ 2014-07-27T21:46:05+08:00 ] ERR: (ThinkException) 无法加载模块Manage
[ 2014-07-27T21:46:05+08:00 ] ERR: (ThinkException) 无法加载模块Manage
[ 2014-07-27T21:46:05+08:00 ] ERR: (ThinkException) 无法加载模块Manage
[ 2014-07-27T21:46:05+08:00 ] ERR: (ThinkException) 无法加载模块Manage
[ 2014-07-27T21:46:05+08:00 ] ERR: (ThinkException) 无法加载模块Manage
[ 2014-07-27T21:46:05+08:00 ] ERR: (ThinkException) 无法加载模块Manage
[ 2014-07-27T21:46:05+08:00 ] ERR: (ThinkException) 无法加载模块Manage
[ 2014-07-27T21:46:05+08:00 ] ERR: (ThinkException) 无法加载模块Manage
[ 2014-07-27T21:46:05+08:00 ] ERR: (ThinkException) 无法加载模块Manage
[ 2014-07-27T21:46:05+08:00 ] ERR: (ThinkException) 无法加载模块Manage
[ 2014-07-27T21:46:05+08:00 ] ERR: (ThinkException) 无法加载模块Manage
[ 2014-07-27T21:46:05+08:00 ] ERR: (ThinkException) 无法加载模块Manage
[ 2014-07-27T21:46:05+08:00 ] ERR: (ThinkException) 无法加载模块Manage
[ 2014-07-27T21:46:05+08:00 ] ERR: (ThinkException) 无法加载模块Manage
[ 2014-07-27T21:46:06+08:00 ] ERR: (ThinkException) 无法加载模块Manage
[ 2014-07-27T21:46:06+08:00 ] ERR: (ThinkException) 无法加载模块Manage
[ 2014-07-27T21:46:06+08:00 ] ERR: (ThinkException) 无法加载模块Manage
[ 2014-07-27T21:46:06+08:00 ] ERR: (ThinkException) 无法加载模块Manage
[ 2014-07-27T21:46:06+08:00 ] ERR: (ThinkException) 无法加载模块Manage
[ 2014-07-27T21:46:06+08:00 ] ERR: (ThinkException) 无法加载模块Manage
[ 2014-07-27T21:46:06+08:00 ] ERR: (ThinkException) 无法加载模块Manage
[ 2014-07-27T21:46:06+08:00 ] ERR: (ThinkException) 无法加载模块Manage
[ 2014-07-27T21:46:06+08:00 ] ERR: (ThinkException) 无法加载模块Manage
[ 2014-07-27T21:46:06+08:00 ] ERR: (ThinkException) 无法加载模块Manage
[ 2014-07-27T21:46:06+08:00 ] ERR: (ThinkException) 无法加载模块Manage
[ 2014-07-27T21:46:06+08:00 ] ERR: (ThinkException) 无法加载模块Manage
[ 2014-07-27T21:46:06+08:00 ] ERR: (ThinkException) 无法加载模块Manage
[ 2014-07-27T21:46:06+08:00 ] ERR: (ThinkException) 无法加载模块Manage
[ 2014-07-27T21:46:06+08:00 ] ERR: (ThinkException) 无法加载模块Manage
[ 2014-07-27T21:46:06+08:00 ] ERR: (ThinkException) 无法加载模块Manage
[ 2014-07-27T21:46:06+08:00 ] ERR: (ThinkException) 无法加载模块Manage
[ 2014-07-27T21:46:06+08:00 ] ERR: (ThinkException) 无法加载模块Manage
[ 2014-07-27T21:46:06+08:00 ] ERR: (ThinkException) 无法加载模块Manage
[ 2014-07-27T21:46:06+08:00 ] ERR: (ThinkException) 无法加载模块Manage
[ 2014-07-27T21:46:06+08:00 ] ERR: (ThinkException) 无法加载模块Manage
[ 2014-07-27T21:46:06+08:00 ] ERR: (ThinkException) 无法加载模块Manage
[ 2014-07-27T21:46:06+08:00 ] ERR: (ThinkException) 无法加载模块Manage
[ 2014-07-27T21:46:06+08:00 ] ERR: (ThinkException) 无法加载模块favicon.ico
[ 2014-07-27T21:46:26+08:00 ] ERR: (ThinkException) 无法加载模块Manage
[ 2014-07-27T21:46:26+08:00 ] ERR: (ThinkException) 无法加载模块favicon.ico
[ 2014-07-27T21:46:35+08:00 ] ERR: (ThinkException) 无法加载模块Manage
[ 2014-07-27T21:46:35+08:00 ] ERR: (ThinkException) 无法加载模块favicon.ico
[ 2014-07-27T21:46:40+08:00 ] ERR: (ThinkException) 无法加载模块favicon.ico
[ 2014-07-27T21:47:14+08:00 ] ERR: (ThinkException) 无法加载模块favicon.ico
[ 2014-07-27T21:47:19+08:00 ] ERR: (ThinkException) 无法加载模块Manage
[ 2014-07-27T21:47:19+08:00 ] ERR: (ThinkException) 无法加载模块favicon.ico
[ 2014-07-27T21:47:37+08:00 ] ERR: (ThinkException) 无法加载模块Manage
[ 2014-07-27T21:47:37+08:00 ] ERR: (ThinkException) 无法加载模块favicon.ico
[ 2014-07-27T21:47:41+08:00 ] ERR: (ThinkException) 无法加载模块favicon.ico
[ 2014-07-27T21:47:45+08:00 ] ERR: (ThinkException) 无法加载模块favicon.ico
[ 2014-07-27T21:48:08+08:00 ] ERR: (ThinkException) 无法加载模块favicon.ico
[ 2014-07-27T21:48:12+08:00 ] ERR: (ThinkException) 无法加载模块favicon.ico
[ 2014-07-27T21:49:03+08:00 ] ERR: (ThinkException) 无法加载模块favicon.ico
[ 2014-07-27T21:49:13+08:00 ] ERR: (ThinkException) 无法加载模块favicon.ico
[ 2014-07-27T21:49:24+08:00 ] ERR: (ThinkException) 无法加载模块favicon.ico
[ 2014-07-27T21:49:28+08:00 ] ERR: (ThinkException) 无法加载模块favicon.ico
[ 2014-07-27T21:49:31+08:00 ] ERR: (ThinkException) 无法加载模块favicon.ico
[ 2014-07-27T21:49:35+08:00 ] ERR: (ThinkException) 无法加载模块admin.phh
[ 2014-07-27T21:49:35+08:00 ] ERR: (ThinkException) 无法加载模块favicon.ico
[ 2014-07-27T21:49:44+08:00 ] ERR: (ThinkException) 无法加载模块favicon.ico
[ 2014-07-27T21:49:54+08:00 ] ERR: (ThinkException) 无法加载模块Public
[ 2014-07-27T21:49:54+08:00 ] ERR: (ThinkException) 无法加载模块favicon.ico
[ 2014-07-27T21:49:56+08:00 ] ERR: (ThinkException) 无法加载模块favicon.ico
[ 2014-07-27T21:50:03+08:00 ] ERR: (ThinkException) 无法加载模块favicon.ico
[ 2014-07-27T21:50:36+08:00 ] ERR: (ThinkException) 无法加载模块Public
[ 2014-07-27T21:50:36+08:00 ] ERR: (ThinkException) 无法加载模块favicon.ico
[ 2014-07-27T21:50:38+08:00 ] ERR: (ThinkException) 无法加载模块favicon.ico
[ 2014-07-27T21:50:43+08:00 ] ERR: (ThinkException) 无法加载模块Public
[ 2014-07-27T21:50:43+08:00 ] ERR: (ThinkException) 无法加载模块favicon.ico
[ 2014-07-27T21:50:44+08:00 ] ERR: (ThinkException) 无法加载模块favicon.ico
[ 2014-07-27T21:50:49+08:00 ] ERR: (ThinkException) 无法加载模块Public
[ 2014-07-27T21:50:49+08:00 ] ERR: (ThinkException) 无法加载模块favicon.ico
[ 2014-07-27T21:50:51+08:00 ] ERR: (ThinkException) 无法加载模块favicon.ico
[ 2014-07-27T21:56:03+08:00 ] ERR: (ThinkException) 无法加载模块admin.php
[ 2014-07-27T21:56:03+08:00 ] ERR: (ThinkException) 无法加载模块favicon.ico
[ 2014-07-27T21:56:10+08:00 ] ERR: (ThinkException) 无法加载模块favicon.ico
[ 2014-07-27T21:56:15+08:00 ] ERR: (ThinkException) 无法加载模块favicon.ico
[ 2014-07-27T21:56:38+08:00 ] ERR: (ThinkException) 无法加载模块Public
[ 2014-07-27T21:56:38+08:00 ] ERR: (ThinkException) 无法加载模块favicon.ico
[ 2014-07-27T21:56:39+08:00 ] ERR: (ThinkException) 无法加载模块Public
[ 2014-07-27T21:56:39+08:00 ] ERR: (ThinkException) 无法加载模块Public
[ 2014-07-27T21:56:40+08:00 ] ERR: (ThinkException) 无法加载模块favicon.ico
[ 2014-07-27T21:56:49+08:00 ] ERR: (ThinkException) 无法加载模块Public
[ 2014-07-27T21:56:49+08:00 ] ERR: (ThinkException) 无法加载模块favicon.ico
[ 2014-07-27T21:56:50+08:00 ] ERR: (ThinkException) 无法加载模块favicon.ico
[ 2014-07-27T21:58:22+08:00 ] ERR: (ThinkException) 无法加载模块favicon.ico
[ 2014-07-27T22:01:19+08:00 ] ERR: (ThinkException) 无法加载模块Public
[ 2014-07-27T22:01:19+08:00 ] ERR: (ThinkException) 无法加载模块favicon.ico
[ 2014-07-27T22:01:19+08:00 ] ERR: (ThinkException) 无法加载模块favicon.ico
[ 2014-07-27T22:01:22+08:00 ] ERR: (ThinkException) 无法加载模块favicon.ico
[ 2014-07-27T22:01:22+08:00 ] ERR: (ThinkException) 无法加载模块favicon.ico
[ 2014-07-27T22:01:29+08:00 ] ERR: (ThinkException) 无法加载模块Public
[ 2014-07-27T22:01:29+08:00 ] ERR: (ThinkException) 无法加载模块favicon.ico
[ 2014-07-27T22:01:29+08:00 ] ERR: (ThinkException) 无法加载模块favicon.ico
[ 2014-07-27T22:01:31+08:00 ] ERR: (ThinkException) 无法加载模块favicon.ico
[ 2014-07-27T22:01:31+08:00 ] ERR: (ThinkException) 无法加载模块favicon.ico
[ 2014-07-27T22:01:34+08:00 ] ERR: (ThinkException) 无法加载模块Public
[ 2014-07-27T22:01:34+08:00 ] ERR: (ThinkException) 无法加载模块favicon.ico
[ 2014-07-27T22:01:34+08:00 ] ERR: (ThinkException) 无法加载模块favicon.ico
[ 2014-07-27T22:01:36+08:00 ] ERR: (ThinkException) 无法加载模块favicon.ico
[ 2014-07-27T22:01:36+08:00 ] ERR: (ThinkException) 无法加载模块favicon.ico
[ 2014-07-27T22:01:39+08:00 ] ERR: (ThinkException) 无法加载模块Public
[ 2014-07-27T22:01:39+08:00 ] ERR: (ThinkException) 无法加载模块favicon.ico
[ 2014-07-27T22:01:39+08:00 ] ERR: (ThinkException) 无法加载模块favicon.ico
[ 2014-07-27T22:01:41+08:00 ] ERR: (ThinkException) 无法加载模块favicon.ico
[ 2014-07-27T22:01:41+08:00 ] ERR: (ThinkException) 无法加载模块favicon.ico
[ 2014-07-27T22:01:45+08:00 ] ERR: (ThinkException) 无法加载模块Public
[ 2014-07-27T22:01:45+08:00 ] ERR: (ThinkException) 无法加载模块favicon.ico
[ 2014-07-27T22:01:45+08:00 ] ERR: (ThinkException) 无法加载模块favicon.ico
[ 2014-07-27T22:01:47+08:00 ] ERR: (ThinkException) 无法加载模块favicon.ico
[ 2014-07-27T22:01:47+08:00 ] ERR: (ThinkException) 无法加载模块favicon.ico
[ 2014-07-27T22:01:50+08:00 ] ERR: (ThinkException) 无法加载模块Public
[ 2014-07-27T22:01:50+08:00 ] ERR: (ThinkException) 无法加载模块favicon.ico
[ 2014-07-27T22:01:50+08:00 ] ERR: (ThinkException) 无法加载模块favicon.ico
[ 2014-07-27T22:01:52+08:00 ] ERR: (ThinkException) 无法加载模块favicon.ico
[ 2014-07-27T22:01:52+08:00 ] ERR: (ThinkException) 无法加载模块favicon.ico
[ 2014-07-27T22:02:52+08:00 ] ERR: (ThinkException) 无法加载模块Public
[ 2014-07-27T22:02:52+08:00 ] ERR: (ThinkException) 无法加载模块favicon.ico
[ 2014-07-27T22:02:58+08:00 ] ERR: (ThinkException) 无法加载模块Public
[ 2014-07-27T22:02:58+08:00 ] ERR: (ThinkException) 无法加载模块favicon.ico
[ 2014-07-27T22:02:58+08:00 ] ERR: (ThinkException) 无法加载模块favicon.ico
[ 2014-07-27T22:02:59+08:00 ] ERR: (ThinkException) 无法加载模块favicon.ico
[ 2014-07-27T22:02:59+08:00 ] ERR: (ThinkException) 无法加载模块favicon.ico
[ 2014-07-27T22:04:04+08:00 ] ERR: (ThinkException) 无法加载模块favicon.ico
[ 2014-07-27T22:04:04+08:00 ] ERR: (ThinkException) 无法加载模块favicon.ico
[ 2014-07-27T22:04:05+08:00 ] ERR: (ThinkException) 无法加载模块Public
[ 2014-07-27T22:04:06+08:00 ] ERR: (ThinkException) 无法加载模块favicon.ico
[ 2014-07-27T22:04:06+08:00 ] ERR: (ThinkException) 无法加载模块favicon.ico
[ 2014-07-27T22:04:07+08:00 ] ERR: (ThinkException) 无法加载模块favicon.ico
[ 2014-07-27T22:04:07+08:00 ] ERR: (ThinkException) 无法加载模块favicon.ico
[ 2014-07-27T22:06:25+08:00 ] ERR: (ThinkException) 无法加载模块favicon.ico
[ 2014-07-27T22:06:25+08:00 ] ERR: (ThinkException) 无法加载模块favicon.ico
[ 2014-07-27T22:06:32+08:00 ] ERR: (ThinkException) 无法加载模块favicon.ico
[ 2014-07-27T22:06:32+08:00 ] ERR: (ThinkException) 无法加载模块favicon.ico
[ 2014-07-27T22:06:38+08:00 ] ERR: (ThinkException) 无法加载模块favicon.ico
[ 2014-07-27T22:06:38+08:00 ] ERR: (ThinkException) 无法加载模块favicon.ico
[ 2014-07-27T22:06:40+08:00 ] ERR: (ThinkException) 无法加载模块favicon.ico
[ 2014-07-27T22:06:40+08:00 ] ERR: (ThinkException) 无法加载模块favicon.ico
[ 2014-07-27T22:13:44+08:00 ] ERR: (ThinkException) 无法加载模块favicon.ico
[ 2014-07-27T22:13:44+08:00 ] ERR: (ThinkException) 无法加载模块favicon.ico
[ 2014-07-27T22:13:46+08:00 ] ERR: (ThinkException) 无法加载模块Public
[ 2014-07-27T22:13:46+08:00 ] ERR: (ThinkException) 无法加载模块favicon.ico
[ 2014-07-27T22:13:46+08:00 ] ERR: (ThinkException) 无法加载模块favicon.ico
[ 2014-07-27T22:13:48+08:00 ] ERR: (ThinkException) 无法加载模块favicon.ico
[ 2014-07-27T22:13:48+08:00 ] ERR: (ThinkException) 无法加载模块favicon.ico
[ 2014-07-27T22:16:21+08:00 ] ERR: (ThinkException) 无法加载模块Public
[ 2014-07-27T22:16:21+08:00 ] ERR: (ThinkException) 无法加载模块favicon.ico
[ 2014-07-27T22:16:21+08:00 ] ERR: (ThinkException) 无法加载模块favicon.ico
[ 2014-07-27T22:16:45+08:00 ] ERR: (ThinkException) 无法加载模块Public
[ 2014-07-27T22:16:45+08:00 ] ERR: (ThinkException) 无法加载模块favicon.ico
[ 2014-07-27T22:16:46+08:00 ] ERR: (ThinkException) 无法加载模块favicon.ico
[ 2014-07-27T22:16:47+08:00 ] ERR: (ThinkException) 无法加载模块Public
[ 2014-07-27T22:16:47+08:00 ] ERR: (ThinkException) 无法加载模块favicon.ico
[ 2014-07-27T22:16:47+08:00 ] ERR: (ThinkException) 无法加载模块favicon.ico
[ 2014-07-27T22:16:54+08:00 ] ERR: (ThinkException) 无法加载模块favicon.ico
[ 2014-07-27T22:16:54+08:00 ] ERR: (ThinkException) 无法加载模块favicon.ico
[ 2014-07-27T22:16:56+08:00 ] ERR: (ThinkException) 无法加载模块Public
[ 2014-07-27T22:16:56+08:00 ] ERR: (ThinkException) 无法加载模块favicon.ico
[ 2014-07-27T22:16:56+08:00 ] ERR: (ThinkException) 无法加载模块favicon.ico
[ 2014-07-27T22:19:00+08:00 ] ERR: (ThinkException) 无法加载模块favicon.ico
[ 2014-07-27T22:19:00+08:00 ] ERR: (ThinkException) 无法加载模块favicon.ico
[ 2014-07-27T22:19:11+08:00 ] ERR: (ThinkException) 无法加载模块Public
[ 2014-07-27T22:19:11+08:00 ] ERR: (ThinkException) 无法加载模块favicon.ico
[ 2014-07-27T22:19:11+08:00 ] ERR: (ThinkException) 无法加载模块favicon.ico
[ 2014-07-27T22:19:13+08:00 ] ERR: (ThinkException) 无法加载模块favicon.ico
[ 2014-07-27T22:19:13+08:00 ] ERR: (ThinkException) 无法加载模块favicon.ico
[ 2014-07-27T22:19:30+08:00 ] ERR: (ThinkException) 无法加载模块Public
[ 2014-07-27T22:19:31+08:00 ] ERR: (ThinkException) 无法加载模块Public
[ 2014-07-27T22:19:31+08:00 ] ERR: (ThinkException) 无法加载模块favicon.ico
[ 2014-07-27T22:19:31+08:00 ] ERR: (ThinkException) 无法加载模块favicon.ico
[ 2014-07-27T22:19:34+08:00 ] ERR: (ThinkException) 无法加载模块Public
[ 2014-07-27T22:19:34+08:00 ] ERR: (ThinkException) 无法加载模块favicon.ico
[ 2014-07-27T22:19:34+08:00 ] ERR: (ThinkException) 无法加载模块favicon.ico
[ 2014-07-27T22:19:36+08:00 ] ERR: (ThinkException) 无法加载模块favicon.ico
[ 2014-07-27T22:19:36+08:00 ] ERR: (ThinkException) 无法加载模块favicon.ico
[ 2014-07-27T22:19:40+08:00 ] ERR: (ThinkException) 无法加载模块Public
[ 2014-07-27T22:19:40+08:00 ] ERR: (ThinkException) 无法加载模块favicon.ico
[ 2014-07-27T22:19:40+08:00 ] ERR: (ThinkException) 无法加载模块favicon.ico
[ 2014-07-27T22:19:42+08:00 ] ERR: (ThinkException) 无法加载模块Public
[ 2014-07-27T22:19:42+08:00 ] ERR: (ThinkException) 无法加载模块favicon.ico
[ 2014-07-27T22:19:42+08:00 ] ERR: (ThinkException) 无法加载模块favicon.ico
[ 2014-07-27T22:19:52+08:00 ] ERR: (ThinkException) 无法加载模块favicon.ico
[ 2014-07-27T22:19:52+08:00 ] ERR: (ThinkException) 无法加载模块favicon.ico
[ 2014-07-27T22:20:00+08:00 ] ERR: (ThinkException) 无法加载模块Public
[ 2014-07-27T22:20:00+08:00 ] ERR: (ThinkException) 无法加载模块favicon.ico
[ 2014-07-27T22:20:00+08:00 ] ERR: (ThinkException) 无法加载模块favicon.ico
[ 2014-07-27T22:21:33+08:00 ] ERR: (ThinkException) 无法加载模块favicon.ico
[ 2014-07-27T22:21:33+08:00 ] ERR: (ThinkException) 无法加载模块favicon.ico
[ 2014-07-27T22:21:35+08:00 ] ERR: (ThinkException) 无法加载模块favicon.ico
[ 2014-07-27T22:21:35+08:00 ] ERR: (ThinkException) 无法加载模块favicon.ico
[ 2014-07-27T22:21:36+08:00 ] ERR: (ThinkException) 无法加载模块Public
[ 2014-07-27T22:21:36+08:00 ] ERR: (ThinkException) 无法加载模块favicon.ico
[ 2014-07-27T22:21:36+08:00 ] ERR: (ThinkException) 无法加载模块favicon.ico
[ 2014-07-27T22:21:38+08:00 ] ERR: (ThinkException) 无法加载模块Public
[ 2014-07-27T22:21:38+08:00 ] ERR: (ThinkException) 无法加载模块Publicckeditor
[ 2014-07-27T22:21:39+08:00 ] ERR: (ThinkException) 无法加载模块favicon.ico
[ 2014-07-27T22:21:39+08:00 ] ERR: (ThinkException) 无法加载模块favicon.ico
[ 2014-07-27T22:23:01+08:00 ] ERR: (ThinkException) 无法加载模块Public
[ 2014-07-27T22:23:01+08:00 ] ERR: (ThinkException) 无法加载模块favicon.ico
[ 2014-07-27T22:23:03+08:00 ] ERR: (ThinkException) 无法加载模块favicon.ico
[ 2014-07-27T22:23:03+08:00 ] ERR: (ThinkException) 无法加载模块favicon.ico
[ 2014-07-27T22:23:05+08:00 ] ERR: (ThinkException) 无法加载模块Public
[ 2014-07-27T22:23:05+08:00 ] ERR: (ThinkException) 无法加载模块favicon.ico
[ 2014-07-27T22:23:06+08:00 ] ERR: (ThinkException) 无法加载模块Public
[ 2014-07-27T22:23:06+08:00 ] ERR: (ThinkException) 无法加载模块Publicckeditor
[ 2014-07-27T22:23:07+08:00 ] ERR: (ThinkException) 无法加载模块favicon.ico
